<?xml version="1.0" encoding="UTF-8"?>
<!-- Generated by org.testng.reporters.JUnitXMLReporter -->
<testsuite hostname="SEZLAP-13554T" ignored="50" name="Default test(failed)" tests="8" failures="7" timestamp="2023-02-14T09:58:53 IST" time="533.781" errors="0">
  <testcase name="TC56verifyAuthorizationWindowWithWrongCredentailOnCashDrawerReconciliation" time="49.067" classname="com.apex.testCases.CashDrawerMaintenance">
    <failure type="org.openqa.selenium.ElementNotInteractableException" message="element not interactable
  (Session info: chrome=109.0.5414.120)
Build info: version: &amp;apos;4.0.0&amp;apos;, revision: &amp;apos;3a21814679&amp;apos;
System info: host: &amp;apos;SEZLAP-13554T&amp;apos;, ip: &amp;apos;192.168.240.5&amp;apos;, os.name: &amp;apos;Windows 10&amp;apos;, os.arch: &amp;apos;amd64&amp;apos;, os.version: &amp;apos;10.0&amp;apos;, java.version: &amp;apos;1.8.0_311&amp;apos;
Driver info: org.openqa.selenium.chrome.ChromeDriver
Command: [bc3bca456ce42983ad26a57d65a4ddf9, clearElement {id=9212c195-2537-45b0-a470-f7d5ee0736a4}]
Capabilities {acceptInsecureCerts: false, browserName: chrome, browserVersion: 109.0.5414.120, chrome: {chromedriverVersion: 109.0.5414.74 (e7c5703604da..., userDataDir: C:\Users\Kapil\AppData\Loca...}, goog:chromeOptions: {debuggerAddress: localhost:55751}, javascriptEnabled: true, networkConnectionEnabled: false, pageLoadStrategy: normal, platform: WINDOWS, platformName: WINDOWS, proxy: Proxy(), se:cdp: ws://localhost:55751/devtoo..., se:cdpVersion: 109.0.5414.120, setWindowRect: true, strictFileInteractability: false, timeouts: {implicit: 0, pageLoad: 300000, script: 30000}, unhandledPromptBehavior: dismiss and notify, webauthn:extension:credBlob: true, webauthn:extension:largeBlob: true, webauthn:virtualAuthenticators: true}
Element: [[ChromeDriver: chrome on WINDOWS (bc3bca456ce42983ad26a57d65a4ddf9)] -&amp;gt; xpath: //div[contains(@id,&amp;apos;CASHIER_CONTAINER&amp;apos;)]//input[contains(@id,&amp;apos;CASHIER&amp;apos;)]]
Session ID: bc3bca456ce42983ad26a57d65a4ddf9">
      <![CDATA[org.openqa.selenium.ElementNotInteractableException: element not interactable
  (Session info: chrome=109.0.5414.120)
Build info: version: '4.0.0', revision: '3a21814679'
System info: host: 'SEZLAP-13554T', ip: '192.168.240.5', os.name: 'Windows 10', os.arch: 'amd64', os.version: '10.0', java.version: '1.8.0_311'
Driver info: org.openqa.selenium.chrome.ChromeDriver
Command: [bc3bca456ce42983ad26a57d65a4ddf9, clearElement {id=9212c195-2537-45b0-a470-f7d5ee0736a4}]
Capabilities {acceptInsecureCerts: false, browserName: chrome, browserVersion: 109.0.5414.120, chrome: {chromedriverVersion: 109.0.5414.74 (e7c5703604da..., userDataDir: C:\Users\Kapil\AppData\Loca...}, goog:chromeOptions: {debuggerAddress: localhost:55751}, javascriptEnabled: true, networkConnectionEnabled: false, pageLoadStrategy: normal, platform: WINDOWS, platformName: WINDOWS, proxy: Proxy(), se:cdp: ws://localhost:55751/devtoo..., se:cdpVersion: 109.0.5414.120, setWindowRect: true, strictFileInteractability: false, timeouts: {implicit: 0, pageLoad: 300000, script: 30000}, unhandledPromptBehavior: dismiss and notify, webauthn:extension:credBlob: true, webauthn:extension:largeBlob: true, webauthn:virtualAuthenticators: true}
Element: [[ChromeDriver: chrome on WINDOWS (bc3bca456ce42983ad26a57d65a4ddf9)] -> xpath: //div[contains(@id,'CASHIER_CONTAINER')]//input[contains(@id,'CASHIER')]]
Session ID: bc3bca456ce42983ad26a57d65a4ddf9
at org.openqa.selenium.remote.codec.w3c.W3CHttpResponseCodec.createException(W3CHttpResponseCodec.java:200)
at org.openqa.selenium.remote.codec.w3c.W3CHttpResponseCodec.decode(W3CHttpResponseCodec.java:133)
at org.openqa.selenium.remote.codec.w3c.W3CHttpResponseCodec.decode(W3CHttpResponseCodec.java:53)
at org.openqa.selenium.remote.HttpCommandExecutor.execute(HttpCommandExecutor.java:184)
at org.openqa.selenium.remote.service.DriverCommandExecutor.invokeExecute(DriverCommandExecutor.java:164)
at org.openqa.selenium.remote.service.DriverCommandExecutor.execute(DriverCommandExecutor.java:139)
at org.openqa.selenium.remote.RemoteWebDriver.execute(RemoteWebDriver.java:559)
at org.openqa.selenium.remote.RemoteWebElement.execute(RemoteWebElement.java:251)
at org.openqa.selenium.remote.RemoteWebElement.clear(RemoteWebElement.java:126)
at com.apex.utils.ElementUtil.doSendKeys(ElementUtil.java:88)
at com.apex.pages.CashDrawerReconciliation.enterCashierUserIdAndPass(CashDrawerReconciliation.java:193)
at com.apex.testCases.CashDrawerMaintenance.TC56verifyAuthorizationWindowWithWrongCredentailOnCashDrawerReconciliation(CashDrawerMaintenance.java:1804)
at java.util.ArrayList.forEach(ArrayList.java:1259)
... Removed 31 stack frames]]>
    </failure>
  </testcase> <!-- TC56verifyAuthorizationWindowWithWrongCredentailOnCashDrawerReconciliation -->
  <testcase name="TC44verifySAFE_RECON_IN_PROCESS_OnReconScreenOnCashDrawerReconciliation" time="65.517" classname="com.apex.testCases.CashDrawerMaintenance">
    <failure type="org.openqa.selenium.TimeoutException" message="Expected condition failed: By.xpath: //div[3]/ul/li[2]/a is not found within the given time...... (tried for 7 second(s) with 7000 milliseconds interval)">
      <![CDATA[org.openqa.selenium.TimeoutException: Expected condition failed: By.xpath: //div[3]/ul/li[2]/a is not found within the given time...... (tried for 7 second(s) with 7000 milliseconds interval)
at org.openqa.selenium.support.ui.WebDriverWait.timeoutException(WebDriverWait.java:138)
at org.openqa.selenium.support.ui.FluentWait.until(FluentWait.java:231)
at com.apex.utils.ElementUtil.waitForElementPresenceWithWait(ElementUtil.java:779)
at com.apex.utils.ElementUtil.doClick(ElementUtil.java:76)
at com.apex.pages.MenuSelection.selectCurrentSite(MenuSelection.java:61)
at com.apex.testCases.CashDrawerMaintenance.TC44verifySAFE_RECON_IN_PROCESS_OnReconScreenOnCashDrawerReconciliation(CashDrawerMaintenance.java:1151)
at java.util.ArrayList.forEach(ArrayList.java:1259)
Caused by: org.openqa.selenium.NoSuchElementException: no such element: Unable to locate element: {"method":"xpath","selector":"//div[3]/ul/li[2]/a"}
  (Session info: chrome=109.0.5414.120)
For documentation on this error, please visit: https://selenium.dev/exceptions/#no_such_element
Build info: version: '4.0.0', revision: '3a21814679'
System info: host: 'SEZLAP-13554T', ip: '192.168.240.5', os.name: 'Windows 10', os.arch: 'amd64', os.version: '10.0', java.version: '1.8.0_311'
Driver info: org.openqa.selenium.chrome.ChromeDriver
Command: [379da7c487ee2df7b8246e85ab1a7e01, findElement {using=xpath, value=//div[3]/ul/li[2]/a}]
Capabilities {acceptInsecureCerts: false, browserName: chrome, browserVersion: 109.0.5414.120, chrome: {chromedriverVersion: 109.0.5414.74 (e7c5703604da..., userDataDir: C:\Users\Kapil\AppData\Loca...}, goog:chromeOptions: {debuggerAddress: localhost:55781}, javascriptEnabled: true, networkConnectionEnabled: false, pageLoadStrategy: normal, platform: WINDOWS, platformName: WINDOWS, proxy: Proxy(), se:cdp: ws://localhost:55781/devtoo..., se:cdpVersion: 109.0.5414.120, setWindowRect: true, strictFileInteractability: false, timeouts: {implicit: 0, pageLoad: 300000, script: 30000}, unhandledPromptBehavior: dismiss and notify, webauthn:extension:credBlob: true, webauthn:extension:largeBlob: true, webauthn:virtualAuthenticators: true}
Session ID: 379da7c487ee2df7b8246e85ab1a7e01
at org.openqa.selenium.remote.codec.w3c.W3CHttpResponseCodec.createException(W3CHttpResponseCodec.java:200)
at org.openqa.selenium.remote.codec.w3c.W3CHttpResponseCodec.decode(W3CHttpResponseCodec.java:133)
at org.openqa.selenium.remote.codec.w3c.W3CHttpResponseCodec.decode(W3CHttpResponseCodec.java:53)
at org.openqa.selenium.remote.HttpCommandExecutor.execute(HttpCommandExecutor.java:184)
at org.openqa.selenium.remote.service.DriverCommandExecutor.invokeExecute(DriverCommandExecutor.java:164)
at org.openqa.selenium.remote.service.DriverCommandExecutor.execute(DriverCommandExecutor.java:139)
at org.openqa.selenium.remote.RemoteWebDriver.execute(RemoteWebDriver.java:559)
at org.openqa.selenium.remote.ElementLocation$ElementFinder$2.findElement(ElementLocation.java:162)
at org.openqa.selenium.remote.ElementLocation.findElement(ElementLocation.java:60)
at org.openqa.selenium.remote.RemoteWebDriver.findElement(RemoteWebDriver.java:383)
at org.openqa.selenium.remote.RemoteWebDriver.findElement(RemoteWebDriver.java:375)
at org.openqa.selenium.support.ui.ExpectedConditions$6.apply(ExpectedConditions.java:174)
at org.openqa.selenium.support.ui.ExpectedConditions$6.apply(ExpectedConditions.java:171)
at org.openqa.selenium.support.ui.FluentWait.until(FluentWait.java:208)
... 32 more
... Removed 31 stack frames]]>
    </failure>
  </testcase> <!-- TC44verifySAFE_RECON_IN_PROCESS_OnReconScreenOnCashDrawerReconciliation -->
  <testcase name="TC43VerifyCancelButtonOnCashDrawerReconciliation" time="46.821" classname="com.apex.testCases.CashDrawerMaintenance">
    <failure type="org.openqa.selenium.ElementNotInteractableException" message="element not interactable
  (Session info: chrome=109.0.5414.120)
Build info: version: &amp;apos;4.0.0&amp;apos;, revision: &amp;apos;3a21814679&amp;apos;
System info: host: &amp;apos;SEZLAP-13554T&amp;apos;, ip: &amp;apos;192.168.240.5&amp;apos;, os.name: &amp;apos;Windows 10&amp;apos;, os.arch: &amp;apos;amd64&amp;apos;, os.version: &amp;apos;10.0&amp;apos;, java.version: &amp;apos;1.8.0_311&amp;apos;
Driver info: org.openqa.selenium.chrome.ChromeDriver
Command: [871fdb572f0de40dd13d1cb1718d12c2, clearElement {id=436da635-2f07-4ea6-bf7a-90b36e786d1e}]
Capabilities {acceptInsecureCerts: false, browserName: chrome, browserVersion: 109.0.5414.120, chrome: {chromedriverVersion: 109.0.5414.74 (e7c5703604da..., userDataDir: C:\Users\Kapil\AppData\Loca...}, goog:chromeOptions: {debuggerAddress: localhost:55822}, javascriptEnabled: true, networkConnectionEnabled: false, pageLoadStrategy: normal, platform: WINDOWS, platformName: WINDOWS, proxy: Proxy(), se:cdp: ws://localhost:55822/devtoo..., se:cdpVersion: 109.0.5414.120, setWindowRect: true, strictFileInteractability: false, timeouts: {implicit: 0, pageLoad: 300000, script: 30000}, unhandledPromptBehavior: dismiss and notify, webauthn:extension:credBlob: true, webauthn:extension:largeBlob: true, webauthn:virtualAuthenticators: true}
Element: [[ChromeDriver: chrome on WINDOWS (871fdb572f0de40dd13d1cb1718d12c2)] -&amp;gt; xpath: //div[contains(@id,&amp;apos;CASHIER_CONTAINER&amp;apos;)]//input[contains(@id,&amp;apos;CASHIER&amp;apos;)]]
Session ID: 871fdb572f0de40dd13d1cb1718d12c2">
      <![CDATA[org.openqa.selenium.ElementNotInteractableException: element not interactable
  (Session info: chrome=109.0.5414.120)
Build info: version: '4.0.0', revision: '3a21814679'
System info: host: 'SEZLAP-13554T', ip: '192.168.240.5', os.name: 'Windows 10', os.arch: 'amd64', os.version: '10.0', java.version: '1.8.0_311'
Driver info: org.openqa.selenium.chrome.ChromeDriver
Command: [871fdb572f0de40dd13d1cb1718d12c2, clearElement {id=436da635-2f07-4ea6-bf7a-90b36e786d1e}]
Capabilities {acceptInsecureCerts: false, browserName: chrome, browserVersion: 109.0.5414.120, chrome: {chromedriverVersion: 109.0.5414.74 (e7c5703604da..., userDataDir: C:\Users\Kapil\AppData\Loca...}, goog:chromeOptions: {debuggerAddress: localhost:55822}, javascriptEnabled: true, networkConnectionEnabled: false, pageLoadStrategy: normal, platform: WINDOWS, platformName: WINDOWS, proxy: Proxy(), se:cdp: ws://localhost:55822/devtoo..., se:cdpVersion: 109.0.5414.120, setWindowRect: true, strictFileInteractability: false, timeouts: {implicit: 0, pageLoad: 300000, script: 30000}, unhandledPromptBehavior: dismiss and notify, webauthn:extension:credBlob: true, webauthn:extension:largeBlob: true, webauthn:virtualAuthenticators: true}
Element: [[ChromeDriver: chrome on WINDOWS (871fdb572f0de40dd13d1cb1718d12c2)] -> xpath: //div[contains(@id,'CASHIER_CONTAINER')]//input[contains(@id,'CASHIER')]]
Session ID: 871fdb572f0de40dd13d1cb1718d12c2
at org.openqa.selenium.remote.codec.w3c.W3CHttpResponseCodec.createException(W3CHttpResponseCodec.java:200)
at org.openqa.selenium.remote.codec.w3c.W3CHttpResponseCodec.decode(W3CHttpResponseCodec.java:133)
at org.openqa.selenium.remote.codec.w3c.W3CHttpResponseCodec.decode(W3CHttpResponseCodec.java:53)
at org.openqa.selenium.remote.HttpCommandExecutor.execute(HttpCommandExecutor.java:184)
at org.openqa.selenium.remote.service.DriverCommandExecutor.invokeExecute(DriverCommandExecutor.java:164)
at org.openqa.selenium.remote.service.DriverCommandExecutor.execute(DriverCommandExecutor.java:139)
at org.openqa.selenium.remote.RemoteWebDriver.execute(RemoteWebDriver.java:559)
at org.openqa.selenium.remote.RemoteWebElement.execute(RemoteWebElement.java:251)
at org.openqa.selenium.remote.RemoteWebElement.clear(RemoteWebElement.java:126)
at com.apex.utils.ElementUtil.doSendKeys(ElementUtil.java:88)
at com.apex.pages.CashDrawerReconciliation.enterCashierUserIdAndPass(CashDrawerReconciliation.java:193)
at com.apex.testCases.CashDrawerMaintenance.TC43VerifyCancelButtonOnCashDrawerReconciliation(CashDrawerMaintenance.java:1109)
at java.util.ArrayList.forEach(ArrayList.java:1259)
... Removed 31 stack frames]]>
    </failure>
  </testcase> <!-- TC43VerifyCancelButtonOnCashDrawerReconciliation -->
  <testcase name="TC55verifyExitButtonIsWorkingOnCashDrawerReconciliation" time="48.339" classname="com.apex.testCases.CashDrawerMaintenance">
    <failure type="org.openqa.selenium.ElementNotInteractableException" message="element not interactable
  (Session info: chrome=109.0.5414.120)
Build info: version: &amp;apos;4.0.0&amp;apos;, revision: &amp;apos;3a21814679&amp;apos;
System info: host: &amp;apos;SEZLAP-13554T&amp;apos;, ip: &amp;apos;192.168.240.5&amp;apos;, os.name: &amp;apos;Windows 10&amp;apos;, os.arch: &amp;apos;amd64&amp;apos;, os.version: &amp;apos;10.0&amp;apos;, java.version: &amp;apos;1.8.0_311&amp;apos;
Driver info: org.openqa.selenium.chrome.ChromeDriver
Command: [a6f5ebeddec67c26e72c98c3ea852396, clearElement {id=07199800-a3ce-4286-9940-321fb387059b}]
Capabilities {acceptInsecureCerts: false, browserName: chrome, browserVersion: 109.0.5414.120, chrome: {chromedriverVersion: 109.0.5414.74 (e7c5703604da..., userDataDir: C:\Users\Kapil\AppData\Loca...}, goog:chromeOptions: {debuggerAddress: localhost:55852}, javascriptEnabled: true, networkConnectionEnabled: false, pageLoadStrategy: normal, platform: WINDOWS, platformName: WINDOWS, proxy: Proxy(), se:cdp: ws://localhost:55852/devtoo..., se:cdpVersion: 109.0.5414.120, setWindowRect: true, strictFileInteractability: false, timeouts: {implicit: 0, pageLoad: 300000, script: 30000}, unhandledPromptBehavior: dismiss and notify, webauthn:extension:credBlob: true, webauthn:extension:largeBlob: true, webauthn:virtualAuthenticators: true}
Element: [[ChromeDriver: chrome on WINDOWS (a6f5ebeddec67c26e72c98c3ea852396)] -&amp;gt; xpath: //div[contains(@id,&amp;apos;CASHIER_CONTAINER&amp;apos;)]//input[contains(@id,&amp;apos;CASHIER&amp;apos;)]]
Session ID: a6f5ebeddec67c26e72c98c3ea852396">
      <![CDATA[org.openqa.selenium.ElementNotInteractableException: element not interactable
  (Session info: chrome=109.0.5414.120)
Build info: version: '4.0.0', revision: '3a21814679'
System info: host: 'SEZLAP-13554T', ip: '192.168.240.5', os.name: 'Windows 10', os.arch: 'amd64', os.version: '10.0', java.version: '1.8.0_311'
Driver info: org.openqa.selenium.chrome.ChromeDriver
Command: [a6f5ebeddec67c26e72c98c3ea852396, clearElement {id=07199800-a3ce-4286-9940-321fb387059b}]
Capabilities {acceptInsecureCerts: false, browserName: chrome, browserVersion: 109.0.5414.120, chrome: {chromedriverVersion: 109.0.5414.74 (e7c5703604da..., userDataDir: C:\Users\Kapil\AppData\Loca...}, goog:chromeOptions: {debuggerAddress: localhost:55852}, javascriptEnabled: true, networkConnectionEnabled: false, pageLoadStrategy: normal, platform: WINDOWS, platformName: WINDOWS, proxy: Proxy(), se:cdp: ws://localhost:55852/devtoo..., se:cdpVersion: 109.0.5414.120, setWindowRect: true, strictFileInteractability: false, timeouts: {implicit: 0, pageLoad: 300000, script: 30000}, unhandledPromptBehavior: dismiss and notify, webauthn:extension:credBlob: true, webauthn:extension:largeBlob: true, webauthn:virtualAuthenticators: true}
Element: [[ChromeDriver: chrome on WINDOWS (a6f5ebeddec67c26e72c98c3ea852396)] -> xpath: //div[contains(@id,'CASHIER_CONTAINER')]//input[contains(@id,'CASHIER')]]
Session ID: a6f5ebeddec67c26e72c98c3ea852396
at org.openqa.selenium.remote.codec.w3c.W3CHttpResponseCodec.createException(W3CHttpResponseCodec.java:200)
at org.openqa.selenium.remote.codec.w3c.W3CHttpResponseCodec.decode(W3CHttpResponseCodec.java:133)
at org.openqa.selenium.remote.codec.w3c.W3CHttpResponseCodec.decode(W3CHttpResponseCodec.java:53)
at org.openqa.selenium.remote.HttpCommandExecutor.execute(HttpCommandExecutor.java:184)
at org.openqa.selenium.remote.service.DriverCommandExecutor.invokeExecute(DriverCommandExecutor.java:164)
at org.openqa.selenium.remote.service.DriverCommandExecutor.execute(DriverCommandExecutor.java:139)
at org.openqa.selenium.remote.RemoteWebDriver.execute(RemoteWebDriver.java:559)
at org.openqa.selenium.remote.RemoteWebElement.execute(RemoteWebElement.java:251)
at org.openqa.selenium.remote.RemoteWebElement.clear(RemoteWebElement.java:126)
at com.apex.utils.ElementUtil.doSendKeys(ElementUtil.java:88)
at com.apex.pages.CashDrawerReconciliation.enterCashierUserIdAndPass(CashDrawerReconciliation.java:193)
at com.apex.testCases.CashDrawerMaintenance.TC55verifyExitButtonIsWorkingOnCashDrawerReconciliation(CashDrawerMaintenance.java:1754)
at java.util.ArrayList.forEach(ArrayList.java:1259)
... Removed 31 stack frames]]>
    </failure>
  </testcase> <!-- TC55verifyExitButtonIsWorkingOnCashDrawerReconciliation -->
  <testcase name="TC52verifyCASH_RECON_CHECK_AUTO_VERIFYOnCashDrawerReconciliation" time="54.211" classname="com.apex.testCases.CashDrawerMaintenance">
    <failure type="org.openqa.selenium.ElementNotInteractableException" message="element not interactable
  (Session info: chrome=109.0.5414.120)
Build info: version: &amp;apos;4.0.0&amp;apos;, revision: &amp;apos;3a21814679&amp;apos;
System info: host: &amp;apos;SEZLAP-13554T&amp;apos;, ip: &amp;apos;192.168.240.5&amp;apos;, os.name: &amp;apos;Windows 10&amp;apos;, os.arch: &amp;apos;amd64&amp;apos;, os.version: &amp;apos;10.0&amp;apos;, java.version: &amp;apos;1.8.0_311&amp;apos;
Driver info: org.openqa.selenium.chrome.ChromeDriver
Command: [68d15556d9ee33ca85cdbcc58286f84e, clearElement {id=31839ab0-fb74-4a0b-b029-2e24e98d4bdf}]
Capabilities {acceptInsecureCerts: false, browserName: chrome, browserVersion: 109.0.5414.120, chrome: {chromedriverVersion: 109.0.5414.74 (e7c5703604da..., userDataDir: C:\Users\Kapil\AppData\Loca...}, goog:chromeOptions: {debuggerAddress: localhost:55884}, javascriptEnabled: true, networkConnectionEnabled: false, pageLoadStrategy: normal, platform: WINDOWS, platformName: WINDOWS, proxy: Proxy(), se:cdp: ws://localhost:55884/devtoo..., se:cdpVersion: 109.0.5414.120, setWindowRect: true, strictFileInteractability: false, timeouts: {implicit: 0, pageLoad: 300000, script: 30000}, unhandledPromptBehavior: dismiss and notify, webauthn:extension:credBlob: true, webauthn:extension:largeBlob: true, webauthn:virtualAuthenticators: true}
Element: [[ChromeDriver: chrome on WINDOWS (68d15556d9ee33ca85cdbcc58286f84e)] -&amp;gt; xpath: //div[contains(@id,&amp;apos;CASHIER_CONTAINER&amp;apos;)]//input[contains(@id,&amp;apos;CASHIER&amp;apos;)]]
Session ID: 68d15556d9ee33ca85cdbcc58286f84e">
      <![CDATA[org.openqa.selenium.ElementNotInteractableException: element not interactable
  (Session info: chrome=109.0.5414.120)
Build info: version: '4.0.0', revision: '3a21814679'
System info: host: 'SEZLAP-13554T', ip: '192.168.240.5', os.name: 'Windows 10', os.arch: 'amd64', os.version: '10.0', java.version: '1.8.0_311'
Driver info: org.openqa.selenium.chrome.ChromeDriver
Command: [68d15556d9ee33ca85cdbcc58286f84e, clearElement {id=31839ab0-fb74-4a0b-b029-2e24e98d4bdf}]
Capabilities {acceptInsecureCerts: false, browserName: chrome, browserVersion: 109.0.5414.120, chrome: {chromedriverVersion: 109.0.5414.74 (e7c5703604da..., userDataDir: C:\Users\Kapil\AppData\Loca...}, goog:chromeOptions: {debuggerAddress: localhost:55884}, javascriptEnabled: true, networkConnectionEnabled: false, pageLoadStrategy: normal, platform: WINDOWS, platformName: WINDOWS, proxy: Proxy(), se:cdp: ws://localhost:55884/devtoo..., se:cdpVersion: 109.0.5414.120, setWindowRect: true, strictFileInteractability: false, timeouts: {implicit: 0, pageLoad: 300000, script: 30000}, unhandledPromptBehavior: dismiss and notify, webauthn:extension:credBlob: true, webauthn:extension:largeBlob: true, webauthn:virtualAuthenticators: true}
Element: [[ChromeDriver: chrome on WINDOWS (68d15556d9ee33ca85cdbcc58286f84e)] -> xpath: //div[contains(@id,'CASHIER_CONTAINER')]//input[contains(@id,'CASHIER')]]
Session ID: 68d15556d9ee33ca85cdbcc58286f84e
at org.openqa.selenium.remote.codec.w3c.W3CHttpResponseCodec.createException(W3CHttpResponseCodec.java:200)
at org.openqa.selenium.remote.codec.w3c.W3CHttpResponseCodec.decode(W3CHttpResponseCodec.java:133)
at org.openqa.selenium.remote.codec.w3c.W3CHttpResponseCodec.decode(W3CHttpResponseCodec.java:53)
at org.openqa.selenium.remote.HttpCommandExecutor.execute(HttpCommandExecutor.java:184)
at org.openqa.selenium.remote.service.DriverCommandExecutor.invokeExecute(DriverCommandExecutor.java:164)
at org.openqa.selenium.remote.service.DriverCommandExecutor.execute(DriverCommandExecutor.java:139)
at org.openqa.selenium.remote.RemoteWebDriver.execute(RemoteWebDriver.java:559)
at org.openqa.selenium.remote.RemoteWebElement.execute(RemoteWebElement.java:251)
at org.openqa.selenium.remote.RemoteWebElement.clear(RemoteWebElement.java:126)
at com.apex.utils.ElementUtil.doSendKeys(ElementUtil.java:88)
at com.apex.pages.CashDrawerReconciliation.enterCashierUserIdAndPass(CashDrawerReconciliation.java:193)
at com.apex.testCases.CashDrawerMaintenance.TC52verifyCASH_RECON_CHECK_AUTO_VERIFYOnCashDrawerReconciliation(CashDrawerMaintenance.java:1631)
at java.util.ArrayList.forEach(ArrayList.java:1259)
... Removed 31 stack frames]]>
    </failure>
  </testcase> <!-- TC52verifyCASH_RECON_CHECK_AUTO_VERIFYOnCashDrawerReconciliation -->
  <testcase name="TC30changesIncurrencyCoinOtherTendersOnCashDrawerDeclaration" time="33.038" classname="com.apex.testCases.CashDrawerMaintenance">
    <failure type="org.openqa.selenium.NoSuchElementException" message="no such element: Unable to locate element: {&amp;quot;method&amp;quot;:&amp;quot;xpath&amp;quot;,&amp;quot;selector&amp;quot;:&amp;quot;//*[text()=&amp;apos;73&amp;apos;]&amp;quot;}
  (Session info: chrome=109.0.5414.120)
For documentation on this error, please visit: https://selenium.dev/exceptions/#no_such_element
Build info: version: &amp;apos;4.0.0&amp;apos;, revision: &amp;apos;3a21814679&amp;apos;
System info: host: &amp;apos;SEZLAP-13554T&amp;apos;, ip: &amp;apos;192.168.240.5&amp;apos;, os.name: &amp;apos;Windows 10&amp;apos;, os.arch: &amp;apos;amd64&amp;apos;, os.version: &amp;apos;10.0&amp;apos;, java.version: &amp;apos;1.8.0_311&amp;apos;
Driver info: org.openqa.selenium.chrome.ChromeDriver
Command: [70b1f7a9fa16ec414683b588a5b08ca2, findElement {using=xpath, value=//*[text()=&amp;apos;73&amp;apos;]}]
Capabilities {acceptInsecureCerts: false, browserName: chrome, browserVersion: 109.0.5414.120, chrome: {chromedriverVersion: 109.0.5414.74 (e7c5703604da..., userDataDir: C:\Users\Kapil\AppData\Loca...}, goog:chromeOptions: {debuggerAddress: localhost:55921}, javascriptEnabled: true, networkConnectionEnabled: false, pageLoadStrategy: normal, platform: WINDOWS, platformName: WINDOWS, proxy: Proxy(), se:cdp: ws://localhost:55921/devtoo..., se:cdpVersion: 109.0.5414.120, setWindowRect: true, strictFileInteractability: false, timeouts: {implicit: 0, pageLoad: 300000, script: 30000}, unhandledPromptBehavior: dismiss and notify, webauthn:extension:credBlob: true, webauthn:extension:largeBlob: true, webauthn:virtualAuthenticators: true}
Session ID: 70b1f7a9fa16ec414683b588a5b08ca2">
      <![CDATA[org.openqa.selenium.NoSuchElementException: no such element: Unable to locate element: {"method":"xpath","selector":"//*[text()='73']"}
  (Session info: chrome=109.0.5414.120)
For documentation on this error, please visit: https://selenium.dev/exceptions/#no_such_element
Build info: version: '4.0.0', revision: '3a21814679'
System info: host: 'SEZLAP-13554T', ip: '192.168.240.5', os.name: 'Windows 10', os.arch: 'amd64', os.version: '10.0', java.version: '1.8.0_311'
Driver info: org.openqa.selenium.chrome.ChromeDriver
Command: [70b1f7a9fa16ec414683b588a5b08ca2, findElement {using=xpath, value=//*[text()='73']}]
Capabilities {acceptInsecureCerts: false, browserName: chrome, browserVersion: 109.0.5414.120, chrome: {chromedriverVersion: 109.0.5414.74 (e7c5703604da..., userDataDir: C:\Users\Kapil\AppData\Loca...}, goog:chromeOptions: {debuggerAddress: localhost:55921}, javascriptEnabled: true, networkConnectionEnabled: false, pageLoadStrategy: normal, platform: WINDOWS, platformName: WINDOWS, proxy: Proxy(), se:cdp: ws://localhost:55921/devtoo..., se:cdpVersion: 109.0.5414.120, setWindowRect: true, strictFileInteractability: false, timeouts: {implicit: 0, pageLoad: 300000, script: 30000}, unhandledPromptBehavior: dismiss and notify, webauthn:extension:credBlob: true, webauthn:extension:largeBlob: true, webauthn:virtualAuthenticators: true}
Session ID: 70b1f7a9fa16ec414683b588a5b08ca2
at org.openqa.selenium.remote.codec.w3c.W3CHttpResponseCodec.createException(W3CHttpResponseCodec.java:200)
at org.openqa.selenium.remote.codec.w3c.W3CHttpResponseCodec.decode(W3CHttpResponseCodec.java:133)
at org.openqa.selenium.remote.codec.w3c.W3CHttpResponseCodec.decode(W3CHttpResponseCodec.java:53)
at org.openqa.selenium.remote.HttpCommandExecutor.execute(HttpCommandExecutor.java:184)
at org.openqa.selenium.remote.service.DriverCommandExecutor.invokeExecute(DriverCommandExecutor.java:164)
at org.openqa.selenium.remote.service.DriverCommandExecutor.execute(DriverCommandExecutor.java:139)
at org.openqa.selenium.remote.RemoteWebDriver.execute(RemoteWebDriver.java:559)
at org.openqa.selenium.remote.ElementLocation$ElementFinder$2.findElement(ElementLocation.java:162)
at org.openqa.selenium.remote.ElementLocation.findElement(ElementLocation.java:60)
at org.openqa.selenium.remote.RemoteWebDriver.findElement(RemoteWebDriver.java:383)
at org.openqa.selenium.remote.RemoteWebDriver.findElement(RemoteWebDriver.java:375)
at com.apex.pages.CashDrawerSetUp.selectValueFromLOV(CashDrawerSetUp.java:188)
at com.apex.testCases.CashDrawerMaintenance.TC30changesIncurrencyCoinOtherTendersOnCashDrawerDeclaration(CashDrawerMaintenance.java:741)
at java.util.ArrayList.forEach(ArrayList.java:1259)
... Removed 31 stack frames]]>
    </failure>
  </testcase> <!-- TC30changesIncurrencyCoinOtherTendersOnCashDrawerDeclaration -->
  <testcase name="TC48verifySuggestedFloatAmountInCashDrawerRecon" time="48.914" classname="com.apex.testCases.CashDrawerMaintenance">
    <failure type="org.openqa.selenium.ElementNotInteractableException" message="element not interactable
  (Session info: chrome=109.0.5414.120)
Build info: version: &amp;apos;4.0.0&amp;apos;, revision: &amp;apos;3a21814679&amp;apos;
System info: host: &amp;apos;SEZLAP-13554T&amp;apos;, ip: &amp;apos;192.168.240.5&amp;apos;, os.name: &amp;apos;Windows 10&amp;apos;, os.arch: &amp;apos;amd64&amp;apos;, os.version: &amp;apos;10.0&amp;apos;, java.version: &amp;apos;1.8.0_311&amp;apos;
Driver info: org.openqa.selenium.chrome.ChromeDriver
Command: [18aada1b79cfac52637737955d263f18, clearElement {id=8214922d-fce5-4175-96fb-6adb43e7f53d}]
Capabilities {acceptInsecureCerts: false, browserName: chrome, browserVersion: 109.0.5414.120, chrome: {chromedriverVersion: 109.0.5414.74 (e7c5703604da..., userDataDir: C:\Users\Kapil\AppData\Loca...}, goog:chromeOptions: {debuggerAddress: localhost:55952}, javascriptEnabled: true, networkConnectionEnabled: false, pageLoadStrategy: normal, platform: WINDOWS, platformName: WINDOWS, proxy: Proxy(), se:cdp: ws://localhost:55952/devtoo..., se:cdpVersion: 109.0.5414.120, setWindowRect: true, strictFileInteractability: false, timeouts: {implicit: 0, pageLoad: 300000, script: 30000}, unhandledPromptBehavior: dismiss and notify, webauthn:extension:credBlob: true, webauthn:extension:largeBlob: true, webauthn:virtualAuthenticators: true}
Element: [[ChromeDriver: chrome on WINDOWS (18aada1b79cfac52637737955d263f18)] -&amp;gt; xpath: //div[contains(@id,&amp;apos;CASHIER_CONTAINER&amp;apos;)]//input[contains(@id,&amp;apos;CASHIER&amp;apos;)]]
Session ID: 18aada1b79cfac52637737955d263f18">
      <![CDATA[org.openqa.selenium.ElementNotInteractableException: element not interactable
  (Session info: chrome=109.0.5414.120)
Build info: version: '4.0.0', revision: '3a21814679'
System info: host: 'SEZLAP-13554T', ip: '192.168.240.5', os.name: 'Windows 10', os.arch: 'amd64', os.version: '10.0', java.version: '1.8.0_311'
Driver info: org.openqa.selenium.chrome.ChromeDriver
Command: [18aada1b79cfac52637737955d263f18, clearElement {id=8214922d-fce5-4175-96fb-6adb43e7f53d}]
Capabilities {acceptInsecureCerts: false, browserName: chrome, browserVersion: 109.0.5414.120, chrome: {chromedriverVersion: 109.0.5414.74 (e7c5703604da..., userDataDir: C:\Users\Kapil\AppData\Loca...}, goog:chromeOptions: {debuggerAddress: localhost:55952}, javascriptEnabled: true, networkConnectionEnabled: false, pageLoadStrategy: normal, platform: WINDOWS, platformName: WINDOWS, proxy: Proxy(), se:cdp: ws://localhost:55952/devtoo..., se:cdpVersion: 109.0.5414.120, setWindowRect: true, strictFileInteractability: false, timeouts: {implicit: 0, pageLoad: 300000, script: 30000}, unhandledPromptBehavior: dismiss and notify, webauthn:extension:credBlob: true, webauthn:extension:largeBlob: true, webauthn:virtualAuthenticators: true}
Element: [[ChromeDriver: chrome on WINDOWS (18aada1b79cfac52637737955d263f18)] -> xpath: //div[contains(@id,'CASHIER_CONTAINER')]//input[contains(@id,'CASHIER')]]
Session ID: 18aada1b79cfac52637737955d263f18
at org.openqa.selenium.remote.codec.w3c.W3CHttpResponseCodec.createException(W3CHttpResponseCodec.java:200)
at org.openqa.selenium.remote.codec.w3c.W3CHttpResponseCodec.decode(W3CHttpResponseCodec.java:133)
at org.openqa.selenium.remote.codec.w3c.W3CHttpResponseCodec.decode(W3CHttpResponseCodec.java:53)
at org.openqa.selenium.remote.HttpCommandExecutor.execute(HttpCommandExecutor.java:184)
at org.openqa.selenium.remote.service.DriverCommandExecutor.invokeExecute(DriverCommandExecutor.java:164)
at org.openqa.selenium.remote.service.DriverCommandExecutor.execute(DriverCommandExecutor.java:139)
at org.openqa.selenium.remote.RemoteWebDriver.execute(RemoteWebDriver.java:559)
at org.openqa.selenium.remote.RemoteWebElement.execute(RemoteWebElement.java:251)
at org.openqa.selenium.remote.RemoteWebElement.clear(RemoteWebElement.java:126)
at com.apex.utils.ElementUtil.doSendKeys(ElementUtil.java:88)
at com.apex.pages.CashDrawerReconciliation.enterCashierUserIdAndPass(CashDrawerReconciliation.java:193)
at com.apex.testCases.CashDrawerMaintenance.TC48verifySuggestedFloatAmountInCashDrawerRecon(CashDrawerMaintenance.java:1380)
at java.util.ArrayList.forEach(ArrayList.java:1259)
... Removed 31 stack frames]]>
    </failure>
  </testcase> <!-- TC48verifySuggestedFloatAmountInCashDrawerRecon -->
  <testcase name="TC49verifyTheActualAmountOnCashDrawerReconciliation" time="88.676" classname="com.apex.testCases.CashDrawerMaintenance"/>
  <testcase name="TC12verify_CurrencySection_With_Invalid_DataOnCashdrawerSetupScreen" time="0.0" classname="com.apex.testCases.CashDrawerMaintenance">
    <ignored/>
  </testcase> <!-- TC12verify_CurrencySection_With_Invalid_DataOnCashdrawerSetupScreen -->
  <testcase name="TC05verify_Currency_SumOnCashdrawerSetupScreen" time="0.0" classname="com.apex.testCases.CashDrawerMaintenance">
    <ignored/>
  </testcase> <!-- TC05verify_Currency_SumOnCashdrawerSetupScreen -->
  <testcase name="TC18verifySAFE_RECON_IN_PROCESSOnCashdrawerSetupScreen" time="0.0" classname="com.apex.testCases.CashDrawerMaintenance">
    <ignored/>
  </testcase> <!-- TC18verifySAFE_RECON_IN_PROCESSOnCashdrawerSetupScreen -->
  <testcase name="TC09createNewCashDrawerwithoutregidAndVerifySaveActionOnCashdrawerSetupScreen" time="0.0" classname="com.apex.testCases.CashDrawerMaintenance">
    <ignored/>
  </testcase> <!-- TC09createNewCashDrawerwithoutregidAndVerifySaveActionOnCashdrawerSetupScreen -->
  <testcase name="TC36verifyThatCashDrawerIsMandatoryOnCashDrawerDeclaration" time="0.0" classname="com.apex.testCases.CashDrawerMaintenance">
    <ignored/>
  </testcase> <!-- TC36verifyThatCashDrawerIsMandatoryOnCashDrawerDeclaration -->
  <testcase name="TC58verifyCashBoxshouldbematchingtherecordsasperMMSOWithoutRegIDOnCashDrawerReconciliation" time="0.0" classname="com.apex.testCases.CashDrawerMaintenance">
    <ignored/>
  </testcase> <!-- TC58verifyCashBoxshouldbematchingtherecordsasperMMSOWithoutRegIDOnCashDrawerReconciliation -->
  <testcase name="TC03verifyAuthorizationWindowWithWrongcredentialsOnCashdrawerSetupScreen" time="0.0" classname="com.apex.testCases.CashDrawerMaintenance">
    <ignored/>
  </testcase> <!-- TC03verifyAuthorizationWindowWithWrongcredentialsOnCashdrawerSetupScreen -->
  <testcase name="TC10verify_Clear_Button_cashDrawerSetUp" time="0.0" classname="com.apex.testCases.CashDrawerMaintenance">
    <ignored/>
  </testcase> <!-- TC10verify_Clear_Button_cashDrawerSetUp -->
  <testcase name="TC27verifyTenderCashAmountInCashDrawerDeclaration" time="0.0" classname="com.apex.testCases.CashDrawerMaintenance">
    <ignored/>
  </testcase> <!-- TC27verifyTenderCashAmountInCashDrawerDeclaration -->
  <testcase name="TC38verifyThatAssignToRegisterSearchIsWorkingWithInValidDataOnCashDrawerDeclaration" time="0.0" classname="com.apex.testCases.CashDrawerMaintenance">
    <ignored/>
  </testcase> <!-- TC38verifyThatAssignToRegisterSearchIsWorkingWithInValidDataOnCashDrawerDeclaration -->
  <testcase name="TC21verifyExitButtonCashDrawerDecelaration" time="0.0" classname="com.apex.testCases.CashDrawerMaintenance">
    <ignored/>
  </testcase> <!-- TC21verifyExitButtonCashDrawerDecelaration -->
  <testcase name="TC59verifyCASH_RECON_USER_NOTDECL_USEROnCashDrawerReconciliation" time="0.0" classname="com.apex.testCases.CashDrawerMaintenance">
    <ignored/>
  </testcase> <!-- TC59verifyCASH_RECON_USER_NOTDECL_USEROnCashDrawerReconciliation -->
  <testcase name="TC11verify_Exit_Button_CashDrawerSetUp" time="0.0" classname="com.apex.testCases.CashDrawerMaintenance">
    <ignored/>
  </testcase> <!-- TC11verify_Exit_Button_CashDrawerSetUp -->
  <testcase name="TC19verifyThatOnly_Depositabe_Tenders_Are_Shown_In_The_Tender_SectionOnCashdrawerSetupScreen" time="0.0" classname="com.apex.testCases.CashDrawerMaintenance">
    <ignored/>
  </testcase> <!-- TC19verifyThatOnly_Depositabe_Tenders_Are_Shown_In_The_Tender_SectionOnCashdrawerSetupScreen -->
  <testcase name="TC25verifyRegLovDataOnCashDrawerDeclaration" time="0.0" classname="com.apex.testCases.CashDrawerMaintenance">
    <ignored/>
  </testcase> <!-- TC25verifyRegLovDataOnCashDrawerDeclaration -->
  <testcase name="TC42VerifySiteNoAndSiteNameAreDisabledOnCashDrawerReconciliation" time="0.0" classname="com.apex.testCases.CashDrawerMaintenance">
    <ignored/>
  </testcase> <!-- TC42VerifySiteNoAndSiteNameAreDisabledOnCashDrawerReconciliation -->
  <testcase name="TC34verifyCheckdetailsValueISAddedToCheckFieldOnCashDrawerDeclaration" time="0.0" classname="com.apex.testCases.CashDrawerMaintenance">
    <ignored/>
  </testcase> <!-- TC34verifyCheckdetailsValueISAddedToCheckFieldOnCashDrawerDeclaration -->
  <testcase name="TC40verifyThatCashDrawerLovIsWorkingWithInValidDataOnCashDrawerDeclaration" time="0.0" classname="com.apex.testCases.CashDrawerMaintenance">
    <ignored/>
  </testcase> <!-- TC40verifyThatCashDrawerLovIsWorkingWithInValidDataOnCashDrawerDeclaration -->
  <testcase name="TC45verifyPOSCASHDRAWERASSIGNEDRECONOnCashDrawerReconciliation" time="0.0" classname="com.apex.testCases.CashDrawerMaintenance">
    <ignored/>
  </testcase> <!-- TC45verifyPOSCASHDRAWERASSIGNEDRECONOnCashDrawerReconciliation -->
  <testcase name="TC33verifyPOSCASHDRAWERASSIGNEDOnCashDrawerDeclaration" time="0.0" classname="com.apex.testCases.CashDrawerMaintenance">
    <ignored/>
  </testcase> <!-- TC33verifyPOSCASHDRAWERASSIGNEDOnCashDrawerDeclaration -->
  <testcase name="TC32verifyTheCashDrawerValidationMessageOnCashDrawerDeclaration" time="0.0" classname="com.apex.testCases.CashDrawerMaintenance">
    <ignored/>
  </testcase> <!-- TC32verifyTheCashDrawerValidationMessageOnCashDrawerDeclaration -->
  <testcase name="TC44VerifyThatCashDrawerTextFieldIsAMandatoryOnCashDrawerReconciliation" time="0.0" classname="com.apex.testCases.CashDrawerMaintenance">
    <ignored/>
  </testcase> <!-- TC44VerifyThatCashDrawerTextFieldIsAMandatoryOnCashDrawerReconciliation -->
  <testcase name="TC06verify_rolls_SumOnCashdrawerSetupScreen" time="0.0" classname="com.apex.testCases.CashDrawerMaintenance">
    <ignored/>
  </testcase> <!-- TC06verify_rolls_SumOnCashdrawerSetupScreen -->
  <testcase name="TC17verifyTheSuggestedFloatAmountShouldBeComingFromTheQueryOnCashdrawerSetupScreen" time="0.0" classname="com.apex.testCases.CashDrawerMaintenance">
    <ignored/>
  </testcase> <!-- TC17verifyTheSuggestedFloatAmountShouldBeComingFromTheQueryOnCashdrawerSetupScreen -->
  <testcase name="TC04verifyRegisterLovshouldbematchingtherecordsasperMMSOOnCashdrawerSetupScreen" time="0.0" classname="com.apex.testCases.CashDrawerMaintenance">
    <ignored/>
  </testcase> <!-- TC04verifyRegisterLovshouldbematchingtherecordsasperMMSOOnCashdrawerSetupScreen -->
  <testcase name="TC15verifyAssignToRegisterSearchWithInValidDataOnCashdrawerSetupScreen" time="0.0" classname="com.apex.testCases.CashDrawerMaintenance">
    <ignored/>
  </testcase> <!-- TC15verifyAssignToRegisterSearchWithInValidDataOnCashdrawerSetupScreen -->
  <testcase name="TC23verifyAuthorisationWindowWithInvalidcredentialsOnCashDrawerDeclaration" time="0.0" classname="com.apex.testCases.CashDrawerMaintenance">
    <ignored/>
  </testcase> <!-- TC23verifyAuthorisationWindowWithInvalidcredentialsOnCashDrawerDeclaration -->
  <testcase name="TC08createNewCashDrawerwithRegidAndVerifySaveActionOnCashdrawerSetupScreen" time="0.0" classname="com.apex.testCases.CashDrawerMaintenance">
    <ignored/>
  </testcase> <!-- TC08createNewCashDrawerwithRegidAndVerifySaveActionOnCashdrawerSetupScreen -->
  <testcase name="TC37verifyThatAssignToRegisterSearchIsWorkingWithValidDataOnCashDrawerDeclaration" time="0.0" classname="com.apex.testCases.CashDrawerMaintenance">
    <ignored/>
  </testcase> <!-- TC37verifyThatAssignToRegisterSearchIsWorkingWithValidDataOnCashDrawerDeclaration -->
  <testcase name="TC41verifyActualExpectedAndOverShortAmountOnCashDrawerReconciliation" time="0.0" classname="com.apex.testCases.CashDrawerMaintenance">
    <ignored/>
  </testcase> <!-- TC41verifyActualExpectedAndOverShortAmountOnCashDrawerReconciliation -->
  <testcase name="TC46verifyCheckDetailsButtonIsEnableOnCashDrawerReconciliation" time="0.0" classname="com.apex.testCases.CashDrawerMaintenance">
    <ignored/>
  </testcase> <!-- TC46verifyCheckDetailsButtonIsEnableOnCashDrawerReconciliation -->
  <testcase name="TC22verifyCancelButtonCashDrawerDecelaration" time="0.0" classname="com.apex.testCases.CashDrawerMaintenance">
    <ignored/>
  </testcase> <!-- TC22verifyCancelButtonCashDrawerDecelaration -->
  <testcase name="TC24verifycashBoxLovDataOnCashDrawerDeclaration" time="0.0" classname="com.apex.testCases.CashDrawerMaintenance">
    <ignored/>
  </testcase> <!-- TC24verifycashBoxLovDataOnCashDrawerDeclaration -->
  <testcase name="TC47verifyCSHBOX_FORCE_DECLARATIONOnCashDrawerReconciliation" time="0.0" classname="com.apex.testCases.CashDrawerMaintenance">
    <ignored/>
  </testcase> <!-- TC47verifyCSHBOX_FORCE_DECLARATIONOnCashDrawerReconciliation -->
  <testcase name="TC39verifyThatCashDrawerLovSearchIsWorkingWithValidDataOnCashDrawerDeclaration" time="0.0" classname="com.apex.testCases.CashDrawerMaintenance">
    <ignored/>
  </testcase> <!-- TC39verifyThatCashDrawerLovSearchIsWorkingWithValidDataOnCashDrawerDeclaration -->
  <testcase name="verifyAuthCancelButtonOnCashdrawerSetupScreen" time="0.0" classname="com.apex.testCases.CashDrawerMaintenance">
    <ignored/>
  </testcase> <!-- verifyAuthCancelButtonOnCashdrawerSetupScreen -->
  <testcase name="TC31verifyTheAssignToRegisterValidationMessageOnCashDrawerDeclaration" time="0.0" classname="com.apex.testCases.CashDrawerMaintenance">
    <ignored/>
  </testcase> <!-- TC31verifyTheAssignToRegisterValidationMessageOnCashDrawerDeclaration -->
  <testcase name="TC26verifyHeaderFieldsGreyedOutOnCashDrawerDeclaration" time="0.0" classname="com.apex.testCases.CashDrawerMaintenance">
    <ignored/>
  </testcase> <!-- TC26verifyHeaderFieldsGreyedOutOnCashDrawerDeclaration -->
  <testcase name="TC57verifyCoinsCurrencyandTenderSectionOnCashDrawerReconciliation" time="0.0" classname="com.apex.testCases.CashDrawerMaintenance">
    <ignored/>
  </testcase> <!-- TC57verifyCoinsCurrencyandTenderSectionOnCashDrawerReconciliation -->
  <testcase name="TC51verifyINCLUDE_AR_CHARGESOnCashDrawerReconciliation" time="0.0" classname="com.apex.testCases.CashDrawerMaintenance">
    <ignored/>
  </testcase> <!-- TC51verifyINCLUDE_AR_CHARGESOnCashDrawerReconciliation -->
  <testcase name="TC07verify_Loose_SumOnCashdrawerSetupScreen" time="0.0" classname="com.apex.testCases.CashDrawerMaintenance">
    <ignored/>
  </testcase> <!-- TC07verify_Loose_SumOnCashdrawerSetupScreen -->
  <testcase name="TC13verifySiteNoAndSiteNameAreDisabledOnCashdrawerSetupScreen" time="0.0" classname="com.apex.testCases.CashDrawerMaintenance">
    <ignored/>
  </testcase> <!-- TC13verifySiteNoAndSiteNameAreDisabledOnCashdrawerSetupScreen -->
  <testcase name="TC53verifyRegisterLovshouldbematchingtherecordsasperMMSOOnCashDrawerReconciliation" time="0.0" classname="com.apex.testCases.CashDrawerMaintenance">
    <ignored/>
  </testcase> <!-- TC53verifyRegisterLovshouldbematchingtherecordsasperMMSOOnCashDrawerReconciliation -->
  <testcase name="TC16verifyPOSCASHDRAWERASSIGNEDOnCashdrawerSetupScreen" time="0.0" classname="com.apex.testCases.CashDrawerMaintenance">
    <ignored/>
  </testcase> <!-- TC16verifyPOSCASHDRAWERASSIGNEDOnCashdrawerSetupScreen -->
  <testcase name="TC35verifyThatAssignToRegisterIsMandatoryOnCashDrawerDeclaration" time="0.0" classname="com.apex.testCases.CashDrawerMaintenance">
    <ignored/>
  </testcase> <!-- TC35verifyThatAssignToRegisterIsMandatoryOnCashDrawerDeclaration -->
  <testcase name="TC02verifyCurrencySectionValidationMessagesOnCashdrawerSetupScreen" time="0.0" classname="com.apex.testCases.CashDrawerMaintenance">
    <ignored/>
  </testcase> <!-- TC02verifyCurrencySectionValidationMessagesOnCashdrawerSetupScreen -->
  <testcase name="TC01oginWithValidCredentials" time="0.0" classname="com.apex.testCases.CashDrawerMaintenance">
    <ignored/>
  </testcase> <!-- TC01oginWithValidCredentials -->
  <testcase name="TC14verifyAssignToRegisterSearchWithValidDataOnCashdrawerSetupScreen" time="0.0" classname="com.apex.testCases.CashDrawerMaintenance">
    <ignored/>
  </testcase> <!-- TC14verifyAssignToRegisterSearchWithValidDataOnCashdrawerSetupScreen -->
  <testcase name="TC54verifyCashBoxshouldbematchingtherecordsasperMMSOWithReg_IDOnCashDrawerReconciliation" time="0.0" classname="com.apex.testCases.CashDrawerMaintenance">
    <ignored/>
  </testcase> <!-- TC54verifyCashBoxshouldbematchingtherecordsasperMMSOWithReg_IDOnCashDrawerReconciliation -->
  <testcase name="TC20verifySiteNoAndSiteNameTextFiledAreVisibleOnCashDrawerDeclaration" time="0.0" classname="com.apex.testCases.CashDrawerMaintenance">
    <ignored/>
  </testcase> <!-- TC20verifySiteNoAndSiteNameTextFiledAreVisibleOnCashDrawerDeclaration -->
</testsuite> <!-- Default test(failed) -->
