<html>
<head>
<title>TestNG:  Test</title>
<link href="../testng.css" rel="stylesheet" type="text/css" />
<link href="../my-testng.css" rel="stylesheet" type="text/css" />

<style type="text/css">
.log { display: none;} 
.stack-trace { display: none;} 
</style>
<script type="text/javascript">
<!--
function flip(e) {
  current = e.style.display;
  if (current == 'block') {
    e.style.display = 'none';
    return 0;
  }
  else {
    e.style.display = 'block';
    return 1;
  }
}

function toggleBox(szDivId, elem, msg1, msg2)
{
  var res = -1;  if (document.getElementById) {
    res = flip(document.getElementById(szDivId));
  }
  else if (document.all) {
    // this is the way old msie versions work
    res = flip(document.all[szDivId]);
  }
  if(elem) {
    if(res == 0) elem.innerHTML = msg1; else elem.innerHTML = msg2;
  }

}

function toggleAllBoxes() {
  if (document.getElementsByTagName) {
    d = document.getElementsByTagName('div');
    for (i = 0; i < d.length; i++) {
      if (d[i].className == 'log') {
        flip(d[i]);
      }
    }
  }
}

// -->
</script>

</head>
<body>
<h2 align='center'>Test</h2><table border='1' align="center">
<tr>
<td>Tests passed/Failed/Skipped:</td><td>16/0/3</td>
</tr><tr>
<td>Started on:</td><td>Tue Mar 07 18:32:53 IST 2023</td>
</tr>
<tr><td>Total time:</td><td>728 seconds (728222 ms)</td>
</tr><tr>
<td>Included groups:</td><td></td>
</tr><tr>
<td>Excluded groups:</td><td></td>
</tr>
</table><p/>
<small><i>(Hover the method name to see the test class name)</i></small><p/>
<table width='100%' border='1' class='invocation-passed'>
<tr><td colspan='4' align='center'><b>PASSED TESTS</b></td></tr>
<tr><td><b>Test method</b></td>
<td width="30%"><b>Exception</b></td>
<td width="10%"><b>Time (seconds)</b></td>
<td><b>Instance</b></td>
</tr>
<tr>
<td title='com.apex.testCases.ConfigurationFlagMaintenanceTC.TC08verifyValueFieldCheckForNumberAgainstDBOnConfigurationFlagMaintenance()'><b>TC08verifyValueFieldCheckForNumberAgainstDBOnConfigurationFlagMaintenance</b><br>Test class: com.apex.testCases.ConfigurationFlagMaintenanceTC</td>
<td></td>
<td>34</td>
<td>com.apex.testCases.ConfigurationFlagMaintenanceTC@101a461c</td></tr>
<tr>
<td title='com.apex.testCases.ConfigurationFlagMaintenanceTC.TC12verifyFilterTypeDataOnConfigurationFlagMaintenance()'><b>TC12verifyFilterTypeDataOnConfigurationFlagMaintenance</b><br>Test class: com.apex.testCases.ConfigurationFlagMaintenanceTC</td>
<td></td>
<td>28</td>
<td>com.apex.testCases.ConfigurationFlagMaintenanceTC@101a461c</td></tr>
<tr>
<td title='com.apex.testCases.ConfigurationFlagMaintenanceTC.TC04verifySearchWithInvalidDataConfigurationFlagMaintenance()'><b>TC04verifySearchWithInvalidDataConfigurationFlagMaintenance</b><br>Test class: com.apex.testCases.ConfigurationFlagMaintenanceTC</td>
<td></td>
<td>26</td>
<td>com.apex.testCases.ConfigurationFlagMaintenanceTC@101a461c</td></tr>
<tr>
<td title='com.apex.testCases.ConfigurationFlagMaintenanceTC.TC16verifyExitButtonOnConfigurationFlagMaintenance()'><b>TC16verifyExitButtonOnConfigurationFlagMaintenance</b><br>Test class: com.apex.testCases.ConfigurationFlagMaintenanceTC</td>
<td></td>
<td>34</td>
<td>com.apex.testCases.ConfigurationFlagMaintenanceTC@101a461c</td></tr>
<tr>
<td title='com.apex.testCases.ConfigurationFlagMaintenanceTC.TC13verifyCancelPopYesButtonOnConfigurationFlagMaintenance()'><b>TC13verifyCancelPopYesButtonOnConfigurationFlagMaintenance</b><br>Test class: com.apex.testCases.ConfigurationFlagMaintenanceTC</td>
<td></td>
<td>31</td>
<td>com.apex.testCases.ConfigurationFlagMaintenanceTC@101a461c</td></tr>
<tr>
<td title='com.apex.testCases.ConfigurationFlagMaintenanceTC.TC15verifyCancelPopCancelButtonOnConfigurationFlagMaintenance()'><b>TC15verifyCancelPopCancelButtonOnConfigurationFlagMaintenance</b><br>Test class: com.apex.testCases.ConfigurationFlagMaintenanceTC</td>
<td></td>
<td>38</td>
<td>com.apex.testCases.ConfigurationFlagMaintenanceTC@101a461c</td></tr>
<tr>
<td title='com.apex.testCases.ConfigurationFlagMaintenanceTC.TC10verifyValueFieldCheckForTextAgainstDBOnConfigurationFlagMaintenance()'><b>TC10verifyValueFieldCheckForTextAgainstDBOnConfigurationFlagMaintenance</b><br>Test class: com.apex.testCases.ConfigurationFlagMaintenanceTC</td>
<td></td>
<td>32</td>
<td>com.apex.testCases.ConfigurationFlagMaintenanceTC@101a461c</td></tr>
<tr>
<td title='com.apex.testCases.ConfigurationFlagMaintenanceTC.TC07verifyValueFieldCheckForDateConfigurationFlagMaintenance()'><b>TC07verifyValueFieldCheckForDateConfigurationFlagMaintenance</b><br>Test class: com.apex.testCases.ConfigurationFlagMaintenanceTC</td>
<td></td>
<td>39</td>
<td>com.apex.testCases.ConfigurationFlagMaintenanceTC@101a461c</td></tr>
<tr>
<td title='com.apex.testCases.ConfigurationFlagMaintenanceTC.TC14verifyCancelPopNoButtonOnConfigurationFlagMaintenance()'><b>TC14verifyCancelPopNoButtonOnConfigurationFlagMaintenance</b><br>Test class: com.apex.testCases.ConfigurationFlagMaintenanceTC</td>
<td></td>
<td>38</td>
<td>com.apex.testCases.ConfigurationFlagMaintenanceTC@101a461c</td></tr>
<tr>
<td title='com.apex.testCases.ConfigurationFlagMaintenanceTC.TC06verifyValueFieldCheckForFlagConfigurationFlagMaintenance()'><b>TC06verifyValueFieldCheckForFlagConfigurationFlagMaintenance</b><br>Test class: com.apex.testCases.ConfigurationFlagMaintenanceTC</td>
<td></td>
<td>25</td>
<td>com.apex.testCases.ConfigurationFlagMaintenanceTC@101a461c</td></tr>
<tr>
<td title='com.apex.testCases.ConfigurationFlagMaintenanceTC.TC03verifySearchConfigurationFlagMaintenance()'><b>TC03verifySearchConfigurationFlagMaintenance</b><br>Test class: com.apex.testCases.ConfigurationFlagMaintenanceTC</td>
<td></td>
<td>32</td>
<td>com.apex.testCases.ConfigurationFlagMaintenanceTC@101a461c</td></tr>
<tr>
<td title='com.apex.testCases.ConfigurationFlagMaintenanceTC.TC09verifyValueFieldCheckForFlagAgainstDBOnConfigurationFlagMaintenance()'><b>TC09verifyValueFieldCheckForFlagAgainstDBOnConfigurationFlagMaintenance</b><br>Test class: com.apex.testCases.ConfigurationFlagMaintenanceTC</td>
<td></td>
<td>42</td>
<td>com.apex.testCases.ConfigurationFlagMaintenanceTC@101a461c</td></tr>
<tr>
<td title='com.apex.testCases.ConfigurationFlagMaintenanceTC.TC11verifyValueFieldCheckForDateAgainstDBOnConfigurationFlagMaintenance()'><b>TC11verifyValueFieldCheckForDateAgainstDBOnConfigurationFlagMaintenance</b><br>Test class: com.apex.testCases.ConfigurationFlagMaintenanceTC</td>
<td></td>
<td>31</td>
<td>com.apex.testCases.ConfigurationFlagMaintenanceTC@101a461c</td></tr>
<tr>
<td title='com.apex.testCases.ConfigurationFlagMaintenanceTC.TC02verifyRemotesiteAccessONConfigurationFlagMaintenance()'><b>TC02verifyRemotesiteAccessONConfigurationFlagMaintenance</b><br>Test class: com.apex.testCases.ConfigurationFlagMaintenanceTC</td>
<td></td>
<td>23</td>
<td>com.apex.testCases.ConfigurationFlagMaintenanceTC@101a461c</td></tr>
<tr>
<td title='com.apex.testCases.ConfigurationFlagMaintenanceTC.TC05verifyValueFieldCheckForNumberConfigurationFlagMaintenance()'><b>TC05verifyValueFieldCheckForNumberConfigurationFlagMaintenance</b><br>Test class: com.apex.testCases.ConfigurationFlagMaintenanceTC</td>
<td></td>
<td>26</td>
<td>com.apex.testCases.ConfigurationFlagMaintenanceTC@101a461c</td></tr>
<tr>
<td title='com.apex.testCases.ConfigurationFlagMaintenanceTC.TC01verifyPageTitleONConfigurationFlagMaintenance()'><b>TC01verifyPageTitleONConfigurationFlagMaintenance</b><br>Test class: com.apex.testCases.ConfigurationFlagMaintenanceTC</td>
<td></td>
<td>17</td>
<td>com.apex.testCases.ConfigurationFlagMaintenanceTC@101a461c</td></tr>
</table><p>
<table width='100%' border='1' class='invocation-skipped'>
<tr><td colspan='4' align='center'><b>SKIPPED TESTS</b></td></tr>
<tr><td><b>Test method</b></td>
<td width="30%"><b>Exception</b></td>
<td width="10%"><b>Time (seconds)</b></td>
<td><b>Instance</b></td>
</tr>
<tr>
<td title='com.apex.testCases.ConfigurationFlagMaintenanceTC.TC14verifyCancelPopNoButtonOnConfigurationFlagMaintenance()'><b>TC14verifyCancelPopNoButtonOnConfigurationFlagMaintenance</b><br>Test class: com.apex.testCases.ConfigurationFlagMaintenanceTC</td>
<td><div><pre>org.openqa.selenium.ElementClickInterceptedException: element click intercepted: Element &lt;button class=&quot;t-Button t-Button--icon t-Button--danger t-Button--simple t-Button--iconRight t-Button--hoverIconSpin&quot; onclick=&quot;void(0);&quot; type=&quot;button&quot; id=&quot;CLEAR&quot;&gt;...&lt;/button&gt; is not clickable at point (1142, 84). Other element would receive the click: &lt;li class=&quot;a-Notification-item htmldbStdErr&quot;&gt;...&lt;/li&gt;
  (Session info: chrome=110.0.5481.178)
Build info: version: &apos;4.0.0&apos;, revision: &apos;3a21814679&apos;
System info: host: &apos;SEZLAP-13554T&apos;, ip: &apos;192.168.241.35&apos;, os.name: &apos;Windows 10&apos;, os.arch: &apos;amd64&apos;, os.version: &apos;10.0&apos;, java.version: &apos;1.8.0_311&apos;
Driver info: org.openqa.selenium.chrome.ChromeDriver
Command: [3a6288148381d039293226c0e8e1b715, clickElement {id=3661bf41-0724-4c60-ad67-b381bc60faa5}]
Capabilities {acceptInsecureCerts: false, browserName: chrome, browserVersion: 110.0.5481.178, chrome: {chromedriverVersion: 110.0.5481.77 (65ed616c6e8e..., userDataDir: C:\Users\Kapil\AppData\Loca...}, goog:chromeOptions: {debuggerAddress: localhost:59106}, javascriptEnabled: true, networkConnectionEnabled: false, pageLoadStrategy: normal, platform: WINDOWS, platformName: WINDOWS, proxy: Proxy(), se:cdp: ws://localhost:59106/devtoo..., se:cdpVersion: 110.0.5481.178, setWindowRect: true, strictFileInteractability: false, timeouts: {implicit: 0, pageLoad: 300000, script: 30000}, unhandledPromptBehavior: dismiss and notify, webauthn:extension:credBlob: true, webauthn:extension:largeBlob: true, webauthn:virtualAuthenticators: true}
Element: [[ChromeDriver: chrome on WINDOWS (3a6288148381d039293226c0e8e1b715)] -&gt; css selector: button#CLEAR]
Session ID: 3a6288148381d039293226c0e8e1b715
	at org.openqa.selenium.remote.codec.w3c.W3CHttpResponseCodec.createException(W3CHttpResponseCodec.java:200)
	at org.openqa.selenium.remote.codec.w3c.W3CHttpResponseCodec.decode(W3CHttpResponseCodec.java:133)
	at org.openqa.selenium.remote.codec.w3c.W3CHttpResponseCodec.decode(W3CHttpResponseCodec.java:53)
	at org.openqa.selenium.remote.HttpCommandExecutor.execute(HttpCommandExecutor.java:184)
	at org.openqa.selenium.remote.service.DriverCommandExecutor.invokeExecute(DriverCommandExecutor.java:164)
	at org.openqa.selenium.remote.service.DriverCommandExecutor.execute(DriverCommandExecutor.java:139)
	at org.openqa.selenium.remote.RemoteWebDriver.execute(RemoteWebDriver.java:559)
	at org.openqa.selenium.remote.RemoteWebElement.execute(RemoteWebElement.java:251)
	at org.openqa.selenium.remote.RemoteWebElement.click(RemoteWebElement.java:77)
	at com.apex.utils.ElementUtil.doClickWithWait(ElementUtil.java:424)
	at com.apex.pages.ConfigurationFlagMaintenance.clickOnCancelButton(ConfigurationFlagMaintenance.java:60)
	at com.apex.testCases.ConfigurationFlagMaintenanceTC.TC14verifyCancelPopNoButtonOnConfigurationFlagMaintenance(ConfigurationFlagMaintenanceTC.java:255)
	at java.util.ArrayList.forEach(ArrayList.java:1259)
... Removed 31 stack frames</pre></div><a href='#' onClick='toggleBox("stack-trace1827261519", this, "Click to show all stack frames", "Click to hide stack frames")'>Click to show all stack frames</a>
<div class='stack-trace' id='stack-trace1827261519'><pre>org.openqa.selenium.ElementClickInterceptedException: element click intercepted: Element &lt;button class=&quot;t-Button t-Button--icon t-Button--danger t-Button--simple t-Button--iconRight t-Button--hoverIconSpin&quot; onclick=&quot;void(0);&quot; type=&quot;button&quot; id=&quot;CLEAR&quot;&gt;...&lt;/button&gt; is not clickable at point (1142, 84). Other element would receive the click: &lt;li class=&quot;a-Notification-item htmldbStdErr&quot;&gt;...&lt;/li&gt;
  (Session info: chrome=110.0.5481.178)
Build info: version: &apos;4.0.0&apos;, revision: &apos;3a21814679&apos;
System info: host: &apos;SEZLAP-13554T&apos;, ip: &apos;192.168.241.35&apos;, os.name: &apos;Windows 10&apos;, os.arch: &apos;amd64&apos;, os.version: &apos;10.0&apos;, java.version: &apos;1.8.0_311&apos;
Driver info: org.openqa.selenium.chrome.ChromeDriver
Command: [3a6288148381d039293226c0e8e1b715, clickElement {id=3661bf41-0724-4c60-ad67-b381bc60faa5}]
Capabilities {acceptInsecureCerts: false, browserName: chrome, browserVersion: 110.0.5481.178, chrome: {chromedriverVersion: 110.0.5481.77 (65ed616c6e8e..., userDataDir: C:\Users\Kapil\AppData\Loca...}, goog:chromeOptions: {debuggerAddress: localhost:59106}, javascriptEnabled: true, networkConnectionEnabled: false, pageLoadStrategy: normal, platform: WINDOWS, platformName: WINDOWS, proxy: Proxy(), se:cdp: ws://localhost:59106/devtoo..., se:cdpVersion: 110.0.5481.178, setWindowRect: true, strictFileInteractability: false, timeouts: {implicit: 0, pageLoad: 300000, script: 30000}, unhandledPromptBehavior: dismiss and notify, webauthn:extension:credBlob: true, webauthn:extension:largeBlob: true, webauthn:virtualAuthenticators: true}
Element: [[ChromeDriver: chrome on WINDOWS (3a6288148381d039293226c0e8e1b715)] -&gt; css selector: button#CLEAR]
Session ID: 3a6288148381d039293226c0e8e1b715
	at sun.reflect.NativeConstructorAccessorImpl.newInstance0(Native Method)
	at sun.reflect.NativeConstructorAccessorImpl.newInstance(NativeConstructorAccessorImpl.java:62)
	at sun.reflect.DelegatingConstructorAccessorImpl.newInstance(DelegatingConstructorAccessorImpl.java:45)
	at java.lang.reflect.Constructor.newInstance(Constructor.java:423)
	at org.openqa.selenium.remote.codec.w3c.W3CHttpResponseCodec.createException(W3CHttpResponseCodec.java:200)
	at org.openqa.selenium.remote.codec.w3c.W3CHttpResponseCodec.decode(W3CHttpResponseCodec.java:133)
	at org.openqa.selenium.remote.codec.w3c.W3CHttpResponseCodec.decode(W3CHttpResponseCodec.java:53)
	at org.openqa.selenium.remote.HttpCommandExecutor.execute(HttpCommandExecutor.java:184)
	at org.openqa.selenium.remote.service.DriverCommandExecutor.invokeExecute(DriverCommandExecutor.java:164)
	at org.openqa.selenium.remote.service.DriverCommandExecutor.execute(DriverCommandExecutor.java:139)
	at org.openqa.selenium.remote.RemoteWebDriver.execute(RemoteWebDriver.java:559)
	at org.openqa.selenium.remote.RemoteWebElement.execute(RemoteWebElement.java:251)
	at org.openqa.selenium.remote.RemoteWebElement.click(RemoteWebElement.java:77)
	at com.apex.utils.ElementUtil.doClickWithWait(ElementUtil.java:424)
	at com.apex.pages.ConfigurationFlagMaintenance.clickOnCancelButton(ConfigurationFlagMaintenance.java:60)
	at com.apex.testCases.ConfigurationFlagMaintenanceTC.TC14verifyCancelPopNoButtonOnConfigurationFlagMaintenance(ConfigurationFlagMaintenanceTC.java:255)
	at sun.reflect.NativeMethodAccessorImpl.invoke0(Native Method)
	at sun.reflect.NativeMethodAccessorImpl.invoke(NativeMethodAccessorImpl.java:62)
	at sun.reflect.DelegatingMethodAccessorImpl.invoke(DelegatingMethodAccessorImpl.java:43)
	at java.lang.reflect.Method.invoke(Method.java:498)
	at org.testng.internal.MethodInvocationHelper.invokeMethod(MethodInvocationHelper.java:133)
	at org.testng.internal.TestInvoker.invokeMethod(TestInvoker.java:598)
	at org.testng.internal.TestInvoker.invokeTestMethod(TestInvoker.java:173)
	at org.testng.internal.MethodRunner.runInSequence(MethodRunner.java:46)
	at org.testng.internal.TestInvoker$MethodInvocationAgent.invoke(TestInvoker.java:824)
	at org.testng.internal.TestInvoker.invokeTestMethods(TestInvoker.java:146)
	at org.testng.internal.TestMethodWorker.invokeTestMethods(TestMethodWorker.java:146)
	at org.testng.internal.TestMethodWorker.run(TestMethodWorker.java:128)
	at java.util.ArrayList.forEach(ArrayList.java:1259)
	at org.testng.TestRunner.privateRun(TestRunner.java:794)
	at org.testng.TestRunner.run(TestRunner.java:596)
	at org.testng.SuiteRunner.runTest(SuiteRunner.java:377)
	at org.testng.SuiteRunner.runSequentially(SuiteRunner.java:371)
	at org.testng.SuiteRunner.privateRun(SuiteRunner.java:332)
	at org.testng.SuiteRunner.run(SuiteRunner.java:276)
	at org.testng.SuiteRunnerWorker.runSuite(SuiteRunnerWorker.java:53)
	at org.testng.SuiteRunnerWorker.run(SuiteRunnerWorker.java:96)
	at org.testng.TestNG.runSuitesSequentially(TestNG.java:1212)
	at org.testng.TestNG.runSuitesLocally(TestNG.java:1134)
	at org.testng.TestNG.runSuites(TestNG.java:1063)
	at org.testng.TestNG.run(TestNG.java:1031)
	at org.testng.remote.AbstractRemoteTestNG.run(AbstractRemoteTestNG.java:115)
	at org.testng.remote.RemoteTestNG.initAndRun(RemoteTestNG.java:251)
	at org.testng.remote.RemoteTestNG.main(RemoteTestNG.java:77)
</pre></div></td>
<td>32</td>
<td>com.apex.testCases.ConfigurationFlagMaintenanceTC@101a461c</td></tr>
<tr>
<td title='com.apex.testCases.ConfigurationFlagMaintenanceTC.TC13verifyCancelPopYesButtonOnConfigurationFlagMaintenance()'><b>TC13verifyCancelPopYesButtonOnConfigurationFlagMaintenance</b><br>Test class: com.apex.testCases.ConfigurationFlagMaintenanceTC</td>
<td><div><pre>org.openqa.selenium.NoSuchElementException: no such element: Unable to locate element: {&quot;method&quot;:&quot;xpath&quot;,&quot;selector&quot;:&quot;//span[text()=&apos;Processing&apos;]&quot;}
  (Session info: chrome=110.0.5481.178)
For documentation on this error, please visit: https://selenium.dev/exceptions/#no_such_element
Build info: version: &apos;4.0.0&apos;, revision: &apos;3a21814679&apos;
System info: host: &apos;SEZLAP-13554T&apos;, ip: &apos;192.168.241.35&apos;, os.name: &apos;Windows 10&apos;, os.arch: &apos;amd64&apos;, os.version: &apos;10.0&apos;, java.version: &apos;1.8.0_311&apos;
Driver info: org.openqa.selenium.chrome.ChromeDriver
Command: [42543040e24dd92fee70c97e1f06206c, findElement {using=xpath, value=//span[text()=&apos;Processing&apos;]}]
Capabilities {acceptInsecureCerts: false, browserName: chrome, browserVersion: 110.0.5481.178, chrome: {chromedriverVersion: 110.0.5481.77 (65ed616c6e8e..., userDataDir: C:\Users\Kapil\AppData\Loca...}, goog:chromeOptions: {debuggerAddress: localhost:58924}, javascriptEnabled: true, networkConnectionEnabled: false, pageLoadStrategy: normal, platform: WINDOWS, platformName: WINDOWS, proxy: Proxy(), se:cdp: ws://localhost:58924/devtoo..., se:cdpVersion: 110.0.5481.178, setWindowRect: true, strictFileInteractability: false, timeouts: {implicit: 0, pageLoad: 300000, script: 30000}, unhandledPromptBehavior: dismiss and notify, webauthn:extension:credBlob: true, webauthn:extension:largeBlob: true, webauthn:virtualAuthenticators: true}
Session ID: 42543040e24dd92fee70c97e1f06206c
	at org.openqa.selenium.remote.codec.w3c.W3CHttpResponseCodec.createException(W3CHttpResponseCodec.java:200)
	at org.openqa.selenium.remote.codec.w3c.W3CHttpResponseCodec.decode(W3CHttpResponseCodec.java:133)
	at org.openqa.selenium.remote.codec.w3c.W3CHttpResponseCodec.decode(W3CHttpResponseCodec.java:53)
	at org.openqa.selenium.remote.HttpCommandExecutor.execute(HttpCommandExecutor.java:184)
	at org.openqa.selenium.remote.service.DriverCommandExecutor.invokeExecute(DriverCommandExecutor.java:164)
	at org.openqa.selenium.remote.service.DriverCommandExecutor.execute(DriverCommandExecutor.java:139)
	at org.openqa.selenium.remote.RemoteWebDriver.execute(RemoteWebDriver.java:559)
	at org.openqa.selenium.remote.ElementLocation$ElementFinder$2.findElement(ElementLocation.java:162)
	at org.openqa.selenium.remote.ElementLocation.findElement(ElementLocation.java:60)
	at org.openqa.selenium.remote.RemoteWebDriver.findElement(RemoteWebDriver.java:383)
	at org.openqa.selenium.remote.RemoteWebDriver.findElement(RemoteWebDriver.java:375)
	at com.apex.utils.ElementUtil.getElement(ElementUtil.java:71)
	at com.apex.utils.ElementUtil.waitForElementsNotVisible(ElementUtil.java:599)
	at com.apex.pages.ConfigurationFlagMaintenance.searchDataInTable(ConfigurationFlagMaintenance.java:93)
	at com.apex.testCases.ConfigurationFlagMaintenanceTC.TC13verifyCancelPopYesButtonOnConfigurationFlagMaintenance(ConfigurationFlagMaintenanceTC.java:229)
	at java.util.ArrayList.forEach(ArrayList.java:1259)
... Removed 31 stack frames</pre></div><a href='#' onClick='toggleBox("stack-trace302861623", this, "Click to show all stack frames", "Click to hide stack frames")'>Click to show all stack frames</a>
<div class='stack-trace' id='stack-trace302861623'><pre>org.openqa.selenium.NoSuchElementException: no such element: Unable to locate element: {&quot;method&quot;:&quot;xpath&quot;,&quot;selector&quot;:&quot;//span[text()=&apos;Processing&apos;]&quot;}
  (Session info: chrome=110.0.5481.178)
For documentation on this error, please visit: https://selenium.dev/exceptions/#no_such_element
Build info: version: &apos;4.0.0&apos;, revision: &apos;3a21814679&apos;
System info: host: &apos;SEZLAP-13554T&apos;, ip: &apos;192.168.241.35&apos;, os.name: &apos;Windows 10&apos;, os.arch: &apos;amd64&apos;, os.version: &apos;10.0&apos;, java.version: &apos;1.8.0_311&apos;
Driver info: org.openqa.selenium.chrome.ChromeDriver
Command: [42543040e24dd92fee70c97e1f06206c, findElement {using=xpath, value=//span[text()=&apos;Processing&apos;]}]
Capabilities {acceptInsecureCerts: false, browserName: chrome, browserVersion: 110.0.5481.178, chrome: {chromedriverVersion: 110.0.5481.77 (65ed616c6e8e..., userDataDir: C:\Users\Kapil\AppData\Loca...}, goog:chromeOptions: {debuggerAddress: localhost:58924}, javascriptEnabled: true, networkConnectionEnabled: false, pageLoadStrategy: normal, platform: WINDOWS, platformName: WINDOWS, proxy: Proxy(), se:cdp: ws://localhost:58924/devtoo..., se:cdpVersion: 110.0.5481.178, setWindowRect: true, strictFileInteractability: false, timeouts: {implicit: 0, pageLoad: 300000, script: 30000}, unhandledPromptBehavior: dismiss and notify, webauthn:extension:credBlob: true, webauthn:extension:largeBlob: true, webauthn:virtualAuthenticators: true}
Session ID: 42543040e24dd92fee70c97e1f06206c
	at sun.reflect.NativeConstructorAccessorImpl.newInstance0(Native Method)
	at sun.reflect.NativeConstructorAccessorImpl.newInstance(NativeConstructorAccessorImpl.java:62)
	at sun.reflect.DelegatingConstructorAccessorImpl.newInstance(DelegatingConstructorAccessorImpl.java:45)
	at java.lang.reflect.Constructor.newInstance(Constructor.java:423)
	at org.openqa.selenium.remote.codec.w3c.W3CHttpResponseCodec.createException(W3CHttpResponseCodec.java:200)
	at org.openqa.selenium.remote.codec.w3c.W3CHttpResponseCodec.decode(W3CHttpResponseCodec.java:133)
	at org.openqa.selenium.remote.codec.w3c.W3CHttpResponseCodec.decode(W3CHttpResponseCodec.java:53)
	at org.openqa.selenium.remote.HttpCommandExecutor.execute(HttpCommandExecutor.java:184)
	at org.openqa.selenium.remote.service.DriverCommandExecutor.invokeExecute(DriverCommandExecutor.java:164)
	at org.openqa.selenium.remote.service.DriverCommandExecutor.execute(DriverCommandExecutor.java:139)
	at org.openqa.selenium.remote.RemoteWebDriver.execute(RemoteWebDriver.java:559)
	at org.openqa.selenium.remote.ElementLocation$ElementFinder$2.findElement(ElementLocation.java:162)
	at org.openqa.selenium.remote.ElementLocation.findElement(ElementLocation.java:60)
	at org.openqa.selenium.remote.RemoteWebDriver.findElement(RemoteWebDriver.java:383)
	at org.openqa.selenium.remote.RemoteWebDriver.findElement(RemoteWebDriver.java:375)
	at com.apex.utils.ElementUtil.getElement(ElementUtil.java:71)
	at com.apex.utils.ElementUtil.waitForElementsNotVisible(ElementUtil.java:599)
	at com.apex.pages.ConfigurationFlagMaintenance.searchDataInTable(ConfigurationFlagMaintenance.java:93)
	at com.apex.testCases.ConfigurationFlagMaintenanceTC.TC13verifyCancelPopYesButtonOnConfigurationFlagMaintenance(ConfigurationFlagMaintenanceTC.java:229)
	at sun.reflect.NativeMethodAccessorImpl.invoke0(Native Method)
	at sun.reflect.NativeMethodAccessorImpl.invoke(NativeMethodAccessorImpl.java:62)
	at sun.reflect.DelegatingMethodAccessorImpl.invoke(DelegatingMethodAccessorImpl.java:43)
	at java.lang.reflect.Method.invoke(Method.java:498)
	at org.testng.internal.MethodInvocationHelper.invokeMethod(MethodInvocationHelper.java:133)
	at org.testng.internal.TestInvoker.invokeMethod(TestInvoker.java:598)
	at org.testng.internal.TestInvoker.invokeTestMethod(TestInvoker.java:173)
	at org.testng.internal.MethodRunner.runInSequence(MethodRunner.java:46)
	at org.testng.internal.TestInvoker$MethodInvocationAgent.invoke(TestInvoker.java:824)
	at org.testng.internal.TestInvoker.invokeTestMethods(TestInvoker.java:146)
	at org.testng.internal.TestMethodWorker.invokeTestMethods(TestMethodWorker.java:146)
	at org.testng.internal.TestMethodWorker.run(TestMethodWorker.java:128)
	at java.util.ArrayList.forEach(ArrayList.java:1259)
	at org.testng.TestRunner.privateRun(TestRunner.java:794)
	at org.testng.TestRunner.run(TestRunner.java:596)
	at org.testng.SuiteRunner.runTest(SuiteRunner.java:377)
	at org.testng.SuiteRunner.runSequentially(SuiteRunner.java:371)
	at org.testng.SuiteRunner.privateRun(SuiteRunner.java:332)
	at org.testng.SuiteRunner.run(SuiteRunner.java:276)
	at org.testng.SuiteRunnerWorker.runSuite(SuiteRunnerWorker.java:53)
	at org.testng.SuiteRunnerWorker.run(SuiteRunnerWorker.java:96)
	at org.testng.TestNG.runSuitesSequentially(TestNG.java:1212)
	at org.testng.TestNG.runSuitesLocally(TestNG.java:1134)
	at org.testng.TestNG.runSuites(TestNG.java:1063)
	at org.testng.TestNG.run(TestNG.java:1031)
	at org.testng.remote.AbstractRemoteTestNG.run(AbstractRemoteTestNG.java:115)
	at org.testng.remote.RemoteTestNG.initAndRun(RemoteTestNG.java:251)
	at org.testng.remote.RemoteTestNG.main(RemoteTestNG.java:77)
</pre></div></td>
<td>24</td>
<td>com.apex.testCases.ConfigurationFlagMaintenanceTC@101a461c</td></tr>
<tr>
<td title='com.apex.testCases.ConfigurationFlagMaintenanceTC.TC06verifyValueFieldCheckForFlagConfigurationFlagMaintenance()'><b>TC06verifyValueFieldCheckForFlagConfigurationFlagMaintenance</b><br>Test class: com.apex.testCases.ConfigurationFlagMaintenanceTC</td>
<td><div><pre>org.openqa.selenium.StaleElementReferenceException: stale element reference: element is not attached to the page document
  (Session info: chrome=110.0.5481.178)
For documentation on this error, please visit: https://selenium.dev/exceptions/#stale_element_reference
Build info: version: &apos;4.0.0&apos;, revision: &apos;3a21814679&apos;
System info: host: &apos;SEZLAP-13554T&apos;, ip: &apos;192.168.241.35&apos;, os.name: &apos;Windows 10&apos;, os.arch: &apos;amd64&apos;, os.version: &apos;10.0&apos;, java.version: &apos;1.8.0_311&apos;
Driver info: org.openqa.selenium.chrome.ChromeDriver
Command: [c228e4788f6bcba8963869f96187221e, clickElement {id=d39a0725-6853-4683-ba58-a96c4b208b30}]
Capabilities {acceptInsecureCerts: false, browserName: chrome, browserVersion: 110.0.5481.178, chrome: {chromedriverVersion: 110.0.5481.77 (65ed616c6e8e..., userDataDir: C:\Users\Kapil\AppData\Loca...}, goog:chromeOptions: {debuggerAddress: localhost:58648}, javascriptEnabled: true, networkConnectionEnabled: false, pageLoadStrategy: normal, platform: WINDOWS, platformName: WINDOWS, proxy: Proxy(), se:cdp: ws://localhost:58648/devtoo..., se:cdpVersion: 110.0.5481.178, setWindowRect: true, strictFileInteractability: false, timeouts: {implicit: 0, pageLoad: 300000, script: 30000}, unhandledPromptBehavior: dismiss and notify, webauthn:extension:credBlob: true, webauthn:extension:largeBlob: true, webauthn:virtualAuthenticators: true}
Element: [[ChromeDriver: chrome on WINDOWS (c228e4788f6bcba8963869f96187221e)] -&gt; xpath: //h3[contains(text(),&apos;Manager&apos;)]]
Session ID: c228e4788f6bcba8963869f96187221e
	at org.openqa.selenium.remote.codec.w3c.W3CHttpResponseCodec.createException(W3CHttpResponseCodec.java:200)
	at org.openqa.selenium.remote.codec.w3c.W3CHttpResponseCodec.decode(W3CHttpResponseCodec.java:133)
	at org.openqa.selenium.remote.codec.w3c.W3CHttpResponseCodec.decode(W3CHttpResponseCodec.java:53)
	at org.openqa.selenium.remote.HttpCommandExecutor.execute(HttpCommandExecutor.java:184)
	at org.openqa.selenium.remote.service.DriverCommandExecutor.invokeExecute(DriverCommandExecutor.java:164)
	at org.openqa.selenium.remote.service.DriverCommandExecutor.execute(DriverCommandExecutor.java:139)
	at org.openqa.selenium.remote.RemoteWebDriver.execute(RemoteWebDriver.java:559)
	at org.openqa.selenium.remote.RemoteWebElement.execute(RemoteWebElement.java:251)
	at org.openqa.selenium.remote.RemoteWebElement.click(RemoteWebElement.java:77)
	at com.apex.utils.ElementUtil.clickWhenReady(ElementUtil.java:414)
	at com.apex.pages.MenuSelection.clickOnManageUtilities(MenuSelection.java:270)
	at com.apex.testCases.ConfigurationFlagMaintenanceTC.TC06verifyValueFieldCheckForFlagConfigurationFlagMaintenance(ConfigurationFlagMaintenanceTC.java:91)
	at java.util.ArrayList.forEach(ArrayList.java:1259)
... Removed 31 stack frames</pre></div><a href='#' onClick='toggleBox("stack-trace1969062097", this, "Click to show all stack frames", "Click to hide stack frames")'>Click to show all stack frames</a>
<div class='stack-trace' id='stack-trace1969062097'><pre>org.openqa.selenium.StaleElementReferenceException: stale element reference: element is not attached to the page document
  (Session info: chrome=110.0.5481.178)
For documentation on this error, please visit: https://selenium.dev/exceptions/#stale_element_reference
Build info: version: &apos;4.0.0&apos;, revision: &apos;3a21814679&apos;
System info: host: &apos;SEZLAP-13554T&apos;, ip: &apos;192.168.241.35&apos;, os.name: &apos;Windows 10&apos;, os.arch: &apos;amd64&apos;, os.version: &apos;10.0&apos;, java.version: &apos;1.8.0_311&apos;
Driver info: org.openqa.selenium.chrome.ChromeDriver
Command: [c228e4788f6bcba8963869f96187221e, clickElement {id=d39a0725-6853-4683-ba58-a96c4b208b30}]
Capabilities {acceptInsecureCerts: false, browserName: chrome, browserVersion: 110.0.5481.178, chrome: {chromedriverVersion: 110.0.5481.77 (65ed616c6e8e..., userDataDir: C:\Users\Kapil\AppData\Loca...}, goog:chromeOptions: {debuggerAddress: localhost:58648}, javascriptEnabled: true, networkConnectionEnabled: false, pageLoadStrategy: normal, platform: WINDOWS, platformName: WINDOWS, proxy: Proxy(), se:cdp: ws://localhost:58648/devtoo..., se:cdpVersion: 110.0.5481.178, setWindowRect: true, strictFileInteractability: false, timeouts: {implicit: 0, pageLoad: 300000, script: 30000}, unhandledPromptBehavior: dismiss and notify, webauthn:extension:credBlob: true, webauthn:extension:largeBlob: true, webauthn:virtualAuthenticators: true}
Element: [[ChromeDriver: chrome on WINDOWS (c228e4788f6bcba8963869f96187221e)] -&gt; xpath: //h3[contains(text(),&apos;Manager&apos;)]]
Session ID: c228e4788f6bcba8963869f96187221e
	at sun.reflect.NativeConstructorAccessorImpl.newInstance0(Native Method)
	at sun.reflect.NativeConstructorAccessorImpl.newInstance(NativeConstructorAccessorImpl.java:62)
	at sun.reflect.DelegatingConstructorAccessorImpl.newInstance(DelegatingConstructorAccessorImpl.java:45)
	at java.lang.reflect.Constructor.newInstance(Constructor.java:423)
	at org.openqa.selenium.remote.codec.w3c.W3CHttpResponseCodec.createException(W3CHttpResponseCodec.java:200)
	at org.openqa.selenium.remote.codec.w3c.W3CHttpResponseCodec.decode(W3CHttpResponseCodec.java:133)
	at org.openqa.selenium.remote.codec.w3c.W3CHttpResponseCodec.decode(W3CHttpResponseCodec.java:53)
	at org.openqa.selenium.remote.HttpCommandExecutor.execute(HttpCommandExecutor.java:184)
	at org.openqa.selenium.remote.service.DriverCommandExecutor.invokeExecute(DriverCommandExecutor.java:164)
	at org.openqa.selenium.remote.service.DriverCommandExecutor.execute(DriverCommandExecutor.java:139)
	at org.openqa.selenium.remote.RemoteWebDriver.execute(RemoteWebDriver.java:559)
	at org.openqa.selenium.remote.RemoteWebElement.execute(RemoteWebElement.java:251)
	at org.openqa.selenium.remote.RemoteWebElement.click(RemoteWebElement.java:77)
	at com.apex.utils.ElementUtil.clickWhenReady(ElementUtil.java:414)
	at com.apex.pages.MenuSelection.clickOnManageUtilities(MenuSelection.java:270)
	at com.apex.testCases.ConfigurationFlagMaintenanceTC.TC06verifyValueFieldCheckForFlagConfigurationFlagMaintenance(ConfigurationFlagMaintenanceTC.java:91)
	at sun.reflect.NativeMethodAccessorImpl.invoke0(Native Method)
	at sun.reflect.NativeMethodAccessorImpl.invoke(NativeMethodAccessorImpl.java:62)
	at sun.reflect.DelegatingMethodAccessorImpl.invoke(DelegatingMethodAccessorImpl.java:43)
	at java.lang.reflect.Method.invoke(Method.java:498)
	at org.testng.internal.MethodInvocationHelper.invokeMethod(MethodInvocationHelper.java:133)
	at org.testng.internal.TestInvoker.invokeMethod(TestInvoker.java:598)
	at org.testng.internal.TestInvoker.invokeTestMethod(TestInvoker.java:173)
	at org.testng.internal.MethodRunner.runInSequence(MethodRunner.java:46)
	at org.testng.internal.TestInvoker$MethodInvocationAgent.invoke(TestInvoker.java:824)
	at org.testng.internal.TestInvoker.invokeTestMethods(TestInvoker.java:146)
	at org.testng.internal.TestMethodWorker.invokeTestMethods(TestMethodWorker.java:146)
	at org.testng.internal.TestMethodWorker.run(TestMethodWorker.java:128)
	at java.util.ArrayList.forEach(ArrayList.java:1259)
	at org.testng.TestRunner.privateRun(TestRunner.java:794)
	at org.testng.TestRunner.run(TestRunner.java:596)
	at org.testng.SuiteRunner.runTest(SuiteRunner.java:377)
	at org.testng.SuiteRunner.runSequentially(SuiteRunner.java:371)
	at org.testng.SuiteRunner.privateRun(SuiteRunner.java:332)
	at org.testng.SuiteRunner.run(SuiteRunner.java:276)
	at org.testng.SuiteRunnerWorker.runSuite(SuiteRunnerWorker.java:53)
	at org.testng.SuiteRunnerWorker.run(SuiteRunnerWorker.java:96)
	at org.testng.TestNG.runSuitesSequentially(TestNG.java:1212)
	at org.testng.TestNG.runSuitesLocally(TestNG.java:1134)
	at org.testng.TestNG.runSuites(TestNG.java:1063)
	at org.testng.TestNG.run(TestNG.java:1031)
	at org.testng.remote.AbstractRemoteTestNG.run(AbstractRemoteTestNG.java:115)
	at org.testng.remote.RemoteTestNG.initAndRun(RemoteTestNG.java:251)
	at org.testng.remote.RemoteTestNG.main(RemoteTestNG.java:77)
</pre></div></td>
<td>16</td>
<td>com.apex.testCases.ConfigurationFlagMaintenanceTC@101a461c</td></tr>
</table><p>
</body>
</html>