<?xml version="1.0" encoding="UTF-8"?>
<!-- Generated by org.testng.reporters.JUnitXMLReporter -->
<testsuite hostname="SEZLAP-13554T" ignored="55" name="Default test(failed)(failed)" tests="3" failures="2" timestamp="2022-05-30T13:25:40 IST" time="128.904" errors="0">
  <testcase name="TC27verifyTenderCashAmountInCashDrawerDeclaration" time="34.765" classname="com.apex.testCases.CashDrawerMaintenance">
    <failure type="org.openqa.selenium.NoSuchElementException" message="no such element: Unable to locate element: {&amp;quot;method&amp;quot;:&amp;quot;xpath&amp;quot;,&amp;quot;selector&amp;quot;:&amp;quot;//*[text()=&amp;apos;71&amp;apos;]&amp;quot;}
  (Session info: chrome=101.0.4951.64)
For documentation on this error, please visit: https://selenium.dev/exceptions/#no_such_element
Build info: version: &amp;apos;4.0.0&amp;apos;, revision: &amp;apos;3a21814679&amp;apos;
System info: host: &amp;apos;SEZLAP-13554T&amp;apos;, ip: &amp;apos;192.168.1.143&amp;apos;, os.name: &amp;apos;Windows 10&amp;apos;, os.arch: &amp;apos;amd64&amp;apos;, os.version: &amp;apos;10.0&amp;apos;, java.version: &amp;apos;1.8.0_311&amp;apos;
Driver info: org.openqa.selenium.chrome.ChromeDriver
Command: [24c655d0c2f4d74f72af79e55d05680d, findElement {using=xpath, value=//*[text()=&amp;apos;71&amp;apos;]}]
Capabilities {acceptInsecureCerts: false, browserName: chrome, browserVersion: 101.0.4951.64, chrome: {chromedriverVersion: 101.0.4951.41 (93c720db8323..., userDataDir: C:\Users\Kapil\AppData\Loca...}, goog:chromeOptions: {debuggerAddress: localhost:62426}, javascriptEnabled: true, networkConnectionEnabled: false, pageLoadStrategy: normal, platform: WINDOWS, platformName: WINDOWS, proxy: Proxy(), se:cdp: ws://localhost:62426/devtoo..., se:cdpVersion: 101.0.4951.64, setWindowRect: true, strictFileInteractability: false, timeouts: {implicit: 0, pageLoad: 300000, script: 30000}, unhandledPromptBehavior: dismiss and notify, webauthn:extension:credBlob: true, webauthn:extension:largeBlob: true, webauthn:virtualAuthenticators: true}
Session ID: 24c655d0c2f4d74f72af79e55d05680d">
      <![CDATA[org.openqa.selenium.NoSuchElementException: no such element: Unable to locate element: {"method":"xpath","selector":"//*[text()='71']"}
  (Session info: chrome=101.0.4951.64)
For documentation on this error, please visit: https://selenium.dev/exceptions/#no_such_element
Build info: version: '4.0.0', revision: '3a21814679'
System info: host: 'SEZLAP-13554T', ip: '192.168.1.143', os.name: 'Windows 10', os.arch: 'amd64', os.version: '10.0', java.version: '1.8.0_311'
Driver info: org.openqa.selenium.chrome.ChromeDriver
Command: [24c655d0c2f4d74f72af79e55d05680d, findElement {using=xpath, value=//*[text()='71']}]
Capabilities {acceptInsecureCerts: false, browserName: chrome, browserVersion: 101.0.4951.64, chrome: {chromedriverVersion: 101.0.4951.41 (93c720db8323..., userDataDir: C:\Users\Kapil\AppData\Loca...}, goog:chromeOptions: {debuggerAddress: localhost:62426}, javascriptEnabled: true, networkConnectionEnabled: false, pageLoadStrategy: normal, platform: WINDOWS, platformName: WINDOWS, proxy: Proxy(), se:cdp: ws://localhost:62426/devtoo..., se:cdpVersion: 101.0.4951.64, setWindowRect: true, strictFileInteractability: false, timeouts: {implicit: 0, pageLoad: 300000, script: 30000}, unhandledPromptBehavior: dismiss and notify, webauthn:extension:credBlob: true, webauthn:extension:largeBlob: true, webauthn:virtualAuthenticators: true}
Session ID: 24c655d0c2f4d74f72af79e55d05680d
at org.openqa.selenium.remote.codec.w3c.W3CHttpResponseCodec.createException(W3CHttpResponseCodec.java:200)
at org.openqa.selenium.remote.codec.w3c.W3CHttpResponseCodec.decode(W3CHttpResponseCodec.java:133)
at org.openqa.selenium.remote.codec.w3c.W3CHttpResponseCodec.decode(W3CHttpResponseCodec.java:53)
at org.openqa.selenium.remote.HttpCommandExecutor.execute(HttpCommandExecutor.java:184)
at org.openqa.selenium.remote.service.DriverCommandExecutor.invokeExecute(DriverCommandExecutor.java:164)
at org.openqa.selenium.remote.service.DriverCommandExecutor.execute(DriverCommandExecutor.java:139)
at org.openqa.selenium.remote.RemoteWebDriver.execute(RemoteWebDriver.java:559)
at org.openqa.selenium.remote.ElementLocation$ElementFinder$2.findElement(ElementLocation.java:162)
at org.openqa.selenium.remote.ElementLocation.findElement(ElementLocation.java:60)
at org.openqa.selenium.remote.RemoteWebDriver.findElement(RemoteWebDriver.java:383)
at org.openqa.selenium.remote.RemoteWebDriver.findElement(RemoteWebDriver.java:375)
at com.apex.pages.CashDrawerSetUp.selectValueFromLOV(CashDrawerSetUp.java:182)
at com.apex.testCases.CashDrawerMaintenance.TC27verifyTenderCashAmountInCashDrawerDeclaration(CashDrawerMaintenance.java:753)
at java.util.ArrayList.forEach(ArrayList.java:1259)
... Removed 31 stack frames]]>
    </failure>
  </testcase> <!-- TC27verifyTenderCashAmountInCashDrawerDeclaration -->
  <testcase name="TC30changesIncurrencyCoinOtherTenders" time="36.873" classname="com.apex.testCases.CashDrawerMaintenance"/>
  <testcase name="TC34verifyCheckdetailsValueISAddedToCheckField" time="38.943" classname="com.apex.testCases.CashDrawerMaintenance">
    <failure type="org.openqa.selenium.NoSuchElementException" message="no such element: Unable to locate element: {&amp;quot;method&amp;quot;:&amp;quot;xpath&amp;quot;,&amp;quot;selector&amp;quot;:&amp;quot;//*[text()=&amp;apos;71&amp;apos;]&amp;quot;}
  (Session info: chrome=101.0.4951.64)
For documentation on this error, please visit: https://selenium.dev/exceptions/#no_such_element
Build info: version: &amp;apos;4.0.0&amp;apos;, revision: &amp;apos;3a21814679&amp;apos;
System info: host: &amp;apos;SEZLAP-13554T&amp;apos;, ip: &amp;apos;192.168.1.143&amp;apos;, os.name: &amp;apos;Windows 10&amp;apos;, os.arch: &amp;apos;amd64&amp;apos;, os.version: &amp;apos;10.0&amp;apos;, java.version: &amp;apos;1.8.0_311&amp;apos;
Driver info: org.openqa.selenium.chrome.ChromeDriver
Command: [977d7ef87e958b191e17adac9062b84a, findElement {using=xpath, value=//*[text()=&amp;apos;71&amp;apos;]}]
Capabilities {acceptInsecureCerts: false, browserName: chrome, browserVersion: 101.0.4951.64, chrome: {chromedriverVersion: 101.0.4951.41 (93c720db8323..., userDataDir: C:\Users\Kapil\AppData\Loca...}, goog:chromeOptions: {debuggerAddress: localhost:62499}, javascriptEnabled: true, networkConnectionEnabled: false, pageLoadStrategy: normal, platform: WINDOWS, platformName: WINDOWS, proxy: Proxy(), se:cdp: ws://localhost:62499/devtoo..., se:cdpVersion: 101.0.4951.64, setWindowRect: true, strictFileInteractability: false, timeouts: {implicit: 0, pageLoad: 300000, script: 30000}, unhandledPromptBehavior: dismiss and notify, webauthn:extension:credBlob: true, webauthn:extension:largeBlob: true, webauthn:virtualAuthenticators: true}
Session ID: 977d7ef87e958b191e17adac9062b84a">
      <![CDATA[org.openqa.selenium.NoSuchElementException: no such element: Unable to locate element: {"method":"xpath","selector":"//*[text()='71']"}
  (Session info: chrome=101.0.4951.64)
For documentation on this error, please visit: https://selenium.dev/exceptions/#no_such_element
Build info: version: '4.0.0', revision: '3a21814679'
System info: host: 'SEZLAP-13554T', ip: '192.168.1.143', os.name: 'Windows 10', os.arch: 'amd64', os.version: '10.0', java.version: '1.8.0_311'
Driver info: org.openqa.selenium.chrome.ChromeDriver
Command: [977d7ef87e958b191e17adac9062b84a, findElement {using=xpath, value=//*[text()='71']}]
Capabilities {acceptInsecureCerts: false, browserName: chrome, browserVersion: 101.0.4951.64, chrome: {chromedriverVersion: 101.0.4951.41 (93c720db8323..., userDataDir: C:\Users\Kapil\AppData\Loca...}, goog:chromeOptions: {debuggerAddress: localhost:62499}, javascriptEnabled: true, networkConnectionEnabled: false, pageLoadStrategy: normal, platform: WINDOWS, platformName: WINDOWS, proxy: Proxy(), se:cdp: ws://localhost:62499/devtoo..., se:cdpVersion: 101.0.4951.64, setWindowRect: true, strictFileInteractability: false, timeouts: {implicit: 0, pageLoad: 300000, script: 30000}, unhandledPromptBehavior: dismiss and notify, webauthn:extension:credBlob: true, webauthn:extension:largeBlob: true, webauthn:virtualAuthenticators: true}
Session ID: 977d7ef87e958b191e17adac9062b84a
at org.openqa.selenium.remote.codec.w3c.W3CHttpResponseCodec.createException(W3CHttpResponseCodec.java:200)
at org.openqa.selenium.remote.codec.w3c.W3CHttpResponseCodec.decode(W3CHttpResponseCodec.java:133)
at org.openqa.selenium.remote.codec.w3c.W3CHttpResponseCodec.decode(W3CHttpResponseCodec.java:53)
at org.openqa.selenium.remote.HttpCommandExecutor.execute(HttpCommandExecutor.java:184)
at org.openqa.selenium.remote.service.DriverCommandExecutor.invokeExecute(DriverCommandExecutor.java:164)
at org.openqa.selenium.remote.service.DriverCommandExecutor.execute(DriverCommandExecutor.java:139)
at org.openqa.selenium.remote.RemoteWebDriver.execute(RemoteWebDriver.java:559)
at org.openqa.selenium.remote.ElementLocation$ElementFinder$2.findElement(ElementLocation.java:162)
at org.openqa.selenium.remote.ElementLocation.findElement(ElementLocation.java:60)
at org.openqa.selenium.remote.RemoteWebDriver.findElement(RemoteWebDriver.java:383)
at org.openqa.selenium.remote.RemoteWebDriver.findElement(RemoteWebDriver.java:375)
at com.apex.pages.CashDrawerSetUp.selectValueFromLOV(CashDrawerSetUp.java:182)
at com.apex.testCases.CashDrawerMaintenance.TC34verifyCheckdetailsValueISAddedToCheckField(CashDrawerMaintenance.java:886)
at java.util.ArrayList.forEach(ArrayList.java:1259)
... Removed 31 stack frames]]>
    </failure>
  </testcase> <!-- TC34verifyCheckdetailsValueISAddedToCheckField -->
  <testcase name="TC07verify_Loose_Sum" time="0.0" classname="com.apex.testCases.CashDrawerMaintenance">
    <ignored/>
  </testcase> <!-- TC07verify_Loose_Sum -->
  <testcase name="TC45verifyPOSCASHDRAWERASSIGNEDRECON" time="0.0" classname="com.apex.testCases.CashDrawerMaintenance">
    <ignored/>
  </testcase> <!-- TC45verifyPOSCASHDRAWERASSIGNEDRECON -->
  <testcase name="TC41verifyActualExpectedAndOverShortAmount" time="0.0" classname="com.apex.testCases.CashDrawerMaintenance">
    <ignored/>
  </testcase> <!-- TC41verifyActualExpectedAndOverShortAmount -->
  <testcase name="TC08createNewCashDrawerwithregidAndVerifySaveAction" time="0.0" classname="com.apex.testCases.CashDrawerMaintenance">
    <ignored/>
  </testcase> <!-- TC08createNewCashDrawerwithregidAndVerifySaveAction -->
  <testcase name="TC23verifyAuthorisationWindowWithInvalidcredentials" time="0.0" classname="com.apex.testCases.CashDrawerMaintenance">
    <ignored/>
  </testcase> <!-- TC23verifyAuthorisationWindowWithInvalidcredentials -->
  <testcase name="TC50verifyPOSCASHDRAWERASSIGNEDOnRecon" time="0.0" classname="com.apex.testCases.CashDrawerMaintenance">
    <ignored/>
  </testcase> <!-- TC50verifyPOSCASHDRAWERASSIGNEDOnRecon -->
  <testcase name="TC06verify_rolls_Sum" time="0.0" classname="com.apex.testCases.CashDrawerMaintenance">
    <ignored/>
  </testcase> <!-- TC06verify_rolls_Sum -->
  <testcase name="TC44VerifyThatCashDrawerTextFieldIsAMandatory" time="0.0" classname="com.apex.testCases.CashDrawerMaintenance">
    <ignored/>
  </testcase> <!-- TC44VerifyThatCashDrawerTextFieldIsAMandatory -->
  <testcase name="TC44verifySAFE_RECON_IN_PROCESS_OnReconScreen" time="0.0" classname="com.apex.testCases.CashDrawerMaintenance">
    <ignored/>
  </testcase> <!-- TC44verifySAFE_RECON_IN_PROCESS_OnReconScreen -->
  <testcase name="TC38verifyThatAssignToRegisterSearchIsWorkingWithInValidData" time="0.0" classname="com.apex.testCases.CashDrawerMaintenance">
    <ignored/>
  </testcase> <!-- TC38verifyThatAssignToRegisterSearchIsWorkingWithInValidData -->
  <testcase name="TC19verifyThatOnly_Depositabe_Tenders_Are_Shown_In_The_Tender_Section" time="0.0" classname="com.apex.testCases.CashDrawerMaintenance">
    <ignored/>
  </testcase> <!-- TC19verifyThatOnly_Depositabe_Tenders_Are_Shown_In_The_Tender_Section -->
  <testcase name="TC35verifyThatAssignToRegisterIsMandatory" time="0.0" classname="com.apex.testCases.CashDrawerMaintenance">
    <ignored/>
  </testcase> <!-- TC35verifyThatAssignToRegisterIsMandatory -->
  <testcase name="TC16verifyPOSCASHDRAWERASSIGNED" time="0.0" classname="com.apex.testCases.CashDrawerMaintenance">
    <ignored/>
  </testcase> <!-- TC16verifyPOSCASHDRAWERASSIGNED -->
  <testcase name="TC55verifyExitButtonIsWorking" time="0.0" classname="com.apex.testCases.CashDrawerMaintenance">
    <ignored/>
  </testcase> <!-- TC55verifyExitButtonIsWorking -->
  <testcase name="TC25verifyRegLovData" time="0.0" classname="com.apex.testCases.CashDrawerMaintenance">
    <ignored/>
  </testcase> <!-- TC25verifyRegLovData -->
  <testcase name="TC10verify_Clear_Button_cashDrawerSetUp" time="0.0" classname="com.apex.testCases.CashDrawerMaintenance">
    <ignored/>
  </testcase> <!-- TC10verify_Clear_Button_cashDrawerSetUp -->
  <testcase name="TC26verifyHeaderFieldsGreyedOut" time="0.0" classname="com.apex.testCases.CashDrawerMaintenance">
    <ignored/>
  </testcase> <!-- TC26verifyHeaderFieldsGreyedOut -->
  <testcase name="TC21verifyExitButtonCashDrawerDecelaration" time="0.0" classname="com.apex.testCases.CashDrawerMaintenance">
    <ignored/>
  </testcase> <!-- TC21verifyExitButtonCashDrawerDecelaration -->
  <testcase name="TC09createNewCashDrawerwithoutregidAndVerifySaveAction" time="0.0" classname="com.apex.testCases.CashDrawerMaintenance">
    <ignored/>
  </testcase> <!-- TC09createNewCashDrawerwithoutregidAndVerifySaveAction -->
  <testcase name="TC17verifyTheSuggestedFloatAmountShouldBeComingFromTheQuery" time="0.0" classname="com.apex.testCases.CashDrawerMaintenance">
    <ignored/>
  </testcase> <!-- TC17verifyTheSuggestedFloatAmountShouldBeComingFromTheQuery -->
  <testcase name="TC11verify_Exit_Button_CashDrawerSetUp" time="0.0" classname="com.apex.testCases.CashDrawerMaintenance">
    <ignored/>
  </testcase> <!-- TC11verify_Exit_Button_CashDrawerSetUp -->
  <testcase name="TC39verifyThatCashDrawerLovSearchIsWorkingWithValidData" time="0.0" classname="com.apex.testCases.CashDrawerMaintenance">
    <ignored/>
  </testcase> <!-- TC39verifyThatCashDrawerLovSearchIsWorkingWithValidData -->
  <testcase name="TC47verifyCSHBOX_FORCE_DECLARATION" time="0.0" classname="com.apex.testCases.CashDrawerMaintenance">
    <ignored/>
  </testcase> <!-- TC47verifyCSHBOX_FORCE_DECLARATION -->
  <testcase name="TC56verifyAuthorizationWindowWithWrongCredentail" time="0.0" classname="com.apex.testCases.CashDrawerMaintenance">
    <ignored/>
  </testcase> <!-- TC56verifyAuthorizationWindowWithWrongCredentail -->
  <testcase name="TC48verifySuggestedFloatAmountInCashDrawerRecon" time="0.0" classname="com.apex.testCases.CashDrawerMaintenance">
    <ignored/>
  </testcase> <!-- TC48verifySuggestedFloatAmountInCashDrawerRecon -->
  <testcase name="TC54verifyCashBoxshouldbematchingtherecordsasperMMSOWithReg_ID" time="0.0" classname="com.apex.testCases.CashDrawerMaintenance">
    <ignored/>
  </testcase> <!-- TC54verifyCashBoxshouldbematchingtherecordsasperMMSOWithReg_ID -->
  <testcase name="verifyAuthCancelButton" time="0.0" classname="com.apex.testCases.CashDrawerMaintenance">
    <ignored/>
  </testcase> <!-- verifyAuthCancelButton -->
  <testcase name="TC37verifyThatAssignToRegisterSearchIsWorkingWithValidData" time="0.0" classname="com.apex.testCases.CashDrawerMaintenance">
    <ignored/>
  </testcase> <!-- TC37verifyThatAssignToRegisterSearchIsWorkingWithValidData -->
  <testcase name="TC42VerifySiteNoAndSiteNameAreDisabled" time="0.0" classname="com.apex.testCases.CashDrawerMaintenance">
    <ignored/>
  </testcase> <!-- TC42VerifySiteNoAndSiteNameAreDisabled -->
  <testcase name="TC43VerifyCancelButton" time="0.0" classname="com.apex.testCases.CashDrawerMaintenance">
    <ignored/>
  </testcase> <!-- TC43VerifyCancelButton -->
  <testcase name="TC24verifycashBoxLovData" time="0.0" classname="com.apex.testCases.CashDrawerMaintenance">
    <ignored/>
  </testcase> <!-- TC24verifycashBoxLovData -->
  <testcase name="TC49verifyTheActualAmount" time="0.0" classname="com.apex.testCases.CashDrawerMaintenance">
    <ignored/>
  </testcase> <!-- TC49verifyTheActualAmount -->
  <testcase name="TC52verifyCASH_RECON_CHECK_AUTO_VERIFY" time="0.0" classname="com.apex.testCases.CashDrawerMaintenance">
    <ignored/>
  </testcase> <!-- TC52verifyCASH_RECON_CHECK_AUTO_VERIFY -->
  <testcase name="TC22verifyCancelButtonCashDrawerDecelaration" time="0.0" classname="com.apex.testCases.CashDrawerMaintenance">
    <ignored/>
  </testcase> <!-- TC22verifyCancelButtonCashDrawerDecelaration -->
  <testcase name="TC04verifyRegisterLovshouldbematchingtherecordsasperMMSO" time="0.0" classname="com.apex.testCases.CashDrawerMaintenance">
    <ignored/>
  </testcase> <!-- TC04verifyRegisterLovshouldbematchingtherecordsasperMMSO -->
  <testcase name="TC33verifyPOSCASHDRAWERASSIGNED" time="0.0" classname="com.apex.testCases.CashDrawerMaintenance">
    <ignored/>
  </testcase> <!-- TC33verifyPOSCASHDRAWERASSIGNED -->
  <testcase name="TC32verifyTheCashDrawerValidationMessage" time="0.0" classname="com.apex.testCases.CashDrawerMaintenance">
    <ignored/>
  </testcase> <!-- TC32verifyTheCashDrawerValidationMessage -->
  <testcase name="TC46verifyCheckDetailsButtonIsEnable" time="0.0" classname="com.apex.testCases.CashDrawerMaintenance">
    <ignored/>
  </testcase> <!-- TC46verifyCheckDetailsButtonIsEnable -->
  <testcase name="TC15verifyAssignToRegisterSearchWithInValidData" time="0.0" classname="com.apex.testCases.CashDrawerMaintenance">
    <ignored/>
  </testcase> <!-- TC15verifyAssignToRegisterSearchWithInValidData -->
  <testcase name="TC05verify_Currency_Sum" time="0.0" classname="com.apex.testCases.CashDrawerMaintenance">
    <ignored/>
  </testcase> <!-- TC05verify_Currency_Sum -->
  <testcase name="TC57verifyCoinsCurrencyandTenderSection" time="0.0" classname="com.apex.testCases.CashDrawerMaintenance">
    <ignored/>
  </testcase> <!-- TC57verifyCoinsCurrencyandTenderSection -->
  <testcase name="TC31verifyTheAssignToRegisterValidationMessage" time="0.0" classname="com.apex.testCases.CashDrawerMaintenance">
    <ignored/>
  </testcase> <!-- TC31verifyTheAssignToRegisterValidationMessage -->
  <testcase name="TC03verifyAuthorizationWindowWithWrongcredentials" time="0.0" classname="com.apex.testCases.CashDrawerMaintenance">
    <ignored/>
  </testcase> <!-- TC03verifyAuthorizationWindowWithWrongcredentials -->
  <testcase name="TC20verifySiteNoAndSiteNameTextFiledAreVisible" time="0.0" classname="com.apex.testCases.CashDrawerMaintenance">
    <ignored/>
  </testcase> <!-- TC20verifySiteNoAndSiteNameTextFiledAreVisible -->
  <testcase name="TC53verifyRegisterLovshouldbematchingtherecordsasperMMSO" time="0.0" classname="com.apex.testCases.CashDrawerMaintenance">
    <ignored/>
  </testcase> <!-- TC53verifyRegisterLovshouldbematchingtherecordsasperMMSO -->
  <testcase name="TC36verifyThatCashDrawerIsMandatory" time="0.0" classname="com.apex.testCases.CashDrawerMaintenance">
    <ignored/>
  </testcase> <!-- TC36verifyThatCashDrawerIsMandatory -->
  <testcase name="TC02verifyCurrencySectionValidationMessagesOnCashdrawerSetupScreen" time="0.0" classname="com.apex.testCases.CashDrawerMaintenance">
    <ignored/>
  </testcase> <!-- TC02verifyCurrencySectionValidationMessagesOnCashdrawerSetupScreen -->
  <testcase name="TC18verifySAFE_RECON_IN_PROCESS" time="0.0" classname="com.apex.testCases.CashDrawerMaintenance">
    <ignored/>
  </testcase> <!-- TC18verifySAFE_RECON_IN_PROCESS -->
  <testcase name="TC51verifyINCLUDE_AR_CHARGES" time="0.0" classname="com.apex.testCases.CashDrawerMaintenance">
    <ignored/>
  </testcase> <!-- TC51verifyINCLUDE_AR_CHARGES -->
  <testcase name="TC01oginWithValidCredentials" time="0.0" classname="com.apex.testCases.CashDrawerMaintenance">
    <ignored/>
  </testcase> <!-- TC01oginWithValidCredentials -->
  <testcase name="TC58verifyCashBoxshouldbematchingtherecordsasperMMSOWithoutReg_ID" time="0.0" classname="com.apex.testCases.CashDrawerMaintenance">
    <ignored/>
  </testcase> <!-- TC58verifyCashBoxshouldbematchingtherecordsasperMMSOWithoutReg_ID -->
  <testcase name="TC12verify_CurrencySection_With_Invalid_Data" time="0.0" classname="com.apex.testCases.CashDrawerMaintenance">
    <ignored/>
  </testcase> <!-- TC12verify_CurrencySection_With_Invalid_Data -->
  <testcase name="TC14verifyAssignToRegisterSearchWithValidData" time="0.0" classname="com.apex.testCases.CashDrawerMaintenance">
    <ignored/>
  </testcase> <!-- TC14verifyAssignToRegisterSearchWithValidData -->
  <testcase name="TC40verifyThatCashDrawerLovIsWorkingWithInValidData" time="0.0" classname="com.apex.testCases.CashDrawerMaintenance">
    <ignored/>
  </testcase> <!-- TC40verifyThatCashDrawerLovIsWorkingWithInValidData -->
  <testcase name="TC13verifySiteNoAndSiteNameAreDisabled" time="0.0" classname="com.apex.testCases.CashDrawerMaintenance">
    <ignored/>
  </testcase> <!-- TC13verifySiteNoAndSiteNameAreDisabled -->
</testsuite> <!-- Default test(failed)(failed) -->
