<?xml version="1.0" encoding="UTF-8"?>
<!-- Generated by org.testng.reporters.JUnitXMLReporter -->
<testsuite ignored="0" hostname="SEZLAP-13554T" failures="1" tests="8" name="Test" time="333.469" errors="0" timestamp="2022-02-23T12:10:58 IST">
  <testcase classname="testCases.CashDrawerSetup" name="TC01loginWithValidCred" time="6.08"/>
  <testcase classname="testCases.CashDrawerSetup" name="TC02verifyCurrencySectionValidationMessagesOnCashdrawerSetupScreen" time="29.441"/>
  <testcase classname="testCases.CashDrawerSetup" name="TC03verifyCashierUseridPasswordFailedValidation" time="33.356"/>
  <testcase classname="testCases.CashDrawerSetup" name="TC04verifyTheAssignToRegisterDropdown" time="41.901"/>
  <testcase classname="testCases.CashDrawerSetup" name="TC05verify_Currency_Coins_TenderSection" time="34.252"/>
  <testcase classname="testCases.CashDrawerSetup" name="TC06verify_Clear_Button_cashDrawerSetUp" time="30.437"/>
  <testcase classname="testCases.CashDrawerSetup" name="TC07verify_Exit_Button_CashDrawerSetUp" time="29.683"/>
  <testcase classname="testCases.CashDrawerSetup" name="TC08verify_CurrencySection_With_Invalid_Data" time="24.944">
    <failure type="java.lang.IllegalArgumentException" message="Argument is of an illegal type: org.openqa.selenium.By$ById">
      <![CDATA[java.lang.IllegalArgumentException: Argument is of an illegal type: org.openqa.selenium.By$ById
at org.openqa.selenium.remote.internal.WebElementToJsonConverter.apply(WebElementToJsonConverter.java:84)
at java.base/java.util.stream.ReferencePipeline$3$1.accept(ReferencePipeline.java:197)
at java.base/java.util.Spliterators$ArraySpliterator.forEachRemaining(Spliterators.java:992)
at java.base/java.util.stream.AbstractPipeline.copyInto(AbstractPipeline.java:509)
at java.base/java.util.stream.AbstractPipeline.wrapAndCopyInto(AbstractPipeline.java:499)
at java.base/java.util.stream.ReduceOps$ReduceOp.evaluateSequential(ReduceOps.java:921)
at java.base/java.util.stream.AbstractPipeline.evaluate(AbstractPipeline.java:234)
at java.base/java.util.stream.ReferencePipeline.collect(ReferencePipeline.java:682)
at org.openqa.selenium.remote.RemoteWebDriver.executeScript(RemoteWebDriver.java:490)
at testCases.CashDrawerSetup.TC08verify_CurrencySection_With_Invalid_Data(CashDrawerSetup.java:194)
at java.base/java.util.ArrayList.forEach(ArrayList.java:1511)
... Removed 27 stack frames]]>
    </failure>
  </testcase> <!-- TC08verify_CurrencySection_With_Invalid_Data -->
</testsuite> <!-- Test -->
