<?xml version="1.0" encoding="UTF-8"?>
<!-- Generated by org.testng.reporters.JUnitXMLReporter -->
<testsuite hostname="SEZLAP-13554T" ignored="1" name="Test" tests="84" failures="13" timestamp="2023-03-13T12:40:30 IST" time="3587.761" errors="0">
  <testcase name="TC01oginWithValidCredentials" time="6.908" classname="com.apex.testCases.CashDrawerMaintenance"/>
  <testcase name="TC02verifyCurrencySectionValidationMessagesOnCashdrawerSetupScreen" time="28.505" classname="com.apex.testCases.CashDrawerMaintenance"/>
  <testcase name="TC03verifyAuthorizationWindowWithWrongcredentialsOnCashdrawerSetupScreen" time="23.242" classname="com.apex.testCases.CashDrawerMaintenance"/>
  <testcase name="TC04verifyRegisterLovshouldbematchingtherecordsasperMMSOOnCashdrawerSetupScreen" time="29.359" classname="com.apex.testCases.CashDrawerMaintenance"/>
  <testcase name="TC05verify_Currency_SumOnCashdrawerSetupScreen" time="20.204" classname="com.apex.testCases.CashDrawerMaintenance"/>
  <testcase name="TC06verify_rolls_SumOnCashdrawerSetupScreen" time="22.58" classname="com.apex.testCases.CashDrawerMaintenance"/>
  <testcase name="TC07verify_Loose_SumOnCashdrawerSetupScreen" time="19.722" classname="com.apex.testCases.CashDrawerMaintenance"/>
  <testcase name="TC08createNewCashDrawerwithRegidAndVerifySaveActionOnCashdrawerSetupScreen" time="37.183" classname="com.apex.testCases.CashDrawerMaintenance"/>
  <testcase name="TC09createNewCashDrawerwithoutregidAndVerifySaveActionOnCashdrawerSetupScreen" time="135.828" classname="com.apex.testCases.CashDrawerMaintenance"/>
  <testcase name="TC10verify_Clear_Button_cashDrawerSetUp" time="21.372" classname="com.apex.testCases.CashDrawerMaintenance"/>
  <testcase name="TC11verify_Exit_Button_CashDrawerSetUp" time="20.025" classname="com.apex.testCases.CashDrawerMaintenance"/>
  <testcase name="TC12verify_CurrencySection_With_Invalid_DataOnCashdrawerSetupScreen" time="15.72" classname="com.apex.testCases.CashDrawerMaintenance"/>
  <testcase name="TC13verifySiteNoAndSiteNameAreDisabledOnCashdrawerSetupScreen" time="14.738" classname="com.apex.testCases.CashDrawerMaintenance"/>
  <testcase name="TC14verifyAssignToRegisterSearchWithValidDataOnCashdrawerSetupScreen" time="16.171" classname="com.apex.testCases.CashDrawerMaintenance"/>
  <testcase name="TC15verifyAssignToRegisterSearchWithInValidDataOnCashdrawerSetupScreen" time="17.699" classname="com.apex.testCases.CashDrawerMaintenance"/>
  <testcase name="TC16verifyPOSCASHDRAWERASSIGNEDOnCashdrawerSetupScreen" time="40.209" classname="com.apex.testCases.CashDrawerMaintenance"/>
  <testcase name="TC17verifyTheSuggestedFloatAmountShouldBeComingFromTheQueryOnCashdrawerSetupScreen" time="18.057" classname="com.apex.testCases.CashDrawerMaintenance"/>
  <testcase name="TC18verifySAFE_RECON_IN_PROCESSOnCashdrawerSetupScreen" time="116.68" classname="com.apex.testCases.CashDrawerMaintenance"/>
  <testcase name="TC19verifyThatOnly_Depositabe_Tenders_Are_Shown_In_The_Tender_SectionOnCashdrawerSetupScreen" time="24.423" classname="com.apex.testCases.CashDrawerMaintenance"/>
  <testcase name="TC20verifySiteNoAndSiteNameTextFiledAreVisibleOnCashDrawerDeclaration" time="20.769" classname="com.apex.testCases.CashDrawerMaintenance">
    <skipped/>
  </testcase> <!-- TC20verifySiteNoAndSiteNameTextFiledAreVisibleOnCashDrawerDeclaration -->
  <testcase name="TC20verifySiteNoAndSiteNameTextFiledAreVisibleOnCashDrawerDeclaration" time="21.345" classname="com.apex.testCases.CashDrawerMaintenance">
    <skipped/>
  </testcase> <!-- TC20verifySiteNoAndSiteNameTextFiledAreVisibleOnCashDrawerDeclaration -->
  <testcase name="TC20verifySiteNoAndSiteNameTextFiledAreVisibleOnCashDrawerDeclaration" time="21.285" classname="com.apex.testCases.CashDrawerMaintenance">
    <failure type="java.lang.AssertionError" message="expected [true] but found [false]">
      <![CDATA[java.lang.AssertionError: expected [true] but found [false]
at org.testng.Assert.fail(Assert.java:99)
at org.testng.Assert.failNotEquals(Assert.java:1037)
at org.testng.Assert.assertTrue(Assert.java:45)
at org.testng.Assert.assertTrue(Assert.java:55)
at com.apex.testCases.CashDrawerMaintenance.TC20verifySiteNoAndSiteNameTextFiledAreVisibleOnCashDrawerDeclaration(CashDrawerMaintenance.java:545)
at sun.reflect.NativeMethodAccessorImpl.invoke0(Native Method)
at sun.reflect.NativeMethodAccessorImpl.invoke(NativeMethodAccessorImpl.java:62)
at sun.reflect.DelegatingMethodAccessorImpl.invoke(DelegatingMethodAccessorImpl.java:43)
at java.lang.reflect.Method.invoke(Method.java:498)
at org.testng.internal.MethodInvocationHelper.invokeMethod(MethodInvocationHelper.java:133)
at org.testng.internal.TestInvoker.invokeMethod(TestInvoker.java:598)
at org.testng.internal.TestInvoker.retryFailed(TestInvoker.java:213)
at org.testng.internal.MethodRunner.runInSequence(MethodRunner.java:58)
at org.testng.internal.TestInvoker$MethodInvocationAgent.invoke(TestInvoker.java:824)
at org.testng.internal.TestInvoker.invokeTestMethods(TestInvoker.java:146)
at org.testng.internal.TestMethodWorker.invokeTestMethods(TestMethodWorker.java:146)
at org.testng.internal.TestMethodWorker.run(TestMethodWorker.java:128)
at java.util.ArrayList.forEach(ArrayList.java:1259)
at org.testng.TestRunner.privateRun(TestRunner.java:794)
at org.testng.TestRunner.run(TestRunner.java:596)
at org.testng.SuiteRunner.runTest(SuiteRunner.java:377)
at org.testng.SuiteRunner.runSequentially(SuiteRunner.java:371)
at org.testng.SuiteRunner.privateRun(SuiteRunner.java:332)
at org.testng.SuiteRunner.run(SuiteRunner.java:276)
at org.testng.SuiteRunnerWorker.runSuite(SuiteRunnerWorker.java:53)
at org.testng.SuiteRunnerWorker.run(SuiteRunnerWorker.java:96)
at org.testng.TestNG.runSuitesSequentially(TestNG.java:1212)
at org.testng.TestNG.runSuitesLocally(TestNG.java:1134)
at org.testng.TestNG.runSuites(TestNG.java:1063)
at org.testng.TestNG.run(TestNG.java:1031)
at org.testng.remote.AbstractRemoteTestNG.run(AbstractRemoteTestNG.java:115)
at org.testng.remote.RemoteTestNG.initAndRun(RemoteTestNG.java:251)
at org.testng.remote.RemoteTestNG.main(RemoteTestNG.java:77)
]]>
    </failure>
  </testcase> <!-- TC20verifySiteNoAndSiteNameTextFiledAreVisibleOnCashDrawerDeclaration -->
  <testcase name="TC21verifyExitButtonCashDrawerDecelaration" time="25.503" classname="com.apex.testCases.CashDrawerMaintenance"/>
  <testcase name="TC22verifyCancelButtonCashDrawerDecelaration" time="27.276" classname="com.apex.testCases.CashDrawerMaintenance">
    <skipped/>
  </testcase> <!-- TC22verifyCancelButtonCashDrawerDecelaration -->
  <testcase name="TC22verifyCancelButtonCashDrawerDecelaration" time="26.924" classname="com.apex.testCases.CashDrawerMaintenance">
    <skipped/>
  </testcase> <!-- TC22verifyCancelButtonCashDrawerDecelaration -->
  <testcase name="TC22verifyCancelButtonCashDrawerDecelaration" time="28.131" classname="com.apex.testCases.CashDrawerMaintenance">
    <failure type="org.openqa.selenium.TimeoutException" message="Expected condition failed: By.id: paraId is not found within the given time...... (tried for 7 second(s) with 7000 milliseconds interval)">
      <![CDATA[org.openqa.selenium.TimeoutException: Expected condition failed: By.id: paraId is not found within the given time...... (tried for 7 second(s) with 7000 milliseconds interval)
at org.openqa.selenium.support.ui.WebDriverWait.timeoutException(WebDriverWait.java:138)
at org.openqa.selenium.support.ui.FluentWait.until(FluentWait.java:231)
at com.apex.utils.ElementUtil.waitForElementPresenceWithWait(ElementUtil.java:779)
at com.apex.utils.ElementUtil.doGetText(ElementUtil.java:119)
at com.apex.pages.CashDrawerDeclaration.getCancelButtonPopWindowText(CashDrawerDeclaration.java:149)
at com.apex.testCases.CashDrawerMaintenance.TC22verifyCancelButtonCashDrawerDecelaration(CashDrawerMaintenance.java:586)
at sun.reflect.NativeMethodAccessorImpl.invoke0(Native Method)
at sun.reflect.NativeMethodAccessorImpl.invoke(NativeMethodAccessorImpl.java:62)
at sun.reflect.DelegatingMethodAccessorImpl.invoke(DelegatingMethodAccessorImpl.java:43)
at java.lang.reflect.Method.invoke(Method.java:498)
at org.testng.internal.MethodInvocationHelper.invokeMethod(MethodInvocationHelper.java:133)
at org.testng.internal.TestInvoker.invokeMethod(TestInvoker.java:598)
at org.testng.internal.TestInvoker.retryFailed(TestInvoker.java:213)
at org.testng.internal.MethodRunner.runInSequence(MethodRunner.java:58)
at org.testng.internal.TestInvoker$MethodInvocationAgent.invoke(TestInvoker.java:824)
at org.testng.internal.TestInvoker.invokeTestMethods(TestInvoker.java:146)
at org.testng.internal.TestMethodWorker.invokeTestMethods(TestMethodWorker.java:146)
at org.testng.internal.TestMethodWorker.run(TestMethodWorker.java:128)
at java.util.ArrayList.forEach(ArrayList.java:1259)
at org.testng.TestRunner.privateRun(TestRunner.java:794)
at org.testng.TestRunner.run(TestRunner.java:596)
at org.testng.SuiteRunner.runTest(SuiteRunner.java:377)
at org.testng.SuiteRunner.runSequentially(SuiteRunner.java:371)
at org.testng.SuiteRunner.privateRun(SuiteRunner.java:332)
at org.testng.SuiteRunner.run(SuiteRunner.java:276)
at org.testng.SuiteRunnerWorker.runSuite(SuiteRunnerWorker.java:53)
at org.testng.SuiteRunnerWorker.run(SuiteRunnerWorker.java:96)
at org.testng.TestNG.runSuitesSequentially(TestNG.java:1212)
at org.testng.TestNG.runSuitesLocally(TestNG.java:1134)
at org.testng.TestNG.runSuites(TestNG.java:1063)
at org.testng.TestNG.run(TestNG.java:1031)
at org.testng.remote.AbstractRemoteTestNG.run(AbstractRemoteTestNG.java:115)
at org.testng.remote.RemoteTestNG.initAndRun(RemoteTestNG.java:251)
at org.testng.remote.RemoteTestNG.main(RemoteTestNG.java:77)
Caused by: org.openqa.selenium.NoSuchElementException: no such element: Unable to locate element: {"method":"css selector","selector":"#paraId"}
  (Session info: chrome=110.0.5481.178)
For documentation on this error, please visit: https://selenium.dev/exceptions/#no_such_element
Build info: version: '4.0.0', revision: '3a21814679'
System info: host: 'SEZLAP-13554T', ip: '192.168.240.130', os.name: 'Windows 10', os.arch: 'amd64', os.version: '10.0', java.version: '1.8.0_311'
Driver info: org.openqa.selenium.chrome.ChromeDriver
Command: [f8f1eaf5105c2df750bf5fe94200883e, findElement {using=id, value=paraId}]
Capabilities {acceptInsecureCerts: false, browserName: chrome, browserVersion: 110.0.5481.178, chrome: {chromedriverVersion: 110.0.5481.77 (65ed616c6e8e..., userDataDir: C:\Users\Kapil\AppData\Loca...}, goog:chromeOptions: {debuggerAddress: localhost:63938}, javascriptEnabled: true, networkConnectionEnabled: false, pageLoadStrategy: normal, platform: WINDOWS, platformName: WINDOWS, proxy: Proxy(), se:cdp: ws://localhost:63938/devtoo..., se:cdpVersion: 110.0.5481.178, setWindowRect: true, strictFileInteractability: false, timeouts: {implicit: 0, pageLoad: 300000, script: 30000}, unhandledPromptBehavior: dismiss and notify, webauthn:extension:credBlob: true, webauthn:extension:largeBlob: true, webauthn:virtualAuthenticators: true}
Session ID: f8f1eaf5105c2df750bf5fe94200883e
at sun.reflect.NativeConstructorAccessorImpl.newInstance0(Native Method)
at sun.reflect.NativeConstructorAccessorImpl.newInstance(NativeConstructorAccessorImpl.java:62)
at sun.reflect.DelegatingConstructorAccessorImpl.newInstance(DelegatingConstructorAccessorImpl.java:45)
at java.lang.reflect.Constructor.newInstance(Constructor.java:423)
at org.openqa.selenium.remote.codec.w3c.W3CHttpResponseCodec.createException(W3CHttpResponseCodec.java:200)
at org.openqa.selenium.remote.codec.w3c.W3CHttpResponseCodec.decode(W3CHttpResponseCodec.java:133)
at org.openqa.selenium.remote.codec.w3c.W3CHttpResponseCodec.decode(W3CHttpResponseCodec.java:53)
at org.openqa.selenium.remote.HttpCommandExecutor.execute(HttpCommandExecutor.java:184)
at org.openqa.selenium.remote.service.DriverCommandExecutor.invokeExecute(DriverCommandExecutor.java:164)
at org.openqa.selenium.remote.service.DriverCommandExecutor.execute(DriverCommandExecutor.java:139)
at org.openqa.selenium.remote.RemoteWebDriver.execute(RemoteWebDriver.java:559)
at org.openqa.selenium.remote.ElementLocation$ElementFinder$2.findElement(ElementLocation.java:162)
at org.openqa.selenium.remote.ElementLocation.findElement(ElementLocation.java:66)
at org.openqa.selenium.remote.RemoteWebDriver.findElement(RemoteWebDriver.java:383)
at org.openqa.selenium.remote.RemoteWebDriver.findElement(RemoteWebDriver.java:375)
at org.openqa.selenium.support.ui.ExpectedConditions$6.apply(ExpectedConditions.java:174)
at org.openqa.selenium.support.ui.ExpectedConditions$6.apply(ExpectedConditions.java:171)
at org.openqa.selenium.support.ui.FluentWait.until(FluentWait.java:208)
... 32 more
]]>
    </failure>
  </testcase> <!-- TC22verifyCancelButtonCashDrawerDecelaration -->
  <testcase name="TC23verifyAuthorisationWindowWithInvalidcredentialsOnCashDrawerDeclaration" time="22.597" classname="com.apex.testCases.CashDrawerMaintenance"/>
  <testcase name="TC24verifycashBoxLovDataOnCashDrawerDeclaration" time="32.722" classname="com.apex.testCases.CashDrawerMaintenance"/>
  <testcase name="TC25verifyRegLovDataOnCashDrawerDeclaration" time="26.139" classname="com.apex.testCases.CashDrawerMaintenance"/>
  <testcase name="TC26verifyHeaderFieldsGreyedOutOnCashDrawerDeclaration" time="21.029" classname="com.apex.testCases.CashDrawerMaintenance">
    <skipped/>
  </testcase> <!-- TC26verifyHeaderFieldsGreyedOutOnCashDrawerDeclaration -->
  <testcase name="TC26verifyHeaderFieldsGreyedOutOnCashDrawerDeclaration" time="22.507" classname="com.apex.testCases.CashDrawerMaintenance">
    <skipped/>
  </testcase> <!-- TC26verifyHeaderFieldsGreyedOutOnCashDrawerDeclaration -->
  <testcase name="TC26verifyHeaderFieldsGreyedOutOnCashDrawerDeclaration" time="21.886" classname="com.apex.testCases.CashDrawerMaintenance">
    <failure type="java.lang.AssertionError" message="expected [rgba(228, 228, 228, 1)] but found [rgba(249, 249, 249, 1)]">
      <![CDATA[java.lang.AssertionError: expected [rgba(228, 228, 228, 1)] but found [rgba(249, 249, 249, 1)]
at org.testng.Assert.fail(Assert.java:99)
at org.testng.Assert.failNotEquals(Assert.java:1037)
at org.testng.Assert.assertEqualsImpl(Assert.java:140)
at org.testng.Assert.assertEquals(Assert.java:122)
at org.testng.Assert.assertEquals(Assert.java:629)
at org.testng.Assert.assertEquals(Assert.java:639)
at com.apex.testCases.CashDrawerMaintenance.TC26verifyHeaderFieldsGreyedOutOnCashDrawerDeclaration(CashDrawerMaintenance.java:698)
at sun.reflect.NativeMethodAccessorImpl.invoke0(Native Method)
at sun.reflect.NativeMethodAccessorImpl.invoke(NativeMethodAccessorImpl.java:62)
at sun.reflect.DelegatingMethodAccessorImpl.invoke(DelegatingMethodAccessorImpl.java:43)
at java.lang.reflect.Method.invoke(Method.java:498)
at org.testng.internal.MethodInvocationHelper.invokeMethod(MethodInvocationHelper.java:133)
at org.testng.internal.TestInvoker.invokeMethod(TestInvoker.java:598)
at org.testng.internal.TestInvoker.retryFailed(TestInvoker.java:213)
at org.testng.internal.MethodRunner.runInSequence(MethodRunner.java:58)
at org.testng.internal.TestInvoker$MethodInvocationAgent.invoke(TestInvoker.java:824)
at org.testng.internal.TestInvoker.invokeTestMethods(TestInvoker.java:146)
at org.testng.internal.TestMethodWorker.invokeTestMethods(TestMethodWorker.java:146)
at org.testng.internal.TestMethodWorker.run(TestMethodWorker.java:128)
at java.util.ArrayList.forEach(ArrayList.java:1259)
at org.testng.TestRunner.privateRun(TestRunner.java:794)
at org.testng.TestRunner.run(TestRunner.java:596)
at org.testng.SuiteRunner.runTest(SuiteRunner.java:377)
at org.testng.SuiteRunner.runSequentially(SuiteRunner.java:371)
at org.testng.SuiteRunner.privateRun(SuiteRunner.java:332)
at org.testng.SuiteRunner.run(SuiteRunner.java:276)
at org.testng.SuiteRunnerWorker.runSuite(SuiteRunnerWorker.java:53)
at org.testng.SuiteRunnerWorker.run(SuiteRunnerWorker.java:96)
at org.testng.TestNG.runSuitesSequentially(TestNG.java:1212)
at org.testng.TestNG.runSuitesLocally(TestNG.java:1134)
at org.testng.TestNG.runSuites(TestNG.java:1063)
at org.testng.TestNG.run(TestNG.java:1031)
at org.testng.remote.AbstractRemoteTestNG.run(AbstractRemoteTestNG.java:115)
at org.testng.remote.RemoteTestNG.initAndRun(RemoteTestNG.java:251)
at org.testng.remote.RemoteTestNG.main(RemoteTestNG.java:77)
]]>
    </failure>
  </testcase> <!-- TC26verifyHeaderFieldsGreyedOutOnCashDrawerDeclaration -->
  <testcase name="TC27verifyTenderCashAmountInCashDrawerDeclaration" time="28.036" classname="com.apex.testCases.CashDrawerMaintenance"/>
  <testcase name="TC30changesIncurrencyCoinOtherTendersOnCashDrawerDeclaration" time="26.52" classname="com.apex.testCases.CashDrawerMaintenance">
    <skipped/>
  </testcase> <!-- TC30changesIncurrencyCoinOtherTendersOnCashDrawerDeclaration -->
  <testcase name="TC30changesIncurrencyCoinOtherTendersOnCashDrawerDeclaration" time="27.561" classname="com.apex.testCases.CashDrawerMaintenance">
    <skipped/>
  </testcase> <!-- TC30changesIncurrencyCoinOtherTendersOnCashDrawerDeclaration -->
  <testcase name="TC30changesIncurrencyCoinOtherTendersOnCashDrawerDeclaration" time="26.482" classname="com.apex.testCases.CashDrawerMaintenance">
    <failure type="org.openqa.selenium.NoSuchElementException" message="no such element: Unable to locate element: {&amp;quot;method&amp;quot;:&amp;quot;xpath&amp;quot;,&amp;quot;selector&amp;quot;:&amp;quot;//*[text()=&amp;apos;73&amp;apos;]&amp;quot;}
  (Session info: chrome=110.0.5481.178)
For documentation on this error, please visit: https://selenium.dev/exceptions/#no_such_element
Build info: version: &amp;apos;4.0.0&amp;apos;, revision: &amp;apos;3a21814679&amp;apos;
System info: host: &amp;apos;SEZLAP-13554T&amp;apos;, ip: &amp;apos;192.168.240.130&amp;apos;, os.name: &amp;apos;Windows 10&amp;apos;, os.arch: &amp;apos;amd64&amp;apos;, os.version: &amp;apos;10.0&amp;apos;, java.version: &amp;apos;1.8.0_311&amp;apos;
Driver info: org.openqa.selenium.chrome.ChromeDriver
Command: [344ac7d10f432726d80a962d4fede8bc, findElement {using=xpath, value=//*[text()=&amp;apos;73&amp;apos;]}]
Capabilities {acceptInsecureCerts: false, browserName: chrome, browserVersion: 110.0.5481.178, chrome: {chromedriverVersion: 110.0.5481.77 (65ed616c6e8e..., userDataDir: C:\Users\Kapil\AppData\Loca...}, goog:chromeOptions: {debuggerAddress: localhost:64289}, javascriptEnabled: true, networkConnectionEnabled: false, pageLoadStrategy: normal, platform: WINDOWS, platformName: WINDOWS, proxy: Proxy(), se:cdp: ws://localhost:64289/devtoo..., se:cdpVersion: 110.0.5481.178, setWindowRect: true, strictFileInteractability: false, timeouts: {implicit: 0, pageLoad: 300000, script: 30000}, unhandledPromptBehavior: dismiss and notify, webauthn:extension:credBlob: true, webauthn:extension:largeBlob: true, webauthn:virtualAuthenticators: true}
Session ID: 344ac7d10f432726d80a962d4fede8bc">
      <![CDATA[org.openqa.selenium.NoSuchElementException: no such element: Unable to locate element: {"method":"xpath","selector":"//*[text()='73']"}
  (Session info: chrome=110.0.5481.178)
For documentation on this error, please visit: https://selenium.dev/exceptions/#no_such_element
Build info: version: '4.0.0', revision: '3a21814679'
System info: host: 'SEZLAP-13554T', ip: '192.168.240.130', os.name: 'Windows 10', os.arch: 'amd64', os.version: '10.0', java.version: '1.8.0_311'
Driver info: org.openqa.selenium.chrome.ChromeDriver
Command: [344ac7d10f432726d80a962d4fede8bc, findElement {using=xpath, value=//*[text()='73']}]
Capabilities {acceptInsecureCerts: false, browserName: chrome, browserVersion: 110.0.5481.178, chrome: {chromedriverVersion: 110.0.5481.77 (65ed616c6e8e..., userDataDir: C:\Users\Kapil\AppData\Loca...}, goog:chromeOptions: {debuggerAddress: localhost:64289}, javascriptEnabled: true, networkConnectionEnabled: false, pageLoadStrategy: normal, platform: WINDOWS, platformName: WINDOWS, proxy: Proxy(), se:cdp: ws://localhost:64289/devtoo..., se:cdpVersion: 110.0.5481.178, setWindowRect: true, strictFileInteractability: false, timeouts: {implicit: 0, pageLoad: 300000, script: 30000}, unhandledPromptBehavior: dismiss and notify, webauthn:extension:credBlob: true, webauthn:extension:largeBlob: true, webauthn:virtualAuthenticators: true}
Session ID: 344ac7d10f432726d80a962d4fede8bc
at sun.reflect.NativeConstructorAccessorImpl.newInstance0(Native Method)
at sun.reflect.NativeConstructorAccessorImpl.newInstance(NativeConstructorAccessorImpl.java:62)
at sun.reflect.DelegatingConstructorAccessorImpl.newInstance(DelegatingConstructorAccessorImpl.java:45)
at java.lang.reflect.Constructor.newInstance(Constructor.java:423)
at org.openqa.selenium.remote.codec.w3c.W3CHttpResponseCodec.createException(W3CHttpResponseCodec.java:200)
at org.openqa.selenium.remote.codec.w3c.W3CHttpResponseCodec.decode(W3CHttpResponseCodec.java:133)
at org.openqa.selenium.remote.codec.w3c.W3CHttpResponseCodec.decode(W3CHttpResponseCodec.java:53)
at org.openqa.selenium.remote.HttpCommandExecutor.execute(HttpCommandExecutor.java:184)
at org.openqa.selenium.remote.service.DriverCommandExecutor.invokeExecute(DriverCommandExecutor.java:164)
at org.openqa.selenium.remote.service.DriverCommandExecutor.execute(DriverCommandExecutor.java:139)
at org.openqa.selenium.remote.RemoteWebDriver.execute(RemoteWebDriver.java:559)
at org.openqa.selenium.remote.ElementLocation$ElementFinder$2.findElement(ElementLocation.java:162)
at org.openqa.selenium.remote.ElementLocation.findElement(ElementLocation.java:60)
at org.openqa.selenium.remote.RemoteWebDriver.findElement(RemoteWebDriver.java:383)
at org.openqa.selenium.remote.RemoteWebDriver.findElement(RemoteWebDriver.java:375)
at com.apex.pages.CashDrawerSetUp.selectValueFromLOV(CashDrawerSetUp.java:188)
at com.apex.testCases.CashDrawerMaintenance.TC30changesIncurrencyCoinOtherTendersOnCashDrawerDeclaration(CashDrawerMaintenance.java:741)
at sun.reflect.NativeMethodAccessorImpl.invoke0(Native Method)
at sun.reflect.NativeMethodAccessorImpl.invoke(NativeMethodAccessorImpl.java:62)
at sun.reflect.DelegatingMethodAccessorImpl.invoke(DelegatingMethodAccessorImpl.java:43)
at java.lang.reflect.Method.invoke(Method.java:498)
at org.testng.internal.MethodInvocationHelper.invokeMethod(MethodInvocationHelper.java:133)
at org.testng.internal.TestInvoker.invokeMethod(TestInvoker.java:598)
at org.testng.internal.TestInvoker.retryFailed(TestInvoker.java:213)
at org.testng.internal.MethodRunner.runInSequence(MethodRunner.java:58)
at org.testng.internal.TestInvoker$MethodInvocationAgent.invoke(TestInvoker.java:824)
at org.testng.internal.TestInvoker.invokeTestMethods(TestInvoker.java:146)
at org.testng.internal.TestMethodWorker.invokeTestMethods(TestMethodWorker.java:146)
at org.testng.internal.TestMethodWorker.run(TestMethodWorker.java:128)
at java.util.ArrayList.forEach(ArrayList.java:1259)
at org.testng.TestRunner.privateRun(TestRunner.java:794)
at org.testng.TestRunner.run(TestRunner.java:596)
at org.testng.SuiteRunner.runTest(SuiteRunner.java:377)
at org.testng.SuiteRunner.runSequentially(SuiteRunner.java:371)
at org.testng.SuiteRunner.privateRun(SuiteRunner.java:332)
at org.testng.SuiteRunner.run(SuiteRunner.java:276)
at org.testng.SuiteRunnerWorker.runSuite(SuiteRunnerWorker.java:53)
at org.testng.SuiteRunnerWorker.run(SuiteRunnerWorker.java:96)
at org.testng.TestNG.runSuitesSequentially(TestNG.java:1212)
at org.testng.TestNG.runSuitesLocally(TestNG.java:1134)
at org.testng.TestNG.runSuites(TestNG.java:1063)
at org.testng.TestNG.run(TestNG.java:1031)
at org.testng.remote.AbstractRemoteTestNG.run(AbstractRemoteTestNG.java:115)
at org.testng.remote.RemoteTestNG.initAndRun(RemoteTestNG.java:251)
at org.testng.remote.RemoteTestNG.main(RemoteTestNG.java:77)
]]>
    </failure>
  </testcase> <!-- TC30changesIncurrencyCoinOtherTendersOnCashDrawerDeclaration -->
  <testcase name="TC31verifyTheAssignToRegisterValidationMessageOnCashDrawerDeclaration" time="17.083" classname="com.apex.testCases.CashDrawerMaintenance"/>
  <testcase name="TC32verifyTheCashDrawerValidationMessageOnCashDrawerDeclaration" time="15.929" classname="com.apex.testCases.CashDrawerMaintenance"/>
  <testcase name="TC33verifyPOSCASHDRAWERASSIGNEDOnCashDrawerDeclaration" time="47.511" classname="com.apex.testCases.CashDrawerMaintenance"/>
  <testcase name="TC34verifyCheckdetailsValueISAddedToCheckFieldOnCashDrawerDeclaration" time="34.487" classname="com.apex.testCases.CashDrawerMaintenance"/>
  <testcase name="TC35verifyThatAssignToRegisterIsMandatoryOnCashDrawerDeclaration" time="20.528" classname="com.apex.testCases.CashDrawerMaintenance"/>
  <testcase name="TC36verifyThatCashDrawerIsMandatoryOnCashDrawerDeclaration" time="20.482" classname="com.apex.testCases.CashDrawerMaintenance"/>
  <testcase name="TC37verifyThatAssignToRegisterSearchIsWorkingWithValidDataOnCashDrawerDeclaration" time="20.987" classname="com.apex.testCases.CashDrawerMaintenance"/>
  <testcase name="TC38verifyThatAssignToRegisterSearchIsWorkingWithInValidDataOnCashDrawerDeclaration" time="22.037" classname="com.apex.testCases.CashDrawerMaintenance"/>
  <testcase name="TC39verifyThatCashDrawerLovSearchIsWorkingWithValidDataOnCashDrawerDeclaration" time="24.539" classname="com.apex.testCases.CashDrawerMaintenance"/>
  <testcase name="TC40verifyThatCashDrawerLovIsWorkingWithInValidDataOnCashDrawerDeclaration" time="29.171" classname="com.apex.testCases.CashDrawerMaintenance"/>
  <testcase name="TC41verifyActualExpectedAndOverShortAmountOnCashDrawerReconciliation" time="64.048" classname="com.apex.testCases.CashDrawerMaintenance">
    <skipped/>
  </testcase> <!-- TC41verifyActualExpectedAndOverShortAmountOnCashDrawerReconciliation -->
  <testcase name="TC41verifyActualExpectedAndOverShortAmountOnCashDrawerReconciliation" time="94.567" classname="com.apex.testCases.CashDrawerMaintenance"/>
  <testcase name="TC42VerifySiteNoAndSiteNameAreDisabledOnCashDrawerReconciliation" time="20.69" classname="com.apex.testCases.CashDrawerMaintenance">
    <skipped/>
  </testcase> <!-- TC42VerifySiteNoAndSiteNameAreDisabledOnCashDrawerReconciliation -->
  <testcase name="TC42VerifySiteNoAndSiteNameAreDisabledOnCashDrawerReconciliation" time="20.953" classname="com.apex.testCases.CashDrawerMaintenance">
    <skipped/>
  </testcase> <!-- TC42VerifySiteNoAndSiteNameAreDisabledOnCashDrawerReconciliation -->
  <testcase name="TC42VerifySiteNoAndSiteNameAreDisabledOnCashDrawerReconciliation" time="21.425" classname="com.apex.testCases.CashDrawerMaintenance">
    <failure type="java.lang.NullPointerException">
      <![CDATA[java.lang.NullPointerException
at com.apex.testCases.CashDrawerMaintenance.TC42VerifySiteNoAndSiteNameAreDisabledOnCashDrawerReconciliation(CashDrawerMaintenance.java:1075)
at sun.reflect.NativeMethodAccessorImpl.invoke0(Native Method)
at sun.reflect.NativeMethodAccessorImpl.invoke(NativeMethodAccessorImpl.java:62)
at sun.reflect.DelegatingMethodAccessorImpl.invoke(DelegatingMethodAccessorImpl.java:43)
at java.lang.reflect.Method.invoke(Method.java:498)
at org.testng.internal.MethodInvocationHelper.invokeMethod(MethodInvocationHelper.java:133)
at org.testng.internal.TestInvoker.invokeMethod(TestInvoker.java:598)
at org.testng.internal.TestInvoker.retryFailed(TestInvoker.java:213)
at org.testng.internal.MethodRunner.runInSequence(MethodRunner.java:58)
at org.testng.internal.TestInvoker$MethodInvocationAgent.invoke(TestInvoker.java:824)
at org.testng.internal.TestInvoker.invokeTestMethods(TestInvoker.java:146)
at org.testng.internal.TestMethodWorker.invokeTestMethods(TestMethodWorker.java:146)
at org.testng.internal.TestMethodWorker.run(TestMethodWorker.java:128)
at java.util.ArrayList.forEach(ArrayList.java:1259)
at org.testng.TestRunner.privateRun(TestRunner.java:794)
at org.testng.TestRunner.run(TestRunner.java:596)
at org.testng.SuiteRunner.runTest(SuiteRunner.java:377)
at org.testng.SuiteRunner.runSequentially(SuiteRunner.java:371)
at org.testng.SuiteRunner.privateRun(SuiteRunner.java:332)
at org.testng.SuiteRunner.run(SuiteRunner.java:276)
at org.testng.SuiteRunnerWorker.runSuite(SuiteRunnerWorker.java:53)
at org.testng.SuiteRunnerWorker.run(SuiteRunnerWorker.java:96)
at org.testng.TestNG.runSuitesSequentially(TestNG.java:1212)
at org.testng.TestNG.runSuitesLocally(TestNG.java:1134)
at org.testng.TestNG.runSuites(TestNG.java:1063)
at org.testng.TestNG.run(TestNG.java:1031)
at org.testng.remote.AbstractRemoteTestNG.run(AbstractRemoteTestNG.java:115)
at org.testng.remote.RemoteTestNG.initAndRun(RemoteTestNG.java:251)
at org.testng.remote.RemoteTestNG.main(RemoteTestNG.java:77)
]]>
    </failure>
  </testcase> <!-- TC42VerifySiteNoAndSiteNameAreDisabledOnCashDrawerReconciliation -->
  <testcase name="TC43VerifyCancelButtonOnCashDrawerReconciliation" time="35.969" classname="com.apex.testCases.CashDrawerMaintenance">
    <skipped/>
  </testcase> <!-- TC43VerifyCancelButtonOnCashDrawerReconciliation -->
  <testcase name="TC43VerifyCancelButtonOnCashDrawerReconciliation" time="36.02" classname="com.apex.testCases.CashDrawerMaintenance">
    <skipped/>
  </testcase> <!-- TC43VerifyCancelButtonOnCashDrawerReconciliation -->
  <testcase name="TC43VerifyCancelButtonOnCashDrawerReconciliation" time="35.528" classname="com.apex.testCases.CashDrawerMaintenance">
    <failure type="org.openqa.selenium.ElementNotInteractableException" message="element not interactable
  (Session info: chrome=110.0.5481.178)
Build info: version: &amp;apos;4.0.0&amp;apos;, revision: &amp;apos;3a21814679&amp;apos;
System info: host: &amp;apos;SEZLAP-13554T&amp;apos;, ip: &amp;apos;192.168.240.130&amp;apos;, os.name: &amp;apos;Windows 10&amp;apos;, os.arch: &amp;apos;amd64&amp;apos;, os.version: &amp;apos;10.0&amp;apos;, java.version: &amp;apos;1.8.0_311&amp;apos;
Driver info: org.openqa.selenium.chrome.ChromeDriver
Command: [cfdcc78a6dc7eab054354d50bf1ac2de, clearElement {id=92453e69-a6fb-4527-805f-589359332048}]
Capabilities {acceptInsecureCerts: false, browserName: chrome, browserVersion: 110.0.5481.178, chrome: {chromedriverVersion: 110.0.5481.77 (65ed616c6e8e..., userDataDir: C:\Users\Kapil\AppData\Loca...}, goog:chromeOptions: {debuggerAddress: localhost:64829}, javascriptEnabled: true, networkConnectionEnabled: false, pageLoadStrategy: normal, platform: WINDOWS, platformName: WINDOWS, proxy: Proxy(), se:cdp: ws://localhost:64829/devtoo..., se:cdpVersion: 110.0.5481.178, setWindowRect: true, strictFileInteractability: false, timeouts: {implicit: 0, pageLoad: 300000, script: 30000}, unhandledPromptBehavior: dismiss and notify, webauthn:extension:credBlob: true, webauthn:extension:largeBlob: true, webauthn:virtualAuthenticators: true}
Element: [[ChromeDriver: chrome on WINDOWS (cfdcc78a6dc7eab054354d50bf1ac2de)] -&amp;gt; xpath: //div[contains(@id,&amp;apos;CASHIER_CONTAINER&amp;apos;)]//input[contains(@id,&amp;apos;CASHIER&amp;apos;)]]
Session ID: cfdcc78a6dc7eab054354d50bf1ac2de">
      <![CDATA[org.openqa.selenium.ElementNotInteractableException: element not interactable
  (Session info: chrome=110.0.5481.178)
Build info: version: '4.0.0', revision: '3a21814679'
System info: host: 'SEZLAP-13554T', ip: '192.168.240.130', os.name: 'Windows 10', os.arch: 'amd64', os.version: '10.0', java.version: '1.8.0_311'
Driver info: org.openqa.selenium.chrome.ChromeDriver
Command: [cfdcc78a6dc7eab054354d50bf1ac2de, clearElement {id=92453e69-a6fb-4527-805f-589359332048}]
Capabilities {acceptInsecureCerts: false, browserName: chrome, browserVersion: 110.0.5481.178, chrome: {chromedriverVersion: 110.0.5481.77 (65ed616c6e8e..., userDataDir: C:\Users\Kapil\AppData\Loca...}, goog:chromeOptions: {debuggerAddress: localhost:64829}, javascriptEnabled: true, networkConnectionEnabled: false, pageLoadStrategy: normal, platform: WINDOWS, platformName: WINDOWS, proxy: Proxy(), se:cdp: ws://localhost:64829/devtoo..., se:cdpVersion: 110.0.5481.178, setWindowRect: true, strictFileInteractability: false, timeouts: {implicit: 0, pageLoad: 300000, script: 30000}, unhandledPromptBehavior: dismiss and notify, webauthn:extension:credBlob: true, webauthn:extension:largeBlob: true, webauthn:virtualAuthenticators: true}
Element: [[ChromeDriver: chrome on WINDOWS (cfdcc78a6dc7eab054354d50bf1ac2de)] -> xpath: //div[contains(@id,'CASHIER_CONTAINER')]//input[contains(@id,'CASHIER')]]
Session ID: cfdcc78a6dc7eab054354d50bf1ac2de
at sun.reflect.NativeConstructorAccessorImpl.newInstance0(Native Method)
at sun.reflect.NativeConstructorAccessorImpl.newInstance(NativeConstructorAccessorImpl.java:62)
at sun.reflect.DelegatingConstructorAccessorImpl.newInstance(DelegatingConstructorAccessorImpl.java:45)
at java.lang.reflect.Constructor.newInstance(Constructor.java:423)
at org.openqa.selenium.remote.codec.w3c.W3CHttpResponseCodec.createException(W3CHttpResponseCodec.java:200)
at org.openqa.selenium.remote.codec.w3c.W3CHttpResponseCodec.decode(W3CHttpResponseCodec.java:133)
at org.openqa.selenium.remote.codec.w3c.W3CHttpResponseCodec.decode(W3CHttpResponseCodec.java:53)
at org.openqa.selenium.remote.HttpCommandExecutor.execute(HttpCommandExecutor.java:184)
at org.openqa.selenium.remote.service.DriverCommandExecutor.invokeExecute(DriverCommandExecutor.java:164)
at org.openqa.selenium.remote.service.DriverCommandExecutor.execute(DriverCommandExecutor.java:139)
at org.openqa.selenium.remote.RemoteWebDriver.execute(RemoteWebDriver.java:559)
at org.openqa.selenium.remote.RemoteWebElement.execute(RemoteWebElement.java:251)
at org.openqa.selenium.remote.RemoteWebElement.clear(RemoteWebElement.java:126)
at com.apex.utils.ElementUtil.doSendKeys(ElementUtil.java:88)
at com.apex.pages.CashDrawerReconciliation.enterCashierUserIdAndPass(CashDrawerReconciliation.java:193)
at com.apex.testCases.CashDrawerMaintenance.TC43VerifyCancelButtonOnCashDrawerReconciliation(CashDrawerMaintenance.java:1109)
at sun.reflect.NativeMethodAccessorImpl.invoke0(Native Method)
at sun.reflect.NativeMethodAccessorImpl.invoke(NativeMethodAccessorImpl.java:62)
at sun.reflect.DelegatingMethodAccessorImpl.invoke(DelegatingMethodAccessorImpl.java:43)
at java.lang.reflect.Method.invoke(Method.java:498)
at org.testng.internal.MethodInvocationHelper.invokeMethod(MethodInvocationHelper.java:133)
at org.testng.internal.TestInvoker.invokeMethod(TestInvoker.java:598)
at org.testng.internal.TestInvoker.retryFailed(TestInvoker.java:213)
at org.testng.internal.MethodRunner.runInSequence(MethodRunner.java:58)
at org.testng.internal.TestInvoker$MethodInvocationAgent.invoke(TestInvoker.java:824)
at org.testng.internal.TestInvoker.invokeTestMethods(TestInvoker.java:146)
at org.testng.internal.TestMethodWorker.invokeTestMethods(TestMethodWorker.java:146)
at org.testng.internal.TestMethodWorker.run(TestMethodWorker.java:128)
at java.util.ArrayList.forEach(ArrayList.java:1259)
at org.testng.TestRunner.privateRun(TestRunner.java:794)
at org.testng.TestRunner.run(TestRunner.java:596)
at org.testng.SuiteRunner.runTest(SuiteRunner.java:377)
at org.testng.SuiteRunner.runSequentially(SuiteRunner.java:371)
at org.testng.SuiteRunner.privateRun(SuiteRunner.java:332)
at org.testng.SuiteRunner.run(SuiteRunner.java:276)
at org.testng.SuiteRunnerWorker.runSuite(SuiteRunnerWorker.java:53)
at org.testng.SuiteRunnerWorker.run(SuiteRunnerWorker.java:96)
at org.testng.TestNG.runSuitesSequentially(TestNG.java:1212)
at org.testng.TestNG.runSuitesLocally(TestNG.java:1134)
at org.testng.TestNG.runSuites(TestNG.java:1063)
at org.testng.TestNG.run(TestNG.java:1031)
at org.testng.remote.AbstractRemoteTestNG.run(AbstractRemoteTestNG.java:115)
at org.testng.remote.RemoteTestNG.initAndRun(RemoteTestNG.java:251)
at org.testng.remote.RemoteTestNG.main(RemoteTestNG.java:77)
]]>
    </failure>
  </testcase> <!-- TC43VerifyCancelButtonOnCashDrawerReconciliation -->
  <testcase name="TC44VerifyThatCashDrawerTextFieldIsAMandatoryOnCashDrawerReconciliation" time="25.401" classname="com.apex.testCases.CashDrawerMaintenance"/>
  <testcase name="TC44verifySAFE_RECON_IN_PROCESS_OnReconScreenOnCashDrawerReconciliation" time="51.484" classname="com.apex.testCases.CashDrawerMaintenance">
    <skipped/>
  </testcase> <!-- TC44verifySAFE_RECON_IN_PROCESS_OnReconScreenOnCashDrawerReconciliation -->
  <testcase name="TC44verifySAFE_RECON_IN_PROCESS_OnReconScreenOnCashDrawerReconciliation" time="52.153" classname="com.apex.testCases.CashDrawerMaintenance">
    <skipped/>
  </testcase> <!-- TC44verifySAFE_RECON_IN_PROCESS_OnReconScreenOnCashDrawerReconciliation -->
  <testcase name="TC44verifySAFE_RECON_IN_PROCESS_OnReconScreenOnCashDrawerReconciliation" time="51.763" classname="com.apex.testCases.CashDrawerMaintenance">
    <failure type="org.openqa.selenium.TimeoutException" message="Expected condition failed: By.xpath: //div[3]/ul/li[2]/a is not found within the given time...... (tried for 7 second(s) with 7000 milliseconds interval)">
      <![CDATA[org.openqa.selenium.TimeoutException: Expected condition failed: By.xpath: //div[3]/ul/li[2]/a is not found within the given time...... (tried for 7 second(s) with 7000 milliseconds interval)
at org.openqa.selenium.support.ui.WebDriverWait.timeoutException(WebDriverWait.java:138)
at org.openqa.selenium.support.ui.FluentWait.until(FluentWait.java:231)
at com.apex.utils.ElementUtil.waitForElementPresenceWithWait(ElementUtil.java:779)
at com.apex.utils.ElementUtil.doClick(ElementUtil.java:76)
at com.apex.pages.MenuSelection.selectCurrentSite(MenuSelection.java:63)
at com.apex.testCases.CashDrawerMaintenance.TC44verifySAFE_RECON_IN_PROCESS_OnReconScreenOnCashDrawerReconciliation(CashDrawerMaintenance.java:1151)
at sun.reflect.NativeMethodAccessorImpl.invoke0(Native Method)
at sun.reflect.NativeMethodAccessorImpl.invoke(NativeMethodAccessorImpl.java:62)
at sun.reflect.DelegatingMethodAccessorImpl.invoke(DelegatingMethodAccessorImpl.java:43)
at java.lang.reflect.Method.invoke(Method.java:498)
at org.testng.internal.MethodInvocationHelper.invokeMethod(MethodInvocationHelper.java:133)
at org.testng.internal.TestInvoker.invokeMethod(TestInvoker.java:598)
at org.testng.internal.TestInvoker.retryFailed(TestInvoker.java:213)
at org.testng.internal.MethodRunner.runInSequence(MethodRunner.java:58)
at org.testng.internal.TestInvoker$MethodInvocationAgent.invoke(TestInvoker.java:824)
at org.testng.internal.TestInvoker.invokeTestMethods(TestInvoker.java:146)
at org.testng.internal.TestMethodWorker.invokeTestMethods(TestMethodWorker.java:146)
at org.testng.internal.TestMethodWorker.run(TestMethodWorker.java:128)
at java.util.ArrayList.forEach(ArrayList.java:1259)
at org.testng.TestRunner.privateRun(TestRunner.java:794)
at org.testng.TestRunner.run(TestRunner.java:596)
at org.testng.SuiteRunner.runTest(SuiteRunner.java:377)
at org.testng.SuiteRunner.runSequentially(SuiteRunner.java:371)
at org.testng.SuiteRunner.privateRun(SuiteRunner.java:332)
at org.testng.SuiteRunner.run(SuiteRunner.java:276)
at org.testng.SuiteRunnerWorker.runSuite(SuiteRunnerWorker.java:53)
at org.testng.SuiteRunnerWorker.run(SuiteRunnerWorker.java:96)
at org.testng.TestNG.runSuitesSequentially(TestNG.java:1212)
at org.testng.TestNG.runSuitesLocally(TestNG.java:1134)
at org.testng.TestNG.runSuites(TestNG.java:1063)
at org.testng.TestNG.run(TestNG.java:1031)
at org.testng.remote.AbstractRemoteTestNG.run(AbstractRemoteTestNG.java:115)
at org.testng.remote.RemoteTestNG.initAndRun(RemoteTestNG.java:251)
at org.testng.remote.RemoteTestNG.main(RemoteTestNG.java:77)
Caused by: org.openqa.selenium.NoSuchElementException: no such element: Unable to locate element: {"method":"xpath","selector":"//div[3]/ul/li[2]/a"}
  (Session info: chrome=110.0.5481.178)
For documentation on this error, please visit: https://selenium.dev/exceptions/#no_such_element
Build info: version: '4.0.0', revision: '3a21814679'
System info: host: 'SEZLAP-13554T', ip: '192.168.240.130', os.name: 'Windows 10', os.arch: 'amd64', os.version: '10.0', java.version: '1.8.0_311'
Driver info: org.openqa.selenium.chrome.ChromeDriver
Command: [5d287692c6c1b3b196e3345ca1585fda, findElement {using=xpath, value=//div[3]/ul/li[2]/a}]
Capabilities {acceptInsecureCerts: false, browserName: chrome, browserVersion: 110.0.5481.178, chrome: {chromedriverVersion: 110.0.5481.77 (65ed616c6e8e..., userDataDir: C:\Users\Kapil\AppData\Loca...}, goog:chromeOptions: {debuggerAddress: localhost:64966}, javascriptEnabled: true, networkConnectionEnabled: false, pageLoadStrategy: normal, platform: WINDOWS, platformName: WINDOWS, proxy: Proxy(), se:cdp: ws://localhost:64966/devtoo..., se:cdpVersion: 110.0.5481.178, setWindowRect: true, strictFileInteractability: false, timeouts: {implicit: 0, pageLoad: 300000, script: 30000}, unhandledPromptBehavior: dismiss and notify, webauthn:extension:credBlob: true, webauthn:extension:largeBlob: true, webauthn:virtualAuthenticators: true}
Session ID: 5d287692c6c1b3b196e3345ca1585fda
at sun.reflect.GeneratedConstructorAccessor95.newInstance(Unknown Source)
at sun.reflect.DelegatingConstructorAccessorImpl.newInstance(DelegatingConstructorAccessorImpl.java:45)
at java.lang.reflect.Constructor.newInstance(Constructor.java:423)
at org.openqa.selenium.remote.codec.w3c.W3CHttpResponseCodec.createException(W3CHttpResponseCodec.java:200)
at org.openqa.selenium.remote.codec.w3c.W3CHttpResponseCodec.decode(W3CHttpResponseCodec.java:133)
at org.openqa.selenium.remote.codec.w3c.W3CHttpResponseCodec.decode(W3CHttpResponseCodec.java:53)
at org.openqa.selenium.remote.HttpCommandExecutor.execute(HttpCommandExecutor.java:184)
at org.openqa.selenium.remote.service.DriverCommandExecutor.invokeExecute(DriverCommandExecutor.java:164)
at org.openqa.selenium.remote.service.DriverCommandExecutor.execute(DriverCommandExecutor.java:139)
at org.openqa.selenium.remote.RemoteWebDriver.execute(RemoteWebDriver.java:559)
at org.openqa.selenium.remote.ElementLocation$ElementFinder$2.findElement(ElementLocation.java:162)
at org.openqa.selenium.remote.ElementLocation.findElement(ElementLocation.java:60)
at org.openqa.selenium.remote.RemoteWebDriver.findElement(RemoteWebDriver.java:383)
at org.openqa.selenium.remote.RemoteWebDriver.findElement(RemoteWebDriver.java:375)
at org.openqa.selenium.support.ui.ExpectedConditions$6.apply(ExpectedConditions.java:174)
at org.openqa.selenium.support.ui.ExpectedConditions$6.apply(ExpectedConditions.java:171)
at org.openqa.selenium.support.ui.FluentWait.until(FluentWait.java:208)
... 32 more
]]>
    </failure>
  </testcase> <!-- TC44verifySAFE_RECON_IN_PROCESS_OnReconScreenOnCashDrawerReconciliation -->
  <testcase name="TC45verifyPOSCASHDRAWERASSIGNEDRECONOnCashDrawerReconciliation" time="38.982" classname="com.apex.testCases.CashDrawerMaintenance"/>
  <testcase name="TC46verifyCheckDetailsButtonIsEnableOnCashDrawerReconciliation" time="37.213" classname="com.apex.testCases.CashDrawerMaintenance"/>
  <testcase name="TC47verifyCSHBOX_FORCE_DECLARATIONOnCashDrawerReconciliation" time="48.618" classname="com.apex.testCases.CashDrawerMaintenance">
    <skipped/>
  </testcase> <!-- TC47verifyCSHBOX_FORCE_DECLARATIONOnCashDrawerReconciliation -->
  <testcase name="TC47verifyCSHBOX_FORCE_DECLARATIONOnCashDrawerReconciliation" time="49.265" classname="com.apex.testCases.CashDrawerMaintenance">
    <skipped/>
  </testcase> <!-- TC47verifyCSHBOX_FORCE_DECLARATIONOnCashDrawerReconciliation -->
  <testcase name="TC47verifyCSHBOX_FORCE_DECLARATIONOnCashDrawerReconciliation" time="47.686" classname="com.apex.testCases.CashDrawerMaintenance">
    <failure type="org.openqa.selenium.ElementClickInterceptedException" message="element click intercepted: Element &amp;lt;button class=&amp;quot;t-Button t-Button--icon t-Button--iconRight t-Button--hot apex_disabled&amp;quot; onclick=&amp;quot;void(0);&amp;quot; type=&amp;quot;button&amp;quot; id=&amp;quot;Save&amp;quot;&amp;gt;...&amp;lt;/button&amp;gt; is not clickable at point (1060, 84). Other element would receive the click: &amp;lt;div class=&amp;quot;t-BreadcrumbRegion-buttons&amp;quot;&amp;gt;...&amp;lt;/div&amp;gt;
  (Session info: chrome=110.0.5481.178)
Build info: version: &amp;apos;4.0.0&amp;apos;, revision: &amp;apos;3a21814679&amp;apos;
System info: host: &amp;apos;SEZLAP-13554T&amp;apos;, ip: &amp;apos;192.168.240.130&amp;apos;, os.name: &amp;apos;Windows 10&amp;apos;, os.arch: &amp;apos;amd64&amp;apos;, os.version: &amp;apos;10.0&amp;apos;, java.version: &amp;apos;1.8.0_311&amp;apos;
Driver info: org.openqa.selenium.chrome.ChromeDriver
Command: [536d2e251b5d6a9334ba3f8ebe6f1b11, clickElement {id=e47e49e9-04cd-44b6-b6be-deacaf25b8e2}]
Capabilities {acceptInsecureCerts: false, browserName: chrome, browserVersion: 110.0.5481.178, chrome: {chromedriverVersion: 110.0.5481.77 (65ed616c6e8e..., userDataDir: C:\Users\Kapil\AppData\Loca...}, goog:chromeOptions: {debuggerAddress: localhost:65140}, javascriptEnabled: true, networkConnectionEnabled: false, pageLoadStrategy: normal, platform: WINDOWS, platformName: WINDOWS, proxy: Proxy(), se:cdp: ws://localhost:65140/devtoo..., se:cdpVersion: 110.0.5481.178, setWindowRect: true, strictFileInteractability: false, timeouts: {implicit: 0, pageLoad: 300000, script: 30000}, unhandledPromptBehavior: dismiss and notify, webauthn:extension:credBlob: true, webauthn:extension:largeBlob: true, webauthn:virtualAuthenticators: true}
Element: [[ChromeDriver: chrome on WINDOWS (536d2e251b5d6a9334ba3f8ebe6f1b11)] -&amp;gt; xpath: (//*[@class=&amp;apos;t-BreadcrumbRegion-buttons&amp;apos;]//button)[1]]
Session ID: 536d2e251b5d6a9334ba3f8ebe6f1b11">
      <![CDATA[org.openqa.selenium.ElementClickInterceptedException: element click intercepted: Element <button class="t-Button t-Button--icon t-Button--iconRight t-Button--hot apex_disabled" onclick="void(0);" type="button" id="Save">...</button> is not clickable at point (1060, 84). Other element would receive the click: <div class="t-BreadcrumbRegion-buttons">...</div>
  (Session info: chrome=110.0.5481.178)
Build info: version: '4.0.0', revision: '3a21814679'
System info: host: 'SEZLAP-13554T', ip: '192.168.240.130', os.name: 'Windows 10', os.arch: 'amd64', os.version: '10.0', java.version: '1.8.0_311'
Driver info: org.openqa.selenium.chrome.ChromeDriver
Command: [536d2e251b5d6a9334ba3f8ebe6f1b11, clickElement {id=e47e49e9-04cd-44b6-b6be-deacaf25b8e2}]
Capabilities {acceptInsecureCerts: false, browserName: chrome, browserVersion: 110.0.5481.178, chrome: {chromedriverVersion: 110.0.5481.77 (65ed616c6e8e..., userDataDir: C:\Users\Kapil\AppData\Loca...}, goog:chromeOptions: {debuggerAddress: localhost:65140}, javascriptEnabled: true, networkConnectionEnabled: false, pageLoadStrategy: normal, platform: WINDOWS, platformName: WINDOWS, proxy: Proxy(), se:cdp: ws://localhost:65140/devtoo..., se:cdpVersion: 110.0.5481.178, setWindowRect: true, strictFileInteractability: false, timeouts: {implicit: 0, pageLoad: 300000, script: 30000}, unhandledPromptBehavior: dismiss and notify, webauthn:extension:credBlob: true, webauthn:extension:largeBlob: true, webauthn:virtualAuthenticators: true}
Element: [[ChromeDriver: chrome on WINDOWS (536d2e251b5d6a9334ba3f8ebe6f1b11)] -> xpath: (//*[@class='t-BreadcrumbRegion-buttons']//button)[1]]
Session ID: 536d2e251b5d6a9334ba3f8ebe6f1b11
at sun.reflect.NativeConstructorAccessorImpl.newInstance0(Native Method)
at sun.reflect.NativeConstructorAccessorImpl.newInstance(NativeConstructorAccessorImpl.java:62)
at sun.reflect.DelegatingConstructorAccessorImpl.newInstance(DelegatingConstructorAccessorImpl.java:45)
at java.lang.reflect.Constructor.newInstance(Constructor.java:423)
at org.openqa.selenium.remote.codec.w3c.W3CHttpResponseCodec.createException(W3CHttpResponseCodec.java:200)
at org.openqa.selenium.remote.codec.w3c.W3CHttpResponseCodec.decode(W3CHttpResponseCodec.java:133)
at org.openqa.selenium.remote.codec.w3c.W3CHttpResponseCodec.decode(W3CHttpResponseCodec.java:53)
at org.openqa.selenium.remote.HttpCommandExecutor.execute(HttpCommandExecutor.java:184)
at org.openqa.selenium.remote.service.DriverCommandExecutor.invokeExecute(DriverCommandExecutor.java:164)
at org.openqa.selenium.remote.service.DriverCommandExecutor.execute(DriverCommandExecutor.java:139)
at org.openqa.selenium.remote.RemoteWebDriver.execute(RemoteWebDriver.java:559)
at org.openqa.selenium.remote.RemoteWebElement.execute(RemoteWebElement.java:251)
at org.openqa.selenium.remote.RemoteWebElement.click(RemoteWebElement.java:77)
at com.apex.utils.ElementUtil.doClick(ElementUtil.java:77)
at com.apex.pages.CashDrawerSetUp.clickOnSaveButton(CashDrawerSetUp.java:86)
at com.apex.testCases.CashDrawerMaintenance.TC47verifyCSHBOX_FORCE_DECLARATIONOnCashDrawerReconciliation(CashDrawerMaintenance.java:1330)
at sun.reflect.NativeMethodAccessorImpl.invoke0(Native Method)
at sun.reflect.NativeMethodAccessorImpl.invoke(NativeMethodAccessorImpl.java:62)
at sun.reflect.DelegatingMethodAccessorImpl.invoke(DelegatingMethodAccessorImpl.java:43)
at java.lang.reflect.Method.invoke(Method.java:498)
at org.testng.internal.MethodInvocationHelper.invokeMethod(MethodInvocationHelper.java:133)
at org.testng.internal.TestInvoker.invokeMethod(TestInvoker.java:598)
at org.testng.internal.TestInvoker.retryFailed(TestInvoker.java:213)
at org.testng.internal.MethodRunner.runInSequence(MethodRunner.java:58)
at org.testng.internal.TestInvoker$MethodInvocationAgent.invoke(TestInvoker.java:824)
at org.testng.internal.TestInvoker.invokeTestMethods(TestInvoker.java:146)
at org.testng.internal.TestMethodWorker.invokeTestMethods(TestMethodWorker.java:146)
at org.testng.internal.TestMethodWorker.run(TestMethodWorker.java:128)
at java.util.ArrayList.forEach(ArrayList.java:1259)
at org.testng.TestRunner.privateRun(TestRunner.java:794)
at org.testng.TestRunner.run(TestRunner.java:596)
at org.testng.SuiteRunner.runTest(SuiteRunner.java:377)
at org.testng.SuiteRunner.runSequentially(SuiteRunner.java:371)
at org.testng.SuiteRunner.privateRun(SuiteRunner.java:332)
at org.testng.SuiteRunner.run(SuiteRunner.java:276)
at org.testng.SuiteRunnerWorker.runSuite(SuiteRunnerWorker.java:53)
at org.testng.SuiteRunnerWorker.run(SuiteRunnerWorker.java:96)
at org.testng.TestNG.runSuitesSequentially(TestNG.java:1212)
at org.testng.TestNG.runSuitesLocally(TestNG.java:1134)
at org.testng.TestNG.runSuites(TestNG.java:1063)
at org.testng.TestNG.run(TestNG.java:1031)
at org.testng.remote.AbstractRemoteTestNG.run(AbstractRemoteTestNG.java:115)
at org.testng.remote.RemoteTestNG.initAndRun(RemoteTestNG.java:251)
at org.testng.remote.RemoteTestNG.main(RemoteTestNG.java:77)
]]>
    </failure>
  </testcase> <!-- TC47verifyCSHBOX_FORCE_DECLARATIONOnCashDrawerReconciliation -->
  <testcase name="TC48verifySuggestedFloatAmountInCashDrawerRecon" time="38.959" classname="com.apex.testCases.CashDrawerMaintenance">
    <skipped/>
  </testcase> <!-- TC48verifySuggestedFloatAmountInCashDrawerRecon -->
  <testcase name="TC48verifySuggestedFloatAmountInCashDrawerRecon" time="39.061" classname="com.apex.testCases.CashDrawerMaintenance">
    <skipped/>
  </testcase> <!-- TC48verifySuggestedFloatAmountInCashDrawerRecon -->
  <testcase name="TC48verifySuggestedFloatAmountInCashDrawerRecon" time="38.259" classname="com.apex.testCases.CashDrawerMaintenance">
    <failure type="org.openqa.selenium.ElementNotInteractableException" message="element not interactable
  (Session info: chrome=110.0.5481.178)
Build info: version: &amp;apos;4.0.0&amp;apos;, revision: &amp;apos;3a21814679&amp;apos;
System info: host: &amp;apos;SEZLAP-13554T&amp;apos;, ip: &amp;apos;192.168.240.130&amp;apos;, os.name: &amp;apos;Windows 10&amp;apos;, os.arch: &amp;apos;amd64&amp;apos;, os.version: &amp;apos;10.0&amp;apos;, java.version: &amp;apos;1.8.0_311&amp;apos;
Driver info: org.openqa.selenium.chrome.ChromeDriver
Command: [3778cb56dc92bf9ca769586ad927bb05, clearElement {id=b7aadbac-9a7e-4b78-a29f-051ae73d3551}]
Capabilities {acceptInsecureCerts: false, browserName: chrome, browserVersion: 110.0.5481.178, chrome: {chromedriverVersion: 110.0.5481.77 (65ed616c6e8e..., userDataDir: C:\Users\Kapil\AppData\Loca...}, goog:chromeOptions: {debuggerAddress: localhost:65232}, javascriptEnabled: true, networkConnectionEnabled: false, pageLoadStrategy: normal, platform: WINDOWS, platformName: WINDOWS, proxy: Proxy(), se:cdp: ws://localhost:65232/devtoo..., se:cdpVersion: 110.0.5481.178, setWindowRect: true, strictFileInteractability: false, timeouts: {implicit: 0, pageLoad: 300000, script: 30000}, unhandledPromptBehavior: dismiss and notify, webauthn:extension:credBlob: true, webauthn:extension:largeBlob: true, webauthn:virtualAuthenticators: true}
Element: [[ChromeDriver: chrome on WINDOWS (3778cb56dc92bf9ca769586ad927bb05)] -&amp;gt; xpath: //div[contains(@id,&amp;apos;CASHIER_CONTAINER&amp;apos;)]//input[contains(@id,&amp;apos;CASHIER&amp;apos;)]]
Session ID: 3778cb56dc92bf9ca769586ad927bb05">
      <![CDATA[org.openqa.selenium.ElementNotInteractableException: element not interactable
  (Session info: chrome=110.0.5481.178)
Build info: version: '4.0.0', revision: '3a21814679'
System info: host: 'SEZLAP-13554T', ip: '192.168.240.130', os.name: 'Windows 10', os.arch: 'amd64', os.version: '10.0', java.version: '1.8.0_311'
Driver info: org.openqa.selenium.chrome.ChromeDriver
Command: [3778cb56dc92bf9ca769586ad927bb05, clearElement {id=b7aadbac-9a7e-4b78-a29f-051ae73d3551}]
Capabilities {acceptInsecureCerts: false, browserName: chrome, browserVersion: 110.0.5481.178, chrome: {chromedriverVersion: 110.0.5481.77 (65ed616c6e8e..., userDataDir: C:\Users\Kapil\AppData\Loca...}, goog:chromeOptions: {debuggerAddress: localhost:65232}, javascriptEnabled: true, networkConnectionEnabled: false, pageLoadStrategy: normal, platform: WINDOWS, platformName: WINDOWS, proxy: Proxy(), se:cdp: ws://localhost:65232/devtoo..., se:cdpVersion: 110.0.5481.178, setWindowRect: true, strictFileInteractability: false, timeouts: {implicit: 0, pageLoad: 300000, script: 30000}, unhandledPromptBehavior: dismiss and notify, webauthn:extension:credBlob: true, webauthn:extension:largeBlob: true, webauthn:virtualAuthenticators: true}
Element: [[ChromeDriver: chrome on WINDOWS (3778cb56dc92bf9ca769586ad927bb05)] -> xpath: //div[contains(@id,'CASHIER_CONTAINER')]//input[contains(@id,'CASHIER')]]
Session ID: 3778cb56dc92bf9ca769586ad927bb05
at sun.reflect.NativeConstructorAccessorImpl.newInstance0(Native Method)
at sun.reflect.NativeConstructorAccessorImpl.newInstance(NativeConstructorAccessorImpl.java:62)
at sun.reflect.DelegatingConstructorAccessorImpl.newInstance(DelegatingConstructorAccessorImpl.java:45)
at java.lang.reflect.Constructor.newInstance(Constructor.java:423)
at org.openqa.selenium.remote.codec.w3c.W3CHttpResponseCodec.createException(W3CHttpResponseCodec.java:200)
at org.openqa.selenium.remote.codec.w3c.W3CHttpResponseCodec.decode(W3CHttpResponseCodec.java:133)
at org.openqa.selenium.remote.codec.w3c.W3CHttpResponseCodec.decode(W3CHttpResponseCodec.java:53)
at org.openqa.selenium.remote.HttpCommandExecutor.execute(HttpCommandExecutor.java:184)
at org.openqa.selenium.remote.service.DriverCommandExecutor.invokeExecute(DriverCommandExecutor.java:164)
at org.openqa.selenium.remote.service.DriverCommandExecutor.execute(DriverCommandExecutor.java:139)
at org.openqa.selenium.remote.RemoteWebDriver.execute(RemoteWebDriver.java:559)
at org.openqa.selenium.remote.RemoteWebElement.execute(RemoteWebElement.java:251)
at org.openqa.selenium.remote.RemoteWebElement.clear(RemoteWebElement.java:126)
at com.apex.utils.ElementUtil.doSendKeys(ElementUtil.java:88)
at com.apex.pages.CashDrawerReconciliation.enterCashierUserIdAndPass(CashDrawerReconciliation.java:193)
at com.apex.testCases.CashDrawerMaintenance.TC48verifySuggestedFloatAmountInCashDrawerRecon(CashDrawerMaintenance.java:1380)
at sun.reflect.NativeMethodAccessorImpl.invoke0(Native Method)
at sun.reflect.NativeMethodAccessorImpl.invoke(NativeMethodAccessorImpl.java:62)
at sun.reflect.DelegatingMethodAccessorImpl.invoke(DelegatingMethodAccessorImpl.java:43)
at java.lang.reflect.Method.invoke(Method.java:498)
at org.testng.internal.MethodInvocationHelper.invokeMethod(MethodInvocationHelper.java:133)
at org.testng.internal.TestInvoker.invokeMethod(TestInvoker.java:598)
at org.testng.internal.TestInvoker.retryFailed(TestInvoker.java:213)
at org.testng.internal.MethodRunner.runInSequence(MethodRunner.java:58)
at org.testng.internal.TestInvoker$MethodInvocationAgent.invoke(TestInvoker.java:824)
at org.testng.internal.TestInvoker.invokeTestMethods(TestInvoker.java:146)
at org.testng.internal.TestMethodWorker.invokeTestMethods(TestMethodWorker.java:146)
at org.testng.internal.TestMethodWorker.run(TestMethodWorker.java:128)
at java.util.ArrayList.forEach(ArrayList.java:1259)
at org.testng.TestRunner.privateRun(TestRunner.java:794)
at org.testng.TestRunner.run(TestRunner.java:596)
at org.testng.SuiteRunner.runTest(SuiteRunner.java:377)
at org.testng.SuiteRunner.runSequentially(SuiteRunner.java:371)
at org.testng.SuiteRunner.privateRun(SuiteRunner.java:332)
at org.testng.SuiteRunner.run(SuiteRunner.java:276)
at org.testng.SuiteRunnerWorker.runSuite(SuiteRunnerWorker.java:53)
at org.testng.SuiteRunnerWorker.run(SuiteRunnerWorker.java:96)
at org.testng.TestNG.runSuitesSequentially(TestNG.java:1212)
at org.testng.TestNG.runSuitesLocally(TestNG.java:1134)
at org.testng.TestNG.runSuites(TestNG.java:1063)
at org.testng.TestNG.run(TestNG.java:1031)
at org.testng.remote.AbstractRemoteTestNG.run(AbstractRemoteTestNG.java:115)
at org.testng.remote.RemoteTestNG.initAndRun(RemoteTestNG.java:251)
at org.testng.remote.RemoteTestNG.main(RemoteTestNG.java:77)
]]>
    </failure>
  </testcase> <!-- TC48verifySuggestedFloatAmountInCashDrawerRecon -->
  <testcase name="TC49verifyTheActualAmountOnCashDrawerReconciliation" time="48.563" classname="com.apex.testCases.CashDrawerMaintenance">
    <skipped/>
  </testcase> <!-- TC49verifyTheActualAmountOnCashDrawerReconciliation -->
  <testcase name="TC49verifyTheActualAmountOnCashDrawerReconciliation" time="48.636" classname="com.apex.testCases.CashDrawerMaintenance">
    <skipped/>
  </testcase> <!-- TC49verifyTheActualAmountOnCashDrawerReconciliation -->
  <testcase name="TC49verifyTheActualAmountOnCashDrawerReconciliation" time="47.299" classname="com.apex.testCases.CashDrawerMaintenance">
    <failure type="org.openqa.selenium.ElementClickInterceptedException" message="element click intercepted: Element &amp;lt;button class=&amp;quot;t-Button t-Button--icon t-Button--iconRight t-Button--hot apex_disabled&amp;quot; onclick=&amp;quot;void(0);&amp;quot; type=&amp;quot;button&amp;quot; id=&amp;quot;Save&amp;quot;&amp;gt;...&amp;lt;/button&amp;gt; is not clickable at point (1060, 84). Other element would receive the click: &amp;lt;div class=&amp;quot;t-BreadcrumbRegion-buttons&amp;quot;&amp;gt;...&amp;lt;/div&amp;gt;
  (Session info: chrome=110.0.5481.178)
Build info: version: &amp;apos;4.0.0&amp;apos;, revision: &amp;apos;3a21814679&amp;apos;
System info: host: &amp;apos;SEZLAP-13554T&amp;apos;, ip: &amp;apos;192.168.240.130&amp;apos;, os.name: &amp;apos;Windows 10&amp;apos;, os.arch: &amp;apos;amd64&amp;apos;, os.version: &amp;apos;10.0&amp;apos;, java.version: &amp;apos;1.8.0_311&amp;apos;
Driver info: org.openqa.selenium.chrome.ChromeDriver
Command: [78549895c630e2a9e52b05a42a4667cf, clickElement {id=94b9c5b1-7ff4-4912-8f4d-5d7192be1dea}]
Capabilities {acceptInsecureCerts: false, browserName: chrome, browserVersion: 110.0.5481.178, chrome: {chromedriverVersion: 110.0.5481.77 (65ed616c6e8e..., userDataDir: C:\Users\Kapil\AppData\Loca...}, goog:chromeOptions: {debuggerAddress: localhost:65323}, javascriptEnabled: true, networkConnectionEnabled: false, pageLoadStrategy: normal, platform: WINDOWS, platformName: WINDOWS, proxy: Proxy(), se:cdp: ws://localhost:65323/devtoo..., se:cdpVersion: 110.0.5481.178, setWindowRect: true, strictFileInteractability: false, timeouts: {implicit: 0, pageLoad: 300000, script: 30000}, unhandledPromptBehavior: dismiss and notify, webauthn:extension:credBlob: true, webauthn:extension:largeBlob: true, webauthn:virtualAuthenticators: true}
Element: [[ChromeDriver: chrome on WINDOWS (78549895c630e2a9e52b05a42a4667cf)] -&amp;gt; xpath: (//*[@class=&amp;apos;t-BreadcrumbRegion-buttons&amp;apos;]//button)[1]]
Session ID: 78549895c630e2a9e52b05a42a4667cf">
      <![CDATA[org.openqa.selenium.ElementClickInterceptedException: element click intercepted: Element <button class="t-Button t-Button--icon t-Button--iconRight t-Button--hot apex_disabled" onclick="void(0);" type="button" id="Save">...</button> is not clickable at point (1060, 84). Other element would receive the click: <div class="t-BreadcrumbRegion-buttons">...</div>
  (Session info: chrome=110.0.5481.178)
Build info: version: '4.0.0', revision: '3a21814679'
System info: host: 'SEZLAP-13554T', ip: '192.168.240.130', os.name: 'Windows 10', os.arch: 'amd64', os.version: '10.0', java.version: '1.8.0_311'
Driver info: org.openqa.selenium.chrome.ChromeDriver
Command: [78549895c630e2a9e52b05a42a4667cf, clickElement {id=94b9c5b1-7ff4-4912-8f4d-5d7192be1dea}]
Capabilities {acceptInsecureCerts: false, browserName: chrome, browserVersion: 110.0.5481.178, chrome: {chromedriverVersion: 110.0.5481.77 (65ed616c6e8e..., userDataDir: C:\Users\Kapil\AppData\Loca...}, goog:chromeOptions: {debuggerAddress: localhost:65323}, javascriptEnabled: true, networkConnectionEnabled: false, pageLoadStrategy: normal, platform: WINDOWS, platformName: WINDOWS, proxy: Proxy(), se:cdp: ws://localhost:65323/devtoo..., se:cdpVersion: 110.0.5481.178, setWindowRect: true, strictFileInteractability: false, timeouts: {implicit: 0, pageLoad: 300000, script: 30000}, unhandledPromptBehavior: dismiss and notify, webauthn:extension:credBlob: true, webauthn:extension:largeBlob: true, webauthn:virtualAuthenticators: true}
Element: [[ChromeDriver: chrome on WINDOWS (78549895c630e2a9e52b05a42a4667cf)] -> xpath: (//*[@class='t-BreadcrumbRegion-buttons']//button)[1]]
Session ID: 78549895c630e2a9e52b05a42a4667cf
at sun.reflect.NativeConstructorAccessorImpl.newInstance0(Native Method)
at sun.reflect.NativeConstructorAccessorImpl.newInstance(NativeConstructorAccessorImpl.java:62)
at sun.reflect.DelegatingConstructorAccessorImpl.newInstance(DelegatingConstructorAccessorImpl.java:45)
at java.lang.reflect.Constructor.newInstance(Constructor.java:423)
at org.openqa.selenium.remote.codec.w3c.W3CHttpResponseCodec.createException(W3CHttpResponseCodec.java:200)
at org.openqa.selenium.remote.codec.w3c.W3CHttpResponseCodec.decode(W3CHttpResponseCodec.java:133)
at org.openqa.selenium.remote.codec.w3c.W3CHttpResponseCodec.decode(W3CHttpResponseCodec.java:53)
at org.openqa.selenium.remote.HttpCommandExecutor.execute(HttpCommandExecutor.java:184)
at org.openqa.selenium.remote.service.DriverCommandExecutor.invokeExecute(DriverCommandExecutor.java:164)
at org.openqa.selenium.remote.service.DriverCommandExecutor.execute(DriverCommandExecutor.java:139)
at org.openqa.selenium.remote.RemoteWebDriver.execute(RemoteWebDriver.java:559)
at org.openqa.selenium.remote.RemoteWebElement.execute(RemoteWebElement.java:251)
at org.openqa.selenium.remote.RemoteWebElement.click(RemoteWebElement.java:77)
at com.apex.utils.ElementUtil.doClick(ElementUtil.java:77)
at com.apex.pages.CashDrawerSetUp.clickOnSaveButton(CashDrawerSetUp.java:86)
at com.apex.testCases.CashDrawerMaintenance.TC49verifyTheActualAmountOnCashDrawerReconciliation(CashDrawerMaintenance.java:1446)
at sun.reflect.NativeMethodAccessorImpl.invoke0(Native Method)
at sun.reflect.NativeMethodAccessorImpl.invoke(NativeMethodAccessorImpl.java:62)
at sun.reflect.DelegatingMethodAccessorImpl.invoke(DelegatingMethodAccessorImpl.java:43)
at java.lang.reflect.Method.invoke(Method.java:498)
at org.testng.internal.MethodInvocationHelper.invokeMethod(MethodInvocationHelper.java:133)
at org.testng.internal.TestInvoker.invokeMethod(TestInvoker.java:598)
at org.testng.internal.TestInvoker.retryFailed(TestInvoker.java:213)
at org.testng.internal.MethodRunner.runInSequence(MethodRunner.java:58)
at org.testng.internal.TestInvoker$MethodInvocationAgent.invoke(TestInvoker.java:824)
at org.testng.internal.TestInvoker.invokeTestMethods(TestInvoker.java:146)
at org.testng.internal.TestMethodWorker.invokeTestMethods(TestMethodWorker.java:146)
at org.testng.internal.TestMethodWorker.run(TestMethodWorker.java:128)
at java.util.ArrayList.forEach(ArrayList.java:1259)
at org.testng.TestRunner.privateRun(TestRunner.java:794)
at org.testng.TestRunner.run(TestRunner.java:596)
at org.testng.SuiteRunner.runTest(SuiteRunner.java:377)
at org.testng.SuiteRunner.runSequentially(SuiteRunner.java:371)
at org.testng.SuiteRunner.privateRun(SuiteRunner.java:332)
at org.testng.SuiteRunner.run(SuiteRunner.java:276)
at org.testng.SuiteRunnerWorker.runSuite(SuiteRunnerWorker.java:53)
at org.testng.SuiteRunnerWorker.run(SuiteRunnerWorker.java:96)
at org.testng.TestNG.runSuitesSequentially(TestNG.java:1212)
at org.testng.TestNG.runSuitesLocally(TestNG.java:1134)
at org.testng.TestNG.runSuites(TestNG.java:1063)
at org.testng.TestNG.run(TestNG.java:1031)
at org.testng.remote.AbstractRemoteTestNG.run(AbstractRemoteTestNG.java:115)
at org.testng.remote.RemoteTestNG.initAndRun(RemoteTestNG.java:251)
at org.testng.remote.RemoteTestNG.main(RemoteTestNG.java:77)
]]>
    </failure>
  </testcase> <!-- TC49verifyTheActualAmountOnCashDrawerReconciliation -->
  <testcase name="TC51verifyINCLUDE_AR_CHARGESOnCashDrawerReconciliation" time="43.047" classname="com.apex.testCases.CashDrawerMaintenance"/>
  <testcase name="TC52verifyCASH_RECON_CHECK_AUTO_VERIFYOnCashDrawerReconciliation" time="39.819" classname="com.apex.testCases.CashDrawerMaintenance">
    <skipped/>
  </testcase> <!-- TC52verifyCASH_RECON_CHECK_AUTO_VERIFYOnCashDrawerReconciliation -->
  <testcase name="TC52verifyCASH_RECON_CHECK_AUTO_VERIFYOnCashDrawerReconciliation" time="39.231" classname="com.apex.testCases.CashDrawerMaintenance">
    <skipped/>
  </testcase> <!-- TC52verifyCASH_RECON_CHECK_AUTO_VERIFYOnCashDrawerReconciliation -->
  <testcase name="TC52verifyCASH_RECON_CHECK_AUTO_VERIFYOnCashDrawerReconciliation" time="40.454" classname="com.apex.testCases.CashDrawerMaintenance">
    <failure type="org.openqa.selenium.ElementNotInteractableException" message="element not interactable
  (Session info: chrome=110.0.5481.178)
Build info: version: &amp;apos;4.0.0&amp;apos;, revision: &amp;apos;3a21814679&amp;apos;
System info: host: &amp;apos;SEZLAP-13554T&amp;apos;, ip: &amp;apos;192.168.240.130&amp;apos;, os.name: &amp;apos;Windows 10&amp;apos;, os.arch: &amp;apos;amd64&amp;apos;, os.version: &amp;apos;10.0&amp;apos;, java.version: &amp;apos;1.8.0_311&amp;apos;
Driver info: org.openqa.selenium.chrome.ChromeDriver
Command: [658a51bd3e9581c933300d9163eb02f0, clearElement {id=44b50a42-7f85-4c12-a2b2-b111c68b6e7a}]
Capabilities {acceptInsecureCerts: false, browserName: chrome, browserVersion: 110.0.5481.178, chrome: {chromedriverVersion: 110.0.5481.77 (65ed616c6e8e..., userDataDir: C:\Users\Kapil\AppData\Loca...}, goog:chromeOptions: {debuggerAddress: localhost:65452}, javascriptEnabled: true, networkConnectionEnabled: false, pageLoadStrategy: normal, platform: WINDOWS, platformName: WINDOWS, proxy: Proxy(), se:cdp: ws://localhost:65452/devtoo..., se:cdpVersion: 110.0.5481.178, setWindowRect: true, strictFileInteractability: false, timeouts: {implicit: 0, pageLoad: 300000, script: 30000}, unhandledPromptBehavior: dismiss and notify, webauthn:extension:credBlob: true, webauthn:extension:largeBlob: true, webauthn:virtualAuthenticators: true}
Element: [[ChromeDriver: chrome on WINDOWS (658a51bd3e9581c933300d9163eb02f0)] -&amp;gt; xpath: //div[contains(@id,&amp;apos;CASHIER_CONTAINER&amp;apos;)]//input[contains(@id,&amp;apos;CASHIER&amp;apos;)]]
Session ID: 658a51bd3e9581c933300d9163eb02f0">
      <![CDATA[org.openqa.selenium.ElementNotInteractableException: element not interactable
  (Session info: chrome=110.0.5481.178)
Build info: version: '4.0.0', revision: '3a21814679'
System info: host: 'SEZLAP-13554T', ip: '192.168.240.130', os.name: 'Windows 10', os.arch: 'amd64', os.version: '10.0', java.version: '1.8.0_311'
Driver info: org.openqa.selenium.chrome.ChromeDriver
Command: [658a51bd3e9581c933300d9163eb02f0, clearElement {id=44b50a42-7f85-4c12-a2b2-b111c68b6e7a}]
Capabilities {acceptInsecureCerts: false, browserName: chrome, browserVersion: 110.0.5481.178, chrome: {chromedriverVersion: 110.0.5481.77 (65ed616c6e8e..., userDataDir: C:\Users\Kapil\AppData\Loca...}, goog:chromeOptions: {debuggerAddress: localhost:65452}, javascriptEnabled: true, networkConnectionEnabled: false, pageLoadStrategy: normal, platform: WINDOWS, platformName: WINDOWS, proxy: Proxy(), se:cdp: ws://localhost:65452/devtoo..., se:cdpVersion: 110.0.5481.178, setWindowRect: true, strictFileInteractability: false, timeouts: {implicit: 0, pageLoad: 300000, script: 30000}, unhandledPromptBehavior: dismiss and notify, webauthn:extension:credBlob: true, webauthn:extension:largeBlob: true, webauthn:virtualAuthenticators: true}
Element: [[ChromeDriver: chrome on WINDOWS (658a51bd3e9581c933300d9163eb02f0)] -> xpath: //div[contains(@id,'CASHIER_CONTAINER')]//input[contains(@id,'CASHIER')]]
Session ID: 658a51bd3e9581c933300d9163eb02f0
at sun.reflect.NativeConstructorAccessorImpl.newInstance0(Native Method)
at sun.reflect.NativeConstructorAccessorImpl.newInstance(NativeConstructorAccessorImpl.java:62)
at sun.reflect.DelegatingConstructorAccessorImpl.newInstance(DelegatingConstructorAccessorImpl.java:45)
at java.lang.reflect.Constructor.newInstance(Constructor.java:423)
at org.openqa.selenium.remote.codec.w3c.W3CHttpResponseCodec.createException(W3CHttpResponseCodec.java:200)
at org.openqa.selenium.remote.codec.w3c.W3CHttpResponseCodec.decode(W3CHttpResponseCodec.java:133)
at org.openqa.selenium.remote.codec.w3c.W3CHttpResponseCodec.decode(W3CHttpResponseCodec.java:53)
at org.openqa.selenium.remote.HttpCommandExecutor.execute(HttpCommandExecutor.java:184)
at org.openqa.selenium.remote.service.DriverCommandExecutor.invokeExecute(DriverCommandExecutor.java:164)
at org.openqa.selenium.remote.service.DriverCommandExecutor.execute(DriverCommandExecutor.java:139)
at org.openqa.selenium.remote.RemoteWebDriver.execute(RemoteWebDriver.java:559)
at org.openqa.selenium.remote.RemoteWebElement.execute(RemoteWebElement.java:251)
at org.openqa.selenium.remote.RemoteWebElement.clear(RemoteWebElement.java:126)
at com.apex.utils.ElementUtil.doSendKeys(ElementUtil.java:88)
at com.apex.pages.CashDrawerReconciliation.enterCashierUserIdAndPass(CashDrawerReconciliation.java:193)
at com.apex.testCases.CashDrawerMaintenance.TC52verifyCASH_RECON_CHECK_AUTO_VERIFYOnCashDrawerReconciliation(CashDrawerMaintenance.java:1631)
at sun.reflect.NativeMethodAccessorImpl.invoke0(Native Method)
at sun.reflect.NativeMethodAccessorImpl.invoke(NativeMethodAccessorImpl.java:62)
at sun.reflect.DelegatingMethodAccessorImpl.invoke(DelegatingMethodAccessorImpl.java:43)
at java.lang.reflect.Method.invoke(Method.java:498)
at org.testng.internal.MethodInvocationHelper.invokeMethod(MethodInvocationHelper.java:133)
at org.testng.internal.TestInvoker.invokeMethod(TestInvoker.java:598)
at org.testng.internal.TestInvoker.retryFailed(TestInvoker.java:213)
at org.testng.internal.MethodRunner.runInSequence(MethodRunner.java:58)
at org.testng.internal.TestInvoker$MethodInvocationAgent.invoke(TestInvoker.java:824)
at org.testng.internal.TestInvoker.invokeTestMethods(TestInvoker.java:146)
at org.testng.internal.TestMethodWorker.invokeTestMethods(TestMethodWorker.java:146)
at org.testng.internal.TestMethodWorker.run(TestMethodWorker.java:128)
at java.util.ArrayList.forEach(ArrayList.java:1259)
at org.testng.TestRunner.privateRun(TestRunner.java:794)
at org.testng.TestRunner.run(TestRunner.java:596)
at org.testng.SuiteRunner.runTest(SuiteRunner.java:377)
at org.testng.SuiteRunner.runSequentially(SuiteRunner.java:371)
at org.testng.SuiteRunner.privateRun(SuiteRunner.java:332)
at org.testng.SuiteRunner.run(SuiteRunner.java:276)
at org.testng.SuiteRunnerWorker.runSuite(SuiteRunnerWorker.java:53)
at org.testng.SuiteRunnerWorker.run(SuiteRunnerWorker.java:96)
at org.testng.TestNG.runSuitesSequentially(TestNG.java:1212)
at org.testng.TestNG.runSuitesLocally(TestNG.java:1134)
at org.testng.TestNG.runSuites(TestNG.java:1063)
at org.testng.TestNG.run(TestNG.java:1031)
at org.testng.remote.AbstractRemoteTestNG.run(AbstractRemoteTestNG.java:115)
at org.testng.remote.RemoteTestNG.initAndRun(RemoteTestNG.java:251)
at org.testng.remote.RemoteTestNG.main(RemoteTestNG.java:77)
]]>
    </failure>
  </testcase> <!-- TC52verifyCASH_RECON_CHECK_AUTO_VERIFYOnCashDrawerReconciliation -->
  <testcase name="TC53verifyRegisterLovshouldbematchingtherecordsasperMMSOOnCashDrawerReconciliation" time="35.42" classname="com.apex.testCases.CashDrawerMaintenance"/>
  <testcase name="TC54verifyCashBoxshouldbematchingtherecordsasperMMSOWithReg_IDOnCashDrawerReconciliation" time="40.694" classname="com.apex.testCases.CashDrawerMaintenance"/>
  <testcase name="TC55verifyExitButtonIsWorkingOnCashDrawerReconciliation" time="37.455" classname="com.apex.testCases.CashDrawerMaintenance">
    <skipped/>
  </testcase> <!-- TC55verifyExitButtonIsWorkingOnCashDrawerReconciliation -->
  <testcase name="TC55verifyExitButtonIsWorkingOnCashDrawerReconciliation" time="37.393" classname="com.apex.testCases.CashDrawerMaintenance">
    <skipped/>
  </testcase> <!-- TC55verifyExitButtonIsWorkingOnCashDrawerReconciliation -->
  <testcase name="TC55verifyExitButtonIsWorkingOnCashDrawerReconciliation" time="36.719" classname="com.apex.testCases.CashDrawerMaintenance">
    <failure type="org.openqa.selenium.ElementNotInteractableException" message="element not interactable
  (Session info: chrome=110.0.5481.178)
Build info: version: &amp;apos;4.0.0&amp;apos;, revision: &amp;apos;3a21814679&amp;apos;
System info: host: &amp;apos;SEZLAP-13554T&amp;apos;, ip: &amp;apos;192.168.240.130&amp;apos;, os.name: &amp;apos;Windows 10&amp;apos;, os.arch: &amp;apos;amd64&amp;apos;, os.version: &amp;apos;10.0&amp;apos;, java.version: &amp;apos;1.8.0_311&amp;apos;
Driver info: org.openqa.selenium.chrome.ChromeDriver
Command: [8c2a61ba4694c897292ed33c3c1a5bd9, clearElement {id=e63bae39-5aec-4414-8b45-b645ca2c48c2}]
Capabilities {acceptInsecureCerts: false, browserName: chrome, browserVersion: 110.0.5481.178, chrome: {chromedriverVersion: 110.0.5481.77 (65ed616c6e8e..., userDataDir: C:\Users\Kapil\AppData\Loca...}, goog:chromeOptions: {debuggerAddress: localhost:49221}, javascriptEnabled: true, networkConnectionEnabled: false, pageLoadStrategy: normal, platform: WINDOWS, platformName: WINDOWS, proxy: Proxy(), se:cdp: ws://localhost:49221/devtoo..., se:cdpVersion: 110.0.5481.178, setWindowRect: true, strictFileInteractability: false, timeouts: {implicit: 0, pageLoad: 300000, script: 30000}, unhandledPromptBehavior: dismiss and notify, webauthn:extension:credBlob: true, webauthn:extension:largeBlob: true, webauthn:virtualAuthenticators: true}
Element: [[ChromeDriver: chrome on WINDOWS (8c2a61ba4694c897292ed33c3c1a5bd9)] -&amp;gt; xpath: //div[contains(@id,&amp;apos;CASHIER_CONTAINER&amp;apos;)]//input[contains(@id,&amp;apos;CASHIER&amp;apos;)]]
Session ID: 8c2a61ba4694c897292ed33c3c1a5bd9">
      <![CDATA[org.openqa.selenium.ElementNotInteractableException: element not interactable
  (Session info: chrome=110.0.5481.178)
Build info: version: '4.0.0', revision: '3a21814679'
System info: host: 'SEZLAP-13554T', ip: '192.168.240.130', os.name: 'Windows 10', os.arch: 'amd64', os.version: '10.0', java.version: '1.8.0_311'
Driver info: org.openqa.selenium.chrome.ChromeDriver
Command: [8c2a61ba4694c897292ed33c3c1a5bd9, clearElement {id=e63bae39-5aec-4414-8b45-b645ca2c48c2}]
Capabilities {acceptInsecureCerts: false, browserName: chrome, browserVersion: 110.0.5481.178, chrome: {chromedriverVersion: 110.0.5481.77 (65ed616c6e8e..., userDataDir: C:\Users\Kapil\AppData\Loca...}, goog:chromeOptions: {debuggerAddress: localhost:49221}, javascriptEnabled: true, networkConnectionEnabled: false, pageLoadStrategy: normal, platform: WINDOWS, platformName: WINDOWS, proxy: Proxy(), se:cdp: ws://localhost:49221/devtoo..., se:cdpVersion: 110.0.5481.178, setWindowRect: true, strictFileInteractability: false, timeouts: {implicit: 0, pageLoad: 300000, script: 30000}, unhandledPromptBehavior: dismiss and notify, webauthn:extension:credBlob: true, webauthn:extension:largeBlob: true, webauthn:virtualAuthenticators: true}
Element: [[ChromeDriver: chrome on WINDOWS (8c2a61ba4694c897292ed33c3c1a5bd9)] -> xpath: //div[contains(@id,'CASHIER_CONTAINER')]//input[contains(@id,'CASHIER')]]
Session ID: 8c2a61ba4694c897292ed33c3c1a5bd9
at sun.reflect.NativeConstructorAccessorImpl.newInstance0(Native Method)
at sun.reflect.NativeConstructorAccessorImpl.newInstance(NativeConstructorAccessorImpl.java:62)
at sun.reflect.DelegatingConstructorAccessorImpl.newInstance(DelegatingConstructorAccessorImpl.java:45)
at java.lang.reflect.Constructor.newInstance(Constructor.java:423)
at org.openqa.selenium.remote.codec.w3c.W3CHttpResponseCodec.createException(W3CHttpResponseCodec.java:200)
at org.openqa.selenium.remote.codec.w3c.W3CHttpResponseCodec.decode(W3CHttpResponseCodec.java:133)
at org.openqa.selenium.remote.codec.w3c.W3CHttpResponseCodec.decode(W3CHttpResponseCodec.java:53)
at org.openqa.selenium.remote.HttpCommandExecutor.execute(HttpCommandExecutor.java:184)
at org.openqa.selenium.remote.service.DriverCommandExecutor.invokeExecute(DriverCommandExecutor.java:164)
at org.openqa.selenium.remote.service.DriverCommandExecutor.execute(DriverCommandExecutor.java:139)
at org.openqa.selenium.remote.RemoteWebDriver.execute(RemoteWebDriver.java:559)
at org.openqa.selenium.remote.RemoteWebElement.execute(RemoteWebElement.java:251)
at org.openqa.selenium.remote.RemoteWebElement.clear(RemoteWebElement.java:126)
at com.apex.utils.ElementUtil.doSendKeys(ElementUtil.java:88)
at com.apex.pages.CashDrawerReconciliation.enterCashierUserIdAndPass(CashDrawerReconciliation.java:193)
at com.apex.testCases.CashDrawerMaintenance.TC55verifyExitButtonIsWorkingOnCashDrawerReconciliation(CashDrawerMaintenance.java:1754)
at sun.reflect.NativeMethodAccessorImpl.invoke0(Native Method)
at sun.reflect.NativeMethodAccessorImpl.invoke(NativeMethodAccessorImpl.java:62)
at sun.reflect.DelegatingMethodAccessorImpl.invoke(DelegatingMethodAccessorImpl.java:43)
at java.lang.reflect.Method.invoke(Method.java:498)
at org.testng.internal.MethodInvocationHelper.invokeMethod(MethodInvocationHelper.java:133)
at org.testng.internal.TestInvoker.invokeMethod(TestInvoker.java:598)
at org.testng.internal.TestInvoker.retryFailed(TestInvoker.java:213)
at org.testng.internal.MethodRunner.runInSequence(MethodRunner.java:58)
at org.testng.internal.TestInvoker$MethodInvocationAgent.invoke(TestInvoker.java:824)
at org.testng.internal.TestInvoker.invokeTestMethods(TestInvoker.java:146)
at org.testng.internal.TestMethodWorker.invokeTestMethods(TestMethodWorker.java:146)
at org.testng.internal.TestMethodWorker.run(TestMethodWorker.java:128)
at java.util.ArrayList.forEach(ArrayList.java:1259)
at org.testng.TestRunner.privateRun(TestRunner.java:794)
at org.testng.TestRunner.run(TestRunner.java:596)
at org.testng.SuiteRunner.runTest(SuiteRunner.java:377)
at org.testng.SuiteRunner.runSequentially(SuiteRunner.java:371)
at org.testng.SuiteRunner.privateRun(SuiteRunner.java:332)
at org.testng.SuiteRunner.run(SuiteRunner.java:276)
at org.testng.SuiteRunnerWorker.runSuite(SuiteRunnerWorker.java:53)
at org.testng.SuiteRunnerWorker.run(SuiteRunnerWorker.java:96)
at org.testng.TestNG.runSuitesSequentially(TestNG.java:1212)
at org.testng.TestNG.runSuitesLocally(TestNG.java:1134)
at org.testng.TestNG.runSuites(TestNG.java:1063)
at org.testng.TestNG.run(TestNG.java:1031)
at org.testng.remote.AbstractRemoteTestNG.run(AbstractRemoteTestNG.java:115)
at org.testng.remote.RemoteTestNG.initAndRun(RemoteTestNG.java:251)
at org.testng.remote.RemoteTestNG.main(RemoteTestNG.java:77)
]]>
    </failure>
  </testcase> <!-- TC55verifyExitButtonIsWorkingOnCashDrawerReconciliation -->
  <testcase name="TC56verifyAuthorizationWindowWithWrongCredentailOnCashDrawerReconciliation" time="37.751" classname="com.apex.testCases.CashDrawerMaintenance">
    <skipped/>
  </testcase> <!-- TC56verifyAuthorizationWindowWithWrongCredentailOnCashDrawerReconciliation -->
  <testcase name="TC56verifyAuthorizationWindowWithWrongCredentailOnCashDrawerReconciliation" time="38.981" classname="com.apex.testCases.CashDrawerMaintenance">
    <skipped/>
  </testcase> <!-- TC56verifyAuthorizationWindowWithWrongCredentailOnCashDrawerReconciliation -->
  <testcase name="TC56verifyAuthorizationWindowWithWrongCredentailOnCashDrawerReconciliation" time="38.982" classname="com.apex.testCases.CashDrawerMaintenance">
    <failure type="org.openqa.selenium.ElementNotInteractableException" message="element not interactable
  (Session info: chrome=110.0.5481.178)
Build info: version: &amp;apos;4.0.0&amp;apos;, revision: &amp;apos;3a21814679&amp;apos;
System info: host: &amp;apos;SEZLAP-13554T&amp;apos;, ip: &amp;apos;192.168.240.130&amp;apos;, os.name: &amp;apos;Windows 10&amp;apos;, os.arch: &amp;apos;amd64&amp;apos;, os.version: &amp;apos;10.0&amp;apos;, java.version: &amp;apos;1.8.0_311&amp;apos;
Driver info: org.openqa.selenium.chrome.ChromeDriver
Command: [df241c4dd0376bcbc69420776e31a51f, clearElement {id=b50ae29b-a1e8-43eb-aa80-24626cce761f}]
Capabilities {acceptInsecureCerts: false, browserName: chrome, browserVersion: 110.0.5481.178, chrome: {chromedriverVersion: 110.0.5481.77 (65ed616c6e8e..., userDataDir: C:\Users\Kapil\AppData\Loca...}, goog:chromeOptions: {debuggerAddress: localhost:49310}, javascriptEnabled: true, networkConnectionEnabled: false, pageLoadStrategy: normal, platform: WINDOWS, platformName: WINDOWS, proxy: Proxy(), se:cdp: ws://localhost:49310/devtoo..., se:cdpVersion: 110.0.5481.178, setWindowRect: true, strictFileInteractability: false, timeouts: {implicit: 0, pageLoad: 300000, script: 30000}, unhandledPromptBehavior: dismiss and notify, webauthn:extension:credBlob: true, webauthn:extension:largeBlob: true, webauthn:virtualAuthenticators: true}
Element: [[ChromeDriver: chrome on WINDOWS (df241c4dd0376bcbc69420776e31a51f)] -&amp;gt; xpath: //div[contains(@id,&amp;apos;CASHIER_CONTAINER&amp;apos;)]//input[contains(@id,&amp;apos;CASHIER&amp;apos;)]]
Session ID: df241c4dd0376bcbc69420776e31a51f">
      <![CDATA[org.openqa.selenium.ElementNotInteractableException: element not interactable
  (Session info: chrome=110.0.5481.178)
Build info: version: '4.0.0', revision: '3a21814679'
System info: host: 'SEZLAP-13554T', ip: '192.168.240.130', os.name: 'Windows 10', os.arch: 'amd64', os.version: '10.0', java.version: '1.8.0_311'
Driver info: org.openqa.selenium.chrome.ChromeDriver
Command: [df241c4dd0376bcbc69420776e31a51f, clearElement {id=b50ae29b-a1e8-43eb-aa80-24626cce761f}]
Capabilities {acceptInsecureCerts: false, browserName: chrome, browserVersion: 110.0.5481.178, chrome: {chromedriverVersion: 110.0.5481.77 (65ed616c6e8e..., userDataDir: C:\Users\Kapil\AppData\Loca...}, goog:chromeOptions: {debuggerAddress: localhost:49310}, javascriptEnabled: true, networkConnectionEnabled: false, pageLoadStrategy: normal, platform: WINDOWS, platformName: WINDOWS, proxy: Proxy(), se:cdp: ws://localhost:49310/devtoo..., se:cdpVersion: 110.0.5481.178, setWindowRect: true, strictFileInteractability: false, timeouts: {implicit: 0, pageLoad: 300000, script: 30000}, unhandledPromptBehavior: dismiss and notify, webauthn:extension:credBlob: true, webauthn:extension:largeBlob: true, webauthn:virtualAuthenticators: true}
Element: [[ChromeDriver: chrome on WINDOWS (df241c4dd0376bcbc69420776e31a51f)] -> xpath: //div[contains(@id,'CASHIER_CONTAINER')]//input[contains(@id,'CASHIER')]]
Session ID: df241c4dd0376bcbc69420776e31a51f
at sun.reflect.NativeConstructorAccessorImpl.newInstance0(Native Method)
at sun.reflect.NativeConstructorAccessorImpl.newInstance(NativeConstructorAccessorImpl.java:62)
at sun.reflect.DelegatingConstructorAccessorImpl.newInstance(DelegatingConstructorAccessorImpl.java:45)
at java.lang.reflect.Constructor.newInstance(Constructor.java:423)
at org.openqa.selenium.remote.codec.w3c.W3CHttpResponseCodec.createException(W3CHttpResponseCodec.java:200)
at org.openqa.selenium.remote.codec.w3c.W3CHttpResponseCodec.decode(W3CHttpResponseCodec.java:133)
at org.openqa.selenium.remote.codec.w3c.W3CHttpResponseCodec.decode(W3CHttpResponseCodec.java:53)
at org.openqa.selenium.remote.HttpCommandExecutor.execute(HttpCommandExecutor.java:184)
at org.openqa.selenium.remote.service.DriverCommandExecutor.invokeExecute(DriverCommandExecutor.java:164)
at org.openqa.selenium.remote.service.DriverCommandExecutor.execute(DriverCommandExecutor.java:139)
at org.openqa.selenium.remote.RemoteWebDriver.execute(RemoteWebDriver.java:559)
at org.openqa.selenium.remote.RemoteWebElement.execute(RemoteWebElement.java:251)
at org.openqa.selenium.remote.RemoteWebElement.clear(RemoteWebElement.java:126)
at com.apex.utils.ElementUtil.doSendKeys(ElementUtil.java:88)
at com.apex.pages.CashDrawerReconciliation.enterCashierUserIdAndPass(CashDrawerReconciliation.java:193)
at com.apex.testCases.CashDrawerMaintenance.TC56verifyAuthorizationWindowWithWrongCredentailOnCashDrawerReconciliation(CashDrawerMaintenance.java:1805)
at sun.reflect.NativeMethodAccessorImpl.invoke0(Native Method)
at sun.reflect.NativeMethodAccessorImpl.invoke(NativeMethodAccessorImpl.java:62)
at sun.reflect.DelegatingMethodAccessorImpl.invoke(DelegatingMethodAccessorImpl.java:43)
at java.lang.reflect.Method.invoke(Method.java:498)
at org.testng.internal.MethodInvocationHelper.invokeMethod(MethodInvocationHelper.java:133)
at org.testng.internal.TestInvoker.invokeMethod(TestInvoker.java:598)
at org.testng.internal.TestInvoker.retryFailed(TestInvoker.java:213)
at org.testng.internal.MethodRunner.runInSequence(MethodRunner.java:58)
at org.testng.internal.TestInvoker$MethodInvocationAgent.invoke(TestInvoker.java:824)
at org.testng.internal.TestInvoker.invokeTestMethods(TestInvoker.java:146)
at org.testng.internal.TestMethodWorker.invokeTestMethods(TestMethodWorker.java:146)
at org.testng.internal.TestMethodWorker.run(TestMethodWorker.java:128)
at java.util.ArrayList.forEach(ArrayList.java:1259)
at org.testng.TestRunner.privateRun(TestRunner.java:794)
at org.testng.TestRunner.run(TestRunner.java:596)
at org.testng.SuiteRunner.runTest(SuiteRunner.java:377)
at org.testng.SuiteRunner.runSequentially(SuiteRunner.java:371)
at org.testng.SuiteRunner.privateRun(SuiteRunner.java:332)
at org.testng.SuiteRunner.run(SuiteRunner.java:276)
at org.testng.SuiteRunnerWorker.runSuite(SuiteRunnerWorker.java:53)
at org.testng.SuiteRunnerWorker.run(SuiteRunnerWorker.java:96)
at org.testng.TestNG.runSuitesSequentially(TestNG.java:1212)
at org.testng.TestNG.runSuitesLocally(TestNG.java:1134)
at org.testng.TestNG.runSuites(TestNG.java:1063)
at org.testng.TestNG.run(TestNG.java:1031)
at org.testng.remote.AbstractRemoteTestNG.run(AbstractRemoteTestNG.java:115)
at org.testng.remote.RemoteTestNG.initAndRun(RemoteTestNG.java:251)
at org.testng.remote.RemoteTestNG.main(RemoteTestNG.java:77)
]]>
    </failure>
  </testcase> <!-- TC56verifyAuthorizationWindowWithWrongCredentailOnCashDrawerReconciliation -->
  <testcase name="TC58verifyCashBoxshouldbematchingtherecordsasperMMSOWithoutRegIDOnCashDrawerReconciliation" time="40.484" classname="com.apex.testCases.CashDrawerMaintenance"/>
  <testcase name="TC59verifyCASH_RECON_USER_NOTDECL_USEROnCashDrawerReconciliation" time="71.687" classname="com.apex.testCases.CashDrawerMaintenance"/>
  <testcase name="verifyAuthCancelButtonOnCashdrawerSetupScreen" time="20.971" classname="com.apex.testCases.CashDrawerMaintenance"/>
  <testcase name="TC57verifyCoinsCurrencyandTenderSectionOnCashDrawerReconciliation" time="0.0" classname="com.apex.testCases.CashDrawerMaintenance">
    <ignored/>
  </testcase> <!-- TC57verifyCoinsCurrencyandTenderSectionOnCashDrawerReconciliation -->
</testsuite> <!-- Test -->
