<?xml version="1.0" encoding="UTF-8"?>
<!-- Generated by org.testng.reporters.JUnitXMLReporter -->
<testsuite hostname="SEZLAP-13554T" ignored="56" name="Test(failed)" tests="9" failures="3" timestamp="2022-12-29T14:45:00 IST" time="712.612" errors="0">
  <testcase name="TC47verifyCSHBOX_FORCE_DECLARATIONOnCashDrawerReconciliation" time="87.209" classname="com.apex.testCases.CashDrawerMaintenance">
    <skipped/>
  </testcase> <!-- TC47verifyCSHBOX_FORCE_DECLARATIONOnCashDrawerReconciliation -->
  <testcase name="TC47verifyCSHBOX_FORCE_DECLARATIONOnCashDrawerReconciliation" time="38.654" classname="com.apex.testCases.CashDrawerMaintenance">
    <skipped/>
  </testcase> <!-- TC47verifyCSHBOX_FORCE_DECLARATIONOnCashDrawerReconciliation -->
  <testcase name="TC47verifyCSHBOX_FORCE_DECLARATIONOnCashDrawerReconciliation" time="103.939" classname="com.apex.testCases.CashDrawerMaintenance">
    <failure type="org.openqa.selenium.TimeoutException" message="Expected condition failed: waiting for visibility of element located by By.xpath: //div[contains(@id,&amp;apos;ui-id&amp;apos;)]//p (tried for 7 second(s) with 7000 milliseconds interval)
Build info: version: &amp;apos;4.0.0&amp;apos;, revision: &amp;apos;3a21814679&amp;apos;
System info: host: &amp;apos;SEZLAP-13554T&amp;apos;, ip: &amp;apos;192.168.240.4&amp;apos;, os.name: &amp;apos;Windows 10&amp;apos;, os.arch: &amp;apos;amd64&amp;apos;, os.version: &amp;apos;10.0&amp;apos;, java.version: &amp;apos;1.8.0_311&amp;apos;
Driver info: org.openqa.selenium.chrome.ChromeDriver
Capabilities {acceptInsecureCerts: false, browserName: chrome, browserVersion: 108.0.5359.125, chrome: {chromedriverVersion: 108.0.5359.71 (1e0e3868ee06..., userDataDir: C:\Users\Kapil\AppData\Loca...}, goog:chromeOptions: {debuggerAddress: localhost:60020}, javascriptEnabled: true, networkConnectionEnabled: false, pageLoadStrategy: normal, platform: WINDOWS, platformName: WINDOWS, proxy: Proxy(), se:cdp: ws://localhost:60020/devtoo..., se:cdpVersion: 108.0.5359.125, setWindowRect: true, strictFileInteractability: false, timeouts: {implicit: 0, pageLoad: 300000, script: 30000}, unhandledPromptBehavior: dismiss and notify, webauthn:extension:credBlob: true, webauthn:extension:largeBlob: true, webauthn:virtualAuthenticators: true}
Session ID: 87e3c4f76905fa691f8fb36a7919961c">
      <![CDATA[org.openqa.selenium.TimeoutException: Expected condition failed: waiting for visibility of element located by By.xpath: //div[contains(@id,'ui-id')]//p (tried for 7 second(s) with 7000 milliseconds interval)
Build info: version: '4.0.0', revision: '3a21814679'
System info: host: 'SEZLAP-13554T', ip: '192.168.240.4', os.name: 'Windows 10', os.arch: 'amd64', os.version: '10.0', java.version: '1.8.0_311'
Driver info: org.openqa.selenium.chrome.ChromeDriver
Capabilities {acceptInsecureCerts: false, browserName: chrome, browserVersion: 108.0.5359.125, chrome: {chromedriverVersion: 108.0.5359.71 (1e0e3868ee06..., userDataDir: C:\Users\Kapil\AppData\Loca...}, goog:chromeOptions: {debuggerAddress: localhost:60020}, javascriptEnabled: true, networkConnectionEnabled: false, pageLoadStrategy: normal, platform: WINDOWS, platformName: WINDOWS, proxy: Proxy(), se:cdp: ws://localhost:60020/devtoo..., se:cdpVersion: 108.0.5359.125, setWindowRect: true, strictFileInteractability: false, timeouts: {implicit: 0, pageLoad: 300000, script: 30000}, unhandledPromptBehavior: dismiss and notify, webauthn:extension:credBlob: true, webauthn:extension:largeBlob: true, webauthn:virtualAuthenticators: true}
Session ID: 87e3c4f76905fa691f8fb36a7919961c
at org.openqa.selenium.support.ui.WebDriverWait.timeoutException(WebDriverWait.java:138)
at org.openqa.selenium.support.ui.FluentWait.until(FluentWait.java:231)
at com.apex.utils.ElementUtil.waitForElementVisible(ElementUtil.java:594)
at com.apex.utils.ElementUtil.doIsDisplayed(ElementUtil.java:139)
at com.apex.testCases.CashDrawerMaintenance.TC47verifyCSHBOX_FORCE_DECLARATIONOnCashDrawerReconciliation(CashDrawerMaintenance.java:1290)
at sun.reflect.NativeMethodAccessorImpl.invoke0(Native Method)
at sun.reflect.NativeMethodAccessorImpl.invoke(NativeMethodAccessorImpl.java:62)
at sun.reflect.DelegatingMethodAccessorImpl.invoke(DelegatingMethodAccessorImpl.java:43)
at java.lang.reflect.Method.invoke(Method.java:498)
at org.testng.internal.MethodInvocationHelper.invokeMethod(MethodInvocationHelper.java:133)
at org.testng.internal.TestInvoker.invokeMethod(TestInvoker.java:598)
at org.testng.internal.TestInvoker.retryFailed(TestInvoker.java:213)
at org.testng.internal.MethodRunner.runInSequence(MethodRunner.java:58)
at org.testng.internal.TestInvoker$MethodInvocationAgent.invoke(TestInvoker.java:824)
at org.testng.internal.TestInvoker.invokeTestMethods(TestInvoker.java:146)
at org.testng.internal.TestMethodWorker.invokeTestMethods(TestMethodWorker.java:146)
at org.testng.internal.TestMethodWorker.run(TestMethodWorker.java:128)
at java.util.ArrayList.forEach(ArrayList.java:1259)
at org.testng.TestRunner.privateRun(TestRunner.java:794)
at org.testng.TestRunner.run(TestRunner.java:596)
at org.testng.SuiteRunner.runTest(SuiteRunner.java:377)
at org.testng.SuiteRunner.runSequentially(SuiteRunner.java:371)
at org.testng.SuiteRunner.privateRun(SuiteRunner.java:332)
at org.testng.SuiteRunner.run(SuiteRunner.java:276)
at org.testng.SuiteRunnerWorker.runSuite(SuiteRunnerWorker.java:53)
at org.testng.SuiteRunnerWorker.run(SuiteRunnerWorker.java:96)
at org.testng.TestNG.runSuitesSequentially(TestNG.java:1212)
at org.testng.TestNG.runSuitesLocally(TestNG.java:1134)
at org.testng.TestNG.runSuites(TestNG.java:1063)
at org.testng.TestNG.run(TestNG.java:1031)
at org.testng.remote.AbstractRemoteTestNG.run(AbstractRemoteTestNG.java:115)
at org.testng.remote.RemoteTestNG.initAndRun(RemoteTestNG.java:251)
at org.testng.remote.RemoteTestNG.main(RemoteTestNG.java:77)
]]>
    </failure>
  </testcase> <!-- TC47verifyCSHBOX_FORCE_DECLARATIONOnCashDrawerReconciliation -->
  <testcase name="TC57verifyCoinsCurrencyandTenderSectionOnCashDrawerReconciliation" time="100.448" classname="com.apex.testCases.CashDrawerMaintenance">
    <skipped/>
  </testcase> <!-- TC57verifyCoinsCurrencyandTenderSectionOnCashDrawerReconciliation -->
  <testcase name="TC57verifyCoinsCurrencyandTenderSectionOnCashDrawerReconciliation" time="74.626" classname="com.apex.testCases.CashDrawerMaintenance">
    <skipped/>
  </testcase> <!-- TC57verifyCoinsCurrencyandTenderSectionOnCashDrawerReconciliation -->
  <testcase name="TC57verifyCoinsCurrencyandTenderSectionOnCashDrawerReconciliation" time="73.507" classname="com.apex.testCases.CashDrawerMaintenance">
    <failure type="org.openqa.selenium.StaleElementReferenceException" message="stale element reference: element is not attached to the page document
  (Session info: chrome=108.0.5359.125)
For documentation on this error, please visit: https://selenium.dev/exceptions/#stale_element_reference
Build info: version: &amp;apos;4.0.0&amp;apos;, revision: &amp;apos;3a21814679&amp;apos;
System info: host: &amp;apos;SEZLAP-13554T&amp;apos;, ip: &amp;apos;192.168.240.4&amp;apos;, os.name: &amp;apos;Windows 10&amp;apos;, os.arch: &amp;apos;amd64&amp;apos;, os.version: &amp;apos;10.0&amp;apos;, java.version: &amp;apos;1.8.0_311&amp;apos;
Driver info: org.openqa.selenium.chrome.ChromeDriver
Command: [8abcd97692dc5120cd9864e7576b3b30, getElementAttribute {id=33904e27-9d71-481d-bddb-29ea751eea08, name=value}]
Capabilities {acceptInsecureCerts: false, browserName: chrome, browserVersion: 108.0.5359.125, chrome: {chromedriverVersion: 108.0.5359.71 (1e0e3868ee06..., userDataDir: C:\Users\Kapil\AppData\Loca...}, goog:chromeOptions: {debuggerAddress: localhost:60237}, javascriptEnabled: true, networkConnectionEnabled: false, pageLoadStrategy: normal, platform: WINDOWS, platformName: WINDOWS, proxy: Proxy(), se:cdp: ws://localhost:60237/devtoo..., se:cdpVersion: 108.0.5359.125, setWindowRect: true, strictFileInteractability: false, timeouts: {implicit: 0, pageLoad: 300000, script: 30000}, unhandledPromptBehavior: dismiss and notify, webauthn:extension:credBlob: true, webauthn:extension:largeBlob: true, webauthn:virtualAuthenticators: true}
Element: [[ChromeDriver: chrome on WINDOWS (8abcd97692dc5120cd9864e7576b3b30)] -&amp;gt; xpath: //div[@id=&amp;apos;tender_ir_data_panel&amp;apos;]//table//tbody/tr[6]/td[2]//input]
Session ID: 8abcd97692dc5120cd9864e7576b3b30">
      <![CDATA[org.openqa.selenium.StaleElementReferenceException: stale element reference: element is not attached to the page document
  (Session info: chrome=108.0.5359.125)
For documentation on this error, please visit: https://selenium.dev/exceptions/#stale_element_reference
Build info: version: '4.0.0', revision: '3a21814679'
System info: host: 'SEZLAP-13554T', ip: '192.168.240.4', os.name: 'Windows 10', os.arch: 'amd64', os.version: '10.0', java.version: '1.8.0_311'
Driver info: org.openqa.selenium.chrome.ChromeDriver
Command: [8abcd97692dc5120cd9864e7576b3b30, getElementAttribute {id=33904e27-9d71-481d-bddb-29ea751eea08, name=value}]
Capabilities {acceptInsecureCerts: false, browserName: chrome, browserVersion: 108.0.5359.125, chrome: {chromedriverVersion: 108.0.5359.71 (1e0e3868ee06..., userDataDir: C:\Users\Kapil\AppData\Loca...}, goog:chromeOptions: {debuggerAddress: localhost:60237}, javascriptEnabled: true, networkConnectionEnabled: false, pageLoadStrategy: normal, platform: WINDOWS, platformName: WINDOWS, proxy: Proxy(), se:cdp: ws://localhost:60237/devtoo..., se:cdpVersion: 108.0.5359.125, setWindowRect: true, strictFileInteractability: false, timeouts: {implicit: 0, pageLoad: 300000, script: 30000}, unhandledPromptBehavior: dismiss and notify, webauthn:extension:credBlob: true, webauthn:extension:largeBlob: true, webauthn:virtualAuthenticators: true}
Element: [[ChromeDriver: chrome on WINDOWS (8abcd97692dc5120cd9864e7576b3b30)] -> xpath: //div[@id='tender_ir_data_panel']//table//tbody/tr[6]/td[2]//input]
Session ID: 8abcd97692dc5120cd9864e7576b3b30
at sun.reflect.NativeConstructorAccessorImpl.newInstance0(Native Method)
at sun.reflect.NativeConstructorAccessorImpl.newInstance(NativeConstructorAccessorImpl.java:62)
at sun.reflect.DelegatingConstructorAccessorImpl.newInstance(DelegatingConstructorAccessorImpl.java:45)
at java.lang.reflect.Constructor.newInstance(Constructor.java:423)
at org.openqa.selenium.remote.codec.w3c.W3CHttpResponseCodec.createException(W3CHttpResponseCodec.java:200)
at org.openqa.selenium.remote.codec.w3c.W3CHttpResponseCodec.decode(W3CHttpResponseCodec.java:133)
at org.openqa.selenium.remote.codec.w3c.W3CHttpResponseCodec.decode(W3CHttpResponseCodec.java:53)
at org.openqa.selenium.remote.HttpCommandExecutor.execute(HttpCommandExecutor.java:184)
at org.openqa.selenium.remote.service.DriverCommandExecutor.invokeExecute(DriverCommandExecutor.java:164)
at org.openqa.selenium.remote.service.DriverCommandExecutor.execute(DriverCommandExecutor.java:139)
at org.openqa.selenium.remote.RemoteWebDriver.execute(RemoteWebDriver.java:559)
at org.openqa.selenium.remote.RemoteWebElement.execute(RemoteWebElement.java:251)
at org.openqa.selenium.remote.RemoteWebElement.getAttribute(RemoteWebElement.java:152)
at com.apex.utils.ElementUtil.doGetAttribute(ElementUtil.java:125)
at com.apex.pages.CashDrawerReconciliation.getValueFromTenderSectionActualAmount(CashDrawerReconciliation.java:282)
at com.apex.testCases.CashDrawerMaintenance.TC57verifyCoinsCurrencyandTenderSectionOnCashDrawerReconciliation(CashDrawerMaintenance.java:1844)
at sun.reflect.NativeMethodAccessorImpl.invoke0(Native Method)
at sun.reflect.NativeMethodAccessorImpl.invoke(NativeMethodAccessorImpl.java:62)
at sun.reflect.DelegatingMethodAccessorImpl.invoke(DelegatingMethodAccessorImpl.java:43)
at java.lang.reflect.Method.invoke(Method.java:498)
at org.testng.internal.MethodInvocationHelper.invokeMethod(MethodInvocationHelper.java:133)
at org.testng.internal.TestInvoker.invokeMethod(TestInvoker.java:598)
at org.testng.internal.TestInvoker.retryFailed(TestInvoker.java:213)
at org.testng.internal.MethodRunner.runInSequence(MethodRunner.java:58)
at org.testng.internal.TestInvoker$MethodInvocationAgent.invoke(TestInvoker.java:824)
at org.testng.internal.TestInvoker.invokeTestMethods(TestInvoker.java:146)
at org.testng.internal.TestMethodWorker.invokeTestMethods(TestMethodWorker.java:146)
at org.testng.internal.TestMethodWorker.run(TestMethodWorker.java:128)
at java.util.ArrayList.forEach(ArrayList.java:1259)
at org.testng.TestRunner.privateRun(TestRunner.java:794)
at org.testng.TestRunner.run(TestRunner.java:596)
at org.testng.SuiteRunner.runTest(SuiteRunner.java:377)
at org.testng.SuiteRunner.runSequentially(SuiteRunner.java:371)
at org.testng.SuiteRunner.privateRun(SuiteRunner.java:332)
at org.testng.SuiteRunner.run(SuiteRunner.java:276)
at org.testng.SuiteRunnerWorker.runSuite(SuiteRunnerWorker.java:53)
at org.testng.SuiteRunnerWorker.run(SuiteRunnerWorker.java:96)
at org.testng.TestNG.runSuitesSequentially(TestNG.java:1212)
at org.testng.TestNG.runSuitesLocally(TestNG.java:1134)
at org.testng.TestNG.runSuites(TestNG.java:1063)
at org.testng.TestNG.run(TestNG.java:1031)
at org.testng.remote.AbstractRemoteTestNG.run(AbstractRemoteTestNG.java:115)
at org.testng.remote.RemoteTestNG.initAndRun(RemoteTestNG.java:251)
at org.testng.remote.RemoteTestNG.main(RemoteTestNG.java:77)
]]>
    </failure>
  </testcase> <!-- TC57verifyCoinsCurrencyandTenderSectionOnCashDrawerReconciliation -->
  <testcase name="TC49verifyTheActualAmountOnCashDrawerReconciliation" time="34.677" classname="com.apex.testCases.CashDrawerMaintenance">
    <skipped/>
  </testcase> <!-- TC49verifyTheActualAmountOnCashDrawerReconciliation -->
  <testcase name="TC49verifyTheActualAmountOnCashDrawerReconciliation" time="91.386" classname="com.apex.testCases.CashDrawerMaintenance">
    <skipped/>
  </testcase> <!-- TC49verifyTheActualAmountOnCashDrawerReconciliation -->
  <testcase name="TC49verifyTheActualAmountOnCashDrawerReconciliation" time="37.956" classname="com.apex.testCases.CashDrawerMaintenance">
    <failure type="org.openqa.selenium.ElementClickInterceptedException" message="element click intercepted: Element &amp;lt;button class=&amp;quot;t-Button t-Button--icon t-Button--iconRight t-Button--hot&amp;quot; onclick=&amp;quot;void(0);&amp;quot; type=&amp;quot;button&amp;quot; id=&amp;quot;B418508691850893200&amp;quot;&amp;gt;...&amp;lt;/button&amp;gt; is not clickable at point (1084, 84). Other element would receive the click: &amp;lt;div class=&amp;quot;ui-widget-overlay ui-front&amp;quot; style=&amp;quot;z-index: 900;&amp;quot;&amp;gt;&amp;lt;/div&amp;gt;
  (Session info: chrome=108.0.5359.125)
Build info: version: &amp;apos;4.0.0&amp;apos;, revision: &amp;apos;3a21814679&amp;apos;
System info: host: &amp;apos;SEZLAP-13554T&amp;apos;, ip: &amp;apos;192.168.240.4&amp;apos;, os.name: &amp;apos;Windows 10&amp;apos;, os.arch: &amp;apos;amd64&amp;apos;, os.version: &amp;apos;10.0&amp;apos;, java.version: &amp;apos;1.8.0_311&amp;apos;
Driver info: org.openqa.selenium.chrome.ChromeDriver
Command: [9d047e254a81e2474d322e8272d3407c, clickElement {id=b9c54c2b-98e5-4245-a197-a799466af132}]
Capabilities {acceptInsecureCerts: false, browserName: chrome, browserVersion: 108.0.5359.125, chrome: {chromedriverVersion: 108.0.5359.71 (1e0e3868ee06..., userDataDir: C:\Users\Kapil\AppData\Loca...}, goog:chromeOptions: {debuggerAddress: localhost:60413}, javascriptEnabled: true, networkConnectionEnabled: false, pageLoadStrategy: normal, platform: WINDOWS, platformName: WINDOWS, proxy: Proxy(), se:cdp: ws://localhost:60413/devtoo..., se:cdpVersion: 108.0.5359.125, setWindowRect: true, strictFileInteractability: false, timeouts: {implicit: 0, pageLoad: 300000, script: 30000}, unhandledPromptBehavior: dismiss and notify, webauthn:extension:credBlob: true, webauthn:extension:largeBlob: true, webauthn:virtualAuthenticators: true}
Element: [[ChromeDriver: chrome on WINDOWS (9d047e254a81e2474d322e8272d3407c)] -&amp;gt; xpath: (//*[@class=&amp;apos;t-BreadcrumbRegion-buttons&amp;apos;]//button)[1]]
Session ID: 9d047e254a81e2474d322e8272d3407c">
      <![CDATA[org.openqa.selenium.ElementClickInterceptedException: element click intercepted: Element <button class="t-Button t-Button--icon t-Button--iconRight t-Button--hot" onclick="void(0);" type="button" id="B418508691850893200">...</button> is not clickable at point (1084, 84). Other element would receive the click: <div class="ui-widget-overlay ui-front" style="z-index: 900;"></div>
  (Session info: chrome=108.0.5359.125)
Build info: version: '4.0.0', revision: '3a21814679'
System info: host: 'SEZLAP-13554T', ip: '192.168.240.4', os.name: 'Windows 10', os.arch: 'amd64', os.version: '10.0', java.version: '1.8.0_311'
Driver info: org.openqa.selenium.chrome.ChromeDriver
Command: [9d047e254a81e2474d322e8272d3407c, clickElement {id=b9c54c2b-98e5-4245-a197-a799466af132}]
Capabilities {acceptInsecureCerts: false, browserName: chrome, browserVersion: 108.0.5359.125, chrome: {chromedriverVersion: 108.0.5359.71 (1e0e3868ee06..., userDataDir: C:\Users\Kapil\AppData\Loca...}, goog:chromeOptions: {debuggerAddress: localhost:60413}, javascriptEnabled: true, networkConnectionEnabled: false, pageLoadStrategy: normal, platform: WINDOWS, platformName: WINDOWS, proxy: Proxy(), se:cdp: ws://localhost:60413/devtoo..., se:cdpVersion: 108.0.5359.125, setWindowRect: true, strictFileInteractability: false, timeouts: {implicit: 0, pageLoad: 300000, script: 30000}, unhandledPromptBehavior: dismiss and notify, webauthn:extension:credBlob: true, webauthn:extension:largeBlob: true, webauthn:virtualAuthenticators: true}
Element: [[ChromeDriver: chrome on WINDOWS (9d047e254a81e2474d322e8272d3407c)] -> xpath: (//*[@class='t-BreadcrumbRegion-buttons']//button)[1]]
Session ID: 9d047e254a81e2474d322e8272d3407c
at sun.reflect.NativeConstructorAccessorImpl.newInstance0(Native Method)
at sun.reflect.NativeConstructorAccessorImpl.newInstance(NativeConstructorAccessorImpl.java:62)
at sun.reflect.DelegatingConstructorAccessorImpl.newInstance(DelegatingConstructorAccessorImpl.java:45)
at java.lang.reflect.Constructor.newInstance(Constructor.java:423)
at org.openqa.selenium.remote.codec.w3c.W3CHttpResponseCodec.createException(W3CHttpResponseCodec.java:200)
at org.openqa.selenium.remote.codec.w3c.W3CHttpResponseCodec.decode(W3CHttpResponseCodec.java:133)
at org.openqa.selenium.remote.codec.w3c.W3CHttpResponseCodec.decode(W3CHttpResponseCodec.java:53)
at org.openqa.selenium.remote.HttpCommandExecutor.execute(HttpCommandExecutor.java:184)
at org.openqa.selenium.remote.service.DriverCommandExecutor.invokeExecute(DriverCommandExecutor.java:164)
at org.openqa.selenium.remote.service.DriverCommandExecutor.execute(DriverCommandExecutor.java:139)
at org.openqa.selenium.remote.RemoteWebDriver.execute(RemoteWebDriver.java:559)
at org.openqa.selenium.remote.RemoteWebElement.execute(RemoteWebElement.java:251)
at org.openqa.selenium.remote.RemoteWebElement.click(RemoteWebElement.java:77)
at com.apex.utils.ElementUtil.doClick(ElementUtil.java:77)
at com.apex.pages.CashDrawerSetUp.clickOnSaveButton(CashDrawerSetUp.java:86)
at com.apex.testCases.CashDrawerMaintenance.TC49verifyTheActualAmountOnCashDrawerReconciliation(CashDrawerMaintenance.java:1397)
at sun.reflect.NativeMethodAccessorImpl.invoke0(Native Method)
at sun.reflect.NativeMethodAccessorImpl.invoke(NativeMethodAccessorImpl.java:62)
at sun.reflect.DelegatingMethodAccessorImpl.invoke(DelegatingMethodAccessorImpl.java:43)
at java.lang.reflect.Method.invoke(Method.java:498)
at org.testng.internal.MethodInvocationHelper.invokeMethod(MethodInvocationHelper.java:133)
at org.testng.internal.TestInvoker.invokeMethod(TestInvoker.java:598)
at org.testng.internal.TestInvoker.retryFailed(TestInvoker.java:213)
at org.testng.internal.MethodRunner.runInSequence(MethodRunner.java:58)
at org.testng.internal.TestInvoker$MethodInvocationAgent.invoke(TestInvoker.java:824)
at org.testng.internal.TestInvoker.invokeTestMethods(TestInvoker.java:146)
at org.testng.internal.TestMethodWorker.invokeTestMethods(TestMethodWorker.java:146)
at org.testng.internal.TestMethodWorker.run(TestMethodWorker.java:128)
at java.util.ArrayList.forEach(ArrayList.java:1259)
at org.testng.TestRunner.privateRun(TestRunner.java:794)
at org.testng.TestRunner.run(TestRunner.java:596)
at org.testng.SuiteRunner.runTest(SuiteRunner.java:377)
at org.testng.SuiteRunner.runSequentially(SuiteRunner.java:371)
at org.testng.SuiteRunner.privateRun(SuiteRunner.java:332)
at org.testng.SuiteRunner.run(SuiteRunner.java:276)
at org.testng.SuiteRunnerWorker.runSuite(SuiteRunnerWorker.java:53)
at org.testng.SuiteRunnerWorker.run(SuiteRunnerWorker.java:96)
at org.testng.TestNG.runSuitesSequentially(TestNG.java:1212)
at org.testng.TestNG.runSuitesLocally(TestNG.java:1134)
at org.testng.TestNG.runSuites(TestNG.java:1063)
at org.testng.TestNG.run(TestNG.java:1031)
at org.testng.remote.AbstractRemoteTestNG.run(AbstractRemoteTestNG.java:115)
at org.testng.remote.RemoteTestNG.initAndRun(RemoteTestNG.java:251)
at org.testng.remote.RemoteTestNG.main(RemoteTestNG.java:77)
]]>
    </failure>
  </testcase> <!-- TC49verifyTheActualAmountOnCashDrawerReconciliation -->
  <testcase name="TC12verify_CurrencySection_With_Invalid_DataOnCashdrawerSetupScreen" time="0.0" classname="com.apex.testCases.CashDrawerMaintenance">
    <ignored/>
  </testcase> <!-- TC12verify_CurrencySection_With_Invalid_DataOnCashdrawerSetupScreen -->
  <testcase name="TC05verify_Currency_SumOnCashdrawerSetupScreen" time="0.0" classname="com.apex.testCases.CashDrawerMaintenance">
    <ignored/>
  </testcase> <!-- TC05verify_Currency_SumOnCashdrawerSetupScreen -->
  <testcase name="TC18verifySAFE_RECON_IN_PROCESSOnCashdrawerSetupScreen" time="0.0" classname="com.apex.testCases.CashDrawerMaintenance">
    <ignored/>
  </testcase> <!-- TC18verifySAFE_RECON_IN_PROCESSOnCashdrawerSetupScreen -->
  <testcase name="TC30changesIncurrencyCoinOtherTendersOnCashDrawerDeclaration" time="0.0" classname="com.apex.testCases.CashDrawerMaintenance">
    <ignored/>
  </testcase> <!-- TC30changesIncurrencyCoinOtherTendersOnCashDrawerDeclaration -->
  <testcase name="TC09createNewCashDrawerwithoutregidAndVerifySaveActionOnCashdrawerSetupScreen" time="0.0" classname="com.apex.testCases.CashDrawerMaintenance">
    <ignored/>
  </testcase> <!-- TC09createNewCashDrawerwithoutregidAndVerifySaveActionOnCashdrawerSetupScreen -->
  <testcase name="TC36verifyThatCashDrawerIsMandatoryOnCashDrawerDeclaration" time="0.0" classname="com.apex.testCases.CashDrawerMaintenance">
    <ignored/>
  </testcase> <!-- TC36verifyThatCashDrawerIsMandatoryOnCashDrawerDeclaration -->
  <testcase name="TC58verifyCashBoxshouldbematchingtherecordsasperMMSOWithoutRegIDOnCashDrawerReconciliation" time="0.0" classname="com.apex.testCases.CashDrawerMaintenance">
    <ignored/>
  </testcase> <!-- TC58verifyCashBoxshouldbematchingtherecordsasperMMSOWithoutRegIDOnCashDrawerReconciliation -->
  <testcase name="TC03verifyAuthorizationWindowWithWrongcredentialsOnCashdrawerSetupScreen" time="0.0" classname="com.apex.testCases.CashDrawerMaintenance">
    <ignored/>
  </testcase> <!-- TC03verifyAuthorizationWindowWithWrongcredentialsOnCashdrawerSetupScreen -->
  <testcase name="TC10verify_Clear_Button_cashDrawerSetUp" time="0.0" classname="com.apex.testCases.CashDrawerMaintenance">
    <ignored/>
  </testcase> <!-- TC10verify_Clear_Button_cashDrawerSetUp -->
  <testcase name="TC27verifyTenderCashAmountInCashDrawerDeclaration" time="0.0" classname="com.apex.testCases.CashDrawerMaintenance">
    <ignored/>
  </testcase> <!-- TC27verifyTenderCashAmountInCashDrawerDeclaration -->
  <testcase name="TC38verifyThatAssignToRegisterSearchIsWorkingWithInValidDataOnCashDrawerDeclaration" time="0.0" classname="com.apex.testCases.CashDrawerMaintenance">
    <ignored/>
  </testcase> <!-- TC38verifyThatAssignToRegisterSearchIsWorkingWithInValidDataOnCashDrawerDeclaration -->
  <testcase name="TC21verifyExitButtonCashDrawerDecelaration" time="0.0" classname="com.apex.testCases.CashDrawerMaintenance">
    <ignored/>
  </testcase> <!-- TC21verifyExitButtonCashDrawerDecelaration -->
  <testcase name="TC59verifyCASH_RECON_USER_NOTDECL_USEROnCashDrawerReconciliation" time="0.0" classname="com.apex.testCases.CashDrawerMaintenance">
    <ignored/>
  </testcase> <!-- TC59verifyCASH_RECON_USER_NOTDECL_USEROnCashDrawerReconciliation -->
  <testcase name="TC11verify_Exit_Button_CashDrawerSetUp" time="0.0" classname="com.apex.testCases.CashDrawerMaintenance">
    <ignored/>
  </testcase> <!-- TC11verify_Exit_Button_CashDrawerSetUp -->
  <testcase name="TC50verifyPOSCASHDRAWERASSIGNEDOnCashDrawerReconciliation" time="0.0" classname="com.apex.testCases.CashDrawerMaintenance">
    <ignored/>
  </testcase> <!-- TC50verifyPOSCASHDRAWERASSIGNEDOnCashDrawerReconciliation -->
  <testcase name="TC19verifyThatOnly_Depositabe_Tenders_Are_Shown_In_The_Tender_SectionOnCashdrawerSetupScreen" time="0.0" classname="com.apex.testCases.CashDrawerMaintenance">
    <ignored/>
  </testcase> <!-- TC19verifyThatOnly_Depositabe_Tenders_Are_Shown_In_The_Tender_SectionOnCashdrawerSetupScreen -->
  <testcase name="TC25verifyRegLovDataOnCashDrawerDeclaration" time="0.0" classname="com.apex.testCases.CashDrawerMaintenance">
    <ignored/>
  </testcase> <!-- TC25verifyRegLovDataOnCashDrawerDeclaration -->
  <testcase name="TC42VerifySiteNoAndSiteNameAreDisabledOnCashDrawerReconciliation" time="0.0" classname="com.apex.testCases.CashDrawerMaintenance">
    <ignored/>
  </testcase> <!-- TC42VerifySiteNoAndSiteNameAreDisabledOnCashDrawerReconciliation -->
  <testcase name="TC34verifyCheckdetailsValueISAddedToCheckFieldOnCashDrawerDeclaration" time="0.0" classname="com.apex.testCases.CashDrawerMaintenance">
    <ignored/>
  </testcase> <!-- TC34verifyCheckdetailsValueISAddedToCheckFieldOnCashDrawerDeclaration -->
  <testcase name="TC40verifyThatCashDrawerLovIsWorkingWithInValidDataOnCashDrawerDeclaration" time="0.0" classname="com.apex.testCases.CashDrawerMaintenance">
    <ignored/>
  </testcase> <!-- TC40verifyThatCashDrawerLovIsWorkingWithInValidDataOnCashDrawerDeclaration -->
  <testcase name="TC45verifyPOSCASHDRAWERASSIGNEDRECONOnCashDrawerReconciliation" time="0.0" classname="com.apex.testCases.CashDrawerMaintenance">
    <ignored/>
  </testcase> <!-- TC45verifyPOSCASHDRAWERASSIGNEDRECONOnCashDrawerReconciliation -->
  <testcase name="TC33verifyPOSCASHDRAWERASSIGNEDOnCashDrawerDeclaration" time="0.0" classname="com.apex.testCases.CashDrawerMaintenance">
    <ignored/>
  </testcase> <!-- TC33verifyPOSCASHDRAWERASSIGNEDOnCashDrawerDeclaration -->
  <testcase name="TC32verifyTheCashDrawerValidationMessageOnCashDrawerDeclaration" time="0.0" classname="com.apex.testCases.CashDrawerMaintenance">
    <ignored/>
  </testcase> <!-- TC32verifyTheCashDrawerValidationMessageOnCashDrawerDeclaration -->
  <testcase name="TC44VerifyThatCashDrawerTextFieldIsAMandatoryOnCashDrawerReconciliation" time="0.0" classname="com.apex.testCases.CashDrawerMaintenance">
    <ignored/>
  </testcase> <!-- TC44VerifyThatCashDrawerTextFieldIsAMandatoryOnCashDrawerReconciliation -->
  <testcase name="TC06verify_rolls_SumOnCashdrawerSetupScreen" time="0.0" classname="com.apex.testCases.CashDrawerMaintenance">
    <ignored/>
  </testcase> <!-- TC06verify_rolls_SumOnCashdrawerSetupScreen -->
  <testcase name="TC17verifyTheSuggestedFloatAmountShouldBeComingFromTheQueryOnCashdrawerSetupScreen" time="0.0" classname="com.apex.testCases.CashDrawerMaintenance">
    <ignored/>
  </testcase> <!-- TC17verifyTheSuggestedFloatAmountShouldBeComingFromTheQueryOnCashdrawerSetupScreen -->
  <testcase name="TC48verifySuggestedFloatAmountInCashDrawerRecon" time="0.0" classname="com.apex.testCases.CashDrawerMaintenance">
    <ignored/>
  </testcase> <!-- TC48verifySuggestedFloatAmountInCashDrawerRecon -->
  <testcase name="TC04verifyRegisterLovshouldbematchingtherecordsasperMMSOOnCashdrawerSetupScreen" time="0.0" classname="com.apex.testCases.CashDrawerMaintenance">
    <ignored/>
  </testcase> <!-- TC04verifyRegisterLovshouldbematchingtherecordsasperMMSOOnCashdrawerSetupScreen -->
  <testcase name="TC15verifyAssignToRegisterSearchWithInValidDataOnCashdrawerSetupScreen" time="0.0" classname="com.apex.testCases.CashDrawerMaintenance">
    <ignored/>
  </testcase> <!-- TC15verifyAssignToRegisterSearchWithInValidDataOnCashdrawerSetupScreen -->
  <testcase name="TC56verifyAuthorizationWindowWithWrongCredentailOnCashDrawerReconciliation" time="0.0" classname="com.apex.testCases.CashDrawerMaintenance">
    <ignored/>
  </testcase> <!-- TC56verifyAuthorizationWindowWithWrongCredentailOnCashDrawerReconciliation -->
  <testcase name="TC23verifyAuthorisationWindowWithInvalidcredentialsOnCashDrawerDeclaration" time="0.0" classname="com.apex.testCases.CashDrawerMaintenance">
    <ignored/>
  </testcase> <!-- TC23verifyAuthorisationWindowWithInvalidcredentialsOnCashDrawerDeclaration -->
  <testcase name="TC08createNewCashDrawerwithRegidAndVerifySaveActionOnCashdrawerSetupScreen" time="0.0" classname="com.apex.testCases.CashDrawerMaintenance">
    <ignored/>
  </testcase> <!-- TC08createNewCashDrawerwithRegidAndVerifySaveActionOnCashdrawerSetupScreen -->
  <testcase name="TC37verifyThatAssignToRegisterSearchIsWorkingWithValidDataOnCashDrawerDeclaration" time="0.0" classname="com.apex.testCases.CashDrawerMaintenance">
    <ignored/>
  </testcase> <!-- TC37verifyThatAssignToRegisterSearchIsWorkingWithValidDataOnCashDrawerDeclaration -->
  <testcase name="TC41verifyActualExpectedAndOverShortAmountOnCashDrawerReconciliation" time="0.0" classname="com.apex.testCases.CashDrawerMaintenance">
    <ignored/>
  </testcase> <!-- TC41verifyActualExpectedAndOverShortAmountOnCashDrawerReconciliation -->
  <testcase name="TC46verifyCheckDetailsButtonIsEnableOnCashDrawerReconciliation" time="0.0" classname="com.apex.testCases.CashDrawerMaintenance">
    <ignored/>
  </testcase> <!-- TC46verifyCheckDetailsButtonIsEnableOnCashDrawerReconciliation -->
  <testcase name="TC22verifyCancelButtonCashDrawerDecelaration" time="0.0" classname="com.apex.testCases.CashDrawerMaintenance">
    <ignored/>
  </testcase> <!-- TC22verifyCancelButtonCashDrawerDecelaration -->
  <testcase name="TC44verifySAFE_RECON_IN_PROCESS_OnReconScreenOnCashDrawerReconciliation" time="0.0" classname="com.apex.testCases.CashDrawerMaintenance">
    <ignored/>
  </testcase> <!-- TC44verifySAFE_RECON_IN_PROCESS_OnReconScreenOnCashDrawerReconciliation -->
  <testcase name="TC24verifycashBoxLovDataOnCashDrawerDeclaration" time="0.0" classname="com.apex.testCases.CashDrawerMaintenance">
    <ignored/>
  </testcase> <!-- TC24verifycashBoxLovDataOnCashDrawerDeclaration -->
  <testcase name="TC39verifyThatCashDrawerLovSearchIsWorkingWithValidDataOnCashDrawerDeclaration" time="0.0" classname="com.apex.testCases.CashDrawerMaintenance">
    <ignored/>
  </testcase> <!-- TC39verifyThatCashDrawerLovSearchIsWorkingWithValidDataOnCashDrawerDeclaration -->
  <testcase name="verifyAuthCancelButtonOnCashdrawerSetupScreen" time="0.0" classname="com.apex.testCases.CashDrawerMaintenance">
    <ignored/>
  </testcase> <!-- verifyAuthCancelButtonOnCashdrawerSetupScreen -->
  <testcase name="TC31verifyTheAssignToRegisterValidationMessageOnCashDrawerDeclaration" time="0.0" classname="com.apex.testCases.CashDrawerMaintenance">
    <ignored/>
  </testcase> <!-- TC31verifyTheAssignToRegisterValidationMessageOnCashDrawerDeclaration -->
  <testcase name="TC55verifyExitButtonIsWorkingOnCashDrawerReconciliation" time="0.0" classname="com.apex.testCases.CashDrawerMaintenance">
    <ignored/>
  </testcase> <!-- TC55verifyExitButtonIsWorkingOnCashDrawerReconciliation -->
  <testcase name="TC26verifyHeaderFieldsGreyedOutOnCashDrawerDeclaration" time="0.0" classname="com.apex.testCases.CashDrawerMaintenance">
    <ignored/>
  </testcase> <!-- TC26verifyHeaderFieldsGreyedOutOnCashDrawerDeclaration -->
  <testcase name="TC51verifyINCLUDE_AR_CHARGESOnCashDrawerReconciliation" time="0.0" classname="com.apex.testCases.CashDrawerMaintenance">
    <ignored/>
  </testcase> <!-- TC51verifyINCLUDE_AR_CHARGESOnCashDrawerReconciliation -->
  <testcase name="TC07verify_Loose_SumOnCashdrawerSetupScreen" time="0.0" classname="com.apex.testCases.CashDrawerMaintenance">
    <ignored/>
  </testcase> <!-- TC07verify_Loose_SumOnCashdrawerSetupScreen -->
  <testcase name="TC13verifySiteNoAndSiteNameAreDisabledOnCashdrawerSetupScreen" time="0.0" classname="com.apex.testCases.CashDrawerMaintenance">
    <ignored/>
  </testcase> <!-- TC13verifySiteNoAndSiteNameAreDisabledOnCashdrawerSetupScreen -->
  <testcase name="TC53verifyRegisterLovshouldbematchingtherecordsasperMMSOOnCashDrawerReconciliation" time="0.0" classname="com.apex.testCases.CashDrawerMaintenance">
    <ignored/>
  </testcase> <!-- TC53verifyRegisterLovshouldbematchingtherecordsasperMMSOOnCashDrawerReconciliation -->
  <testcase name="TC16verifyPOSCASHDRAWERASSIGNEDOnCashdrawerSetupScreen" time="0.0" classname="com.apex.testCases.CashDrawerMaintenance">
    <ignored/>
  </testcase> <!-- TC16verifyPOSCASHDRAWERASSIGNEDOnCashdrawerSetupScreen -->
  <testcase name="TC52verifyCASH_RECON_CHECK_AUTO_VERIFYOnCashDrawerReconciliation" time="0.0" classname="com.apex.testCases.CashDrawerMaintenance">
    <ignored/>
  </testcase> <!-- TC52verifyCASH_RECON_CHECK_AUTO_VERIFYOnCashDrawerReconciliation -->
  <testcase name="TC35verifyThatAssignToRegisterIsMandatoryOnCashDrawerDeclaration" time="0.0" classname="com.apex.testCases.CashDrawerMaintenance">
    <ignored/>
  </testcase> <!-- TC35verifyThatAssignToRegisterIsMandatoryOnCashDrawerDeclaration -->
  <testcase name="TC02verifyCurrencySectionValidationMessagesOnCashdrawerSetupScreen" time="0.0" classname="com.apex.testCases.CashDrawerMaintenance">
    <ignored/>
  </testcase> <!-- TC02verifyCurrencySectionValidationMessagesOnCashdrawerSetupScreen -->
  <testcase name="TC01oginWithValidCredentials" time="0.0" classname="com.apex.testCases.CashDrawerMaintenance">
    <ignored/>
  </testcase> <!-- TC01oginWithValidCredentials -->
  <testcase name="TC14verifyAssignToRegisterSearchWithValidDataOnCashdrawerSetupScreen" time="0.0" classname="com.apex.testCases.CashDrawerMaintenance">
    <ignored/>
  </testcase> <!-- TC14verifyAssignToRegisterSearchWithValidDataOnCashdrawerSetupScreen -->
  <testcase name="TC43VerifyCancelButtonOnCashDrawerReconciliation" time="0.0" classname="com.apex.testCases.CashDrawerMaintenance">
    <ignored/>
  </testcase> <!-- TC43VerifyCancelButtonOnCashDrawerReconciliation -->
  <testcase name="TC54verifyCashBoxshouldbematchingtherecordsasperMMSOWithReg_IDOnCashDrawerReconciliation" time="0.0" classname="com.apex.testCases.CashDrawerMaintenance">
    <ignored/>
  </testcase> <!-- TC54verifyCashBoxshouldbematchingtherecordsasperMMSOWithReg_IDOnCashDrawerReconciliation -->
  <testcase name="TC20verifySiteNoAndSiteNameTextFiledAreVisibleOnCashDrawerDeclaration" time="0.0" classname="com.apex.testCases.CashDrawerMaintenance">
    <ignored/>
  </testcase> <!-- TC20verifySiteNoAndSiteNameTextFiledAreVisibleOnCashDrawerDeclaration -->
</testsuite> <!-- Test(failed) -->
