<?xml version="1.0" encoding="UTF-8"?>
<!-- Generated by org.testng.reporters.JUnitXMLReporter -->
<testsuite hostname="SEZLAP-13554T" ignored="0" name="Test" tests="179" failures="19" timestamp="2022-08-02T15:03:59 IST" time="6921.245" errors="0">
  <testcase name="@BeforeMethod beforeMethod" time="0.169" classname="com.apex.testBase.TestBase">
    <failure type="java.lang.NullPointerException">
      <![CDATA[java.lang.NullPointerException
at com.apex.testBase.TestBase.init(TestBase.java:120)
at com.apex.testBase.TestBase.beforeMethod(TestBase.java:201)
at java.util.ArrayList.forEach(ArrayList.java:1259)
... Removed 30 stack frames]]>
    </failure>
  </testcase> <!-- @BeforeMethod beforeMethod -->
  <testcase name="@AfterMethod afterMethod" time="-1.659431900947E9" classname="com.apex.testBase.TestBase">
    <skipped/>
  </testcase> <!-- @AfterMethod afterMethod -->
  <testcase name="@BeforeMethod beforeMethod" time="-1.659431900947E9" classname="com.apex.testBase.TestBase">
    <skipped/>
  </testcase> <!-- @BeforeMethod beforeMethod -->
  <testcase name="@AfterMethod afterMethod" time="-1.659431900949E9" classname="com.apex.testBase.TestBase">
    <skipped/>
  </testcase> <!-- @AfterMethod afterMethod -->
  <testcase name="@BeforeMethod beforeMethod" time="-1.65943190095E9" classname="com.apex.testBase.TestBase">
    <skipped/>
  </testcase> <!-- @BeforeMethod beforeMethod -->
  <testcase name="@AfterMethod afterMethod" time="-1.659431900952E9" classname="com.apex.testBase.TestBase">
    <skipped/>
  </testcase> <!-- @AfterMethod afterMethod -->
  <testcase name="@BeforeMethod beforeMethod" time="-1.659431900953E9" classname="com.apex.testBase.TestBase">
    <skipped/>
  </testcase> <!-- @BeforeMethod beforeMethod -->
  <testcase name="@AfterMethod afterMethod" time="-1.659431900954E9" classname="com.apex.testBase.TestBase">
    <skipped/>
  </testcase> <!-- @AfterMethod afterMethod -->
  <testcase name="@BeforeMethod beforeMethod" time="-1.659431900954E9" classname="com.apex.testBase.TestBase">
    <skipped/>
  </testcase> <!-- @BeforeMethod beforeMethod -->
  <testcase name="@AfterMethod afterMethod" time="-1.659431900955E9" classname="com.apex.testBase.TestBase">
    <skipped/>
  </testcase> <!-- @AfterMethod afterMethod -->
  <testcase name="@BeforeMethod beforeMethod" time="-1.659431900956E9" classname="com.apex.testBase.TestBase">
    <skipped/>
  </testcase> <!-- @BeforeMethod beforeMethod -->
  <testcase name="@AfterMethod afterMethod" time="-1.659431900957E9" classname="com.apex.testBase.TestBase">
    <skipped/>
  </testcase> <!-- @AfterMethod afterMethod -->
  <testcase name="@BeforeMethod beforeMethod" time="-1.659431900957E9" classname="com.apex.testBase.TestBase">
    <skipped/>
  </testcase> <!-- @BeforeMethod beforeMethod -->
  <testcase name="@AfterMethod afterMethod" time="-1.659431900958E9" classname="com.apex.testBase.TestBase">
    <skipped/>
  </testcase> <!-- @AfterMethod afterMethod -->
  <testcase name="@BeforeMethod beforeMethod" time="-1.659431900959E9" classname="com.apex.testBase.TestBase">
    <skipped/>
  </testcase> <!-- @BeforeMethod beforeMethod -->
  <testcase name="@AfterMethod afterMethod" time="-1.659431900959E9" classname="com.apex.testBase.TestBase">
    <skipped/>
  </testcase> <!-- @AfterMethod afterMethod -->
  <testcase name="TC01oginWithValidCredentials" time="6.641" classname="com.apex.testCases.CashDrawerMaintenance"/>
  <testcase name="TC02verifyCurrencySectionValidationMessagesOnCashdrawerSetupScreen" time="27.49" classname="com.apex.testCases.CashDrawerMaintenance"/>
  <testcase name="TC03verifyAuthorizationWindowWithWrongcredentials" time="26.108" classname="com.apex.testCases.CashDrawerMaintenance"/>
  <testcase name="TC04verifyRegisterLovshouldbematchingtherecordsasperMMSO" time="35.517" classname="com.apex.testCases.CashDrawerMaintenance"/>
  <testcase name="TC05verify_Currency_Sum" time="28.87" classname="com.apex.testCases.CashDrawerMaintenance"/>
  <testcase name="TC06verify_rolls_Sum" time="31.817" classname="com.apex.testCases.CashDrawerMaintenance"/>
  <testcase name="TC07verify_Loose_Sum" time="31.367" classname="com.apex.testCases.CashDrawerMaintenance"/>
  <testcase name="TC08createNewCashDrawerwithregidAndVerifySaveAction" time="40.593" classname="com.apex.testCases.CashDrawerMaintenance"/>
  <testcase name="TC09createNewCashDrawerwithoutregidAndVerifySaveAction" time="140.135" classname="com.apex.testCases.CashDrawerMaintenance"/>
  <testcase name="TC10verify_Clear_Button_cashDrawerSetUp" time="26.917" classname="com.apex.testCases.CashDrawerMaintenance"/>
  <testcase name="TC11verify_Exit_Button_CashDrawerSetUp" time="19.147" classname="com.apex.testCases.CashDrawerMaintenance"/>
  <testcase name="TC12verify_CurrencySection_With_Invalid_Data" time="22.787" classname="com.apex.testCases.CashDrawerMaintenance"/>
  <testcase name="TC13verifySiteNoAndSiteNameAreDisabled" time="22.809" classname="com.apex.testCases.CashDrawerMaintenance"/>
  <testcase name="TC14verifyAssignToRegisterSearchWithValidData" time="24.849" classname="com.apex.testCases.CashDrawerMaintenance"/>
  <testcase name="TC15verifyAssignToRegisterSearchWithInValidData" time="27.006" classname="com.apex.testCases.CashDrawerMaintenance"/>
  <testcase name="TC16verifyPOSCASHDRAWERASSIGNED" time="39.972" classname="com.apex.testCases.CashDrawerMaintenance"/>
  <testcase name="TC17verifyTheSuggestedFloatAmountShouldBeComingFromTheQuery" time="23.795" classname="com.apex.testCases.CashDrawerMaintenance"/>
  <testcase name="TC18verifySAFE_RECON_IN_PROCESS" time="82.795" classname="com.apex.testCases.CashDrawerMaintenance"/>
  <testcase name="TC19verifyThatOnly_Depositabe_Tenders_Are_Shown_In_The_Tender_Section" time="25.057" classname="com.apex.testCases.CashDrawerMaintenance"/>
  <testcase name="TC20verifySiteNoAndSiteNameTextFiledAreVisible" time="26.134" classname="com.apex.testCases.CashDrawerMaintenance"/>
  <testcase name="TC21verifyExitButtonCashDrawerDecelaration" time="28.865" classname="com.apex.testCases.CashDrawerMaintenance"/>
  <testcase name="TC22verifyCancelButtonCashDrawerDecelaration" time="29.968" classname="com.apex.testCases.CashDrawerMaintenance"/>
  <testcase name="TC23verifyAuthorisationWindowWithInvalidcredentials" time="10.353" classname="com.apex.testCases.CashDrawerMaintenance">
    <skipped/>
  </testcase> <!-- TC23verifyAuthorisationWindowWithInvalidcredentials -->
  <testcase name="TC23verifyAuthorisationWindowWithInvalidcredentials" time="10.346" classname="com.apex.testCases.CashDrawerMaintenance">
    <skipped/>
  </testcase> <!-- TC23verifyAuthorisationWindowWithInvalidcredentials -->
  <testcase name="TC23verifyAuthorisationWindowWithInvalidcredentials" time="10.364" classname="com.apex.testCases.CashDrawerMaintenance">
    <failure type="org.openqa.selenium.ElementNotInteractableException" message="element not interactable
  (Session info: chrome=103.0.5060.134)
Build info: version: &amp;apos;4.0.0&amp;apos;, revision: &amp;apos;3a21814679&amp;apos;
System info: host: &amp;apos;SEZLAP-13554T&amp;apos;, ip: &amp;apos;192.168.1.211&amp;apos;, os.name: &amp;apos;Windows 10&amp;apos;, os.arch: &amp;apos;amd64&amp;apos;, os.version: &amp;apos;10.0&amp;apos;, java.version: &amp;apos;1.8.0_311&amp;apos;
Driver info: org.openqa.selenium.chrome.ChromeDriver
Command: [0895d78b436808448301baaf20c51bf2, clickElement {id=cadfa5cb-0748-4b57-9680-f0f0c91cfbd5}]
Capabilities {acceptInsecureCerts: false, browserName: chrome, browserVersion: 103.0.5060.134, chrome: {chromedriverVersion: 103.0.5060.134 (8ec6fce403b..., userDataDir: C:\Users\Kapil\AppData\Loca...}, goog:chromeOptions: {debuggerAddress: localhost:57668}, javascriptEnabled: true, networkConnectionEnabled: false, pageLoadStrategy: normal, platform: WINDOWS, platformName: WINDOWS, proxy: Proxy(), se:cdp: ws://localhost:57668/devtoo..., se:cdpVersion: 103.0.5060.134, setWindowRect: true, strictFileInteractability: false, timeouts: {implicit: 0, pageLoad: 300000, script: 30000}, unhandledPromptBehavior: dismiss and notify, webauthn:extension:credBlob: true, webauthn:extension:largeBlob: true, webauthn:virtualAuthenticators: true}
Element: [[ChromeDriver: chrome on WINDOWS (0895d78b436808448301baaf20c51bf2)] -&amp;gt; xpath: //button[contains(@id,&amp;apos;SITE_NO_lov_btn&amp;apos;)]]
Session ID: 0895d78b436808448301baaf20c51bf2">
      <![CDATA[org.openqa.selenium.ElementNotInteractableException: element not interactable
  (Session info: chrome=103.0.5060.134)
Build info: version: '4.0.0', revision: '3a21814679'
System info: host: 'SEZLAP-13554T', ip: '192.168.1.211', os.name: 'Windows 10', os.arch: 'amd64', os.version: '10.0', java.version: '1.8.0_311'
Driver info: org.openqa.selenium.chrome.ChromeDriver
Command: [0895d78b436808448301baaf20c51bf2, clickElement {id=cadfa5cb-0748-4b57-9680-f0f0c91cfbd5}]
Capabilities {acceptInsecureCerts: false, browserName: chrome, browserVersion: 103.0.5060.134, chrome: {chromedriverVersion: 103.0.5060.134 (8ec6fce403b..., userDataDir: C:\Users\Kapil\AppData\Loca...}, goog:chromeOptions: {debuggerAddress: localhost:57668}, javascriptEnabled: true, networkConnectionEnabled: false, pageLoadStrategy: normal, platform: WINDOWS, platformName: WINDOWS, proxy: Proxy(), se:cdp: ws://localhost:57668/devtoo..., se:cdpVersion: 103.0.5060.134, setWindowRect: true, strictFileInteractability: false, timeouts: {implicit: 0, pageLoad: 300000, script: 30000}, unhandledPromptBehavior: dismiss and notify, webauthn:extension:credBlob: true, webauthn:extension:largeBlob: true, webauthn:virtualAuthenticators: true}
Element: [[ChromeDriver: chrome on WINDOWS (0895d78b436808448301baaf20c51bf2)] -> xpath: //button[contains(@id,'SITE_NO_lov_btn')]]
Session ID: 0895d78b436808448301baaf20c51bf2
at org.openqa.selenium.remote.codec.w3c.W3CHttpResponseCodec.createException(W3CHttpResponseCodec.java:200)
at org.openqa.selenium.remote.codec.w3c.W3CHttpResponseCodec.decode(W3CHttpResponseCodec.java:133)
at org.openqa.selenium.remote.codec.w3c.W3CHttpResponseCodec.decode(W3CHttpResponseCodec.java:53)
at org.openqa.selenium.remote.HttpCommandExecutor.execute(HttpCommandExecutor.java:184)
at org.openqa.selenium.remote.service.DriverCommandExecutor.invokeExecute(DriverCommandExecutor.java:164)
at org.openqa.selenium.remote.service.DriverCommandExecutor.execute(DriverCommandExecutor.java:139)
at org.openqa.selenium.remote.RemoteWebDriver.execute(RemoteWebDriver.java:559)
at org.openqa.selenium.remote.RemoteWebElement.execute(RemoteWebElement.java:251)
at org.openqa.selenium.remote.RemoteWebElement.click(RemoteWebElement.java:77)
at com.apex.utils.ElementUtil.doClick(ElementUtil.java:71)
at com.apex.pages.Login.Logintoapplication(Login.java:47)
at com.apex.testCases.CashDrawerMaintenance.TC23verifyAuthorisationWindowWithInvalidcredentials(CashDrawerMaintenance.java:580)
at java.util.ArrayList.forEach(ArrayList.java:1259)
... Removed 31 stack frames]]>
    </failure>
  </testcase> <!-- TC23verifyAuthorisationWindowWithInvalidcredentials -->
  <testcase name="TC24verifycashBoxLovData" time="62.621" classname="com.apex.testCases.CashDrawerMaintenance"/>
  <testcase name="TC25verifyRegLovData" time="30.825" classname="com.apex.testCases.CashDrawerMaintenance"/>
  <testcase name="TC26verifyHeaderFieldsGreyedOut" time="25.007" classname="com.apex.testCases.CashDrawerMaintenance"/>
  <testcase name="TC27verifyTenderCashAmountInCashDrawerDeclaration" time="34.578" classname="com.apex.testCases.CashDrawerMaintenance"/>
  <testcase name="TC30changesIncurrencyCoinOtherTenders" time="43.249" classname="com.apex.testCases.CashDrawerMaintenance">
    <skipped/>
  </testcase> <!-- TC30changesIncurrencyCoinOtherTenders -->
  <testcase name="TC30changesIncurrencyCoinOtherTenders" time="48.509" classname="com.apex.testCases.CashDrawerMaintenance"/>
  <testcase name="TC31verifyTheAssignToRegisterValidationMessage" time="24.433" classname="com.apex.testCases.CashDrawerMaintenance"/>
  <testcase name="TC32verifyTheCashDrawerValidationMessage" time="20.876" classname="com.apex.testCases.CashDrawerMaintenance"/>
  <testcase name="TC33verifyPOSCASHDRAWERASSIGNED" time="57.718" classname="com.apex.testCases.CashDrawerMaintenance"/>
  <testcase name="TC34verifyCheckdetailsValueISAddedToCheckField" time="42.783" classname="com.apex.testCases.CashDrawerMaintenance"/>
  <testcase name="TC35verifyThatAssignToRegisterIsMandatory" time="24.448" classname="com.apex.testCases.CashDrawerMaintenance"/>
  <testcase name="TC36verifyThatCashDrawerIsMandatory" time="25.224" classname="com.apex.testCases.CashDrawerMaintenance"/>
  <testcase name="TC37verifyThatAssignToRegisterSearchIsWorkingWithValidData" time="25.175" classname="com.apex.testCases.CashDrawerMaintenance"/>
  <testcase name="TC38verifyThatAssignToRegisterSearchIsWorkingWithInValidData" time="24.762" classname="com.apex.testCases.CashDrawerMaintenance"/>
  <testcase name="TC39verifyThatCashDrawerLovSearchIsWorkingWithValidData" time="29.835" classname="com.apex.testCases.CashDrawerMaintenance"/>
  <testcase name="TC40verifyThatCashDrawerLovIsWorkingWithInValidData" time="32.448" classname="com.apex.testCases.CashDrawerMaintenance"/>
  <testcase name="TC41verifyActualExpectedAndOverShortAmount" time="85.325" classname="com.apex.testCases.CashDrawerMaintenance">
    <skipped/>
  </testcase> <!-- TC41verifyActualExpectedAndOverShortAmount -->
  <testcase name="TC41verifyActualExpectedAndOverShortAmount" time="123.739" classname="com.apex.testCases.CashDrawerMaintenance"/>
  <testcase name="TC42VerifySiteNoAndSiteNameAreDisabled" time="23.83" classname="com.apex.testCases.CashDrawerMaintenance"/>
  <testcase name="TC43VerifyCancelButton" time="64.134" classname="com.apex.testCases.CashDrawerMaintenance"/>
  <testcase name="TC44VerifyThatCashDrawerTextFieldIsAMandatory" time="30.58" classname="com.apex.testCases.CashDrawerMaintenance"/>
  <testcase name="TC44verifySAFE_RECON_IN_PROCESS_OnReconScreen" time="87.068" classname="com.apex.testCases.CashDrawerMaintenance"/>
  <testcase name="TC45verifyPOSCASHDRAWERASSIGNEDRECON" time="38.669" classname="com.apex.testCases.CashDrawerMaintenance"/>
  <testcase name="TC46verifyCheckDetailsButtonIsEnable" time="35.052" classname="com.apex.testCases.CashDrawerMaintenance"/>
  <testcase name="TC47verifyCSHBOX_FORCE_DECLARATION" time="82.842" classname="com.apex.testCases.CashDrawerMaintenance"/>
  <testcase name="TC48verifySuggestedFloatAmountInCashDrawerRecon" time="44.049" classname="com.apex.testCases.CashDrawerMaintenance">
    <skipped/>
  </testcase> <!-- TC48verifySuggestedFloatAmountInCashDrawerRecon -->
  <testcase name="TC48verifySuggestedFloatAmountInCashDrawerRecon" time="51.938" classname="com.apex.testCases.CashDrawerMaintenance"/>
  <testcase name="TC49verifyTheActualAmount" time="85.473" classname="com.apex.testCases.CashDrawerMaintenance"/>
  <testcase name="TC50verifyPOSCASHDRAWERASSIGNEDOnRecon" time="48.187" classname="com.apex.testCases.CashDrawerMaintenance"/>
  <testcase name="TC51verifyINCLUDE_AR_CHARGES" time="40.258" classname="com.apex.testCases.CashDrawerMaintenance"/>
  <testcase name="TC53verifyRegisterLovshouldbematchingtherecordsasperMMSO" time="34.769" classname="com.apex.testCases.CashDrawerMaintenance"/>
  <testcase name="TC54verifyCashBoxshouldbematchingtherecordsasperMMSOWithReg_ID" time="60.782" classname="com.apex.testCases.CashDrawerMaintenance"/>
  <testcase name="TC55verifyExitButtonIsWorking" time="53.126" classname="com.apex.testCases.CashDrawerMaintenance"/>
  <testcase name="TC56verifyAuthorizationWindowWithWrongCredentail" time="56.528" classname="com.apex.testCases.CashDrawerMaintenance"/>
  <testcase name="TC57verifyCoinsCurrencyandTenderSection" time="52.599" classname="com.apex.testCases.CashDrawerMaintenance"/>
  <testcase name="TC58verifyCashBoxshouldbematchingtherecordsasperMMSOWithoutReg_ID" time="68.523" classname="com.apex.testCases.CashDrawerMaintenance"/>
  <testcase name="TC59verifyCASH_RECON_USER_NOTDECL_USER" time="84.447" classname="com.apex.testCases.CashDrawerMaintenance"/>
  <testcase name="verifyAuthCancelButton" time="32.577" classname="com.apex.testCases.CashDrawerMaintenance"/>
  <testcase name="TC01verifySiteNoAndSiteNameAredisabledTextFiled" time="26.624" classname="com.apex.testCases.SafeMaintenance"/>
  <testcase name="TC02verifyTypeLovData" time="32.366" classname="com.apex.testCases.SafeMaintenance"/>
  <testcase name="TC03verifyTransactionDate" time="56.556" classname="com.apex.testCases.SafeMaintenance"/>
  <testcase name="TC04verifybillName" time="30.413" classname="com.apex.testCases.SafeMaintenance"/>
  <testcase name="TC05verifyCoinName" time="27.376" classname="com.apex.testCases.SafeMaintenance"/>
  <testcase name="TC06AutoReconciletenderswillnotbeshown" time="30.312" classname="com.apex.testCases.SafeMaintenance"/>
  <testcase name="TC07verifyAuthorizationWindowWithWrongcredentials" time="30.635" classname="com.apex.testCases.SafeMaintenance"/>
  <testcase name="TC08verifyCancelButton" time="22.386" classname="com.apex.testCases.SafeMaintenance"/>
  <testcase name="TC09verify_Exit_Button_SafeReceipt" time="34.486" classname="com.apex.testCases.SafeMaintenance"/>
  <testcase name="TC10verify_Cash_Amount_RowinTender_Region" time="25.514" classname="com.apex.testCases.SafeMaintenance"/>
  <testcase name="TC11verifyTotalAmountCalculation" time="30.714" classname="com.apex.testCases.SafeMaintenance"/>
  <testcase name="TC12verifyDataChangesOnSave" time="37.737" classname="com.apex.testCases.SafeMaintenance"/>
  <testcase name="TC13verifySAFE_RECON_IN_PROCESS" time="86.512" classname="com.apex.testCases.SafeMaintenance"/>
  <testcase name="TC14verifyCancelButtonOnAuthWindow" time="38.591" classname="com.apex.testCases.SafeMaintenance"/>
  <testcase name="TC15verifyTransactionDateSearchWithValidData" time="31.709" classname="com.apex.testCases.SafeMaintenance"/>
  <testcase name="TC16verifyTransactionDateSearchWithInValidData" time="31.12" classname="com.apex.testCases.SafeMaintenance"/>
  <testcase name="TC17verifySAFE_TRAN_TYPE_REQUIRED" time="1.333" classname="com.apex.testCases.SafeMaintenance">
    <skipped/>
  </testcase> <!-- TC17verifySAFE_TRAN_TYPE_REQUIRED -->
  <testcase name="TC17verifySAFE_TRAN_TYPE_REQUIRED" time="1.269" classname="com.apex.testCases.SafeMaintenance">
    <skipped/>
  </testcase> <!-- TC17verifySAFE_TRAN_TYPE_REQUIRED -->
  <testcase name="TC17verifySAFE_TRAN_TYPE_REQUIRED" time="1.294" classname="com.apex.testCases.SafeMaintenance">
    <failure type="java.sql.SQLRecoverableException" message="IO Error: Got minus one from a read call, connect lapse 345 ms., Authentication lapse 0 ms.">
      <![CDATA[java.sql.SQLRecoverableException: IO Error: Got minus one from a read call, connect lapse 345 ms., Authentication lapse 0 ms.
at oracle.jdbc.driver.T4CConnection.handleLogonIOException(T4CConnection.java:936)
at oracle.jdbc.driver.T4CConnection.logon(T4CConnection.java:701)
at oracle.jdbc.driver.PhysicalConnection.connect(PhysicalConnection.java:1042)
at oracle.jdbc.driver.T4CDriverExtension.getConnection(T4CDriverExtension.java:90)
at oracle.jdbc.driver.OracleDriver.connect(OracleDriver.java:733)
at oracle.jdbc.driver.OracleDriver.connect(OracleDriver.java:649)
at java.sql.DriverManager.getConnection(DriverManager.java:664)
at java.sql.DriverManager.getConnection(DriverManager.java:247)
at com.apex.utils.Utility.getDataFromDatabase(Utility.java:78)
at com.apex.testCases.SafeMaintenance.TC17verifySAFE_TRAN_TYPE_REQUIRED(SafeMaintenance.java:436)
at java.util.ArrayList.forEach(ArrayList.java:1259)
Caused by: java.io.IOException: Got minus one from a read call, connect lapse 345 ms., Authentication lapse 0 ms.
at oracle.jdbc.driver.T4CConnection.handleLogonIOException(T4CConnection.java:931)
... 37 more
Caused by: java.io.IOException: Got minus one from a read call, connect lapse 345 ms.
at oracle.net.ns.NSProtocolNIO.negotiateConnection(NSProtocolNIO.java:202)
at oracle.net.ns.NSProtocol.connect(NSProtocol.java:350)
at oracle.jdbc.driver.T4CConnection.connect(T4CConnection.java:2372)
at oracle.jdbc.driver.T4CConnection.logon(T4CConnection.java:657)
... 36 more
Caused by: oracle.net.ns.NetException: Got minus one from a read call
at oracle.net.ns.NSProtocolNIO.doSocketRead(NSProtocolNIO.java:1121)
at oracle.net.ns.NIOPacket.readNIOPacket(NIOPacket.java:418)
at oracle.net.ns.NSProtocolNIO.negotiateConnection(NSProtocolNIO.java:167)
... 39 more
... Removed 27 stack frames]]>
    </failure>
  </testcase> <!-- TC17verifySAFE_TRAN_TYPE_REQUIRED -->
  <testcase name="TC18verifyThatTypeFiledIsRequired" time="1.307" classname="com.apex.testCases.SafeMaintenance">
    <skipped/>
  </testcase> <!-- TC18verifyThatTypeFiledIsRequired -->
  <testcase name="TC18verifyThatTypeFiledIsRequired" time="1.279" classname="com.apex.testCases.SafeMaintenance">
    <skipped/>
  </testcase> <!-- TC18verifyThatTypeFiledIsRequired -->
  <testcase name="TC18verifyThatTypeFiledIsRequired" time="1.269" classname="com.apex.testCases.SafeMaintenance">
    <failure type="java.sql.SQLRecoverableException" message="IO Error: Got minus one from a read call, connect lapse 344 ms., Authentication lapse 0 ms.">
      <![CDATA[java.sql.SQLRecoverableException: IO Error: Got minus one from a read call, connect lapse 344 ms., Authentication lapse 0 ms.
at oracle.jdbc.driver.T4CConnection.handleLogonIOException(T4CConnection.java:936)
at oracle.jdbc.driver.T4CConnection.logon(T4CConnection.java:701)
at oracle.jdbc.driver.PhysicalConnection.connect(PhysicalConnection.java:1042)
at oracle.jdbc.driver.T4CDriverExtension.getConnection(T4CDriverExtension.java:90)
at oracle.jdbc.driver.OracleDriver.connect(OracleDriver.java:733)
at oracle.jdbc.driver.OracleDriver.connect(OracleDriver.java:649)
at java.sql.DriverManager.getConnection(DriverManager.java:664)
at java.sql.DriverManager.getConnection(DriverManager.java:247)
at com.apex.utils.Utility.getDataFromDatabase(Utility.java:78)
at com.apex.testCases.SafeMaintenance.TC18verifyThatTypeFiledIsRequired(SafeMaintenance.java:464)
at java.util.ArrayList.forEach(ArrayList.java:1259)
Caused by: java.io.IOException: Got minus one from a read call, connect lapse 344 ms., Authentication lapse 0 ms.
at oracle.jdbc.driver.T4CConnection.handleLogonIOException(T4CConnection.java:931)
... 37 more
Caused by: java.io.IOException: Got minus one from a read call, connect lapse 344 ms.
at oracle.net.ns.NSProtocolNIO.negotiateConnection(NSProtocolNIO.java:202)
at oracle.net.ns.NSProtocol.connect(NSProtocol.java:350)
at oracle.jdbc.driver.T4CConnection.connect(T4CConnection.java:2372)
at oracle.jdbc.driver.T4CConnection.logon(T4CConnection.java:657)
... 36 more
Caused by: oracle.net.ns.NetException: Got minus one from a read call
at oracle.net.ns.NSProtocolNIO.doSocketRead(NSProtocolNIO.java:1121)
at oracle.net.ns.NIOPacket.readNIOPacket(NIOPacket.java:418)
at oracle.net.ns.NSProtocolNIO.negotiateConnection(NSProtocolNIO.java:167)
... 39 more
... Removed 27 stack frames]]>
    </failure>
  </testcase> <!-- TC18verifyThatTypeFiledIsRequired -->
  <testcase name="TC19verifyPageTitle" time="27.948" classname="com.apex.testCases.SafeMaintenance"/>
  <testcase name="TC20verifyCurrentSiteNoAndSiteName" time="27.589" classname="com.apex.testCases.SafeMaintenance"/>
  <testcase name="TC21verifyCancleButtonOnSafeReconScreen" time="32.505" classname="com.apex.testCases.SafeMaintenance"/>
  <testcase name="TC22verifyExitButtonOnSafeReconScreen" time="33.425" classname="com.apex.testCases.SafeMaintenance"/>
  <testcase name="TC23verifyAuthWindowWithWrongCredentials" time="45.932" classname="com.apex.testCases.SafeMaintenance"/>
  <testcase name="TC24verifyReconciliationDate" time="45.386" classname="com.apex.testCases.SafeMaintenance"/>
  <testcase name="TC25verifyReconciliationDateLessthanCurrentDate" time="49.015" classname="com.apex.testCases.SafeMaintenance">
    <skipped/>
  </testcase> <!-- TC25verifyReconciliationDateLessthanCurrentDate -->
  <testcase name="TC25verifyReconciliationDateLessthanCurrentDate" time="43.727" classname="com.apex.testCases.SafeMaintenance">
    <skipped/>
  </testcase> <!-- TC25verifyReconciliationDateLessthanCurrentDate -->
  <testcase name="TC25verifyReconciliationDateLessthanCurrentDate" time="61.847" classname="com.apex.testCases.SafeMaintenance"/>
  <testcase name="TC26verifyCurrencyCoinsSection" time="38.457" classname="com.apex.testCases.SafeMaintenance"/>
  <testcase name="TC27verifyTotalActualAmountInTenderSection" time="40.094" classname="com.apex.testCases.SafeMaintenance"/>
  <testcase name="TC28VerifyActualFloatAmount" time="40.178" classname="com.apex.testCases.SafeMaintenance"/>
  <testcase name="TC29VerifyTenderRegionShouldBePopulated" time="36.927" classname="com.apex.testCases.SafeMaintenance">
    <skipped/>
  </testcase> <!-- TC29VerifyTenderRegionShouldBePopulated -->
  <testcase name="TC29VerifyTenderRegionShouldBePopulated" time="32.127" classname="com.apex.testCases.SafeMaintenance">
    <skipped/>
  </testcase> <!-- TC29VerifyTenderRegionShouldBePopulated -->
  <testcase name="TC29VerifyTenderRegionShouldBePopulated" time="34.741" classname="com.apex.testCases.SafeMaintenance">
    <failure type="java.sql.SQLRecoverableException" message="IO Error: Got minus one from a read call, connect lapse 825 ms., Authentication lapse 0 ms.">
      <![CDATA[java.sql.SQLRecoverableException: IO Error: Got minus one from a read call, connect lapse 825 ms., Authentication lapse 0 ms.
at oracle.jdbc.driver.T4CConnection.handleLogonIOException(T4CConnection.java:936)
at oracle.jdbc.driver.T4CConnection.logon(T4CConnection.java:701)
at oracle.jdbc.driver.PhysicalConnection.connect(PhysicalConnection.java:1042)
at oracle.jdbc.driver.T4CDriverExtension.getConnection(T4CDriverExtension.java:90)
at oracle.jdbc.driver.OracleDriver.connect(OracleDriver.java:733)
at oracle.jdbc.driver.OracleDriver.connect(OracleDriver.java:649)
at java.sql.DriverManager.getConnection(DriverManager.java:664)
at java.sql.DriverManager.getConnection(DriverManager.java:247)
at com.apex.utils.Utility.getDataFromDatabase(Utility.java:78)
at com.apex.utils.Utility.getDBTextList(Utility.java:108)
at com.apex.pages.SafeReconciliation.getTenderValueFromDB(SafeReconciliation.java:285)
at com.apex.testCases.SafeMaintenance.TC29VerifyTenderRegionShouldBePopulated(SafeMaintenance.java:849)
at java.util.ArrayList.forEach(ArrayList.java:1259)
Caused by: java.io.IOException: Got minus one from a read call, connect lapse 825 ms., Authentication lapse 0 ms.
at oracle.jdbc.driver.T4CConnection.handleLogonIOException(T4CConnection.java:931)
... 39 more
Caused by: java.io.IOException: Got minus one from a read call, connect lapse 825 ms.
at oracle.net.ns.NSProtocolNIO.negotiateConnection(NSProtocolNIO.java:202)
at oracle.net.ns.NSProtocol.connect(NSProtocol.java:350)
at oracle.jdbc.driver.T4CConnection.connect(T4CConnection.java:2372)
at oracle.jdbc.driver.T4CConnection.logon(T4CConnection.java:657)
... 38 more
Caused by: oracle.net.ns.NetException: Got minus one from a read call
at oracle.net.ns.NSProtocolNIO.doSocketRead(NSProtocolNIO.java:1121)
at oracle.net.ns.NIOPacket.readNIOPacket(NIOPacket.java:418)
at oracle.net.ns.NSProtocolNIO.negotiateConnection(NSProtocolNIO.java:167)
... 41 more
... Removed 27 stack frames]]>
    </failure>
  </testcase> <!-- TC29VerifyTenderRegionShouldBePopulated -->
  <testcase name="TC30verifyTotalExpectedAmountInTenderSection" time="10.278" classname="com.apex.testCases.SafeMaintenance">
    <skipped/>
  </testcase> <!-- TC30verifyTotalExpectedAmountInTenderSection -->
  <testcase name="TC30verifyTotalExpectedAmountInTenderSection" time="10.315" classname="com.apex.testCases.SafeMaintenance">
    <skipped/>
  </testcase> <!-- TC30verifyTotalExpectedAmountInTenderSection -->
  <testcase name="TC30verifyTotalExpectedAmountInTenderSection" time="10.311" classname="com.apex.testCases.SafeMaintenance">
    <failure type="org.openqa.selenium.ElementNotInteractableException" message="element not interactable
  (Session info: chrome=103.0.5060.134)
Build info: version: &amp;apos;4.0.0&amp;apos;, revision: &amp;apos;3a21814679&amp;apos;
System info: host: &amp;apos;SEZLAP-13554T&amp;apos;, ip: &amp;apos;192.168.1.211&amp;apos;, os.name: &amp;apos;Windows 10&amp;apos;, os.arch: &amp;apos;amd64&amp;apos;, os.version: &amp;apos;10.0&amp;apos;, java.version: &amp;apos;1.8.0_311&amp;apos;
Driver info: org.openqa.selenium.chrome.ChromeDriver
Command: [99fe8011740559730fcd5b09f35091a7, clickElement {id=384c7e5d-3a75-48fa-ad6b-334fa58ed2fc}]
Capabilities {acceptInsecureCerts: false, browserName: chrome, browserVersion: 103.0.5060.134, chrome: {chromedriverVersion: 103.0.5060.134 (8ec6fce403b..., userDataDir: C:\Users\Kapil\AppData\Loca...}, goog:chromeOptions: {debuggerAddress: localhost:60652}, javascriptEnabled: true, networkConnectionEnabled: false, pageLoadStrategy: normal, platform: WINDOWS, platformName: WINDOWS, proxy: Proxy(), se:cdp: ws://localhost:60652/devtoo..., se:cdpVersion: 103.0.5060.134, setWindowRect: true, strictFileInteractability: false, timeouts: {implicit: 0, pageLoad: 300000, script: 30000}, unhandledPromptBehavior: dismiss and notify, webauthn:extension:credBlob: true, webauthn:extension:largeBlob: true, webauthn:virtualAuthenticators: true}
Element: [[ChromeDriver: chrome on WINDOWS (99fe8011740559730fcd5b09f35091a7)] -&amp;gt; xpath: //button[contains(@id,&amp;apos;SITE_NO_lov_btn&amp;apos;)]]
Session ID: 99fe8011740559730fcd5b09f35091a7">
      <![CDATA[org.openqa.selenium.ElementNotInteractableException: element not interactable
  (Session info: chrome=103.0.5060.134)
Build info: version: '4.0.0', revision: '3a21814679'
System info: host: 'SEZLAP-13554T', ip: '192.168.1.211', os.name: 'Windows 10', os.arch: 'amd64', os.version: '10.0', java.version: '1.8.0_311'
Driver info: org.openqa.selenium.chrome.ChromeDriver
Command: [99fe8011740559730fcd5b09f35091a7, clickElement {id=384c7e5d-3a75-48fa-ad6b-334fa58ed2fc}]
Capabilities {acceptInsecureCerts: false, browserName: chrome, browserVersion: 103.0.5060.134, chrome: {chromedriverVersion: 103.0.5060.134 (8ec6fce403b..., userDataDir: C:\Users\Kapil\AppData\Loca...}, goog:chromeOptions: {debuggerAddress: localhost:60652}, javascriptEnabled: true, networkConnectionEnabled: false, pageLoadStrategy: normal, platform: WINDOWS, platformName: WINDOWS, proxy: Proxy(), se:cdp: ws://localhost:60652/devtoo..., se:cdpVersion: 103.0.5060.134, setWindowRect: true, strictFileInteractability: false, timeouts: {implicit: 0, pageLoad: 300000, script: 30000}, unhandledPromptBehavior: dismiss and notify, webauthn:extension:credBlob: true, webauthn:extension:largeBlob: true, webauthn:virtualAuthenticators: true}
Element: [[ChromeDriver: chrome on WINDOWS (99fe8011740559730fcd5b09f35091a7)] -> xpath: //button[contains(@id,'SITE_NO_lov_btn')]]
Session ID: 99fe8011740559730fcd5b09f35091a7
at org.openqa.selenium.remote.codec.w3c.W3CHttpResponseCodec.createException(W3CHttpResponseCodec.java:200)
at org.openqa.selenium.remote.codec.w3c.W3CHttpResponseCodec.decode(W3CHttpResponseCodec.java:133)
at org.openqa.selenium.remote.codec.w3c.W3CHttpResponseCodec.decode(W3CHttpResponseCodec.java:53)
at org.openqa.selenium.remote.HttpCommandExecutor.execute(HttpCommandExecutor.java:184)
at org.openqa.selenium.remote.service.DriverCommandExecutor.invokeExecute(DriverCommandExecutor.java:164)
at org.openqa.selenium.remote.service.DriverCommandExecutor.execute(DriverCommandExecutor.java:139)
at org.openqa.selenium.remote.RemoteWebDriver.execute(RemoteWebDriver.java:559)
at org.openqa.selenium.remote.RemoteWebElement.execute(RemoteWebElement.java:251)
at org.openqa.selenium.remote.RemoteWebElement.click(RemoteWebElement.java:77)
at com.apex.utils.ElementUtil.doClick(ElementUtil.java:71)
at com.apex.pages.Login.Logintoapplication(Login.java:47)
at com.apex.testCases.SafeMaintenance.TC30verifyTotalExpectedAmountInTenderSection(SafeMaintenance.java:880)
at java.util.ArrayList.forEach(ArrayList.java:1259)
... Removed 31 stack frames]]>
    </failure>
  </testcase> <!-- TC30verifyTotalExpectedAmountInTenderSection -->
  <testcase name="TC31verifyOverShortAmount" time="31.584" classname="com.apex.testCases.SafeMaintenance"/>
  <testcase name="TC32verifybillNameSafeRecon" time="37.751" classname="com.apex.testCases.SafeMaintenance">
    <skipped/>
  </testcase> <!-- TC32verifybillNameSafeRecon -->
  <testcase name="TC32verifybillNameSafeRecon" time="36.437" classname="com.apex.testCases.SafeMaintenance">
    <skipped/>
  </testcase> <!-- TC32verifybillNameSafeRecon -->
  <testcase name="TC32verifybillNameSafeRecon" time="33.647" classname="com.apex.testCases.SafeMaintenance">
    <failure type="java.sql.SQLRecoverableException" message="IO Error: Got minus one from a read call, connect lapse 345 ms., Authentication lapse 0 ms.">
      <![CDATA[java.sql.SQLRecoverableException: IO Error: Got minus one from a read call, connect lapse 345 ms., Authentication lapse 0 ms.
at oracle.jdbc.driver.T4CConnection.handleLogonIOException(T4CConnection.java:936)
at oracle.jdbc.driver.T4CConnection.logon(T4CConnection.java:701)
at oracle.jdbc.driver.PhysicalConnection.connect(PhysicalConnection.java:1042)
at oracle.jdbc.driver.T4CDriverExtension.getConnection(T4CDriverExtension.java:90)
at oracle.jdbc.driver.OracleDriver.connect(OracleDriver.java:733)
at oracle.jdbc.driver.OracleDriver.connect(OracleDriver.java:649)
at java.sql.DriverManager.getConnection(DriverManager.java:664)
at java.sql.DriverManager.getConnection(DriverManager.java:247)
at com.apex.utils.Utility.getDataFromDatabase(Utility.java:78)
at com.apex.pages.SafeReceipt.getCurrencyConfigNameDB(SafeReceipt.java:193)
at com.apex.testCases.SafeMaintenance.TC32verifybillNameSafeRecon(SafeMaintenance.java:963)
at java.util.ArrayList.forEach(ArrayList.java:1259)
Caused by: java.io.IOException: Got minus one from a read call, connect lapse 345 ms., Authentication lapse 0 ms.
at oracle.jdbc.driver.T4CConnection.handleLogonIOException(T4CConnection.java:931)
... 38 more
Caused by: java.io.IOException: Got minus one from a read call, connect lapse 345 ms.
at oracle.net.ns.NSProtocolNIO.negotiateConnection(NSProtocolNIO.java:202)
at oracle.net.ns.NSProtocol.connect(NSProtocol.java:350)
at oracle.jdbc.driver.T4CConnection.connect(T4CConnection.java:2372)
at oracle.jdbc.driver.T4CConnection.logon(T4CConnection.java:657)
... 37 more
Caused by: oracle.net.ns.NetException: Got minus one from a read call
at oracle.net.ns.NSProtocolNIO.doSocketRead(NSProtocolNIO.java:1121)
at oracle.net.ns.NIOPacket.readNIOPacket(NIOPacket.java:418)
at oracle.net.ns.NSProtocolNIO.negotiateConnection(NSProtocolNIO.java:167)
... 40 more
... Removed 27 stack frames]]>
    </failure>
  </testcase> <!-- TC32verifybillNameSafeRecon -->
  <testcase name="TC33verifyCoinNameSafeRecon" time="34.71" classname="com.apex.testCases.SafeMaintenance">
    <skipped/>
  </testcase> <!-- TC33verifyCoinNameSafeRecon -->
  <testcase name="TC33verifyCoinNameSafeRecon" time="33.012" classname="com.apex.testCases.SafeMaintenance">
    <skipped/>
  </testcase> <!-- TC33verifyCoinNameSafeRecon -->
  <testcase name="TC33verifyCoinNameSafeRecon" time="29.874" classname="com.apex.testCases.SafeMaintenance">
    <failure type="java.sql.SQLRecoverableException" message="IO Error: Got minus one from a read call, connect lapse 489 ms., Authentication lapse 0 ms.">
      <![CDATA[java.sql.SQLRecoverableException: IO Error: Got minus one from a read call, connect lapse 489 ms., Authentication lapse 0 ms.
at oracle.jdbc.driver.T4CConnection.handleLogonIOException(T4CConnection.java:936)
at oracle.jdbc.driver.T4CConnection.logon(T4CConnection.java:701)
at oracle.jdbc.driver.PhysicalConnection.connect(PhysicalConnection.java:1042)
at oracle.jdbc.driver.T4CDriverExtension.getConnection(T4CDriverExtension.java:90)
at oracle.jdbc.driver.OracleDriver.connect(OracleDriver.java:733)
at oracle.jdbc.driver.OracleDriver.connect(OracleDriver.java:649)
at java.sql.DriverManager.getConnection(DriverManager.java:664)
at java.sql.DriverManager.getConnection(DriverManager.java:247)
at com.apex.utils.Utility.getDataFromDatabase(Utility.java:78)
at com.apex.pages.SafeReceipt.getCoinConfigNameDB(SafeReceipt.java:225)
at com.apex.testCases.SafeMaintenance.TC33verifyCoinNameSafeRecon(SafeMaintenance.java:997)
at java.util.ArrayList.forEach(ArrayList.java:1259)
Caused by: java.io.IOException: Got minus one from a read call, connect lapse 489 ms., Authentication lapse 0 ms.
at oracle.jdbc.driver.T4CConnection.handleLogonIOException(T4CConnection.java:931)
... 38 more
Caused by: java.io.IOException: Got minus one from a read call, connect lapse 489 ms.
at oracle.net.ns.NSProtocolNIO.negotiateConnection(NSProtocolNIO.java:202)
at oracle.net.ns.NSProtocol.connect(NSProtocol.java:350)
at oracle.jdbc.driver.T4CConnection.connect(T4CConnection.java:2372)
at oracle.jdbc.driver.T4CConnection.logon(T4CConnection.java:657)
... 37 more
Caused by: oracle.net.ns.NetException: Got minus one from a read call
at oracle.net.ns.NSProtocolNIO.doSocketRead(NSProtocolNIO.java:1121)
at oracle.net.ns.NIOPacket.readNIOPacket(NIOPacket.java:418)
at oracle.net.ns.NSProtocolNIO.negotiateConnection(NSProtocolNIO.java:167)
... 40 more
... Removed 27 stack frames]]>
    </failure>
  </testcase> <!-- TC33verifyCoinNameSafeRecon -->
  <testcase name="TC34verifyunreconciledDrawersDate" time="32.203" classname="com.apex.testCases.SafeMaintenance">
    <skipped/>
  </testcase> <!-- TC34verifyunreconciledDrawersDate -->
  <testcase name="TC34verifyunreconciledDrawersDate" time="29.51" classname="com.apex.testCases.SafeMaintenance">
    <skipped/>
  </testcase> <!-- TC34verifyunreconciledDrawersDate -->
  <testcase name="TC34verifyunreconciledDrawersDate" time="30.362" classname="com.apex.testCases.SafeMaintenance">
    <failure type="java.sql.SQLRecoverableException" message="IO Error: Got minus one from a read call, connect lapse 386 ms., Authentication lapse 0 ms.">
      <![CDATA[java.sql.SQLRecoverableException: IO Error: Got minus one from a read call, connect lapse 386 ms., Authentication lapse 0 ms.
at oracle.jdbc.driver.T4CConnection.handleLogonIOException(T4CConnection.java:936)
at oracle.jdbc.driver.T4CConnection.logon(T4CConnection.java:701)
at oracle.jdbc.driver.PhysicalConnection.connect(PhysicalConnection.java:1042)
at oracle.jdbc.driver.T4CDriverExtension.getConnection(T4CDriverExtension.java:90)
at oracle.jdbc.driver.OracleDriver.connect(OracleDriver.java:733)
at oracle.jdbc.driver.OracleDriver.connect(OracleDriver.java:649)
at java.sql.DriverManager.getConnection(DriverManager.java:664)
at java.sql.DriverManager.getConnection(DriverManager.java:247)
at com.apex.utils.Utility.getDataFromDatabase(Utility.java:78)
at com.apex.utils.Utility.executeQuery(Utility.java:86)
at com.apex.testCases.SafeMaintenance.TC34verifyunreconciledDrawersDate(SafeMaintenance.java:1032)
at java.util.ArrayList.forEach(ArrayList.java:1259)
Caused by: java.io.IOException: Got minus one from a read call, connect lapse 386 ms., Authentication lapse 0 ms.
at oracle.jdbc.driver.T4CConnection.handleLogonIOException(T4CConnection.java:931)
... 38 more
Caused by: java.io.IOException: Got minus one from a read call, connect lapse 386 ms.
at oracle.net.ns.NSProtocolNIO.negotiateConnection(NSProtocolNIO.java:202)
at oracle.net.ns.NSProtocol.connect(NSProtocol.java:350)
at oracle.jdbc.driver.T4CConnection.connect(T4CConnection.java:2372)
at oracle.jdbc.driver.T4CConnection.logon(T4CConnection.java:657)
... 37 more
Caused by: oracle.net.ns.NetException: Got minus one from a read call
at oracle.net.ns.NSProtocolNIO.doSocketRead(NSProtocolNIO.java:1121)
at oracle.net.ns.NIOPacket.readNIOPacket(NIOPacket.java:418)
at oracle.net.ns.NSProtocolNIO.negotiateConnection(NSProtocolNIO.java:167)
... 40 more
... Removed 27 stack frames]]>
    </failure>
  </testcase> <!-- TC34verifyunreconciledDrawersDate -->
  <testcase name="TC35verifyExpAmountSumInCheckAuditScreen" time="47.131" classname="com.apex.testCases.SafeMaintenance">
    <skipped/>
  </testcase> <!-- TC35verifyExpAmountSumInCheckAuditScreen -->
  <testcase name="TC35verifyExpAmountSumInCheckAuditScreen" time="46.675" classname="com.apex.testCases.SafeMaintenance"/>
  <testcase name="TC36verifyOverShortAmountInCheckAuditScreen" time="36.185" classname="com.apex.testCases.SafeMaintenance"/>
  <testcase name="TC37verifyCancelButtonOnAuthWindow" time="44.969" classname="com.apex.testCases.SafeMaintenance"/>
  <testcase name="TC38verifyCheckDetailsButtonIsEnable" time="28.121" classname="com.apex.testCases.SafeMaintenance">
    <skipped/>
  </testcase> <!-- TC38verifyCheckDetailsButtonIsEnable -->
  <testcase name="TC38verifyCheckDetailsButtonIsEnable" time="1.28" classname="com.apex.testCases.SafeMaintenance">
    <skipped/>
  </testcase> <!-- TC38verifyCheckDetailsButtonIsEnable -->
  <testcase name="TC38verifyCheckDetailsButtonIsEnable" time="1.47" classname="com.apex.testCases.SafeMaintenance">
    <failure type="java.sql.SQLRecoverableException" message="IO Error: Got minus one from a read call, connect lapse 544 ms., Authentication lapse 0 ms.">
      <![CDATA[java.sql.SQLRecoverableException: IO Error: Got minus one from a read call, connect lapse 544 ms., Authentication lapse 0 ms.
at oracle.jdbc.driver.T4CConnection.handleLogonIOException(T4CConnection.java:936)
at oracle.jdbc.driver.T4CConnection.logon(T4CConnection.java:701)
at oracle.jdbc.driver.PhysicalConnection.connect(PhysicalConnection.java:1042)
at oracle.jdbc.driver.T4CDriverExtension.getConnection(T4CDriverExtension.java:90)
at oracle.jdbc.driver.OracleDriver.connect(OracleDriver.java:733)
at oracle.jdbc.driver.OracleDriver.connect(OracleDriver.java:649)
at java.sql.DriverManager.getConnection(DriverManager.java:664)
at java.sql.DriverManager.getConnection(DriverManager.java:247)
at com.apex.utils.Utility.getDataFromDatabase(Utility.java:78)
at com.apex.utils.Utility.executeandcommit(Utility.java:95)
at com.apex.testCases.SafeMaintenance.TC38verifyCheckDetailsButtonIsEnable(SafeMaintenance.java:1158)
at java.util.ArrayList.forEach(ArrayList.java:1259)
Caused by: java.io.IOException: Got minus one from a read call, connect lapse 544 ms., Authentication lapse 0 ms.
at oracle.jdbc.driver.T4CConnection.handleLogonIOException(T4CConnection.java:931)
... 38 more
Caused by: java.io.IOException: Got minus one from a read call, connect lapse 544 ms.
at oracle.net.ns.NSProtocolNIO.negotiateConnection(NSProtocolNIO.java:202)
at oracle.net.ns.NSProtocol.connect(NSProtocol.java:350)
at oracle.jdbc.driver.T4CConnection.connect(T4CConnection.java:2372)
at oracle.jdbc.driver.T4CConnection.logon(T4CConnection.java:657)
... 37 more
Caused by: oracle.net.ns.NetException: Got minus one from a read call
at oracle.net.ns.NSProtocolNIO.doSocketRead(NSProtocolNIO.java:1121)
at oracle.net.ns.NIOPacket.readNIOPacket(NIOPacket.java:418)
at oracle.net.ns.NSProtocolNIO.negotiateConnection(NSProtocolNIO.java:167)
... 40 more
... Removed 27 stack frames]]>
    </failure>
  </testcase> <!-- TC38verifyCheckDetailsButtonIsEnable -->
  <testcase name="TC39verifyINCLUDE_AR_CHARGES" time="1.267" classname="com.apex.testCases.SafeMaintenance">
    <skipped/>
  </testcase> <!-- TC39verifyINCLUDE_AR_CHARGES -->
  <testcase name="TC39verifyINCLUDE_AR_CHARGES" time="1.287" classname="com.apex.testCases.SafeMaintenance">
    <skipped/>
  </testcase> <!-- TC39verifyINCLUDE_AR_CHARGES -->
  <testcase name="TC39verifyINCLUDE_AR_CHARGES" time="1.269" classname="com.apex.testCases.SafeMaintenance">
    <failure type="java.sql.SQLRecoverableException" message="IO Error: Got minus one from a read call, connect lapse 345 ms., Authentication lapse 0 ms.">
      <![CDATA[java.sql.SQLRecoverableException: IO Error: Got minus one from a read call, connect lapse 345 ms., Authentication lapse 0 ms.
at oracle.jdbc.driver.T4CConnection.handleLogonIOException(T4CConnection.java:936)
at oracle.jdbc.driver.T4CConnection.logon(T4CConnection.java:701)
at oracle.jdbc.driver.PhysicalConnection.connect(PhysicalConnection.java:1042)
at oracle.jdbc.driver.T4CDriverExtension.getConnection(T4CDriverExtension.java:90)
at oracle.jdbc.driver.OracleDriver.connect(OracleDriver.java:733)
at oracle.jdbc.driver.OracleDriver.connect(OracleDriver.java:649)
at java.sql.DriverManager.getConnection(DriverManager.java:664)
at java.sql.DriverManager.getConnection(DriverManager.java:247)
at com.apex.utils.Utility.getDataFromDatabase(Utility.java:78)
at com.apex.utils.Utility.executeandcommit(Utility.java:95)
at com.apex.testCases.SafeMaintenance.TC39verifyINCLUDE_AR_CHARGES(SafeMaintenance.java:1204)
at java.util.ArrayList.forEach(ArrayList.java:1259)
Caused by: java.io.IOException: Got minus one from a read call, connect lapse 345 ms., Authentication lapse 0 ms.
at oracle.jdbc.driver.T4CConnection.handleLogonIOException(T4CConnection.java:931)
... 38 more
Caused by: java.io.IOException: Got minus one from a read call, connect lapse 345 ms.
at oracle.net.ns.NSProtocolNIO.negotiateConnection(NSProtocolNIO.java:202)
at oracle.net.ns.NSProtocol.connect(NSProtocol.java:350)
at oracle.jdbc.driver.T4CConnection.connect(T4CConnection.java:2372)
at oracle.jdbc.driver.T4CConnection.logon(T4CConnection.java:657)
... 37 more
Caused by: oracle.net.ns.NetException: Got minus one from a read call
at oracle.net.ns.NSProtocolNIO.doSocketRead(NSProtocolNIO.java:1121)
at oracle.net.ns.NIOPacket.readNIOPacket(NIOPacket.java:418)
at oracle.net.ns.NSProtocolNIO.negotiateConnection(NSProtocolNIO.java:167)
... 40 more
... Removed 27 stack frames]]>
    </failure>
  </testcase> <!-- TC39verifyINCLUDE_AR_CHARGES -->
  <testcase name="TC40verifySAFE_RECON_IN_PROCESS_OnSAfeReconScreen" time="7.552" classname="com.apex.testCases.SafeMaintenance">
    <skipped/>
  </testcase> <!-- TC40verifySAFE_RECON_IN_PROCESS_OnSAfeReconScreen -->
  <testcase name="TC40verifySAFE_RECON_IN_PROCESS_OnSAfeReconScreen" time="9.092" classname="com.apex.testCases.SafeMaintenance">
    <skipped/>
  </testcase> <!-- TC40verifySAFE_RECON_IN_PROCESS_OnSAfeReconScreen -->
  <testcase name="TC40verifySAFE_RECON_IN_PROCESS_OnSAfeReconScreen" time="8.047" classname="com.apex.testCases.SafeMaintenance">
    <failure type="java.sql.SQLRecoverableException" message="IO Error: Got minus one from a read call, connect lapse 343 ms., Authentication lapse 0 ms.">
      <![CDATA[java.sql.SQLRecoverableException: IO Error: Got minus one from a read call, connect lapse 343 ms., Authentication lapse 0 ms.
at oracle.jdbc.driver.T4CConnection.handleLogonIOException(T4CConnection.java:936)
at oracle.jdbc.driver.T4CConnection.logon(T4CConnection.java:701)
at oracle.jdbc.driver.PhysicalConnection.connect(PhysicalConnection.java:1042)
at oracle.jdbc.driver.T4CDriverExtension.getConnection(T4CDriverExtension.java:90)
at oracle.jdbc.driver.OracleDriver.connect(OracleDriver.java:733)
at oracle.jdbc.driver.OracleDriver.connect(OracleDriver.java:649)
at java.sql.DriverManager.getConnection(DriverManager.java:664)
at java.sql.DriverManager.getConnection(DriverManager.java:247)
at com.apex.utils.Utility.getDataFromDatabase(Utility.java:78)
at com.apex.testCases.SafeMaintenance.TC40verifySAFE_RECON_IN_PROCESS_OnSAfeReconScreen(SafeMaintenance.java:1247)
at java.util.ArrayList.forEach(ArrayList.java:1259)
Caused by: java.io.IOException: Got minus one from a read call, connect lapse 343 ms., Authentication lapse 0 ms.
at oracle.jdbc.driver.T4CConnection.handleLogonIOException(T4CConnection.java:931)
... 37 more
Caused by: java.io.IOException: Got minus one from a read call, connect lapse 343 ms.
at oracle.net.ns.NSProtocolNIO.negotiateConnection(NSProtocolNIO.java:202)
at oracle.net.ns.NSProtocol.connect(NSProtocol.java:350)
at oracle.jdbc.driver.T4CConnection.connect(T4CConnection.java:2372)
at oracle.jdbc.driver.T4CConnection.logon(T4CConnection.java:657)
... 36 more
Caused by: oracle.net.ns.NetException: Got minus one from a read call
at oracle.net.ns.NSProtocolNIO.doSocketRead(NSProtocolNIO.java:1121)
at oracle.net.ns.NIOPacket.readNIOPacket(NIOPacket.java:418)
at oracle.net.ns.NSProtocolNIO.negotiateConnection(NSProtocolNIO.java:167)
... 39 more
... Removed 27 stack frames]]>
    </failure>
  </testcase> <!-- TC40verifySAFE_RECON_IN_PROCESS_OnSAfeReconScreen -->
  <testcase name="TC01verifyPageTitle" time="21.653" classname="com.apex.testCases.MoveFundsTC"/>
  <testcase name="TC02verifyCurrentSiteNoAndSiteName" time="21.504" classname="com.apex.testCases.MoveFundsTC"/>
  <testcase name="TC03verifyCurrentSiteNoAndSiteNameDisabled" time="22.42" classname="com.apex.testCases.MoveFundsTC"/>
  <testcase name="TC04verifybillNameMoveFundsScreen" time="24.245" classname="com.apex.testCases.MoveFundsTC">
    <skipped/>
  </testcase> <!-- TC04verifybillNameMoveFundsScreen -->
  <testcase name="TC04verifybillNameMoveFundsScreen" time="25.666" classname="com.apex.testCases.MoveFundsTC">
    <skipped/>
  </testcase> <!-- TC04verifybillNameMoveFundsScreen -->
  <testcase name="TC04verifybillNameMoveFundsScreen" time="25.672" classname="com.apex.testCases.MoveFundsTC">
    <failure type="java.sql.SQLRecoverableException" message="IO Error: Got minus one from a read call, connect lapse 350 ms., Authentication lapse 0 ms.">
      <![CDATA[java.sql.SQLRecoverableException: IO Error: Got minus one from a read call, connect lapse 350 ms., Authentication lapse 0 ms.
at oracle.jdbc.driver.T4CConnection.handleLogonIOException(T4CConnection.java:936)
at oracle.jdbc.driver.T4CConnection.logon(T4CConnection.java:701)
at oracle.jdbc.driver.PhysicalConnection.connect(PhysicalConnection.java:1042)
at oracle.jdbc.driver.T4CDriverExtension.getConnection(T4CDriverExtension.java:90)
at oracle.jdbc.driver.OracleDriver.connect(OracleDriver.java:733)
at oracle.jdbc.driver.OracleDriver.connect(OracleDriver.java:649)
at java.sql.DriverManager.getConnection(DriverManager.java:664)
at java.sql.DriverManager.getConnection(DriverManager.java:247)
at com.apex.utils.Utility.getDataFromDatabase(Utility.java:78)
at com.apex.pages.SafeReceipt.getCurrencyConfigNameDB(SafeReceipt.java:193)
at com.apex.testCases.MoveFundsTC.TC04verifybillNameMoveFundsScreen(MoveFundsTC.java:102)
at java.util.ArrayList.forEach(ArrayList.java:1259)
Caused by: java.io.IOException: Got minus one from a read call, connect lapse 350 ms., Authentication lapse 0 ms.
at oracle.jdbc.driver.T4CConnection.handleLogonIOException(T4CConnection.java:931)
... 38 more
Caused by: java.io.IOException: Got minus one from a read call, connect lapse 350 ms.
at oracle.net.ns.NSProtocolNIO.negotiateConnection(NSProtocolNIO.java:202)
at oracle.net.ns.NSProtocol.connect(NSProtocol.java:350)
at oracle.jdbc.driver.T4CConnection.connect(T4CConnection.java:2372)
at oracle.jdbc.driver.T4CConnection.logon(T4CConnection.java:657)
... 37 more
Caused by: oracle.net.ns.NetException: Got minus one from a read call
at oracle.net.ns.NSProtocolNIO.doSocketRead(NSProtocolNIO.java:1121)
at oracle.net.ns.NIOPacket.readNIOPacket(NIOPacket.java:418)
at oracle.net.ns.NSProtocolNIO.negotiateConnection(NSProtocolNIO.java:167)
... 40 more
... Removed 27 stack frames]]>
    </failure>
  </testcase> <!-- TC04verifybillNameMoveFundsScreen -->
  <testcase name="TC05verifyCoinNameMoveFundsScreen" time="29.804" classname="com.apex.testCases.MoveFundsTC">
    <skipped/>
  </testcase> <!-- TC05verifyCoinNameMoveFundsScreen -->
  <testcase name="TC05verifyCoinNameMoveFundsScreen" time="23.852" classname="com.apex.testCases.MoveFundsTC">
    <skipped/>
  </testcase> <!-- TC05verifyCoinNameMoveFundsScreen -->
  <testcase name="TC05verifyCoinNameMoveFundsScreen" time="27.996" classname="com.apex.testCases.MoveFundsTC">
    <failure type="java.sql.SQLRecoverableException" message="IO Error: Got minus one from a read call, connect lapse 348 ms., Authentication lapse 0 ms.">
      <![CDATA[java.sql.SQLRecoverableException: IO Error: Got minus one from a read call, connect lapse 348 ms., Authentication lapse 0 ms.
at oracle.jdbc.driver.T4CConnection.handleLogonIOException(T4CConnection.java:936)
at oracle.jdbc.driver.T4CConnection.logon(T4CConnection.java:701)
at oracle.jdbc.driver.PhysicalConnection.connect(PhysicalConnection.java:1042)
at oracle.jdbc.driver.T4CDriverExtension.getConnection(T4CDriverExtension.java:90)
at oracle.jdbc.driver.OracleDriver.connect(OracleDriver.java:733)
at oracle.jdbc.driver.OracleDriver.connect(OracleDriver.java:649)
at java.sql.DriverManager.getConnection(DriverManager.java:664)
at java.sql.DriverManager.getConnection(DriverManager.java:247)
at com.apex.utils.Utility.getDataFromDatabase(Utility.java:78)
at com.apex.pages.SafeReceipt.getCoinConfigNameDB(SafeReceipt.java:225)
at com.apex.testCases.MoveFundsTC.TC05verifyCoinNameMoveFundsScreen(MoveFundsTC.java:125)
at java.util.ArrayList.forEach(ArrayList.java:1259)
Caused by: java.io.IOException: Got minus one from a read call, connect lapse 348 ms., Authentication lapse 0 ms.
at oracle.jdbc.driver.T4CConnection.handleLogonIOException(T4CConnection.java:931)
... 38 more
Caused by: java.io.IOException: Got minus one from a read call, connect lapse 348 ms.
at oracle.net.ns.NSProtocolNIO.negotiateConnection(NSProtocolNIO.java:202)
at oracle.net.ns.NSProtocol.connect(NSProtocol.java:350)
at oracle.jdbc.driver.T4CConnection.connect(T4CConnection.java:2372)
at oracle.jdbc.driver.T4CConnection.logon(T4CConnection.java:657)
... 37 more
Caused by: oracle.net.ns.NetException: Got minus one from a read call
at oracle.net.ns.NSProtocolNIO.doSocketRead(NSProtocolNIO.java:1121)
at oracle.net.ns.NIOPacket.readNIOPacket(NIOPacket.java:418)
at oracle.net.ns.NSProtocolNIO.negotiateConnection(NSProtocolNIO.java:167)
... 40 more
... Removed 27 stack frames]]>
    </failure>
  </testcase> <!-- TC05verifyCoinNameMoveFundsScreen -->
  <testcase name="TC06verifyFromAndTOValuesINValidMessage" time="24.212" classname="com.apex.testCases.MoveFundsTC">
    <skipped/>
  </testcase> <!-- TC06verifyFromAndTOValuesINValidMessage -->
  <testcase name="TC06verifyFromAndTOValuesINValidMessage" time="22.516" classname="com.apex.testCases.MoveFundsTC">
    <skipped/>
  </testcase> <!-- TC06verifyFromAndTOValuesINValidMessage -->
  <testcase name="TC06verifyFromAndTOValuesINValidMessage" time="21.752" classname="com.apex.testCases.MoveFundsTC">
    <failure type="java.lang.AssertionError" message="expected [Invalid Selection. From selection cannot equal To selection.] but found [Safe reconciliation is currently in process. Please perform this fund transfer after manager is finished with the safe.]">
      <![CDATA[java.lang.AssertionError: expected [Invalid Selection. From selection cannot equal To selection.] but found [Safe reconciliation is currently in process. Please perform this fund transfer after manager is finished with the safe.]
at com.apex.testCases.MoveFundsTC.TC06verifyFromAndTOValuesINValidMessage(MoveFundsTC.java:151)
at java.util.ArrayList.forEach(ArrayList.java:1259)
... Removed 33 stack frames]]>
    </failure>
  </testcase> <!-- TC06verifyFromAndTOValuesINValidMessage -->
  <testcase name="TC07verifyCancelorClearButton" time="12.33" classname="com.apex.testCases.MoveFundsTC">
    <skipped/>
  </testcase> <!-- TC07verifyCancelorClearButton -->
  <testcase name="TC07verifyCancelorClearButton" time="27.127" classname="com.apex.testCases.MoveFundsTC">
    <skipped/>
  </testcase> <!-- TC07verifyCancelorClearButton -->
  <testcase name="TC07verifyCancelorClearButton" time="24.063" classname="com.apex.testCases.MoveFundsTC"/>
  <testcase name="TC08verifyTendersCheckNoAutoReconcilingAreShown" time="24.769" classname="com.apex.testCases.MoveFundsTC">
    <skipped/>
  </testcase> <!-- TC08verifyTendersCheckNoAutoReconcilingAreShown -->
  <testcase name="TC08verifyTendersCheckNoAutoReconcilingAreShown" time="24.503" classname="com.apex.testCases.MoveFundsTC">
    <skipped/>
  </testcase> <!-- TC08verifyTendersCheckNoAutoReconcilingAreShown -->
  <testcase name="TC08verifyTendersCheckNoAutoReconcilingAreShown" time="25.965" classname="com.apex.testCases.MoveFundsTC">
    <failure type="java.sql.SQLException" message="Listener refused the connection with the following error:
ORA-12519, TNS:no appropriate service handler found
  (CONNECTION_ID=ZPYxJ58qRNadtD+PANbRhA==)">
      <![CDATA[java.sql.SQLException: Listener refused the connection with the following error:
ORA-12519, TNS:no appropriate service handler found
  (CONNECTION_ID=ZPYxJ58qRNadtD+PANbRhA==)
at oracle.jdbc.driver.T4CConnection.handleLogonNetException(T4CConnection.java:893)
at oracle.jdbc.driver.T4CConnection.logon(T4CConnection.java:698)
at oracle.jdbc.driver.PhysicalConnection.connect(PhysicalConnection.java:1042)
at oracle.jdbc.driver.T4CDriverExtension.getConnection(T4CDriverExtension.java:90)
at oracle.jdbc.driver.OracleDriver.connect(OracleDriver.java:733)
at oracle.jdbc.driver.OracleDriver.connect(OracleDriver.java:649)
at java.sql.DriverManager.getConnection(DriverManager.java:664)
at java.sql.DriverManager.getConnection(DriverManager.java:247)
at com.apex.utils.Utility.getDataFromDatabase(Utility.java:78)
at com.apex.utils.Utility.getDBTextList(Utility.java:108)
at com.apex.testCases.MoveFundsTC.TC08verifyTendersCheckNoAutoReconcilingAreShown(MoveFundsTC.java:187)
at java.util.ArrayList.forEach(ArrayList.java:1259)
Caused by: oracle.net.ns.NetException: Listener refused the connection with the following error:
ORA-12519, TNS:no appropriate service handler found
  (CONNECTION_ID=ZPYxJ58qRNadtD+PANbRhA==)
at oracle.net.ns.NSProtocolNIO.createRefusePacketException(NSProtocolNIO.java:816)
at oracle.net.ns.NSProtocolNIO.handleConnectPacketResponse(NSProtocolNIO.java:396)
at oracle.net.ns.NSProtocolNIO.negotiateConnection(NSProtocolNIO.java:207)
at oracle.net.ns.NSProtocol.connect(NSProtocol.java:350)
at oracle.jdbc.driver.T4CConnection.connect(T4CConnection.java:2372)
at oracle.jdbc.driver.T4CConnection.logon(T4CConnection.java:657)
... 37 more
... Removed 27 stack frames]]>
    </failure>
  </testcase> <!-- TC08verifyTendersCheckNoAutoReconcilingAreShown -->
  <testcase name="TC09VerifyCashAmountInTenderSectionAgainstCurrencyAndCoinsSection" time="28.592" classname="com.apex.testCases.MoveFundsTC"/>
  <testcase name="TC10verifyTotalAmountAgainstCurrencyCoinsSectionAndTenderSections" time="32.36" classname="com.apex.testCases.MoveFundsTC"/>
  <testcase name="TC11verifyDrawerIfSelectedFromAgainstDB" time="36.762" classname="com.apex.testCases.MoveFundsTC">
    <skipped/>
  </testcase> <!-- TC11verifyDrawerIfSelectedFromAgainstDB -->
  <testcase name="TC11verifyDrawerIfSelectedFromAgainstDB" time="0.0" classname="com.apex.testCases.MoveFundsTC">
    <skipped/>
  </testcase> <!-- TC11verifyDrawerIfSelectedFromAgainstDB -->
  <testcase name="TC11verifyDrawerIfSelectedFromAgainstDB" time="0.001" classname="com.apex.testCases.MoveFundsTC">
    <failure type="java.lang.IllegalArgumentException" message="Input must be set">
      <![CDATA[java.lang.IllegalArgumentException: Input must be set
at org.openqa.selenium.internal.Require.nonNull(Require.java:56)
at org.openqa.selenium.support.ui.FluentWait.<init>(FluentWait.java:97)
at org.openqa.selenium.support.ui.WebDriverWait.<init>(WebDriverWait.java:128)
at org.openqa.selenium.support.ui.WebDriverWait.<init>(WebDriverWait.java:61)
at com.apex.utils.ElementUtil.waitForElementPresenceWithWait(ElementUtil.java:596)
at com.apex.utils.ElementUtil.doSendKeys(ElementUtil.java:80)
at com.apex.pages.Login.Logintoapplication(Login.java:44)
at com.apex.testCases.MoveFundsTC.TC11verifyDrawerIfSelectedFromAgainstDB(MoveFundsTC.java:240)
at java.util.ArrayList.forEach(ArrayList.java:1259)
... Removed 27 stack frames]]>
    </failure>
  </testcase> <!-- TC11verifyDrawerIfSelectedFromAgainstDB -->
  <testcase name="TC12verifyDrawerIfSelectedTOAgainstDB" time="0.0" classname="com.apex.testCases.MoveFundsTC">
    <skipped/>
  </testcase> <!-- TC12verifyDrawerIfSelectedTOAgainstDB -->
  <testcase name="TC13verifyThatCommentFieldISMandatory" time="0.0" classname="com.apex.testCases.MoveFundsTC">
    <skipped/>
  </testcase> <!-- TC13verifyThatCommentFieldISMandatory -->
  <testcase name="TC14verifySAFE_RECON_IN_PROCESS_OnMoveFunds" time="0.0" classname="com.apex.testCases.MoveFundsTC">
    <skipped/>
  </testcase> <!-- TC14verifySAFE_RECON_IN_PROCESS_OnMoveFunds -->
  <testcase name="TC15verifyCommentFieldIsMandatoryOnthebasisOfFlag" time="0.0" classname="com.apex.testCases.MoveFundsTC">
    <skipped/>
  </testcase> <!-- TC15verifyCommentFieldIsMandatoryOnthebasisOfFlag -->
  <testcase name="TC16verifyAuthorizationWindowWgOnMoveFunds" time="0.0" classname="com.apex.testCases.MoveFundsTC">
    <skipped/>
  </testcase> <!-- TC16verifyAuthorizationWindowWgOnMoveFunds -->
  <testcase name="TC17verifyAuthorizationWindowWithWrongCredentialsOnMoveFunds" time="0.0" classname="com.apex.testCases.MoveFundsTC">
    <skipped/>
  </testcase> <!-- TC17verifyAuthorizationWindowWithWrongCredentialsOnMoveFunds -->
  <testcase name="TC01verifySiteGroupWithCorporateHQ" time="61.06" classname="com.apex.testCases.ViewSiteClosing"/>
  <testcase name="TC02verifySiteGroupWithFranchiseHQ" time="30.228" classname="com.apex.testCases.ViewSiteClosing"/>
  <testcase name="TC03verifySiteGroupWithRemoteSites" time="64.536" classname="com.apex.testCases.ViewSiteClosing"/>
  <testcase name="TC04verifyAllSitesCountandSiteNO" time="32.086" classname="com.apex.testCases.ViewSiteClosing">
    <skipped/>
  </testcase> <!-- TC04verifyAllSitesCountandSiteNO -->
  <testcase name="TC04verifyAllSitesCountandSiteNO" time="24.975" classname="com.apex.testCases.ViewSiteClosing">
    <skipped/>
  </testcase> <!-- TC04verifyAllSitesCountandSiteNO -->
  <testcase name="TC04verifyAllSitesCountandSiteNO" time="27.062" classname="com.apex.testCases.ViewSiteClosing">
    <failure type="java.sql.SQLException" message="Listener refused the connection with the following error:
ORA-12519, TNS:no appropriate service handler found
  (CONNECTION_ID=yotZvymqRVC8C6hJxgtXQw==)">
      <![CDATA[java.sql.SQLException: Listener refused the connection with the following error:
ORA-12519, TNS:no appropriate service handler found
  (CONNECTION_ID=yotZvymqRVC8C6hJxgtXQw==)
at oracle.jdbc.driver.T4CConnection.handleLogonNetException(T4CConnection.java:893)
at oracle.jdbc.driver.T4CConnection.logon(T4CConnection.java:698)
at oracle.jdbc.driver.PhysicalConnection.connect(PhysicalConnection.java:1042)
at oracle.jdbc.driver.T4CDriverExtension.getConnection(T4CDriverExtension.java:90)
at oracle.jdbc.driver.OracleDriver.connect(OracleDriver.java:733)
at oracle.jdbc.driver.OracleDriver.connect(OracleDriver.java:649)
at java.sql.DriverManager.getConnection(DriverManager.java:664)
at java.sql.DriverManager.getConnection(DriverManager.java:247)
at com.apex.utils.Utility.getDataFromDatabase(Utility.java:78)
at com.apex.utils.Utility.getDBTextList(Utility.java:108)
at com.apex.testCases.ViewSiteClosing.TC04verifyAllSitesCountandSiteNO(ViewSiteClosing.java:75)
at java.util.ArrayList.forEach(ArrayList.java:1259)
Caused by: oracle.net.ns.NetException: Listener refused the connection with the following error:
ORA-12519, TNS:no appropriate service handler found
  (CONNECTION_ID=yotZvymqRVC8C6hJxgtXQw==)
at oracle.net.ns.NSProtocolNIO.createRefusePacketException(NSProtocolNIO.java:816)
at oracle.net.ns.NSProtocolNIO.handleConnectPacketResponse(NSProtocolNIO.java:396)
at oracle.net.ns.NSProtocolNIO.negotiateConnection(NSProtocolNIO.java:207)
at oracle.net.ns.NSProtocol.connect(NSProtocol.java:350)
at oracle.jdbc.driver.T4CConnection.connect(T4CConnection.java:2372)
at oracle.jdbc.driver.T4CConnection.logon(T4CConnection.java:657)
... 37 more
... Removed 27 stack frames]]>
    </failure>
  </testcase> <!-- TC04verifyAllSitesCountandSiteNO -->
  <testcase name="TC05verifyLastDayClosedDateAndCurrentDate" time="28.996" classname="com.apex.testCases.ViewSiteClosing">
    <skipped/>
  </testcase> <!-- TC05verifyLastDayClosedDateAndCurrentDate -->
  <testcase name="TC05verifyLastDayClosedDateAndCurrentDate" time="26.742" classname="com.apex.testCases.ViewSiteClosing">
    <skipped/>
  </testcase> <!-- TC05verifyLastDayClosedDateAndCurrentDate -->
  <testcase name="TC05verifyLastDayClosedDateAndCurrentDate" time="10.3" classname="com.apex.testCases.ViewSiteClosing">
    <failure type="org.openqa.selenium.ElementNotInteractableException" message="element not interactable
  (Session info: chrome=103.0.5060.134)
Build info: version: &amp;apos;4.0.0&amp;apos;, revision: &amp;apos;3a21814679&amp;apos;
System info: host: &amp;apos;SEZLAP-13554T&amp;apos;, ip: &amp;apos;192.168.1.211&amp;apos;, os.name: &amp;apos;Windows 10&amp;apos;, os.arch: &amp;apos;amd64&amp;apos;, os.version: &amp;apos;10.0&amp;apos;, java.version: &amp;apos;1.8.0_311&amp;apos;
Driver info: org.openqa.selenium.chrome.ChromeDriver
Command: [fd42c2b64eba8d15e36fcd8a065b1e6a, clickElement {id=aa7301ec-300e-4eea-9d52-ee629a2e5395}]
Capabilities {acceptInsecureCerts: false, browserName: chrome, browserVersion: 103.0.5060.134, chrome: {chromedriverVersion: 103.0.5060.134 (8ec6fce403b..., userDataDir: C:\Users\Kapil\AppData\Loca...}, goog:chromeOptions: {debuggerAddress: localhost:62932}, javascriptEnabled: true, networkConnectionEnabled: false, pageLoadStrategy: normal, platform: WINDOWS, platformName: WINDOWS, proxy: Proxy(), se:cdp: ws://localhost:62932/devtoo..., se:cdpVersion: 103.0.5060.134, setWindowRect: true, strictFileInteractability: false, timeouts: {implicit: 0, pageLoad: 300000, script: 30000}, unhandledPromptBehavior: dismiss and notify, webauthn:extension:credBlob: true, webauthn:extension:largeBlob: true, webauthn:virtualAuthenticators: true}
Element: [[ChromeDriver: chrome on WINDOWS (fd42c2b64eba8d15e36fcd8a065b1e6a)] -&amp;gt; xpath: //button[contains(@id,&amp;apos;SITE_NO_lov_btn&amp;apos;)]]
Session ID: fd42c2b64eba8d15e36fcd8a065b1e6a">
      <![CDATA[org.openqa.selenium.ElementNotInteractableException: element not interactable
  (Session info: chrome=103.0.5060.134)
Build info: version: '4.0.0', revision: '3a21814679'
System info: host: 'SEZLAP-13554T', ip: '192.168.1.211', os.name: 'Windows 10', os.arch: 'amd64', os.version: '10.0', java.version: '1.8.0_311'
Driver info: org.openqa.selenium.chrome.ChromeDriver
Command: [fd42c2b64eba8d15e36fcd8a065b1e6a, clickElement {id=aa7301ec-300e-4eea-9d52-ee629a2e5395}]
Capabilities {acceptInsecureCerts: false, browserName: chrome, browserVersion: 103.0.5060.134, chrome: {chromedriverVersion: 103.0.5060.134 (8ec6fce403b..., userDataDir: C:\Users\Kapil\AppData\Loca...}, goog:chromeOptions: {debuggerAddress: localhost:62932}, javascriptEnabled: true, networkConnectionEnabled: false, pageLoadStrategy: normal, platform: WINDOWS, platformName: WINDOWS, proxy: Proxy(), se:cdp: ws://localhost:62932/devtoo..., se:cdpVersion: 103.0.5060.134, setWindowRect: true, strictFileInteractability: false, timeouts: {implicit: 0, pageLoad: 300000, script: 30000}, unhandledPromptBehavior: dismiss and notify, webauthn:extension:credBlob: true, webauthn:extension:largeBlob: true, webauthn:virtualAuthenticators: true}
Element: [[ChromeDriver: chrome on WINDOWS (fd42c2b64eba8d15e36fcd8a065b1e6a)] -> xpath: //button[contains(@id,'SITE_NO_lov_btn')]]
Session ID: fd42c2b64eba8d15e36fcd8a065b1e6a
at org.openqa.selenium.remote.codec.w3c.W3CHttpResponseCodec.createException(W3CHttpResponseCodec.java:200)
at org.openqa.selenium.remote.codec.w3c.W3CHttpResponseCodec.decode(W3CHttpResponseCodec.java:133)
at org.openqa.selenium.remote.codec.w3c.W3CHttpResponseCodec.decode(W3CHttpResponseCodec.java:53)
at org.openqa.selenium.remote.HttpCommandExecutor.execute(HttpCommandExecutor.java:184)
at org.openqa.selenium.remote.service.DriverCommandExecutor.invokeExecute(DriverCommandExecutor.java:164)
at org.openqa.selenium.remote.service.DriverCommandExecutor.execute(DriverCommandExecutor.java:139)
at org.openqa.selenium.remote.RemoteWebDriver.execute(RemoteWebDriver.java:559)
at org.openqa.selenium.remote.RemoteWebElement.execute(RemoteWebElement.java:251)
at org.openqa.selenium.remote.RemoteWebElement.click(RemoteWebElement.java:77)
at com.apex.utils.ElementUtil.doClick(ElementUtil.java:71)
at com.apex.pages.Login.Logintoapplication(Login.java:47)
at com.apex.testCases.ViewSiteClosing.TC05verifyLastDayClosedDateAndCurrentDate(ViewSiteClosing.java:96)
at java.util.ArrayList.forEach(ArrayList.java:1259)
... Removed 31 stack frames]]>
    </failure>
  </testcase> <!-- TC05verifyLastDayClosedDateAndCurrentDate -->
  <testcase name="TC06verifyChangeOfSiteGroupShouldRefreshTheReportData" time="10.295" classname="com.apex.testCases.ViewSiteClosing">
    <skipped/>
  </testcase> <!-- TC06verifyChangeOfSiteGroupShouldRefreshTheReportData -->
  <testcase name="TC06verifyChangeOfSiteGroupShouldRefreshTheReportData" time="10.315" classname="com.apex.testCases.ViewSiteClosing">
    <skipped/>
  </testcase> <!-- TC06verifyChangeOfSiteGroupShouldRefreshTheReportData -->
  <testcase name="TC06verifyChangeOfSiteGroupShouldRefreshTheReportData" time="43.966" classname="com.apex.testCases.ViewSiteClosing"/>
  <testcase name="TC07verifyExitButton" time="33.791" classname="com.apex.testCases.ViewSiteClosing"/>
  <testcase name="TC01verifyDefaultsitewithloggedinsite" time="21.777" classname="com.apex.testCases.CashManagementReports"/>
  <testcase name="TC02verifyTitleAndCloseButton" time="29.519" classname="com.apex.testCases.CashManagementReports"/>
  <testcase name="TC03verifyPreviewButton" time="34.909" classname="com.apex.testCases.CashManagementReports"/>
  <testcase name="TC04verifyEnablingOfSiteCheckBox" time="31.865" classname="com.apex.testCases.CashManagementReports"/>
  <testcase name="TC05verifyEnablingOfSiteGroupCheckBox" time="46.643" classname="com.apex.testCases.CashManagementReports"/>
  <testcase name="TC06verifyThatSiteGroupValueIndividualCorpHQSiteIsEnable" time="21.061" classname="com.apex.testCases.CashManagementReports"/>
  <testcase name="TC07verifyThatSiteGroupValueIndividualCorpRemoteSite" time="33.309" classname="com.apex.testCases.CashManagementReports"/>
  <testcase name="TC08verifyThatSiteGroupValueIndividualRemoteSite" time="56.16" classname="com.apex.testCases.CashManagementReports"/>
  <testcase name="TC09verifyPreviewButton" time="28.77" classname="com.apex.testCases.CashManagementReports">
    <skipped/>
  </testcase> <!-- TC09verifyPreviewButton -->
  <testcase name="TC09verifyPreviewButton" time="25.709" classname="com.apex.testCases.CashManagementReports">
    <skipped/>
  </testcase> <!-- TC09verifyPreviewButton -->
  <testcase name="TC09verifyPreviewButton" time="30.277" classname="com.apex.testCases.CashManagementReports">
    <failure type="java.lang.AssertionError" message="The following asserts failed:
	 is not verified expected [true] but found [false],
	 is not verified expected [true] but found [false]">
      <![CDATA[java.lang.AssertionError: The following asserts failed:
 is not verified expected [true] but found [false],
 is not verified expected [true] but found [false]
at com.apex.testCases.CashManagementReports.TC09verifyPreviewButton(CashManagementReports.java:213)
at java.util.ArrayList.forEach(ArrayList.java:1259)
... Removed 29 stack frames]]>
    </failure>
  </testcase> <!-- TC09verifyPreviewButton -->
</testsuite> <!-- Test -->
