<?xml version="1.0" encoding="UTF-8"?>
<!-- Generated by org.testng.reporters.JUnitXMLReporter -->
<testsuite hostname="SEZLAP-13554T" ignored="0" name="CDR" tests="42" failures="1" timestamp="2022-05-03T17:40:14 IST" time="23.621" errors="0">
  <testcase name="@AfterMethod afterMethod" time="0.015" classname="com.apex.testBase.TestBase">
    <failure type="org.openqa.selenium.NoSuchWindowException" message="no such window: target window already closed
from unknown error: web view not found
  (Session info: chrome=100.0.4896.127)
Build info: version: &amp;apos;4.0.0&amp;apos;, revision: &amp;apos;3a21814679&amp;apos;
System info: host: &amp;apos;SEZLAP-13554T&amp;apos;, ip: &amp;apos;192.168.1.143&amp;apos;, os.name: &amp;apos;Windows 10&amp;apos;, os.arch: &amp;apos;amd64&amp;apos;, os.version: &amp;apos;10.0&amp;apos;, java.version: &amp;apos;1.8.0_311&amp;apos;
Driver info: org.openqa.selenium.chrome.ChromeDriver
Command: [3bbdad4367cd01df3e4b9cfcd60f85cd, screenshot {}]
Capabilities {acceptInsecureCerts: false, browserName: chrome, browserVersion: 100.0.4896.127, chrome: {chromedriverVersion: 100.0.4896.60 (6a5d10861ce8..., userDataDir: C:\Users\Kapil\AppData\Loca...}, goog:chromeOptions: {debuggerAddress: localhost:54819}, javascriptEnabled: true, networkConnectionEnabled: false, pageLoadStrategy: normal, platform: WINDOWS, platformName: WINDOWS, proxy: Proxy(), se:cdp: ws://localhost:54819/devtoo..., se:cdpVersion: 100.0.4896.127, setWindowRect: true, strictFileInteractability: false, timeouts: {implicit: 0, pageLoad: 300000, script: 30000}, unhandledPromptBehavior: dismiss and notify, webauthn:extension:credBlob: true, webauthn:extension:largeBlob: true, webauthn:virtualAuthenticators: true}
Session ID: 3bbdad4367cd01df3e4b9cfcd60f85cd">
      <![CDATA[org.openqa.selenium.NoSuchWindowException: no such window: target window already closed
from unknown error: web view not found
  (Session info: chrome=100.0.4896.127)
Build info: version: '4.0.0', revision: '3a21814679'
System info: host: 'SEZLAP-13554T', ip: '192.168.1.143', os.name: 'Windows 10', os.arch: 'amd64', os.version: '10.0', java.version: '1.8.0_311'
Driver info: org.openqa.selenium.chrome.ChromeDriver
Command: [3bbdad4367cd01df3e4b9cfcd60f85cd, screenshot {}]
Capabilities {acceptInsecureCerts: false, browserName: chrome, browserVersion: 100.0.4896.127, chrome: {chromedriverVersion: 100.0.4896.60 (6a5d10861ce8..., userDataDir: C:\Users\Kapil\AppData\Loca...}, goog:chromeOptions: {debuggerAddress: localhost:54819}, javascriptEnabled: true, networkConnectionEnabled: false, pageLoadStrategy: normal, platform: WINDOWS, platformName: WINDOWS, proxy: Proxy(), se:cdp: ws://localhost:54819/devtoo..., se:cdpVersion: 100.0.4896.127, setWindowRect: true, strictFileInteractability: false, timeouts: {implicit: 0, pageLoad: 300000, script: 30000}, unhandledPromptBehavior: dismiss and notify, webauthn:extension:credBlob: true, webauthn:extension:largeBlob: true, webauthn:virtualAuthenticators: true}
Session ID: 3bbdad4367cd01df3e4b9cfcd60f85cd
at org.openqa.selenium.remote.codec.w3c.W3CHttpResponseCodec.createException(W3CHttpResponseCodec.java:200)
at org.openqa.selenium.remote.codec.w3c.W3CHttpResponseCodec.decode(W3CHttpResponseCodec.java:133)
at org.openqa.selenium.remote.codec.w3c.W3CHttpResponseCodec.decode(W3CHttpResponseCodec.java:53)
at org.openqa.selenium.remote.HttpCommandExecutor.execute(HttpCommandExecutor.java:184)
at org.openqa.selenium.remote.service.DriverCommandExecutor.invokeExecute(DriverCommandExecutor.java:164)
at org.openqa.selenium.remote.service.DriverCommandExecutor.execute(DriverCommandExecutor.java:139)
at org.openqa.selenium.remote.RemoteWebDriver.execute(RemoteWebDriver.java:559)
at org.openqa.selenium.remote.RemoteWebDriver.execute(RemoteWebDriver.java:614)
at org.openqa.selenium.remote.RemoteWebDriver.execute(RemoteWebDriver.java:618)
at org.openqa.selenium.remote.RemoteWebDriver.getScreenshotAs(RemoteWebDriver.java:349)
at com.apex.testBase.TestBase.getScreenShot(TestBase.java:115)
at com.apex.testBase.TestBase.getresult(TestBase.java:134)
at com.apex.testBase.TestBase.afterMethod(TestBase.java:171)
at java.util.ArrayList.forEach(ArrayList.java:1259)
... Removed 36 stack frames]]>
    </failure>
  </testcase> <!-- @AfterMethod afterMethod -->
  <testcase name="@BeforeMethod beforeMethod" time="-1.651579814289E9" classname="com.apex.testBase.TestBase">
    <skipped/>
  </testcase> <!-- @BeforeMethod beforeMethod -->
  <testcase name="@AfterMethod afterMethod" time="-1.651579814295E9" classname="com.apex.testBase.TestBase">
    <skipped/>
  </testcase> <!-- @AfterMethod afterMethod -->
  <testcase name="@BeforeMethod beforeMethod" time="-1.651579814296E9" classname="com.apex.testBase.TestBase">
    <skipped/>
  </testcase> <!-- @BeforeMethod beforeMethod -->
  <testcase name="@AfterMethod afterMethod" time="-1.651579814303E9" classname="com.apex.testBase.TestBase">
    <skipped/>
  </testcase> <!-- @AfterMethod afterMethod -->
  <testcase name="@BeforeMethod beforeMethod" time="-1.651579814305E9" classname="com.apex.testBase.TestBase">
    <skipped/>
  </testcase> <!-- @BeforeMethod beforeMethod -->
  <testcase name="@AfterMethod afterMethod" time="-1.651579814308E9" classname="com.apex.testBase.TestBase">
    <skipped/>
  </testcase> <!-- @AfterMethod afterMethod -->
  <testcase name="@BeforeMethod beforeMethod" time="-1.651579814311E9" classname="com.apex.testBase.TestBase">
    <skipped/>
  </testcase> <!-- @BeforeMethod beforeMethod -->
  <testcase name="@AfterMethod afterMethod" time="-1.651579814317E9" classname="com.apex.testBase.TestBase">
    <skipped/>
  </testcase> <!-- @AfterMethod afterMethod -->
  <testcase name="@BeforeMethod beforeMethod" time="-1.651579814323E9" classname="com.apex.testBase.TestBase">
    <skipped/>
  </testcase> <!-- @BeforeMethod beforeMethod -->
  <testcase name="@AfterMethod afterMethod" time="-1.65157981433E9" classname="com.apex.testBase.TestBase">
    <skipped/>
  </testcase> <!-- @AfterMethod afterMethod -->
  <testcase name="@BeforeMethod beforeMethod" time="-1.651579814331E9" classname="com.apex.testBase.TestBase">
    <skipped/>
  </testcase> <!-- @BeforeMethod beforeMethod -->
  <testcase name="@AfterMethod afterMethod" time="-1.651579814337E9" classname="com.apex.testBase.TestBase">
    <skipped/>
  </testcase> <!-- @AfterMethod afterMethod -->
  <testcase name="@BeforeMethod beforeMethod" time="-1.651579814338E9" classname="com.apex.testBase.TestBase">
    <skipped/>
  </testcase> <!-- @BeforeMethod beforeMethod -->
  <testcase name="@AfterMethod afterMethod" time="-1.651579814343E9" classname="com.apex.testBase.TestBase">
    <skipped/>
  </testcase> <!-- @AfterMethod afterMethod -->
  <testcase name="@BeforeMethod beforeMethod" time="-1.651579814344E9" classname="com.apex.testBase.TestBase">
    <skipped/>
  </testcase> <!-- @BeforeMethod beforeMethod -->
  <testcase name="@AfterMethod afterMethod" time="-1.651579814347E9" classname="com.apex.testBase.TestBase">
    <skipped/>
  </testcase> <!-- @AfterMethod afterMethod -->
  <testcase name="@BeforeMethod beforeMethod" time="-1.651579814348E9" classname="com.apex.testBase.TestBase">
    <skipped/>
  </testcase> <!-- @BeforeMethod beforeMethod -->
  <testcase name="@AfterMethod afterMethod" time="-1.651579814352E9" classname="com.apex.testBase.TestBase">
    <skipped/>
  </testcase> <!-- @AfterMethod afterMethod -->
  <testcase name="@BeforeMethod beforeMethod" time="-1.651579814353E9" classname="com.apex.testBase.TestBase">
    <skipped/>
  </testcase> <!-- @BeforeMethod beforeMethod -->
  <testcase name="@AfterMethod afterMethod" time="-1.651579814357E9" classname="com.apex.testBase.TestBase">
    <skipped/>
  </testcase> <!-- @AfterMethod afterMethod -->
  <testcase name="@BeforeMethod beforeMethod" time="-1.651579814358E9" classname="com.apex.testBase.TestBase">
    <skipped/>
  </testcase> <!-- @BeforeMethod beforeMethod -->
  <testcase name="@AfterMethod afterMethod" time="-1.651579814361E9" classname="com.apex.testBase.TestBase">
    <skipped/>
  </testcase> <!-- @AfterMethod afterMethod -->
  <testcase name="@BeforeMethod beforeMethod" time="-1.651579814362E9" classname="com.apex.testBase.TestBase">
    <skipped/>
  </testcase> <!-- @BeforeMethod beforeMethod -->
  <testcase name="@AfterMethod afterMethod" time="-1.651579814365E9" classname="com.apex.testBase.TestBase">
    <skipped/>
  </testcase> <!-- @AfterMethod afterMethod -->
  <testcase name="@BeforeMethod beforeMethod" time="-1.651579814367E9" classname="com.apex.testBase.TestBase">
    <skipped/>
  </testcase> <!-- @BeforeMethod beforeMethod -->
  <testcase name="@AfterMethod afterMethod" time="-1.651579814372E9" classname="com.apex.testBase.TestBase">
    <skipped/>
  </testcase> <!-- @AfterMethod afterMethod -->
  <testcase name="@BeforeMethod beforeMethod" time="-1.651579814373E9" classname="com.apex.testBase.TestBase">
    <skipped/>
  </testcase> <!-- @BeforeMethod beforeMethod -->
  <testcase name="@AfterMethod afterMethod" time="-1.651579814376E9" classname="com.apex.testBase.TestBase">
    <skipped/>
  </testcase> <!-- @AfterMethod afterMethod -->
  <testcase name="@BeforeMethod beforeMethod" time="-1.651579814377E9" classname="com.apex.testBase.TestBase">
    <skipped/>
  </testcase> <!-- @BeforeMethod beforeMethod -->
  <testcase name="@AfterMethod afterMethod" time="-1.65157981438E9" classname="com.apex.testBase.TestBase">
    <skipped/>
  </testcase> <!-- @AfterMethod afterMethod -->
  <testcase name="@BeforeMethod beforeMethod" time="-1.651579814382E9" classname="com.apex.testBase.TestBase">
    <skipped/>
  </testcase> <!-- @BeforeMethod beforeMethod -->
  <testcase name="@AfterMethod afterMethod" time="-1.651579814385E9" classname="com.apex.testBase.TestBase">
    <skipped/>
  </testcase> <!-- @AfterMethod afterMethod -->
  <testcase name="@BeforeMethod beforeMethod" time="-1.651579814386E9" classname="com.apex.testBase.TestBase">
    <skipped/>
  </testcase> <!-- @BeforeMethod beforeMethod -->
  <testcase name="@AfterMethod afterMethod" time="-1.65157981439E9" classname="com.apex.testBase.TestBase">
    <skipped/>
  </testcase> <!-- @AfterMethod afterMethod -->
  <testcase name="@BeforeMethod beforeMethod" time="-1.651579814391E9" classname="com.apex.testBase.TestBase">
    <skipped/>
  </testcase> <!-- @BeforeMethod beforeMethod -->
  <testcase name="@AfterMethod afterMethod" time="-1.651579814395E9" classname="com.apex.testBase.TestBase">
    <skipped/>
  </testcase> <!-- @AfterMethod afterMethod -->
  <testcase name="@BeforeMethod beforeMethod" time="-1.651579814396E9" classname="com.apex.testBase.TestBase">
    <skipped/>
  </testcase> <!-- @BeforeMethod beforeMethod -->
  <testcase name="@AfterMethod afterMethod" time="-1.651579814398E9" classname="com.apex.testBase.TestBase">
    <skipped/>
  </testcase> <!-- @AfterMethod afterMethod -->
  <testcase name="@BeforeMethod beforeMethod" time="-1.651579814401E9" classname="com.apex.testBase.TestBase">
    <skipped/>
  </testcase> <!-- @BeforeMethod beforeMethod -->
  <testcase name="@AfterMethod afterMethod" time="-1.651579814405E9" classname="com.apex.testBase.TestBase">
    <skipped/>
  </testcase> <!-- @AfterMethod afterMethod -->
  <testcase name="@BeforeMethod beforeMethod" time="-1.651579814407E9" classname="com.apex.testBase.TestBase">
    <skipped/>
  </testcase> <!-- @BeforeMethod beforeMethod -->
  <testcase name="@AfterMethod afterMethod" time="-1.651579814414E9" classname="com.apex.testBase.TestBase">
    <skipped/>
  </testcase> <!-- @AfterMethod afterMethod -->
  <testcase name="@BeforeMethod beforeMethod" time="-1.651579814417E9" classname="com.apex.testBase.TestBase">
    <skipped/>
  </testcase> <!-- @BeforeMethod beforeMethod -->
  <testcase name="@AfterMethod afterMethod" time="-1.651579814421E9" classname="com.apex.testBase.TestBase">
    <skipped/>
  </testcase> <!-- @AfterMethod afterMethod -->
  <testcase name="@BeforeMethod beforeMethod" time="-1.651579814422E9" classname="com.apex.testBase.TestBase">
    <skipped/>
  </testcase> <!-- @BeforeMethod beforeMethod -->
  <testcase name="@AfterMethod afterMethod" time="-1.651579814426E9" classname="com.apex.testBase.TestBase">
    <skipped/>
  </testcase> <!-- @AfterMethod afterMethod -->
  <testcase name="@BeforeMethod beforeMethod" time="-1.651579814426E9" classname="com.apex.testBase.TestBase">
    <skipped/>
  </testcase> <!-- @BeforeMethod beforeMethod -->
  <testcase name="@AfterMethod afterMethod" time="-1.65157981443E9" classname="com.apex.testBase.TestBase">
    <skipped/>
  </testcase> <!-- @AfterMethod afterMethod -->
  <testcase name="@BeforeMethod beforeMethod" time="-1.651579814435E9" classname="com.apex.testBase.TestBase">
    <skipped/>
  </testcase> <!-- @BeforeMethod beforeMethod -->
  <testcase name="@AfterMethod afterMethod" time="-1.651579814442E9" classname="com.apex.testBase.TestBase">
    <skipped/>
  </testcase> <!-- @AfterMethod afterMethod -->
  <testcase name="@BeforeMethod beforeMethod" time="-1.651579814443E9" classname="com.apex.testBase.TestBase">
    <skipped/>
  </testcase> <!-- @BeforeMethod beforeMethod -->
  <testcase name="@AfterMethod afterMethod" time="-1.651579814448E9" classname="com.apex.testBase.TestBase">
    <skipped/>
  </testcase> <!-- @AfterMethod afterMethod -->
  <testcase name="@BeforeMethod beforeMethod" time="-1.651579814448E9" classname="com.apex.testBase.TestBase">
    <skipped/>
  </testcase> <!-- @BeforeMethod beforeMethod -->
  <testcase name="@AfterMethod afterMethod" time="-1.651579814452E9" classname="com.apex.testBase.TestBase">
    <skipped/>
  </testcase> <!-- @AfterMethod afterMethod -->
  <testcase name="@BeforeMethod beforeMethod" time="-1.651579814452E9" classname="com.apex.testBase.TestBase">
    <skipped/>
  </testcase> <!-- @BeforeMethod beforeMethod -->
  <testcase name="@AfterMethod afterMethod" time="-1.651579814456E9" classname="com.apex.testBase.TestBase">
    <skipped/>
  </testcase> <!-- @AfterMethod afterMethod -->
  <testcase name="@BeforeMethod beforeMethod" time="-1.651579814457E9" classname="com.apex.testBase.TestBase">
    <skipped/>
  </testcase> <!-- @BeforeMethod beforeMethod -->
  <testcase name="@AfterMethod afterMethod" time="-1.65157981446E9" classname="com.apex.testBase.TestBase">
    <skipped/>
  </testcase> <!-- @AfterMethod afterMethod -->
  <testcase name="@BeforeMethod beforeMethod" time="-1.65157981446E9" classname="com.apex.testBase.TestBase">
    <skipped/>
  </testcase> <!-- @BeforeMethod beforeMethod -->
  <testcase name="@AfterMethod afterMethod" time="-1.651579814463E9" classname="com.apex.testBase.TestBase">
    <skipped/>
  </testcase> <!-- @AfterMethod afterMethod -->
  <testcase name="@BeforeMethod beforeMethod" time="-1.651579814464E9" classname="com.apex.testBase.TestBase">
    <skipped/>
  </testcase> <!-- @BeforeMethod beforeMethod -->
  <testcase name="@AfterMethod afterMethod" time="-1.651579814468E9" classname="com.apex.testBase.TestBase">
    <skipped/>
  </testcase> <!-- @AfterMethod afterMethod -->
  <testcase name="@BeforeMethod beforeMethod" time="-1.651579814469E9" classname="com.apex.testBase.TestBase">
    <skipped/>
  </testcase> <!-- @BeforeMethod beforeMethod -->
  <testcase name="@AfterMethod afterMethod" time="-1.651579814475E9" classname="com.apex.testBase.TestBase">
    <skipped/>
  </testcase> <!-- @AfterMethod afterMethod -->
  <testcase name="@BeforeMethod beforeMethod" time="-1.651579814476E9" classname="com.apex.testBase.TestBase">
    <skipped/>
  </testcase> <!-- @BeforeMethod beforeMethod -->
  <testcase name="@AfterMethod afterMethod" time="-1.65157981448E9" classname="com.apex.testBase.TestBase">
    <skipped/>
  </testcase> <!-- @AfterMethod afterMethod -->
  <testcase name="@BeforeMethod beforeMethod" time="-1.65157981448E9" classname="com.apex.testBase.TestBase">
    <skipped/>
  </testcase> <!-- @BeforeMethod beforeMethod -->
  <testcase name="@AfterMethod afterMethod" time="-1.651579814484E9" classname="com.apex.testBase.TestBase">
    <skipped/>
  </testcase> <!-- @AfterMethod afterMethod -->
  <testcase name="@BeforeMethod beforeMethod" time="-1.651579814485E9" classname="com.apex.testBase.TestBase">
    <skipped/>
  </testcase> <!-- @BeforeMethod beforeMethod -->
  <testcase name="@AfterMethod afterMethod" time="-1.651579814489E9" classname="com.apex.testBase.TestBase">
    <skipped/>
  </testcase> <!-- @AfterMethod afterMethod -->
  <testcase name="@BeforeMethod beforeMethod" time="-1.65157981449E9" classname="com.apex.testBase.TestBase">
    <skipped/>
  </testcase> <!-- @BeforeMethod beforeMethod -->
  <testcase name="@AfterMethod afterMethod" time="-1.651579814493E9" classname="com.apex.testBase.TestBase">
    <skipped/>
  </testcase> <!-- @AfterMethod afterMethod -->
  <testcase name="@BeforeMethod beforeMethod" time="-1.651579814494E9" classname="com.apex.testBase.TestBase">
    <skipped/>
  </testcase> <!-- @BeforeMethod beforeMethod -->
  <testcase name="@AfterMethod afterMethod" time="-1.651579814496E9" classname="com.apex.testBase.TestBase">
    <skipped/>
  </testcase> <!-- @AfterMethod afterMethod -->
  <testcase name="@BeforeMethod beforeMethod" time="-1.651579814497E9" classname="com.apex.testBase.TestBase">
    <skipped/>
  </testcase> <!-- @BeforeMethod beforeMethod -->
  <testcase name="@AfterMethod afterMethod" time="-1.6515798145E9" classname="com.apex.testBase.TestBase">
    <skipped/>
  </testcase> <!-- @AfterMethod afterMethod -->
  <testcase name="@BeforeMethod beforeMethod" time="-1.651579814501E9" classname="com.apex.testBase.TestBase">
    <skipped/>
  </testcase> <!-- @BeforeMethod beforeMethod -->
  <testcase name="@AfterMethod afterMethod" time="-1.651579814504E9" classname="com.apex.testBase.TestBase">
    <skipped/>
  </testcase> <!-- @AfterMethod afterMethod -->
  <testcase name="@BeforeMethod beforeMethod" time="-1.651579814505E9" classname="com.apex.testBase.TestBase">
    <skipped/>
  </testcase> <!-- @BeforeMethod beforeMethod -->
  <testcase name="@AfterMethod afterMethod" time="-1.651579814507E9" classname="com.apex.testBase.TestBase">
    <skipped/>
  </testcase> <!-- @AfterMethod afterMethod -->
  <testcase name="TC01oginWithValidCredentials" time="8.606" classname="com.apex.testCases.CashDrawerMaintenance"/>
  <testcase name="TC02verifyCurrencySectionValidationMessagesOnCashdrawerSetupScreen" time="0.037" classname="com.apex.testCases.CashDrawerMaintenance">
    <failure type="org.openqa.selenium.NoSuchWindowException" message="no such window: target window already closed
from unknown error: web view not found
  (Session info: chrome=100.0.4896.127)
Build info: version: &amp;apos;4.0.0&amp;apos;, revision: &amp;apos;3a21814679&amp;apos;
System info: host: &amp;apos;SEZLAP-13554T&amp;apos;, ip: &amp;apos;192.168.1.143&amp;apos;, os.name: &amp;apos;Windows 10&amp;apos;, os.arch: &amp;apos;amd64&amp;apos;, os.version: &amp;apos;10.0&amp;apos;, java.version: &amp;apos;1.8.0_311&amp;apos;
Driver info: org.openqa.selenium.chrome.ChromeDriver
Command: [3bbdad4367cd01df3e4b9cfcd60f85cd, findElement {using=xpath, value=//input[@placeholder=&amp;apos;Username&amp;apos;]}]
Capabilities {acceptInsecureCerts: false, browserName: chrome, browserVersion: 100.0.4896.127, chrome: {chromedriverVersion: 100.0.4896.60 (6a5d10861ce8..., userDataDir: C:\Users\Kapil\AppData\Loca...}, goog:chromeOptions: {debuggerAddress: localhost:54819}, javascriptEnabled: true, networkConnectionEnabled: false, pageLoadStrategy: normal, platform: WINDOWS, platformName: WINDOWS, proxy: Proxy(), se:cdp: ws://localhost:54819/devtoo..., se:cdpVersion: 100.0.4896.127, setWindowRect: true, strictFileInteractability: false, timeouts: {implicit: 0, pageLoad: 300000, script: 30000}, unhandledPromptBehavior: dismiss and notify, webauthn:extension:credBlob: true, webauthn:extension:largeBlob: true, webauthn:virtualAuthenticators: true}
Session ID: 3bbdad4367cd01df3e4b9cfcd60f85cd">
      <![CDATA[org.openqa.selenium.NoSuchWindowException: no such window: target window already closed
from unknown error: web view not found
  (Session info: chrome=100.0.4896.127)
Build info: version: '4.0.0', revision: '3a21814679'
System info: host: 'SEZLAP-13554T', ip: '192.168.1.143', os.name: 'Windows 10', os.arch: 'amd64', os.version: '10.0', java.version: '1.8.0_311'
Driver info: org.openqa.selenium.chrome.ChromeDriver
Command: [3bbdad4367cd01df3e4b9cfcd60f85cd, findElement {using=xpath, value=//input[@placeholder='Username']}]
Capabilities {acceptInsecureCerts: false, browserName: chrome, browserVersion: 100.0.4896.127, chrome: {chromedriverVersion: 100.0.4896.60 (6a5d10861ce8..., userDataDir: C:\Users\Kapil\AppData\Loca...}, goog:chromeOptions: {debuggerAddress: localhost:54819}, javascriptEnabled: true, networkConnectionEnabled: false, pageLoadStrategy: normal, platform: WINDOWS, platformName: WINDOWS, proxy: Proxy(), se:cdp: ws://localhost:54819/devtoo..., se:cdpVersion: 100.0.4896.127, setWindowRect: true, strictFileInteractability: false, timeouts: {implicit: 0, pageLoad: 300000, script: 30000}, unhandledPromptBehavior: dismiss and notify, webauthn:extension:credBlob: true, webauthn:extension:largeBlob: true, webauthn:virtualAuthenticators: true}
Session ID: 3bbdad4367cd01df3e4b9cfcd60f85cd
at org.openqa.selenium.remote.codec.w3c.W3CHttpResponseCodec.createException(W3CHttpResponseCodec.java:200)
at org.openqa.selenium.remote.codec.w3c.W3CHttpResponseCodec.decode(W3CHttpResponseCodec.java:133)
at org.openqa.selenium.remote.codec.w3c.W3CHttpResponseCodec.decode(W3CHttpResponseCodec.java:53)
at org.openqa.selenium.remote.HttpCommandExecutor.execute(HttpCommandExecutor.java:184)
at org.openqa.selenium.remote.service.DriverCommandExecutor.invokeExecute(DriverCommandExecutor.java:164)
at org.openqa.selenium.remote.service.DriverCommandExecutor.execute(DriverCommandExecutor.java:139)
at org.openqa.selenium.remote.RemoteWebDriver.execute(RemoteWebDriver.java:559)
at org.openqa.selenium.remote.ElementLocation$ElementFinder$2.findElement(ElementLocation.java:162)
at org.openqa.selenium.remote.ElementLocation.findElement(ElementLocation.java:60)
at org.openqa.selenium.remote.RemoteWebDriver.findElement(RemoteWebDriver.java:383)
at org.openqa.selenium.remote.RemoteWebDriver.findElement(RemoteWebDriver.java:375)
at com.apex.utils.ElementUtil.getElement(ElementUtil.java:66)
at com.apex.utils.ElementUtil.doSendKeys(ElementUtil.java:81)
at com.apex.pages.Login.Logintoapplication(Login.java:44)
at com.apex.testCases.CashDrawerMaintenance.TC02verifyCurrencySectionValidationMessagesOnCashdrawerSetupScreen(CashDrawerMaintenance.java:41)
at java.util.ArrayList.forEach(ArrayList.java:1259)
... Removed 31 stack frames]]>
    </failure>
  </testcase> <!-- TC02verifyCurrencySectionValidationMessagesOnCashdrawerSetupScreen -->
  <testcase name="TC03verifyAuthorizationWindowWithWrongcredentials" time="0.0" classname="com.apex.testCases.CashDrawerMaintenance">
    <skipped/>
  </testcase> <!-- TC03verifyAuthorizationWindowWithWrongcredentials -->
  <testcase name="TC04verifyRegisterLovshouldbematchingtherecordsasperMMSO" time="0.0" classname="com.apex.testCases.CashDrawerMaintenance">
    <skipped/>
  </testcase> <!-- TC04verifyRegisterLovshouldbematchingtherecordsasperMMSO -->
  <testcase name="TC05verify_Currency_Sum" time="0.0" classname="com.apex.testCases.CashDrawerMaintenance">
    <skipped/>
  </testcase> <!-- TC05verify_Currency_Sum -->
  <testcase name="TC06verify_rolls_Sum" time="0.0" classname="com.apex.testCases.CashDrawerMaintenance">
    <skipped/>
  </testcase> <!-- TC06verify_rolls_Sum -->
  <testcase name="TC07verify_Loose_Sum" time="0.0" classname="com.apex.testCases.CashDrawerMaintenance">
    <skipped/>
  </testcase> <!-- TC07verify_Loose_Sum -->
  <testcase name="TC08createNewCashDrawerwithregidAndVerifySaveAction" time="0.0" classname="com.apex.testCases.CashDrawerMaintenance">
    <skipped/>
  </testcase> <!-- TC08createNewCashDrawerwithregidAndVerifySaveAction -->
  <testcase name="TC09createNewCashDrawerwithoutregidAndVerifySaveAction" time="0.0" classname="com.apex.testCases.CashDrawerMaintenance">
    <skipped/>
  </testcase> <!-- TC09createNewCashDrawerwithoutregidAndVerifySaveAction -->
  <testcase name="TC10verify_Clear_Button_cashDrawerSetUp" time="0.0" classname="com.apex.testCases.CashDrawerMaintenance">
    <skipped/>
  </testcase> <!-- TC10verify_Clear_Button_cashDrawerSetUp -->
  <testcase name="TC11verify_Exit_Button_CashDrawerSetUp" time="0.0" classname="com.apex.testCases.CashDrawerMaintenance">
    <skipped/>
  </testcase> <!-- TC11verify_Exit_Button_CashDrawerSetUp -->
  <testcase name="TC12verify_CurrencySection_With_Invalid_Data" time="0.0" classname="com.apex.testCases.CashDrawerMaintenance">
    <skipped/>
  </testcase> <!-- TC12verify_CurrencySection_With_Invalid_Data -->
  <testcase name="TC13verifySiteNoAndSiteNameAreDisabled" time="0.0" classname="com.apex.testCases.CashDrawerMaintenance">
    <skipped/>
  </testcase> <!-- TC13verifySiteNoAndSiteNameAreDisabled -->
  <testcase name="TC14verifyAssignToRegisterSearchWithValidData" time="0.0" classname="com.apex.testCases.CashDrawerMaintenance">
    <skipped/>
  </testcase> <!-- TC14verifyAssignToRegisterSearchWithValidData -->
  <testcase name="TC15verifyAssignToRegisterSearchWithInValidData" time="0.0" classname="com.apex.testCases.CashDrawerMaintenance">
    <skipped/>
  </testcase> <!-- TC15verifyAssignToRegisterSearchWithInValidData -->
  <testcase name="TC16verifyPOSCASHDRAWERASSIGNED" time="0.0" classname="com.apex.testCases.CashDrawerMaintenance">
    <skipped/>
  </testcase> <!-- TC16verifyPOSCASHDRAWERASSIGNED -->
  <testcase name="TC17verifyTheSuggestedFloatAmountShouldBeComingFromTheQuery" time="0.0" classname="com.apex.testCases.CashDrawerMaintenance">
    <skipped/>
  </testcase> <!-- TC17verifyTheSuggestedFloatAmountShouldBeComingFromTheQuery -->
  <testcase name="TC18verifySAFE_RECON_IN_PROCESS" time="0.0" classname="com.apex.testCases.CashDrawerMaintenance">
    <skipped/>
  </testcase> <!-- TC18verifySAFE_RECON_IN_PROCESS -->
  <testcase name="TC19verifyThatOnly_Depositabe_Tenders_Are_Shown_In_The_Tender_Section" time="0.0" classname="com.apex.testCases.CashDrawerMaintenance">
    <skipped/>
  </testcase> <!-- TC19verifyThatOnly_Depositabe_Tenders_Are_Shown_In_The_Tender_Section -->
  <testcase name="TC20verifySiteNoAndSiteNameTextFiledAreVisible" time="0.0" classname="com.apex.testCases.CashDrawerMaintenance">
    <skipped/>
  </testcase> <!-- TC20verifySiteNoAndSiteNameTextFiledAreVisible -->
  <testcase name="TC21verifyExitButtonCashDrawerDecelaration" time="0.0" classname="com.apex.testCases.CashDrawerMaintenance">
    <skipped/>
  </testcase> <!-- TC21verifyExitButtonCashDrawerDecelaration -->
  <testcase name="TC22verifyCancelButtonCashDrawerDecelaration" time="0.0" classname="com.apex.testCases.CashDrawerMaintenance">
    <skipped/>
  </testcase> <!-- TC22verifyCancelButtonCashDrawerDecelaration -->
  <testcase name="TC23verifyAuthorisationWindowWithInvalidcredentials" time="0.0" classname="com.apex.testCases.CashDrawerMaintenance">
    <skipped/>
  </testcase> <!-- TC23verifyAuthorisationWindowWithInvalidcredentials -->
  <testcase name="TC24verifycashBoxLovData" time="0.0" classname="com.apex.testCases.CashDrawerMaintenance">
    <skipped/>
  </testcase> <!-- TC24verifycashBoxLovData -->
  <testcase name="TC25verifyRegLovData" time="0.0" classname="com.apex.testCases.CashDrawerMaintenance">
    <skipped/>
  </testcase> <!-- TC25verifyRegLovData -->
  <testcase name="TC26verifyHeaderFieldsGreyedOut" time="0.0" classname="com.apex.testCases.CashDrawerMaintenance">
    <skipped/>
  </testcase> <!-- TC26verifyHeaderFieldsGreyedOut -->
  <testcase name="TC27verifyTenderCashAmountInCashDrawerDeclaration" time="0.0" classname="com.apex.testCases.CashDrawerMaintenance">
    <skipped/>
  </testcase> <!-- TC27verifyTenderCashAmountInCashDrawerDeclaration -->
  <testcase name="TC30changesIncurrencyCoinOtherTenders" time="0.0" classname="com.apex.testCases.CashDrawerMaintenance">
    <skipped/>
  </testcase> <!-- TC30changesIncurrencyCoinOtherTenders -->
  <testcase name="TC31verifyTheAssignToRegisterValidationMessage" time="0.0" classname="com.apex.testCases.CashDrawerMaintenance">
    <skipped/>
  </testcase> <!-- TC31verifyTheAssignToRegisterValidationMessage -->
  <testcase name="TC32verifyTheCashDrawerValidationMessage" time="0.0" classname="com.apex.testCases.CashDrawerMaintenance">
    <skipped/>
  </testcase> <!-- TC32verifyTheCashDrawerValidationMessage -->
  <testcase name="TC33verifyPOSCASHDRAWERASSIGNED" time="0.0" classname="com.apex.testCases.CashDrawerMaintenance">
    <skipped/>
  </testcase> <!-- TC33verifyPOSCASHDRAWERASSIGNED -->
  <testcase name="TC34verifyCheckdetailsValueISAddedToCheckField" time="0.0" classname="com.apex.testCases.CashDrawerMaintenance">
    <skipped/>
  </testcase> <!-- TC34verifyCheckdetailsValueISAddedToCheckField -->
  <testcase name="TC35verifyThatAssignToRegisterIsMandatory" time="0.0" classname="com.apex.testCases.CashDrawerMaintenance">
    <skipped/>
  </testcase> <!-- TC35verifyThatAssignToRegisterIsMandatory -->
  <testcase name="TC36verifyThatCashDrawerIsMandatory" time="0.0" classname="com.apex.testCases.CashDrawerMaintenance">
    <skipped/>
  </testcase> <!-- TC36verifyThatCashDrawerIsMandatory -->
  <testcase name="TC37verifyThatAssignToRegisterSearchIsWorkingWithValidData" time="0.0" classname="com.apex.testCases.CashDrawerMaintenance">
    <skipped/>
  </testcase> <!-- TC37verifyThatAssignToRegisterSearchIsWorkingWithValidData -->
  <testcase name="TC38verifyThatAssignToRegisterSearchIsWorkingWithInValidData" time="0.0" classname="com.apex.testCases.CashDrawerMaintenance">
    <skipped/>
  </testcase> <!-- TC38verifyThatAssignToRegisterSearchIsWorkingWithInValidData -->
  <testcase name="TC39verifyThatCashDrawerLovSearchIsWorkingWithValidData" time="0.0" classname="com.apex.testCases.CashDrawerMaintenance">
    <skipped/>
  </testcase> <!-- TC39verifyThatCashDrawerLovSearchIsWorkingWithValidData -->
  <testcase name="TC44verifySAFE_RECON_IN_PROCESS_OnReconScreen" time="0.0" classname="com.apex.testCases.CashDrawerMaintenance">
    <skipped/>
  </testcase> <!-- TC44verifySAFE_RECON_IN_PROCESS_OnReconScreen -->
  <testcase name="TC47verifyCSHBOX_FORCE_DECLARATION" time="0.0" classname="com.apex.testCases.CashDrawerMaintenance">
    <skipped/>
  </testcase> <!-- TC47verifyCSHBOX_FORCE_DECLARATION -->
  <testcase name="TC48verifySuggestedFloatAmountInCashDrawerRecon" time="0.0" classname="com.apex.testCases.CashDrawerMaintenance">
    <skipped/>
  </testcase> <!-- TC48verifySuggestedFloatAmountInCashDrawerRecon -->
  <testcase name="verifyAuthCancelButton" time="0.0" classname="com.apex.testCases.CashDrawerMaintenance">
    <skipped/>
  </testcase> <!-- verifyAuthCancelButton -->
  <testcase name="verifyTheActualAmount" time="0.0" classname="com.apex.testCases.CashDrawerMaintenance">
    <skipped/>
  </testcase> <!-- verifyTheActualAmount -->
</testsuite> <!-- CDR -->
