<?xml version="1.0" encoding="UTF-8"?>
<!-- Generated by org.testng.reporters.JUnitReportReporter -->
<testsuite skipped="0" hostname="SEZLAP-13554T" name="com.apex.testCases.SafeFloatTestcases$SafeWithdrawlTestcases" tests="11" failures="0" timestamp="2022-08-18T12:38:38 IST" time="686.317" errors="1">
  <testcase name="TC05validateSafeFLoatAmtAgainstDB" time="37.552" classname="com.apex.testCases.SafeFloatTestcases$SafeWithdrawlTestcases"/>
  <system-out/>
  <testcase name="TC08validateIfNegativeValuesAreNotAllowedInSafeFloat" time="28.984" classname="com.apex.testCases.SafeFloatTestcases$SafeWithdrawlTestcases"/>
  <system-out/>
  <testcase name="TC03checkIfSafeFloatEditable" time="30.491" classname="com.apex.testCases.SafeFloatTestcases$SafeWithdrawlTestcases"/>
  <system-out/>
  <testcase name="TC01verifySiteDetailsOnSafeFloatScreen" time="30.055" classname="com.apex.testCases.SafeFloatTestcases$SafeWithdrawlTestcases"/>
  <system-out/>
  <testcase name="TC09validateErrorMsgWhenSafeFltAmtIsLessThanTotalRegAmt" time="34.052" classname="com.apex.testCases.SafeFloatTestcases$SafeWithdrawlTestcases"/>
  <system-out/>
  <testcase name="TC10validateErrorMsgWhenTotalRegAmtCrossesSafeFloatAmt" time="73.734" classname="com.apex.testCases.SafeFloatTestcases$SafeWithdrawlTestcases"/>
  <system-out/>
  <testcase name="TC02verifyDisabledRegNamesAndEnabledExpFloat" time="35.441" classname="com.apex.testCases.SafeFloatTestcases$SafeWithdrawlTestcases"/>
  <system-out/>
  <testcase name="TC04checkIfTotalRegFloatAmtIsDisabled" time="29.164" classname="com.apex.testCases.SafeFloatTestcases$SafeWithdrawlTestcases"/>
  <system-out/>
  <testcase name="TC07validateIfCalculatedTotalIsCorrect" time="280.107" classname="com.apex.testCases.SafeFloatTestcases$SafeWithdrawlTestcases"/>
  <system-out/>
  <testcase name="TC06validateRegIDsSyncWithDB" time="44.882" classname="com.apex.testCases.SafeFloatTestcases$SafeWithdrawlTestcases"/>
  <system-out/>
  <testcase name="TC11verifyCancelBtnFunctionToAvoidSafeFloatToMatch" time="61.855" classname="com.apex.testCases.SafeFloatTestcases$SafeWithdrawlTestcases">
    <error type="org.openqa.selenium.TimeoutException" message="Expected condition failed: By.xpath: //div[@role=&#039;alertdialog&#039;]//button[text()=&#039;Cancel&#039;] is not found within the given time...... (tried for 10 second(s) with 10000 milliseconds interval)">
      <![CDATA[org.openqa.selenium.TimeoutException: Expected condition failed: By.xpath: //div[@role='alertdialog']//button[text()='Cancel'] is not found within the given time...... (tried for 10 second(s) with 10000 milliseconds interval)
at org.openqa.selenium.support.ui.WebDriverWait.timeoutException(WebDriverWait.java:138)
at org.openqa.selenium.support.ui.FluentWait.until(FluentWait.java:231)
at com.apex.utils.ElementUtil.waitForElementPresenceWithWait(ElementUtil.java:606)
at com.apex.utils.ElementUtil.doClick(ElementUtil.java:70)
at com.apex.pages.SafeFloat.checkIfPrevValueRestoresOnCancel(SafeFloat.java:204)
at com.apex.testCases.SafeFloatTestcases$SafeWithdrawlTestcases.TC11verifyCancelBtnFunctionToAvoidSafeFloatToMatch(SafeFloatTestcases.java:280)
at sun.reflect.NativeMethodAccessorImpl.invoke0(Native Method)
at sun.reflect.NativeMethodAccessorImpl.invoke(NativeMethodAccessorImpl.java:62)
at sun.reflect.DelegatingMethodAccessorImpl.invoke(DelegatingMethodAccessorImpl.java:43)
at java.lang.reflect.Method.invoke(Method.java:498)
at org.testng.internal.MethodInvocationHelper.invokeMethod(MethodInvocationHelper.java:133)
at org.testng.internal.TestInvoker.invokeMethod(TestInvoker.java:598)
at org.testng.internal.TestInvoker.invokeTestMethod(TestInvoker.java:173)
at org.testng.internal.MethodRunner.runInSequence(MethodRunner.java:46)
at org.testng.internal.TestInvoker$MethodInvocationAgent.invoke(TestInvoker.java:824)
at org.testng.internal.TestInvoker.invokeTestMethods(TestInvoker.java:146)
at org.testng.internal.TestMethodWorker.invokeTestMethods(TestMethodWorker.java:146)
at org.testng.internal.TestMethodWorker.run(TestMethodWorker.java:128)
at java.util.ArrayList.forEach(ArrayList.java:1259)
at org.testng.TestRunner.privateRun(TestRunner.java:794)
at org.testng.TestRunner.run(TestRunner.java:596)
at org.testng.SuiteRunner.runTest(SuiteRunner.java:377)
at org.testng.SuiteRunner.runSequentially(SuiteRunner.java:371)
at org.testng.SuiteRunner.privateRun(SuiteRunner.java:332)
at org.testng.SuiteRunner.run(SuiteRunner.java:276)
at org.testng.SuiteRunnerWorker.runSuite(SuiteRunnerWorker.java:53)
at org.testng.SuiteRunnerWorker.run(SuiteRunnerWorker.java:96)
at org.testng.TestNG.runSuitesSequentially(TestNG.java:1212)
at org.testng.TestNG.runSuitesLocally(TestNG.java:1134)
at org.testng.TestNG.runSuites(TestNG.java:1063)
at org.testng.TestNG.run(TestNG.java:1031)
at org.testng.remote.AbstractRemoteTestNG.run(AbstractRemoteTestNG.java:115)
at org.testng.remote.RemoteTestNG.initAndRun(RemoteTestNG.java:251)
at org.testng.remote.RemoteTestNG.main(RemoteTestNG.java:77)
Caused by: org.openqa.selenium.NoSuchElementException: no such element: Unable to locate element: {"method":"xpath","selector":"//div[@role='alertdialog']//button[text()='Cancel']"}
  (Session info: chrome=104.0.5112.81)
For documentation on this error, please visit: https://selenium.dev/exceptions/#no_such_element
Build info: version: '4.0.0', revision: '3a21814679'
System info: host: 'SEZLAP-13554T', ip: '192.168.1.211', os.name: 'Windows 10', os.arch: 'amd64', os.version: '10.0', java.version: '1.8.0_311'
Driver info: org.openqa.selenium.chrome.ChromeDriver
Command: [bfc82ec01d2df8cc22e6e59a4e9ef363, findElement {using=xpath, value=//div[@role='alertdialog']//button[text()='Cancel']}]
Capabilities {acceptInsecureCerts: false, browserName: chrome, browserVersion: 104.0.5112.81, chrome: {chromedriverVersion: 104.0.5112.79 (3cf3e8c8a07d..., userDataDir: C:\Users\Kapil\AppData\Loca...}, goog:chromeOptions: {debuggerAddress: localhost:63157}, javascriptEnabled: true, networkConnectionEnabled: false, pageLoadStrategy: normal, platform: WINDOWS, platformName: WINDOWS, proxy: Proxy(), se:cdp: ws://localhost:63157/devtoo..., se:cdpVersion: 104.0.5112.81, setWindowRect: true, strictFileInteractability: false, timeouts: {implicit: 0, pageLoad: 300000, script: 30000}, unhandledPromptBehavior: dismiss and notify, webauthn:extension:credBlob: true, webauthn:extension:largeBlob: true, webauthn:virtualAuthenticators: true}
Session ID: bfc82ec01d2df8cc22e6e59a4e9ef363
at sun.reflect.NativeConstructorAccessorImpl.newInstance0(Native Method)
at sun.reflect.NativeConstructorAccessorImpl.newInstance(NativeConstructorAccessorImpl.java:62)
at sun.reflect.DelegatingConstructorAccessorImpl.newInstance(DelegatingConstructorAccessorImpl.java:45)
at java.lang.reflect.Constructor.newInstance(Constructor.java:423)
at org.openqa.selenium.remote.codec.w3c.W3CHttpResponseCodec.createException(W3CHttpResponseCodec.java:200)
at org.openqa.selenium.remote.codec.w3c.W3CHttpResponseCodec.decode(W3CHttpResponseCodec.java:133)
at org.openqa.selenium.remote.codec.w3c.W3CHttpResponseCodec.decode(W3CHttpResponseCodec.java:53)
at org.openqa.selenium.remote.HttpCommandExecutor.execute(HttpCommandExecutor.java:184)
at org.openqa.selenium.remote.service.DriverCommandExecutor.invokeExecute(DriverCommandExecutor.java:164)
at org.openqa.selenium.remote.service.DriverCommandExecutor.execute(DriverCommandExecutor.java:139)
at org.openqa.selenium.remote.RemoteWebDriver.execute(RemoteWebDriver.java:559)
at org.openqa.selenium.remote.ElementLocation$ElementFinder$2.findElement(ElementLocation.java:162)
at org.openqa.selenium.remote.ElementLocation.findElement(ElementLocation.java:60)
at org.openqa.selenium.remote.RemoteWebDriver.findElement(RemoteWebDriver.java:383)
at org.openqa.selenium.remote.RemoteWebDriver.findElement(RemoteWebDriver.java:375)
at org.openqa.selenium.support.ui.ExpectedConditions$6.apply(ExpectedConditions.java:174)
at org.openqa.selenium.support.ui.ExpectedConditions$6.apply(ExpectedConditions.java:171)
at org.openqa.selenium.support.ui.FluentWait.until(FluentWait.java:208)
... 32 more
]]>
    </error>
  </testcase> <!-- TC11verifyCancelBtnFunctionToAvoidSafeFloatToMatch -->
  <system-out/>
</testsuite> <!-- com.apex.testCases.SafeFloatTestcases$SafeWithdrawlTestcases -->
