<?xml version="1.0" encoding="UTF-8"?>
<!-- Generated by org.testng.reporters.JUnitReportReporter -->
<testsuite skipped="0" hostname="SEZLAP-13554T" name="com.apex.testCases.ReconciliationAuditReportTC" tests="14" failures="0" timestamp="2023-02-17T18:02:17 IST" time="659.903" errors="1">
  <testcase name="TC01verifyDefaultSiteGroupWithLoggedInSite" time="32.417" classname="com.apex.testCases.ReconciliationAuditReportTC"/>
  <system-out/>
  <testcase name="TC02verifySiteGroupTextFiledWillbeEnableForCORPHQFranchiseHQSite" time="68.857" classname="com.apex.testCases.ReconciliationAuditReportTC"/>
  <system-out/>
  <testcase name="TC03verifySiteGroupTextFiledWillbeDisabledForRemote" time="83.625" classname="com.apex.testCases.ReconciliationAuditReportTC"/>
  <system-out/>
  <testcase name="TC04verifyThatDefaultOfEmployeeWillbeAllemployees" time="35.386" classname="com.apex.testCases.ReconciliationAuditReportTC"/>
  <system-out/>
  <testcase name="TC05verifyemployessDataAgainstDBQuery" time="78.428" classname="com.apex.testCases.ReconciliationAuditReportTC"/>
  <system-out/>
  <testcase name="TC06verifyFromDateLovDataAgainstDBQuery" time="39.664" classname="com.apex.testCases.ReconciliationAuditReportTC"/>
  <system-out/>
  <testcase name="TC07verifyPOS_SIGN_IN" time="47.346" classname="com.apex.testCases.ReconciliationAuditReportTC"/>
  <system-out/>
  <testcase name="TC08verifyRECON_AUDIT_RPT_SHOW_FLOAT_AMT" time="51.445" classname="com.apex.testCases.ReconciliationAuditReportTC"/>
  <system-out/>
  <testcase name="TC09verifyPreviewButtonAndValidateJasperReportIsOpeningInNewTab" time="53.337" classname="com.apex.testCases.ReconciliationAuditReportTC"/>
  <system-out/>
  <testcase name="TC10verifyFloatAmoutAgainstDB" time="44.250" classname="com.apex.testCases.ReconciliationAuditReportTC"/>
  <system-out/>
  <testcase name="TC11verifyCancelButton" time="34.800" classname="com.apex.testCases.ReconciliationAuditReportTC"/>
  <system-out/>
  <testcase name="TC12verifyEMPListOfValueSearchWithInValidData" time="35.527" classname="com.apex.testCases.ReconciliationAuditReportTC"/>
  <system-out/>
  <testcase name="TC13verifyFromDateListOfValueSearchWithInValidData" time="39.548" classname="com.apex.testCases.ReconciliationAuditReportTC"/>
  <system-out/>
  <testcase name="TC14verifyToDateListOfValueSearchWithInValidData" time="15.273" classname="com.apex.testCases.ReconciliationAuditReportTC">
    <error type="org.openqa.selenium.TimeoutException" message="Expected condition failed: By.xpath: //input[@placeholder=&#039;Username&#039;] is not found within the given time...... (tried for 7 second(s) with 7000 milliseconds interval)">
      <![CDATA[org.openqa.selenium.TimeoutException: Expected condition failed: By.xpath: //input[@placeholder='Username'] is not found within the given time...... (tried for 7 second(s) with 7000 milliseconds interval)
at org.openqa.selenium.support.ui.WebDriverWait.timeoutException(WebDriverWait.java:138)
at org.openqa.selenium.support.ui.FluentWait.until(FluentWait.java:231)
at com.apex.utils.ElementUtil.waitForElementPresenceWithWait(ElementUtil.java:779)
at com.apex.utils.ElementUtil.doSendKeys(ElementUtil.java:86)
at com.apex.pages.Login.Logintoapplication(Login.java:40)
at com.apex.testCases.ReconciliationAuditReportTC.TC14verifyToDateListOfValueSearchWithInValidData(ReconciliationAuditReportTC.java:332)
at sun.reflect.NativeMethodAccessorImpl.invoke0(Native Method)
at sun.reflect.NativeMethodAccessorImpl.invoke(NativeMethodAccessorImpl.java:62)
at sun.reflect.DelegatingMethodAccessorImpl.invoke(DelegatingMethodAccessorImpl.java:43)
at java.lang.reflect.Method.invoke(Method.java:498)
at org.testng.internal.MethodInvocationHelper.invokeMethod(MethodInvocationHelper.java:133)
at org.testng.internal.TestInvoker.invokeMethod(TestInvoker.java:598)
at org.testng.internal.TestInvoker.invokeTestMethod(TestInvoker.java:173)
at org.testng.internal.MethodRunner.runInSequence(MethodRunner.java:46)
at org.testng.internal.TestInvoker$MethodInvocationAgent.invoke(TestInvoker.java:824)
at org.testng.internal.TestInvoker.invokeTestMethods(TestInvoker.java:146)
at org.testng.internal.TestMethodWorker.invokeTestMethods(TestMethodWorker.java:146)
at org.testng.internal.TestMethodWorker.run(TestMethodWorker.java:128)
at java.util.ArrayList.forEach(ArrayList.java:1259)
at org.testng.TestRunner.privateRun(TestRunner.java:794)
at org.testng.TestRunner.run(TestRunner.java:596)
at org.testng.SuiteRunner.runTest(SuiteRunner.java:377)
at org.testng.SuiteRunner.runSequentially(SuiteRunner.java:371)
at org.testng.SuiteRunner.privateRun(SuiteRunner.java:332)
at org.testng.SuiteRunner.run(SuiteRunner.java:276)
at org.testng.SuiteRunnerWorker.runSuite(SuiteRunnerWorker.java:53)
at org.testng.SuiteRunnerWorker.run(SuiteRunnerWorker.java:96)
at org.testng.TestNG.runSuitesSequentially(TestNG.java:1212)
at org.testng.TestNG.runSuitesLocally(TestNG.java:1134)
at org.testng.TestNG.runSuites(TestNG.java:1063)
at org.testng.TestNG.run(TestNG.java:1031)
at org.testng.remote.AbstractRemoteTestNG.run(AbstractRemoteTestNG.java:115)
at org.testng.remote.RemoteTestNG.initAndRun(RemoteTestNG.java:251)
at org.testng.remote.RemoteTestNG.main(RemoteTestNG.java:77)
Caused by: org.openqa.selenium.NoSuchElementException: no such element: Unable to locate element: {"method":"xpath","selector":"//input[@placeholder='Username']"}
  (Session info: chrome=110.0.5481.104)
For documentation on this error, please visit: https://selenium.dev/exceptions/#no_such_element
Build info: version: '4.0.0', revision: '3a21814679'
System info: host: 'SEZLAP-13554T', ip: '192.168.240.162', os.name: 'Windows 10', os.arch: 'amd64', os.version: '10.0', java.version: '1.8.0_311'
Driver info: org.openqa.selenium.chrome.ChromeDriver
Command: [ede7dfaf6ede35899969fc62110fc8f6, findElement {using=xpath, value=//input[@placeholder='Username']}]
Capabilities {acceptInsecureCerts: false, browserName: chrome, browserVersion: 110.0.5481.104, chrome: {chromedriverVersion: 110.0.5481.77 (65ed616c6e8e..., userDataDir: C:\Users\Kapil\AppData\Loca...}, goog:chromeOptions: {debuggerAddress: localhost:58532}, javascriptEnabled: true, networkConnectionEnabled: false, pageLoadStrategy: normal, platform: WINDOWS, platformName: WINDOWS, proxy: Proxy(), se:cdp: ws://localhost:58532/devtoo..., se:cdpVersion: 110.0.5481.104, setWindowRect: true, strictFileInteractability: false, timeouts: {implicit: 0, pageLoad: 300000, script: 30000}, unhandledPromptBehavior: dismiss and notify, webauthn:extension:credBlob: true, webauthn:extension:largeBlob: true, webauthn:virtualAuthenticators: true}
Session ID: ede7dfaf6ede35899969fc62110fc8f6
at sun.reflect.NativeConstructorAccessorImpl.newInstance0(Native Method)
at sun.reflect.NativeConstructorAccessorImpl.newInstance(NativeConstructorAccessorImpl.java:62)
at sun.reflect.DelegatingConstructorAccessorImpl.newInstance(DelegatingConstructorAccessorImpl.java:45)
at java.lang.reflect.Constructor.newInstance(Constructor.java:423)
at org.openqa.selenium.remote.codec.w3c.W3CHttpResponseCodec.createException(W3CHttpResponseCodec.java:200)
at org.openqa.selenium.remote.codec.w3c.W3CHttpResponseCodec.decode(W3CHttpResponseCodec.java:133)
at org.openqa.selenium.remote.codec.w3c.W3CHttpResponseCodec.decode(W3CHttpResponseCodec.java:53)
at org.openqa.selenium.remote.HttpCommandExecutor.execute(HttpCommandExecutor.java:184)
at org.openqa.selenium.remote.service.DriverCommandExecutor.invokeExecute(DriverCommandExecutor.java:164)
at org.openqa.selenium.remote.service.DriverCommandExecutor.execute(DriverCommandExecutor.java:139)
at org.openqa.selenium.remote.RemoteWebDriver.execute(RemoteWebDriver.java:559)
at org.openqa.selenium.remote.ElementLocation$ElementFinder$2.findElement(ElementLocation.java:162)
at org.openqa.selenium.remote.ElementLocation.findElement(ElementLocation.java:60)
at org.openqa.selenium.remote.RemoteWebDriver.findElement(RemoteWebDriver.java:383)
at org.openqa.selenium.remote.RemoteWebDriver.findElement(RemoteWebDriver.java:375)
at org.openqa.selenium.support.ui.ExpectedConditions$6.apply(ExpectedConditions.java:174)
at org.openqa.selenium.support.ui.ExpectedConditions$6.apply(ExpectedConditions.java:171)
at org.openqa.selenium.support.ui.FluentWait.until(FluentWait.java:208)
... 32 more
]]>
    </error>
  </testcase> <!-- TC14verifyToDateListOfValueSearchWithInValidData -->
  <system-out/>
</testsuite> <!-- com.apex.testCases.ReconciliationAuditReportTC -->
