<?xml version="1.0" encoding="UTF-8"?>
<!-- Generated by org.testng.reporters.JUnitReportReporter -->
<testsuite skipped="4" hostname="SEZLAP-13554T" name="com.apex.testCases.ItemCriteriaSelectionTC" tests="42" failures="0" timestamp="2023-01-05T14:01:12 IST" time="1830.109" errors="1">
  <testcase name="TC01verifyEditThisCriteriaButtonIsEnableForHQSite" time="61.409" classname="com.apex.testCases.ItemCriteriaSelectionTC"/>
  <system-out/>
  <testcase name="TC02verifyCreateCriteriaButtonOnItemCiteriaSelectionScreen" time="37.849" classname="com.apex.testCases.ItemCriteriaSelectionTC"/>
  <system-out/>
  <testcase name="TC03verifyCopyCriteriaButtononItemCiteriaSelectionScreen" time="39.163" classname="com.apex.testCases.ItemCriteriaSelectionTC"/>
  <system-out/>
  <testcase name="TC04VerifyCreateCriteriaTableDataForHQSite" time="97.228" classname="com.apex.testCases.ItemCriteriaSelectionTC"/>
  <system-out/>
  <testcase name="TC05VerifyCreateCriteriaTableDataForRemoteHQ" time="76.860" classname="com.apex.testCases.ItemCriteriaSelectionTC"/>
  <system-out/>
  <testcase name="TC06verifyCriteriaTableDataWithInvalidData" time="46.593" classname="com.apex.testCases.ItemCriteriaSelectionTC"/>
  <system-out/>
  <testcase name="TC07verifyviewCriteriaDetails" time="34.429" classname="com.apex.testCases.ItemCriteriaSelectionTC"/>
  <system-out/>
  <testcase name="TC08verifyItemListOnItemCriteriSelectionScreen" time="27.823" classname="com.apex.testCases.ItemCriteriaSelectionTC"/>
  <system-out/>
  <testcase name="TC09verifyItemListOnItemCriteriSelectionScreen" time="28.383" classname="com.apex.testCases.ItemCriteriaSelectionTC"/>
  <system-out/>
  <testcase name="TC11verifyCriteriaCategorCdOnCreateNewCriteriaScreen" time="47.451" classname="com.apex.testCases.ItemCriteriaSelectionTC">
    <skipped/>
  </testcase> <!-- TC11verifyCriteriaCategorCdOnCreateNewCriteriaScreen -->
  <system-out/>
  <testcase name="TC11verifyCriteriaCategorCdOnCreateNewCriteriaScreen" time="38.236" classname="com.apex.testCases.ItemCriteriaSelectionTC"/>
  <system-out/>
  <testcase name="TC12verifyCriteriaIdAndCategoryValidationMessageCreateNewCriteriaScreen" time="32.886" classname="com.apex.testCases.ItemCriteriaSelectionTC"/>
  <system-out/>
  <testcase name="TC13verifyProductCode_DepGrroupAgainstDBONCreateNewCriteriaScreen" time="48.923" classname="com.apex.testCases.ItemCriteriaSelectionTC"/>
  <system-out/>
  <testcase name="TC14verifyProductCode_DepartmentAgainstDBONCreateNewCriteriaScreen" time="38.258" classname="com.apex.testCases.ItemCriteriaSelectionTC"/>
  <system-out/>
  <testcase name="TC15verifyProductCode_DepartmentAgainstDBifDepGrpIsSelectedCreateNewCriteriaScreen" time="38.236" classname="com.apex.testCases.ItemCriteriaSelectionTC"/>
  <system-out/>
  <testcase name="TC16verifyProductCode_ListOfClassValuesAgainstDBONCreateNewCriteriaScreen" time="41.880" classname="com.apex.testCases.ItemCriteriaSelectionTC"/>
  <system-out/>
  <testcase name="TC17verifyProductCode_ListOfLineValuesAgainstDBOnCreateNewCriteriaScreen" time="38.756" classname="com.apex.testCases.ItemCriteriaSelectionTC"/>
  <system-out/>
  <testcase name="TC18verifyIncludeCriteriaAndExcludeCriteriaButtonValidationMessage" time="35.320" classname="com.apex.testCases.ItemCriteriaSelectionTC"/>
  <system-out/>
  <testcase name="TC19verifyThatClearButtonFunctionality" time="34.691" classname="com.apex.testCases.ItemCriteriaSelectionTC"/>
  <system-out/>
  <testcase name="TC20verifyVendorLovShouldOpenTheVenddorSelectionUI" time="34.666" classname="com.apex.testCases.ItemCriteriaSelectionTC"/>
  <system-out/>
  <testcase name="TC21verifyVendorIdForInvalidData" time="48.234" classname="com.apex.testCases.ItemCriteriaSelectionTC"/>
  <system-out/>
  <testcase name="TC22verifyVendorIdForDuplicate" time="32.641" classname="com.apex.testCases.ItemCriteriaSelectionTC"/>
  <system-out/>
  <testcase name="TC23verifyVendorIdForDuplicate" time="31.382" classname="com.apex.testCases.ItemCriteriaSelectionTC"/>
  <system-out/>
  <testcase name="TC24verifyAttributeNameLovDataAgainstDB" time="45.042" classname="com.apex.testCases.ItemCriteriaSelectionTC"/>
  <system-out/>
  <testcase name="TC25verifyAttributeNameLovDataAgainstDB" time="50.018" classname="com.apex.testCases.ItemCriteriaSelectionTC"/>
  <system-out/>
  <testcase name="TC26verifyAttributeValue" time="38.612" classname="com.apex.testCases.ItemCriteriaSelectionTC"/>
  <system-out/>
  <testcase name="verifyItemTabSkuInputBox" time="34.442" classname="com.apex.testCases.ItemCriteriaSelectionTC"/>
  <system-out/>
  <testcase name="TC29verifyGroupIdTableData" time="55.733" classname="com.apex.testCases.ItemCriteriaSelectionTC"/>
  <system-out/>
  <testcase name="TC30GroupIdIsAddedToCriteriSectionAndDulplicateMessageIfUserAddedSameSku" time="34.614" classname="com.apex.testCases.ItemCriteriaSelectionTC"/>
  <system-out/>
  <testcase name="TC31verifyItemLocationIsAddedToCriteriaSelectionScreen" time="31.751" classname="com.apex.testCases.ItemCriteriaSelectionTC"/>
  <system-out/>
  <testcase name="TC32verifyItemLocatio" time="31.479" classname="com.apex.testCases.ItemCriteriaSelectionTC"/>
  <system-out/>
  <testcase name="TC33verifyItemShelfLovDataAgianstDB" time="32.294" classname="com.apex.testCases.ItemCriteriaSelectionTC"/>
  <system-out/>
  <testcase name="TC34verifyItemsStatusLovDataAgianstDB" time="35.192" classname="com.apex.testCases.ItemCriteriaSelectionTC"/>
  <system-out/>
  <testcase name="TC35enterDataInItemSettingTabAndVerifyThatItIsAddedToCriteriaSection" time="35.102" classname="com.apex.testCases.ItemCriteriaSelectionTC"/>
  <system-out/>
  <testcase name="TC36enterDataInItemInfoTabAndVerifyThatItIsAddedToCriteriaSection" time="37.827" classname="com.apex.testCases.ItemCriteriaSelectionTC"/>
  <system-out/>
  <testcase name="TC37verifyValidationMessageOnItemInfoTab" time="35.375" classname="com.apex.testCases.ItemCriteriaSelectionTC"/>
  <system-out/>
  <testcase name="TC38AddNewItemCriteriaAndverifyThatAddedToList" time="97.429" classname="com.apex.testCases.ItemCriteriaSelectionTC">
    <skipped/>
  </testcase> <!-- TC38AddNewItemCriteriaAndverifyThatAddedToList -->
  <system-out/>
  <testcase name="TC38AddNewItemCriteriaAndverifyThatAddedToList" time="79.892" classname="com.apex.testCases.ItemCriteriaSelectionTC">
    <error type="org.openqa.selenium.ElementClickInterceptedException" message="element click intercepted: Element &lt;button onclick=&quot;apex.navigation.redirect(&#039;\u002Fords\u002Fr\u002Frnet\u002Fri_commerce110\u002Fitem_selection?clear=38\u0026session=5305377455969&#039;);&quot; class=&quot;t-Button t-Button--hot &quot; type=&quot;button&quot; id=&quot;B241072444565506305&quot;&gt;...&lt;/button&gt; is not clickable at point (826, 84). Other element would receive the click: &lt;div class=&quot;ui-widget-overlay ui-front&quot; style=&quot;z-index: 900;&quot;&gt;&lt;/div&gt;
  (Session info: chrome=108.0.5359.125)
Build info: version: &#039;4.0.0&#039;, revision: &#039;3a21814679&#039;
System info: host: &#039;SEZLAP-13554T&#039;, ip: &#039;192.168.240.6&#039;, os.name: &#039;Windows 10&#039;, os.arch: &#039;amd64&#039;, os.version: &#039;10.0&#039;, java.version: &#039;1.8.0_311&#039;
Driver info: org.openqa.selenium.chrome.ChromeDriver
Command: [9a2850ceaa95f2ea9fc8cbb10f9090e6, clickElement {id=ab4a9bab-939d-486c-835d-2d48a096922e}]
Capabilities {acceptInsecureCerts: false, browserName: chrome, browserVersion: 108.0.5359.125, chrome: {chromedriverVersion: 108.0.5359.71 (1e0e3868ee06..., userDataDir: C:\Users\Kapil\AppData\Loca...}, goog:chromeOptions: {debuggerAddress: localhost:58743}, javascriptEnabled: true, networkConnectionEnabled: false, pageLoadStrategy: normal, platform: WINDOWS, platformName: WINDOWS, proxy: Proxy(), se:cdp: ws://localhost:58743/devtoo..., se:cdpVersion: 108.0.5359.125, setWindowRect: true, strictFileInteractability: false, timeouts: {implicit: 0, pageLoad: 300000, script: 30000}, unhandledPromptBehavior: dismiss and notify, webauthn:extension:credBlob: true, webauthn:extension:largeBlob: true, webauthn:virtualAuthenticators: true}
Element: [[ChromeDriver: chrome on WINDOWS (9a2850ceaa95f2ea9fc8cbb10f9090e6)] -&gt; xpath: //span[text()=&#039;Exit&#039;]//parent::button]
Session ID: 9a2850ceaa95f2ea9fc8cbb10f9090e6">
      <![CDATA[org.openqa.selenium.ElementClickInterceptedException: element click intercepted: Element <button onclick="apex.navigation.redirect('\u002Fords\u002Fr\u002Frnet\u002Fri_commerce110\u002Fitem_selection?clear=38\u0026session=5305377455969');" class="t-Button t-Button--hot " type="button" id="B241072444565506305">...</button> is not clickable at point (826, 84). Other element would receive the click: <div class="ui-widget-overlay ui-front" style="z-index: 900;"></div>
  (Session info: chrome=108.0.5359.125)
Build info: version: '4.0.0', revision: '3a21814679'
System info: host: 'SEZLAP-13554T', ip: '192.168.240.6', os.name: 'Windows 10', os.arch: 'amd64', os.version: '10.0', java.version: '1.8.0_311'
Driver info: org.openqa.selenium.chrome.ChromeDriver
Command: [9a2850ceaa95f2ea9fc8cbb10f9090e6, clickElement {id=ab4a9bab-939d-486c-835d-2d48a096922e}]
Capabilities {acceptInsecureCerts: false, browserName: chrome, browserVersion: 108.0.5359.125, chrome: {chromedriverVersion: 108.0.5359.71 (1e0e3868ee06..., userDataDir: C:\Users\Kapil\AppData\Loca...}, goog:chromeOptions: {debuggerAddress: localhost:58743}, javascriptEnabled: true, networkConnectionEnabled: false, pageLoadStrategy: normal, platform: WINDOWS, platformName: WINDOWS, proxy: Proxy(), se:cdp: ws://localhost:58743/devtoo..., se:cdpVersion: 108.0.5359.125, setWindowRect: true, strictFileInteractability: false, timeouts: {implicit: 0, pageLoad: 300000, script: 30000}, unhandledPromptBehavior: dismiss and notify, webauthn:extension:credBlob: true, webauthn:extension:largeBlob: true, webauthn:virtualAuthenticators: true}
Element: [[ChromeDriver: chrome on WINDOWS (9a2850ceaa95f2ea9fc8cbb10f9090e6)] -> xpath: //span[text()='Exit']//parent::button]
Session ID: 9a2850ceaa95f2ea9fc8cbb10f9090e6
at sun.reflect.GeneratedConstructorAccessor96.newInstance(Unknown Source)
at sun.reflect.DelegatingConstructorAccessorImpl.newInstance(DelegatingConstructorAccessorImpl.java:45)
at java.lang.reflect.Constructor.newInstance(Constructor.java:423)
at org.openqa.selenium.remote.codec.w3c.W3CHttpResponseCodec.createException(W3CHttpResponseCodec.java:200)
at org.openqa.selenium.remote.codec.w3c.W3CHttpResponseCodec.decode(W3CHttpResponseCodec.java:133)
at org.openqa.selenium.remote.codec.w3c.W3CHttpResponseCodec.decode(W3CHttpResponseCodec.java:53)
at org.openqa.selenium.remote.HttpCommandExecutor.execute(HttpCommandExecutor.java:184)
at org.openqa.selenium.remote.service.DriverCommandExecutor.invokeExecute(DriverCommandExecutor.java:164)
at org.openqa.selenium.remote.service.DriverCommandExecutor.execute(DriverCommandExecutor.java:139)
at org.openqa.selenium.remote.RemoteWebDriver.execute(RemoteWebDriver.java:559)
at org.openqa.selenium.remote.RemoteWebElement.execute(RemoteWebElement.java:251)
at org.openqa.selenium.remote.RemoteWebElement.click(RemoteWebElement.java:77)
at com.apex.utils.ElementUtil.clickWhenReady(ElementUtil.java:414)
at com.apex.pages.ItemCriteria.verifyExitButton(ItemCriteria.java:923)
at com.apex.testCases.ItemCriteriaSelectionTC.TC38AddNewItemCriteriaAndverifyThatAddedToList(ItemCriteriaSelectionTC.java:806)
at sun.reflect.NativeMethodAccessorImpl.invoke0(Native Method)
at sun.reflect.NativeMethodAccessorImpl.invoke(NativeMethodAccessorImpl.java:62)
at sun.reflect.DelegatingMethodAccessorImpl.invoke(DelegatingMethodAccessorImpl.java:43)
at java.lang.reflect.Method.invoke(Method.java:498)
at org.testng.internal.MethodInvocationHelper.invokeMethod(MethodInvocationHelper.java:133)
at org.testng.internal.TestInvoker.invokeMethod(TestInvoker.java:598)
at org.testng.internal.TestInvoker.retryFailed(TestInvoker.java:213)
at org.testng.internal.MethodRunner.runInSequence(MethodRunner.java:58)
at org.testng.internal.TestInvoker$MethodInvocationAgent.invoke(TestInvoker.java:824)
at org.testng.internal.TestInvoker.invokeTestMethods(TestInvoker.java:146)
at org.testng.internal.TestMethodWorker.invokeTestMethods(TestMethodWorker.java:146)
at org.testng.internal.TestMethodWorker.run(TestMethodWorker.java:128)
at java.util.ArrayList.forEach(ArrayList.java:1259)
at org.testng.TestRunner.privateRun(TestRunner.java:794)
at org.testng.TestRunner.run(TestRunner.java:596)
at org.testng.SuiteRunner.runTest(SuiteRunner.java:377)
at org.testng.SuiteRunner.runSequentially(SuiteRunner.java:371)
at org.testng.SuiteRunner.privateRun(SuiteRunner.java:332)
at org.testng.SuiteRunner.run(SuiteRunner.java:276)
at org.testng.SuiteRunnerWorker.runSuite(SuiteRunnerWorker.java:53)
at org.testng.SuiteRunnerWorker.run(SuiteRunnerWorker.java:96)
at org.testng.TestNG.runSuitesSequentially(TestNG.java:1212)
at org.testng.TestNG.runSuitesLocally(TestNG.java:1134)
at org.testng.TestNG.runSuites(TestNG.java:1063)
at org.testng.TestNG.run(TestNG.java:1031)
at org.testng.remote.AbstractRemoteTestNG.run(AbstractRemoteTestNG.java:115)
at org.testng.remote.RemoteTestNG.initAndRun(RemoteTestNG.java:251)
at org.testng.remote.RemoteTestNG.main(RemoteTestNG.java:77)
]]>
    </error>
  </testcase> <!-- TC38AddNewItemCriteriaAndverifyThatAddedToList -->
  <system-out/>
  <testcase name="TC38AddNewItemCriteriaAndverifyThatAddedToList" time="96.579" classname="com.apex.testCases.ItemCriteriaSelectionTC">
    <skipped/>
  </testcase> <!-- TC38AddNewItemCriteriaAndverifyThatAddedToList -->
  <system-out/>
  <testcase name="TC39verifyDeleteOnCriteriaSelection" time="36.901" classname="com.apex.testCases.ItemCriteriaSelectionTC"/>
  <system-out/>
  <testcase name="TC40verifyClearAllOnCriteriaSelection" time="30.530" classname="com.apex.testCases.ItemCriteriaSelectionTC"/>
  <system-out/>
  <testcase name="Tc28verifyInItemTabThatDuplicateSkuNoCanNotbeAllowed" classname="com.apex.testCases.ItemCriteriaSelectionTC">
    <skipped/>
  </testcase> <!-- Tc28verifyInItemTabThatDuplicateSkuNoCanNotbeAllowed -->
  <system-out/>
</testsuite> <!-- com.apex.testCases.ItemCriteriaSelectionTC -->
